{"level":"info","message":"\u001b[90mPOST /api/login/useMobileLogin\u001b[39m\u001b[32m 200 \u001b[39m\u001b[90m76ms\u001b[39m","timestamp":"2018-12-17T04:05:51.765Z"}
{"level":"info","message":"\u001b[90mPOST /api/login/updateLoginInfo\u001b[39m\u001b[32m 200 \u001b[39m\u001b[90m4719ms\u001b[39m","timestamp":"2018-12-17T06:34:15.260Z"}
{"level":"info","message":"\u001b[90mPOST /api/login/updateLoginInfo\u001b[39m\u001b[32m 200 \u001b[39m\u001b[90m32ms\u001b[39m","timestamp":"2018-12-17T07:24:36.470Z"}
{"level":"info","message":"\u001b[90mPOST /api/login/updateLoginInfo\u001b[39m\u001b[32m 200 \u001b[39m\u001b[90m35ms\u001b[39m","timestamp":"2018-12-17T07:24:59.333Z"}
{"level":"info","message":"\u001b[90mPOST /api/login/useMobileLogin\u001b[39m\u001b[32m 200 \u001b[39m\u001b[90m109ms\u001b[39m","timestamp":"2018-12-17T07:25:41.680Z"}
{"level":"info","message":"\u001b[90mPOST /api/login/updateLoginInfo\u001b[39m\u001b[32m 200 \u001b[39m\u001b[90m28ms\u001b[39m","timestamp":"2018-12-17T07:26:05.456Z"}
{"level":"info","message":"\u001b[90mPOST /api/footprint/queryFootPrintList\u001b[39m\u001b[32m 200 \u001b[39m\u001b[90m140ms\u001b[39m","timestamp":"2018-12-17T07:27:39.614Z"}
{"level":"info","message":"\u001b[90mPOST /api/login/updateLoginInfo\u001b[39m\u001b[32m 200 \u001b[39m\u001b[90m26ms\u001b[39m","timestamp":"2018-12-17T07:27:45.672Z"}
{"level":"info","message":"\u001b[90mPOST /api/login/updateLoginInfo\u001b[39m\u001b[32m 200 \u001b[39m\u001b[90m38ms\u001b[39m","timestamp":"2018-12-17T07:30:27.170Z"}
{"level":"info","message":"\u001b[90mPOST /api/activity/queryUserActivityInfo\u001b[39m\u001b[32m 200 \u001b[39m\u001b[90m50ms\u001b[39m","timestamp":"2018-12-17T07:31:53.152Z"}
{"level":"info","message":"\u001b[90mPOST /api/login/updateLoginInfo\u001b[39m\u001b[32m 200 \u001b[39m\u001b[90m32ms\u001b[39m","timestamp":"2018-12-17T07:31:54.359Z"}
{"level":"info","message":"\u001b[90mPOST /api/activity/queryUserActivityInfo\u001b[39m\u001b[32m 200 \u001b[39m\u001b[90m26ms\u001b[39m","timestamp":"2018-12-17T07:32:09.989Z"}
{"level":"info","message":"\u001b[90mPOST /api/login/updateLoginInfo\u001b[39m\u001b[32m 200 \u001b[39m\u001b[90m25ms\u001b[39m","timestamp":"2018-12-17T07:32:10.824Z"}
{"level":"info","message":"\u001b[90mPOST /api/footprint/queryFootPrintList\u001b[39m\u001b[32m 200 \u001b[39m\u001b[90m53ms\u001b[39m","timestamp":"2018-12-17T07:32:38.489Z"}
{"level":"info","message":"\u001b[90mPOST /api/activity/queryUserActivityInfo\u001b[39m\u001b[32m 200 \u001b[39m\u001b[90m32ms\u001b[39m","timestamp":"2018-12-17T07:33:02.210Z"}
{"level":"info","message":"\u001b[90mPOST /api/activity/queryUserActivityInfo\u001b[39m\u001b[32m 200 \u001b[39m\u001b[90m46ms\u001b[39m","timestamp":"2018-12-17T07:36:08.446Z"}
{"level":"info","message":"\u001b[90mPOST /api/login/updateLoginInfo\u001b[39m\u001b[32m 200 \u001b[39m\u001b[90m26ms\u001b[39m","timestamp":"2018-12-17T07:36:09.415Z"}
{"level":"info","message":"\u001b[90mPOST /api/activity/queryUserActivityInfo\u001b[39m\u001b[32m 200 \u001b[39m\u001b[90m26ms\u001b[39m","timestamp":"2018-12-17T07:36:10.142Z"}
{"level":"info","message":"\u001b[90mPOST /api/activity/queryUserActivityInfo\u001b[39m\u001b[32m 200 \u001b[39m\u001b[90m36ms\u001b[39m","timestamp":"2018-12-17T07:57:38.399Z"}
{"level":"info","message":"\u001b[90mPOST /api/login/updateLoginInfo\u001b[39m\u001b[32m 200 \u001b[39m\u001b[90m42ms\u001b[39m","timestamp":"2018-12-17T07:57:44.571Z"}
{"level":"info","message":"\u001b[90mPOST /api/activity/queryUserActivityInfo\u001b[39m\u001b[32m 200 \u001b[39m\u001b[90m30ms\u001b[39m","timestamp":"2018-12-17T07:57:45.736Z"}
{"level":"info","message":"\u001b[90mPOST /api/activity/queryUserActivityInfo\u001b[39m\u001b[32m 200 \u001b[39m\u001b[90m73ms\u001b[39m","timestamp":"2018-12-17T08:07:29.790Z"}
{"level":"info","message":"\u001b[90mPOST /api/login/updateLoginInfo\u001b[39m\u001b[32m 200 \u001b[39m\u001b[90m64ms\u001b[39m","timestamp":"2018-12-17T08:07:30.982Z"}
{"level":"info","message":"\u001b[90mPOST /api/activity/queryUserActivityInfo\u001b[39m\u001b[32m 200 \u001b[39m\u001b[90m34ms\u001b[39m","timestamp":"2018-12-17T08:07:31.580Z"}
{"level":"info","message":"\u001b[90mPOST /api/footprint/saveFootprint\u001b[39m\u001b[32m 200 \u001b[39m\u001b[90m65ms\u001b[39m","timestamp":"2018-12-17T08:07:36.626Z"}
{"level":"info","message":"\u001b[90mPOST /api/activity/queryUserActivityInfo\u001b[39m\u001b[32m 200 \u001b[39m\u001b[90m1088ms\u001b[39m","timestamp":"2018-12-17T08:39:57.426Z"}
{"level":"info","message":"\u001b[90mPOST /api/login/updateLoginInfo\u001b[39m\u001b[32m 200 \u001b[39m\u001b[90m60ms\u001b[39m","timestamp":"2018-12-17T08:39:59.616Z"}
{"level":"info","message":"\u001b[90mPOST /api/activity/queryUserActivityInfo\u001b[39m\u001b[32m 200 \u001b[39m\u001b[90m51ms\u001b[39m","timestamp":"2018-12-17T08:40:00.688Z"}
{"level":"info","message":"\u001b[90mPOST /api/login/updateLoginInfo\u001b[39m\u001b[32m 200 \u001b[39m\u001b[90m44ms\u001b[39m","timestamp":"2018-12-17T08:41:27.974Z"}
{"level":"info","message":"\u001b[90mPOST /api/activity/queryUserActivityInfo\u001b[39m\u001b[32m 200 \u001b[39m\u001b[90m52ms\u001b[39m","timestamp":"2018-12-17T08:41:29.379Z"}
{"level":"info","message":"\u001b[90mPOST /api/activity/queryUserActivityInfo\u001b[39m\u001b[32m 200 \u001b[39m\u001b[90m99ms\u001b[39m","timestamp":"2018-12-17T08:41:33.332Z"}
{"level":"info","message":"\u001b[90mPOST /api/footprint/queryFootPrintList\u001b[39m\u001b[32m 200 \u001b[39m\u001b[90m351ms\u001b[39m","timestamp":"2018-12-17T08:41:34.901Z"}
{"level":"info","message":"\u001b[90mPOST /api/activity/queryUserActivityInfo\u001b[39m\u001b[32m 200 \u001b[39m\u001b[90m74ms\u001b[39m","timestamp":"2018-12-17T08:41:35.267Z"}
{"level":"info","message":"\u001b[90mPOST /api/activity/updateActivitysZan\u001b[39m\u001b[32m 200 \u001b[39m\u001b[90m140ms\u001b[39m","timestamp":"2018-12-17T08:42:03.347Z"}
{"level":"info","message":"\u001b[90mPOST /api/activity/queryUserActivityInfo\u001b[39m\u001b[32m 200 \u001b[39m\u001b[90m50ms\u001b[39m","timestamp":"2018-12-17T08:42:07.525Z"}
{"level":"info","message":"\u001b[90mPOST /api/login/updateLoginInfo\u001b[39m\u001b[32m 200 \u001b[39m\u001b[90m53ms\u001b[39m","timestamp":"2018-12-17T08:42:08.567Z"}
{"level":"info","message":"\u001b[90mPOST /api/activity/queryUserActivityInfo\u001b[39m\u001b[32m 200 \u001b[39m\u001b[90m38ms\u001b[39m","timestamp":"2018-12-17T08:42:09.143Z"}
{"level":"info","message":"\u001b[90mPOST /api/activity/queryUserActivityInfo\u001b[39m\u001b[32m 200 \u001b[39m\u001b[90m80ms\u001b[39m","timestamp":"2018-12-17T08:44:32.806Z"}
{"level":"info","message":"\u001b[90mPOST /api/login/updateLoginInfo\u001b[39m\u001b[32m 200 \u001b[39m\u001b[90m1353ms\u001b[39m","timestamp":"2018-12-17T08:44:35.313Z"}
{"level":"info","message":"\u001b[90mPOST /api/activity/queryUserActivityInfo\u001b[39m\u001b[32m 200 \u001b[39m\u001b[90m770ms\u001b[39m","timestamp":"2018-12-17T08:44:35.344Z"}
{"level":"info","message":"\u001b[90mPOST /api/activity/queryUserActivityInfo\u001b[39m\u001b[32m 200 \u001b[39m\u001b[90m39ms\u001b[39m","timestamp":"2018-12-17T08:45:21.383Z"}
{"level":"info","message":"\u001b[90mPOST /api/footprint/queryFootPrintList\u001b[39m\u001b[32m 200 \u001b[39m\u001b[90m56ms\u001b[39m","timestamp":"2018-12-17T08:45:23.395Z"}
{"level":"info","message":"\u001b[90mPOST /api/login/updateLoginInfo\u001b[39m\u001b[32m 200 \u001b[39m\u001b[90m59ms\u001b[39m","timestamp":"2018-12-17T08:45:24.027Z"}
{"level":"info","message":"\u001b[90mPOST /api/activity/queryUserActivityInfo\u001b[39m\u001b[32m 200 \u001b[39m\u001b[90m38ms\u001b[39m","timestamp":"2018-12-17T08:45:24.724Z"}
{"level":"info","message":"\u001b[90mPOST /api/login/updateLoginInfo\u001b[39m\u001b[32m 200 \u001b[39m\u001b[90m27ms\u001b[39m","timestamp":"2018-12-17T08:45:38.517Z"}
{"level":"info","message":"\u001b[90mPOST /api/activity/queryUserActivityInfo\u001b[39m\u001b[32m 200 \u001b[39m\u001b[90m41ms\u001b[39m","timestamp":"2018-12-17T08:45:39.893Z"}
{"level":"info","message":"\u001b[90mPOST /api/friend/loadPeopleNearBy\u001b[39m\u001b[32m 200 \u001b[39m\u001b[90m61ms\u001b[39m","timestamp":"2018-12-17T08:45:43.107Z"}
{"level":"info","message":"\u001b[90mPOST /api/friend/loadPeopleNearBy\u001b[39m\u001b[32m 200 \u001b[39m\u001b[90m34ms\u001b[39m","timestamp":"2018-12-17T08:46:28.867Z"}
{"level":"info","message":"\u001b[90mPOST /api/login/updateLoginInfo\u001b[39m\u001b[32m 200 \u001b[39m\u001b[90m29ms\u001b[39m","timestamp":"2018-12-17T08:46:44.813Z"}
{"level":"info","message":"\u001b[90mPOST /api/activity/queryUserActivityInfo\u001b[39m\u001b[32m 200 \u001b[39m\u001b[90m54ms\u001b[39m","timestamp":"2018-12-17T08:46:46.352Z"}
{"level":"info","message":"\u001b[90mPOST /api/activity/queryUserActivityInfo\u001b[39m\u001b[32m 200 \u001b[39m\u001b[90m44ms\u001b[39m","timestamp":"2018-12-17T08:47:16.258Z"}
{"level":"info","message":"\u001b[90mPOST /api/activity/queryUserActivityInfo\u001b[39m\u001b[32m 200 \u001b[39m\u001b[90m39ms\u001b[39m","timestamp":"2018-12-17T08:47:18.861Z"}
{"level":"info","message":"\u001b[90mPOST /api/activity/queryUserActivityInfo\u001b[39m\u001b[32m 200 \u001b[39m\u001b[90m43ms\u001b[39m","timestamp":"2018-12-17T08:47:29.871Z"}
{"level":"info","message":"\u001b[90mPOST /api/friend/loadPeopleNearBy\u001b[39m\u001b[32m 200 \u001b[39m\u001b[90m27ms\u001b[39m","timestamp":"2018-12-17T08:47:34.977Z"}
{"level":"info","message":"\u001b[90mPOST /api/footprint/queryFootPrintList\u001b[39m\u001b[32m 200 \u001b[39m\u001b[90m51ms\u001b[39m","timestamp":"2018-12-17T08:48:08.893Z"}
{"level":"info","message":"\u001b[90mPOST /api/activity/queryUserActivityInfo\u001b[39m\u001b[32m 200 \u001b[39m\u001b[90m40ms\u001b[39m","timestamp":"2018-12-17T08:48:17.723Z"}
{"level":"info","message":"\u001b[90mPOST /api/activity/queryUserActivityInfo\u001b[39m\u001b[32m 200 \u001b[39m\u001b[90m35ms\u001b[39m","timestamp":"2018-12-17T08:52:37.848Z"}
{"level":"info","message":"\u001b[90mPOST /api/login/updateLoginInfo\u001b[39m\u001b[32m 200 \u001b[39m\u001b[90m33ms\u001b[39m","timestamp":"2018-12-17T08:52:41.520Z"}
{"level":"info","message":"\u001b[90mPOST /api/activity/queryUserActivityInfo\u001b[39m\u001b[32m 200 \u001b[39m\u001b[90m38ms\u001b[39m","timestamp":"2018-12-17T08:52:42.072Z"}
{"level":"info","message":"\u001b[90mPOST /api/login/updateLoginInfo\u001b[39m\u001b[32m 200 \u001b[39m\u001b[90m31ms\u001b[39m","timestamp":"2018-12-17T08:52:43.146Z"}
{"level":"info","message":"\u001b[90mPOST /api/activity/queryUserActivityInfo\u001b[39m\u001b[32m 200 \u001b[39m\u001b[90m47ms\u001b[39m","timestamp":"2018-12-17T08:52:44.310Z"}
{"level":"info","message":"\u001b[90mPOST /api/activity/queryUserActivityInfo\u001b[39m\u001b[32m 200 \u001b[39m\u001b[90m35ms\u001b[39m","timestamp":"2018-12-17T08:57:28.208Z"}
{"level":"info","message":"\u001b[90mPOST /api/login/updateLoginInfo\u001b[39m\u001b[32m 200 \u001b[39m\u001b[90m37ms\u001b[39m","timestamp":"2018-12-17T08:57:29.967Z"}
{"level":"info","message":"\u001b[90mPOST /api/activity/queryUserActivityInfo\u001b[39m\u001b[32m 200 \u001b[39m\u001b[90m115ms\u001b[39m","timestamp":"2018-12-17T08:57:30.903Z"}
{"level":"info","message":"\u001b[90mPOST /api/login/updateLoginInfo\u001b[39m\u001b[32m 200 \u001b[39m\u001b[90m24ms\u001b[39m","timestamp":"2018-12-17T08:57:32.349Z"}
{"level":"info","message":"\u001b[90mPOST /api/activity/queryUserActivityInfo\u001b[39m\u001b[32m 200 \u001b[39m\u001b[90m37ms\u001b[39m","timestamp":"2018-12-17T08:57:36.090Z"}
{"level":"info","message":"\u001b[90mPOST /api/login/updateLoginInfo\u001b[39m\u001b[32m 200 \u001b[39m\u001b[90m40ms\u001b[39m","timestamp":"2018-12-17T08:57:57.834Z"}
{"level":"info","message":"\u001b[90mPOST /api/footprint/queryFootPrintList\u001b[39m\u001b[32m 200 \u001b[39m\u001b[90m52ms\u001b[39m","timestamp":"2018-12-17T08:57:59.340Z"}
{"level":"info","message":"\u001b[90mPOST /api/activity/queryUserActivityInfo\u001b[39m\u001b[32m 200 \u001b[39m\u001b[90m68ms\u001b[39m","timestamp":"2018-12-17T08:58:00.190Z"}
{"level":"info","message":"\u001b[90mPOST /api/activity/queryUserActivityInfo\u001b[39m\u001b[32m 200 \u001b[39m\u001b[90m35ms\u001b[39m","timestamp":"2018-12-17T08:59:56.918Z"}
{"level":"info","message":"\u001b[90mPOST /api/login/updateLoginInfo\u001b[39m\u001b[32m 200 \u001b[39m\u001b[90m26ms\u001b[39m","timestamp":"2018-12-17T08:59:58.997Z"}
{"level":"info","message":"\u001b[90mPOST /api/activity/queryUserActivityInfo\u001b[39m\u001b[32m 200 \u001b[39m\u001b[90m76ms\u001b[39m","timestamp":"2018-12-17T09:00:00.142Z"}
{"level":"info","message":"\u001b[90mPOST /api/dynamic/queryUserAndFriendsDynamic\u001b[39m\u001b[32m 200 \u001b[39m\u001b[90m46ms\u001b[39m","timestamp":"2018-12-17T09:02:23.401Z"}
{"level":"info","message":"\u001b[90mPOST /api/activity/queryUserActivityInfo\u001b[39m\u001b[32m 200 \u001b[39m\u001b[90m43ms\u001b[39m","timestamp":"2018-12-17T09:05:29.629Z"}
{"level":"info","message":"\u001b[90mPOST /api/activity/queryUserActivityInfo\u001b[39m\u001b[32m 200 \u001b[39m\u001b[90m36ms\u001b[39m","timestamp":"2018-12-17T09:06:32.019Z"}
{"level":"info","message":"\u001b[90mPOST /api/login/updateLoginInfo\u001b[39m\u001b[32m 200 \u001b[39m\u001b[90m28ms\u001b[39m","timestamp":"2018-12-17T09:06:33.107Z"}
{"level":"info","message":"\u001b[90mPOST /api/activity/queryUserActivityInfo\u001b[39m\u001b[32m 200 \u001b[39m\u001b[90m35ms\u001b[39m","timestamp":"2018-12-17T09:06:33.884Z"}
{"level":"info","message":"\u001b[90mPOST /api/activity/queryUserActivityInfo\u001b[39m\u001b[32m 200 \u001b[39m\u001b[90m36ms\u001b[39m","timestamp":"2018-12-17T09:08:33.565Z"}
{"level":"info","message":"\u001b[90mPOST /api/login/updateLoginInfo\u001b[39m\u001b[32m 200 \u001b[39m\u001b[90m27ms\u001b[39m","timestamp":"2018-12-17T09:08:34.652Z"}
{"level":"info","message":"\u001b[90mPOST /api/activity/queryUserActivityInfo\u001b[39m\u001b[32m 200 \u001b[39m\u001b[90m42ms\u001b[39m","timestamp":"2018-12-17T09:08:35.303Z"}
{"level":"info","message":"\u001b[90mPOST /api/activity/queryUserActivityInfo\u001b[39m\u001b[32m 200 \u001b[39m\u001b[90m48ms\u001b[39m","timestamp":"2018-12-17T09:23:58.772Z"}
{"level":"info","message":"\u001b[90mPOST /api/login/updateLoginInfo\u001b[39m\u001b[32m 200 \u001b[39m\u001b[90m29ms\u001b[39m","timestamp":"2018-12-17T09:24:00.495Z"}
{"level":"info","message":"\u001b[90mPOST /api/activity/queryUserActivityInfo\u001b[39m\u001b[32m 200 \u001b[39m\u001b[90m36ms\u001b[39m","timestamp":"2018-12-17T09:24:01.700Z"}
{"level":"info","message":"\u001b[90mPOST /api/activity/queryUserActivityInfo\u001b[39m\u001b[32m 200 \u001b[39m\u001b[90m37ms\u001b[39m","timestamp":"2018-12-17T09:25:19.727Z"}
{"level":"info","message":"\u001b[90mPOST /api/activity/queryUserActivityInfo\u001b[39m\u001b[32m 200 \u001b[39m\u001b[90m34ms\u001b[39m","timestamp":"2018-12-17T09:31:58.790Z"}
{"level":"info","message":"\u001b[90mPOST /api/login/updateLoginInfo\u001b[39m\u001b[32m 200 \u001b[39m\u001b[90m24ms\u001b[39m","timestamp":"2018-12-17T09:32:00.203Z"}
{"level":"info","message":"\u001b[90mPOST /api/activity/queryUserActivityInfo\u001b[39m\u001b[32m 200 \u001b[39m\u001b[90m41ms\u001b[39m","timestamp":"2018-12-17T09:32:00.607Z"}
{"level":"info","message":"\u001b[90mPOST /api/activity/queryUserActivityInfo\u001b[39m\u001b[32m 200 \u001b[39m\u001b[90m65ms\u001b[39m","timestamp":"2018-12-17T09:34:30.810Z"}
{"level":"info","message":"\u001b[90mPOST /api/login/updateLoginInfo\u001b[39m\u001b[32m 200 \u001b[39m\u001b[90m29ms\u001b[39m","timestamp":"2018-12-17T09:34:32.038Z"}
{"level":"info","message":"\u001b[90mPOST /api/activity/queryUserActivityInfo\u001b[39m\u001b[32m 200 \u001b[39m\u001b[90m41ms\u001b[39m","timestamp":"2018-12-17T09:34:32.861Z"}
{"level":"info","message":"\u001b[90mPOST /api/dynamic/queryUserAndFriendsDynamic\u001b[39m\u001b[32m 200 \u001b[39m\u001b[90m47ms\u001b[39m","timestamp":"2018-12-17T09:34:50.046Z"}
{"level":"info","message":"\u001b[90mPOST /api/activity/queryUserActivityInfo\u001b[39m\u001b[32m 200 \u001b[39m\u001b[90m59ms\u001b[39m","timestamp":"2018-12-17T09:36:47.425Z"}
{"level":"info","message":"\u001b[90mPOST /api/activity/queryUserActivityInfo\u001b[39m\u001b[32m 200 \u001b[39m\u001b[90m44ms\u001b[39m","timestamp":"2018-12-17T09:38:31.049Z"}
{"level":"info","message":"\u001b[90mPOST /api/login/updateLoginInfo\u001b[39m\u001b[32m 200 \u001b[39m\u001b[90m28ms\u001b[39m","timestamp":"2018-12-17T09:38:34.084Z"}
{"level":"info","message":"\u001b[90mPOST /api/activity/queryUserActivityInfo\u001b[39m\u001b[32m 200 \u001b[39m\u001b[90m39ms\u001b[39m","timestamp":"2018-12-17T09:38:34.583Z"}
{"level":"info","message":"\u001b[90mPOST /api/activity/queryUserActivityInfo\u001b[39m\u001b[32m 200 \u001b[39m\u001b[90m103ms\u001b[39m","timestamp":"2018-12-17T09:39:09.950Z"}
{"level":"info","message":"\u001b[90mPOST /api/login/updateLoginInfo\u001b[39m\u001b[32m 200 \u001b[39m\u001b[90m40ms\u001b[39m","timestamp":"2018-12-17T09:39:11.080Z"}
{"level":"info","message":"\u001b[90mPOST /api/activity/queryUserActivityInfo\u001b[39m\u001b[32m 200 \u001b[39m\u001b[90m92ms\u001b[39m","timestamp":"2018-12-17T09:39:11.625Z"}
{"level":"info","message":"\u001b[90mPOST /api/activity/queryUserActivityInfo\u001b[39m\u001b[32m 200 \u001b[39m\u001b[90m469ms\u001b[39m","timestamp":"2018-12-17T09:43:56.372Z"}
{"level":"info","message":"\u001b[90mPOST /api/login/updateLoginInfo\u001b[39m\u001b[32m 200 \u001b[39m\u001b[90m30ms\u001b[39m","timestamp":"2018-12-17T09:44:00.640Z"}
{"level":"info","message":"\u001b[90mPOST /api/activity/queryUserActivityInfo\u001b[39m\u001b[32m 200 \u001b[39m\u001b[90m46ms\u001b[39m","timestamp":"2018-12-17T09:44:01.316Z"}
{"level":"info","message":"\u001b[90mPOST /api/activity/queryUserActivityInfo\u001b[39m\u001b[32m 200 \u001b[39m\u001b[90m43ms\u001b[39m","timestamp":"2018-12-17T09:44:39.485Z"}
{"level":"info","message":"\u001b[90mPOST /api/activity/queryUserActivityInfo\u001b[39m\u001b[32m 200 \u001b[39m\u001b[90m54ms\u001b[39m","timestamp":"2018-12-17T09:45:17.296Z"}
{"level":"info","message":"\u001b[90mPOST /api/footprint/queryFootPrintList\u001b[39m\u001b[32m 200 \u001b[39m\u001b[90m51ms\u001b[39m","timestamp":"2018-12-17T09:45:18.325Z"}
{"level":"info","message":"\u001b[90mPOST /api/activity/queryUserActivityInfo\u001b[39m\u001b[32m 200 \u001b[39m\u001b[90m34ms\u001b[39m","timestamp":"2018-12-17T09:45:18.832Z"}
{"level":"info","message":"\u001b[90mPOST /api/login/updateLoginInfo\u001b[39m\u001b[32m 200 \u001b[39m\u001b[90m23ms\u001b[39m","timestamp":"2018-12-17T09:45:19.860Z"}
{"level":"info","message":"\u001b[90mPOST /api/activity/queryUserActivityInfo\u001b[39m\u001b[32m 200 \u001b[39m\u001b[90m81ms\u001b[39m","timestamp":"2018-12-17T09:45:20.388Z"}
{"level":"info","message":"\u001b[90mPOST /api/activity/queryUserActivityInfo\u001b[39m\u001b[32m 200 \u001b[39m\u001b[90m58ms\u001b[39m","timestamp":"2018-12-17T09:50:33.269Z"}
{"level":"info","message":"\u001b[90mPOST /api/login/updateLoginInfo\u001b[39m\u001b[32m 200 \u001b[39m\u001b[90m158ms\u001b[39m","timestamp":"2018-12-17T09:50:35.813Z"}
{"level":"info","message":"\u001b[90mPOST /api/activity/queryUserActivityInfo\u001b[39m\u001b[32m 200 \u001b[39m\u001b[90m40ms\u001b[39m","timestamp":"2018-12-17T09:50:36.249Z"}
{"level":"info","message":"\u001b[90mPOST /api/activity/queryUserActivityInfo\u001b[39m\u001b[32m 200 \u001b[39m\u001b[90m47ms\u001b[39m","timestamp":"2018-12-17T09:53:13.904Z"}
{"level":"info","message":"\u001b[90mPOST /api/login/updateLoginInfo\u001b[39m\u001b[32m 200 \u001b[39m\u001b[90m35ms\u001b[39m","timestamp":"2018-12-17T09:53:15.391Z"}
{"level":"info","message":"\u001b[90mPOST /api/activity/queryUserActivityInfo\u001b[39m\u001b[32m 200 \u001b[39m\u001b[90m44ms\u001b[39m","timestamp":"2018-12-17T09:53:15.882Z"}
{"level":"info","message":"\u001b[90mPOST /api/activity/queryUserActivityInfo\u001b[39m\u001b[32m 200 \u001b[39m\u001b[90m423ms\u001b[39m","timestamp":"2018-12-17T09:54:24.490Z"}
{"level":"info","message":"\u001b[90mPOST /api/login/updateLoginInfo\u001b[39m\u001b[32m 200 \u001b[39m\u001b[90m30ms\u001b[39m","timestamp":"2018-12-17T09:54:38.720Z"}
{"level":"info","message":"\u001b[90mPOST /api/activity/queryUserActivityInfo\u001b[39m\u001b[32m 200 \u001b[39m\u001b[90m44ms\u001b[39m","timestamp":"2018-12-17T09:54:39.230Z"}
{"level":"info","message":"\u001b[90mPOST /api/activity/queryUserActivityInfo\u001b[39m\u001b[32m 200 \u001b[39m\u001b[90m54ms\u001b[39m","timestamp":"2018-12-17T09:55:20.875Z"}
{"level":"info","message":"\u001b[90mPOST /api/login/updateLoginInfo\u001b[39m\u001b[32m 200 \u001b[39m\u001b[90m49ms\u001b[39m","timestamp":"2018-12-17T09:55:22.115Z"}
{"level":"info","message":"\u001b[90mPOST /api/activity/queryUserActivityInfo\u001b[39m\u001b[32m 200 \u001b[39m\u001b[90m267ms\u001b[39m","timestamp":"2018-12-17T09:55:22.886Z"}
{"level":"info","message":"\u001b[90mPOST /api/activity/queryUserActivityInfo\u001b[39m\u001b[32m 200 \u001b[39m\u001b[90m36ms\u001b[39m","timestamp":"2018-12-17T09:58:57.100Z"}
{"level":"info","message":"\u001b[90mPOST /api/login/updateLoginInfo\u001b[39m\u001b[32m 200 \u001b[39m\u001b[90m32ms\u001b[39m","timestamp":"2018-12-17T09:59:09.354Z"}
{"level":"info","message":"\u001b[90mPOST /api/activity/queryUserActivityInfo\u001b[39m\u001b[32m 200 \u001b[39m\u001b[90m55ms\u001b[39m","timestamp":"2018-12-17T09:59:10.284Z"}
{"level":"info","message":"\u001b[90mPOST /api/activity/queryUserActivityInfo\u001b[39m\u001b[32m 200 \u001b[39m\u001b[90m43ms\u001b[39m","timestamp":"2018-12-17T09:59:40.296Z"}
{"level":"info","message":"\u001b[90mPOST /api/login/updateLoginInfo\u001b[39m\u001b[32m 200 \u001b[39m\u001b[90m28ms\u001b[39m","timestamp":"2018-12-17T09:59:41.617Z"}
{"level":"info","message":"\u001b[90mPOST /api/activity/queryUserActivityInfo\u001b[39m\u001b[32m 200 \u001b[39m\u001b[90m36ms\u001b[39m","timestamp":"2018-12-17T09:59:42.232Z"}
{"level":"info","message":"\u001b[90mPOST /api/login/updateLoginInfo\u001b[39m\u001b[32m 200 \u001b[39m\u001b[90m61ms\u001b[39m","timestamp":"2019-01-03T12:29:13.567Z"}
{"level":"info","message":"\u001b[90mPOST /api/login/updateLoginInfo\u001b[39m\u001b[32m 200 \u001b[39m\u001b[90m20ms\u001b[39m","timestamp":"2019-01-03T12:29:35.089Z"}
{"level":"info","message":"\u001b[90mPOST /api/footprint/queryFootPrintList\u001b[39m\u001b[32m 200 \u001b[39m\u001b[90m23ms\u001b[39m","timestamp":"2019-01-03T12:29:37.395Z"}
{"level":"info","message":"\u001b[90mPOST /api/login/updateLoginInfo\u001b[39m\u001b[32m 200 \u001b[39m\u001b[90m20ms\u001b[39m","timestamp":"2019-01-03T12:29:40.012Z"}
{"level":"info","message":"\u001b[90mPOST /api/login/msgValid\u001b[39m\u001b[32m 200 \u001b[39m\u001b[90m36ms\u001b[39m","timestamp":"2019-01-03T12:37:04.038Z"}
{"level":"info","message":"\u001b[90mPOST /api/login/register\u001b[39m\u001b[32m 200 \u001b[39m\u001b[90m80ms\u001b[39m","timestamp":"2019-01-03T12:38:08.163Z"}
{"level":"info","message":"\u001b[90mPOST /api/footprint/queryFootPrintList\u001b[39m\u001b[32m 200 \u001b[39m\u001b[90m64ms\u001b[39m","timestamp":"2019-01-03T12:38:32.880Z"}
{"level":"info","message":"\u001b[90mPOST /api/activity/queryUserActivityInfo\u001b[39m\u001b[32m 200 \u001b[39m\u001b[90m54ms\u001b[39m","timestamp":"2019-01-03T12:38:35.900Z"}
{"level":"info","message":"\u001b[90mPOST /api/activity/queryUserActivityInfo\u001b[39m\u001b[32m 200 \u001b[39m\u001b[90m42ms\u001b[39m","timestamp":"2019-01-03T12:38:44.785Z"}
{"level":"info","message":"\u001b[90mPOST /api/login/updateUserInfo?_=1546519180080\u001b[39m\u001b[32m 200 \u001b[39m\u001b[90m61ms\u001b[39m","timestamp":"2019-01-03T12:39:40.158Z"}
{"level":"info","message":"\u001b[90mPOST /api/activity/queryUserActivityInfo\u001b[39m\u001b[32m 200 \u001b[39m\u001b[90m38ms\u001b[39m","timestamp":"2019-01-03T12:39:40.318Z"}
{"level":"info","message":"\u001b[90mPOST /api/activity/queryUserActivityInfo\u001b[39m\u001b[32m 200 \u001b[39m\u001b[90m43ms\u001b[39m","timestamp":"2019-01-03T12:39:45.872Z"}
{"level":"info","message":"\u001b[90mPOST /api/dynamic/queryUserAndFriendsDynamic\u001b[39m\u001b[32m 200 \u001b[39m\u001b[90m105ms\u001b[39m","timestamp":"2019-01-03T12:40:09.718Z"}
{"level":"info","message":"\u001b[90mPOST /api/footprint/queryFootPrintList\u001b[39m\u001b[32m 200 \u001b[39m\u001b[90m18ms\u001b[39m","timestamp":"2019-01-03T12:40:20.670Z"}
{"level":"info","message":"\u001b[90mPOST /api/login/updateLoginInfo\u001b[39m\u001b[32m 200 \u001b[39m\u001b[90m18ms\u001b[39m","timestamp":"2019-01-03T12:40:23.421Z"}
{"level":"info","message":"\u001b[90mPOST /api/footprint/queryFootPrintList\u001b[39m\u001b[32m 200 \u001b[39m\u001b[90m13ms\u001b[39m","timestamp":"2019-01-03T12:40:24.301Z"}
{"level":"info","message":"\u001b[90mPOST /api/activity/queryUserActivityInfo\u001b[39m\u001b[32m 200 \u001b[39m\u001b[90m42ms\u001b[39m","timestamp":"2019-01-03T12:40:25.127Z"}
{"level":"info","message":"\u001b[90mPOST /api/login/updateLoginInfo\u001b[39m\u001b[32m 200 \u001b[39m\u001b[90m21ms\u001b[39m","timestamp":"2019-01-03T12:40:26.649Z"}
{"level":"info","message":"\u001b[90mPOST /api/activity/queryUserActivityInfo\u001b[39m\u001b[32m 200 \u001b[39m\u001b[90m82ms\u001b[39m","timestamp":"2019-01-03T12:40:27.699Z"}
