[37mStarted POST   /api/datav/queryDatavMeishichinaTypeList for ::1at Sat May 25 2019 09:32:38 GMT+0800 (GMT+08:00)[39m
[37m  [35mquery[37m:{}[39m
[37mCompleted in 73ms  200

[39m
[37mStarted POST   /api/datav/queryDavavMeishiChinaList for ::1at Sat May 25 2019 09:32:38 GMT+0800 (GMT+08:00)[39m
[37m  [35mquery[37m:{}[39m
[37mCompleted in 300ms  200

[39m
[37mStarted POST   /api/datav/queryDavavMeishiChinaList for ::1at Sat May 25 2019 09:33:12 GMT+0800 (GMT+08:00)[39m
[37m  [35mquery[37m:{}[39m
[37mCompleted in 66ms  200

[39m
[37mStarted POST   /api/datav/queryDatavMeishichinaTypeList for ::1at Sat May 25 2019 09:38:46 GMT+0800 (GMT+08:00)[39m
[37m  [35mquery[37m:{}[39m
[37mCompleted in 59ms  200

[39m
[37mStarted POST   /api/datav/queryDavavMeishiChinaList for ::1at Sat May 25 2019 09:38:46 GMT+0800 (GMT+08:00)[39m
[37m  [35mquery[37m:{}[39m
[37mCompleted in 69ms  200

[39m
[37mStarted POST   /api/footprint/queryFootPrintList for ::1at Sat May 25 2019 09:39:32 GMT+0800 (GMT+08:00)[39m
[37m  [35mquery[37m:{}[39m
[37mCompleted in 16ms  200

[39m
[37mStarted POST   /api/music/queryAllSongs for ::1at Sat May 25 2019 09:39:32 GMT+0800 (GMT+08:00)[39m
[37m  [35mquery[37m:{}[39m
[37mCompleted in 632ms  200

[39m
[37mStarted POST   /api/music/queryAllSongs for ::1at Sat May 25 2019 09:39:32 GMT+0800 (GMT+08:00)[39m
[37m  [35mquery[37m:{}[39m
[37mCompleted in 1227ms  500

[39m
[37mStarted POST   /api/datav/queryDatavMeishichinaTypeList for ::1at Sat May 25 2019 09:39:47 GMT+0800 (GMT+08:00)[39m
[37m  [35mquery[37m:{}[39m
[37mCompleted in 44ms  200

[39m
[37mStarted POST   /api/datav/queryDavavMeishiChinaList for ::1at Sat May 25 2019 09:39:47 GMT+0800 (GMT+08:00)[39m
[37m  [35mquery[37m:{}[39m
[37mCompleted in 67ms  200

[39m
[37mStarted POST   /api/datav/queryDatavMeishichinaTypeList for ::1at Sat May 25 2019 10:13:38 GMT+0800 (GMT+08:00)[39m
[37m  [35mquery[37m:{}[39m
[37mCompleted in 42ms  200

[39m
[37mStarted POST   /api/datav/queryDavavMeishiChinaList for ::1at Sat May 25 2019 10:13:39 GMT+0800 (GMT+08:00)[39m
[37m  [35mquery[37m:{}[39m
[37mCompleted in 68ms  200

[39m
[37mStarted POST   /api/datav/queryDatavMeishichinaTypeList for ::1at Sat May 25 2019 10:16:17 GMT+0800 (GMT+08:00)[39m
[37m  [35mquery[37m:{}[39m
[37mCompleted in 64ms  200

[39m
[37mStarted POST   /api/datav/queryDavavMeishiChinaList for ::1at Sat May 25 2019 10:16:18 GMT+0800 (GMT+08:00)[39m
[37m  [35mquery[37m:{}[39m
[37mCompleted in 67ms  200

[39m
[37mStarted POST   /api/datav/queryDatavMeishichinaTypeList for ::1at Sat May 25 2019 10:17:36 GMT+0800 (GMT+08:00)[39m
[37m  [35mquery[37m:{}[39m
[37mCompleted in 37ms  200

[39m
[37mStarted POST   /api/datav/queryDavavMeishiChinaList for ::1at Sat May 25 2019 10:17:37 GMT+0800 (GMT+08:00)[39m
[37m  [35mquery[37m:{}[39m
[37mCompleted in 77ms  200

[39m
[37mStarted POST   /api/datav/queryDatavMeishichinaTypeList for ::1at Sat May 25 2019 10:29:54 GMT+0800 (GMT+08:00)[39m
[37m  [35mquery[37m:{}[39m
[37mCompleted in 57ms  200

[39m
[37mStarted POST   /api/datav/queryDavavMeishiChinaList for ::1at Sat May 25 2019 10:29:54 GMT+0800 (GMT+08:00)[39m
[37m  [35mquery[37m:{}[39m
[37mCompleted in 92ms  200

[39m
[37mStarted POST   /api/datav/queryDatavMeishichinaTypeList for ::1at Sat May 25 2019 10:31:31 GMT+0800 (GMT+08:00)[39m
[37m  [35mquery[37m:{}[39m
[37mCompleted in 33ms  200

[39m
[37mStarted POST   /api/datav/queryDavavMeishiChinaList for ::1at Sat May 25 2019 10:31:31 GMT+0800 (GMT+08:00)[39m
[37m  [35mquery[37m:{}[39m
[37mCompleted in 99ms  200

[39m
[37mStarted POST   /api/datav/queryDatavMeishichinaTypeList for ::1at Sat May 25 2019 10:32:03 GMT+0800 (GMT+08:00)[39m
[37m  [35mquery[37m:{}[39m
[37mCompleted in 37ms  200

[39m
[37mStarted POST   /api/datav/queryDavavMeishiChinaList for ::1at Sat May 25 2019 10:32:03 GMT+0800 (GMT+08:00)[39m
[37m  [35mquery[37m:{}[39m
[37mCompleted in 75ms  200

[39m
[37mStarted POST   /api/datav/queryDatavMeishichinaTypeList for ::1at Sat May 25 2019 10:32:45 GMT+0800 (GMT+08:00)[39m
[37m  [35mquery[37m:{}[39m
[37mCompleted in 27ms  200

[39m
[37mStarted POST   /api/datav/queryDavavMeishiChinaList for ::1at Sat May 25 2019 10:32:46 GMT+0800 (GMT+08:00)[39m
[37m  [35mquery[37m:{}[39m
[37mCompleted in 95ms  200

[39m
[37mStarted POST   /api/datav/queryDatavMeishichinaTypeList for ::1at Sat May 25 2019 10:32:55 GMT+0800 (GMT+08:00)[39m
[37m  [35mquery[37m:{}[39m
[37mCompleted in 39ms  200

[39m
[37mStarted POST   /api/datav/queryDavavMeishiChinaList for ::1at Sat May 25 2019 10:32:55 GMT+0800 (GMT+08:00)[39m
[37m  [35mquery[37m:{}[39m
[37mCompleted in 71ms  200

[39m
[37mStarted POST   /api/datav/queryDatavMeishichinaTypeList for ::1at Sat May 25 2019 10:41:44 GMT+0800 (GMT+08:00)[39m
[37m  [35mquery[37m:{}[39m
[37mCompleted in 67ms  200

[39m
[37mStarted POST   /api/datav/queryDavavMeishiChinaList for ::1at Sat May 25 2019 10:41:44 GMT+0800 (GMT+08:00)[39m
[37m  [35mquery[37m:{}[39m
[37mCompleted in 68ms  200

[39m
[37mStarted POST   /api/datav/queryDatavMeishichinaTypeList for ::1at Sat May 25 2019 10:42:25 GMT+0800 (GMT+08:00)[39m
[37m  [35mquery[37m:{}[39m
[37mCompleted in 42ms  200

[39m
[37mStarted POST   /api/datav/queryDavavMeishiChinaList for ::1at Sat May 25 2019 10:42:26 GMT+0800 (GMT+08:00)[39m
[37m  [35mquery[37m:{}[39m
[37mCompleted in 71ms  200

[39m
[37mStarted POST   /api/datav/queryDavavMeishiChinaList for ::1at Sat May 25 2019 10:42:44 GMT+0800 (GMT+08:00)[39m
[37m  [35mquery[37m:{}[39m
[37mCompleted in 91ms  200

[39m
[37mStarted POST   /api/datav/queryDavavMeishiChinaList for ::1at Sat May 25 2019 10:42:47 GMT+0800 (GMT+08:00)[39m
[37m  [35mquery[37m:{}[39m
[37mCompleted in 69ms  200

[39m
[37mStarted POST   /api/datav/queryDatavMeishichinaTypeList for ::1at Sat May 25 2019 10:44:47 GMT+0800 (GMT+08:00)[39m
[37m  [35mquery[37m:{}[39m
[37mCompleted in 155ms  200

[39m
[37mStarted POST   /api/datav/queryDavavMeishiChinaList for ::1at Sat May 25 2019 10:44:47 GMT+0800 (GMT+08:00)[39m
[37m  [35mquery[37m:{}[39m
[37mCompleted in 135ms  200

[39m
[37mStarted POST   /api/datav/queryDatavMeishichinaTypeList for ::1at Sat May 25 2019 10:46:34 GMT+0800 (GMT+08:00)[39m
[37m  [35mquery[37m:{}[39m
[37mCompleted in 464ms  200

[39m
[37mStarted POST   /api/datav/queryDavavMeishiChinaList for ::1at Sat May 25 2019 10:46:35 GMT+0800 (GMT+08:00)[39m
[37m  [35mquery[37m:{}[39m
[37mCompleted in 70ms  200

[39m
[37mStarted POST   /api/datav/queryDatavMeishichinaTypeList for ::1at Sat May 25 2019 10:48:21 GMT+0800 (GMT+08:00)[39m
[37m  [35mquery[37m:{}[39m
[37mCompleted in 114ms  200

[39m
[37mStarted POST   /api/datav/queryDavavMeishiChinaList for ::1at Sat May 25 2019 10:48:21 GMT+0800 (GMT+08:00)[39m
[37m  [35mquery[37m:{}[39m
[37mCompleted in 72ms  200

[39m
[37mStarted POST   /api/datav/queryDatavMeishichinaTypeList for ::1at Sat May 25 2019 10:48:46 GMT+0800 (GMT+08:00)[39m
[37m  [35mquery[37m:{}[39m
[37mCompleted in 82ms  200

[39m
[37mStarted POST   /api/datav/queryDavavMeishiChinaList for ::1at Sat May 25 2019 10:48:47 GMT+0800 (GMT+08:00)[39m
[37m  [35mquery[37m:{}[39m
[37mCompleted in 201ms  200

[39m
[37mStarted POST   /api/datav/queryDatavMeishichinaTypeList for ::1at Sat May 25 2019 10:49:57 GMT+0800 (GMT+08:00)[39m
[37m  [35mquery[37m:{}[39m
[37mCompleted in 221ms  200

[39m
[37mStarted POST   /api/datav/queryDavavMeishiChinaList for ::1at Sat May 25 2019 10:49:58 GMT+0800 (GMT+08:00)[39m
[37m  [35mquery[37m:{}[39m
[37mCompleted in 61ms  200

[39m
[37mStarted POST   /api/datav/queryDatavMeishichinaTypeList for ::1at Sat May 25 2019 10:57:08 GMT+0800 (GMT+08:00)[39m
[37m  [35mquery[37m:{}[39m
[37mCompleted in 76ms  200

[39m
[37mStarted POST   /api/datav/queryDavavMeishiChinaList for ::1at Sat May 25 2019 10:57:08 GMT+0800 (GMT+08:00)[39m
[37m  [35mquery[37m:{}[39m
[37mCompleted in 137ms  200

[39m
[37mStarted POST   /api/datav/queryDatavMeishichinaTypeList for ::1at Sat May 25 2019 10:59:34 GMT+0800 (GMT+08:00)[39m
[37m  [35mquery[37m:{}[39m
[37mCompleted in 97ms  200

[39m
[37mStarted POST   /api/datav/queryDavavMeishiChinaList for ::1at Sat May 25 2019 10:59:35 GMT+0800 (GMT+08:00)[39m
[37m  [35mquery[37m:{}[39m
[37mCompleted in 90ms  200

[39m
[37mStarted POST   /api/datav/queryDatavMeishichinaTypeList for ::1at Sat May 25 2019 11:05:14 GMT+0800 (GMT+08:00)[39m
[37m  [35mquery[37m:{}[39m
[37mCompleted in 497ms  200

[39m
[37mStarted POST   /api/datav/queryDavavMeishiChinaList for ::1at Sat May 25 2019 11:05:15 GMT+0800 (GMT+08:00)[39m
[37m  [35mquery[37m:{}[39m
[37mCompleted in 102ms  200

[39m
[37mStarted POST   /api/datav/queryDatavMeishichinaTypeList for ::1at Sat May 25 2019 11:07:06 GMT+0800 (GMT+08:00)[39m
[37m  [35mquery[37m:{}[39m
[37mCompleted in 145ms  200

[39m
[37mStarted POST   /api/datav/queryDavavMeishiChinaList for ::1at Sat May 25 2019 11:07:07 GMT+0800 (GMT+08:00)[39m
[37m  [35mquery[37m:{}[39m
[37mCompleted in 69ms  200

[39m
[37mStarted POST   /api/datav/queryDatavMeishichinaTypeList for ::1at Sat May 25 2019 11:07:35 GMT+0800 (GMT+08:00)[39m
[37m  [35mquery[37m:{}[39m
[37mCompleted in 160ms  200

[39m
[37mStarted POST   /api/datav/queryDavavMeishiChinaList for ::1at Sat May 25 2019 11:07:36 GMT+0800 (GMT+08:00)[39m
[37m  [35mquery[37m:{}[39m
[37mCompleted in 77ms  200

[39m
[37mStarted POST   /api/datav/queryDatavMeishichinaTypeList for ::1at Sat May 25 2019 11:09:37 GMT+0800 (GMT+08:00)[39m
[37m  [35mquery[37m:{}[39m
[37mCompleted in 179ms  200

[39m
[37mStarted POST   /api/datav/queryDavavMeishiChinaList for ::1at Sat May 25 2019 11:09:38 GMT+0800 (GMT+08:00)[39m
[37m  [35mquery[37m:{}[39m
[37mCompleted in 86ms  200

[39m
[37mStarted POST   /api/datav/queryDatavMeishichinaTypeList for ::1at Sat May 25 2019 11:10:10 GMT+0800 (GMT+08:00)[39m
[37m  [35mquery[37m:{}[39m
[37mCompleted in 54ms  200

[39m
[37mStarted POST   /api/datav/queryDavavMeishiChinaList for ::1at Sat May 25 2019 11:10:11 GMT+0800 (GMT+08:00)[39m
[37m  [35mquery[37m:{}[39m
[37mCompleted in 273ms  200

[39m
[37mStarted POST   /api/datav/queryDatavMeishichinaTypeList for ::1at Sat May 25 2019 11:18:54 GMT+0800 (GMT+08:00)[39m
[37m  [35mquery[37m:{}[39m
[37mCompleted in 53ms  200

[39m
[37mStarted POST   /api/datav/queryDavavMeishiChinaList for ::1at Sat May 25 2019 11:18:54 GMT+0800 (GMT+08:00)[39m
[37m  [35mquery[37m:{}[39m
[37mCompleted in 77ms  200

[39m
[37mStarted POST   /api/datav/queryDatavMeishichinaTypeList for ::1at Sat May 25 2019 11:25:58 GMT+0800 (GMT+08:00)[39m
[37m  [35mquery[37m:{}[39m
[37mCompleted in 90ms  200

[39m
[37mStarted POST   /api/datav/queryDavavMeishiChinaList for ::1at Sat May 25 2019 11:25:58 GMT+0800 (GMT+08:00)[39m
[37m  [35mquery[37m:{}[39m
[37mCompleted in 97ms  200

[39m
[37mStarted POST   /api/datav/queryDatavMeishichinaTypeList for ::1at Sat May 25 2019 11:31:59 GMT+0800 (GMT+08:00)[39m
[37m  [35mquery[37m:{}[39m
[37mCompleted in 49ms  200

[39m
[37mStarted POST   /api/datav/queryDavavMeishiChinaList for ::1at Sat May 25 2019 11:31:59 GMT+0800 (GMT+08:00)[39m
[37m  [35mquery[37m:{}[39m
[37mCompleted in 92ms  200

[39m
[37mStarted POST   /api/datav/queryDatavMeishichinaTypeList for ::1at Sat May 25 2019 11:32:39 GMT+0800 (GMT+08:00)[39m
[37m  [35mquery[37m:{}[39m
[37mCompleted in 310ms  200

[39m
[37mStarted POST   /api/datav/queryDavavMeishiChinaList for ::1at Sat May 25 2019 11:32:40 GMT+0800 (GMT+08:00)[39m
[37m  [35mquery[37m:{}[39m
[37mCompleted in 118ms  200

[39m
[37mStarted POST   /api/datav/queryDatavMeishichinaTypeList for ::1at Sat May 25 2019 11:36:28 GMT+0800 (GMT+08:00)[39m
[37m  [35mquery[37m:{}[39m
[37mCompleted in 43ms  200

[39m
[37mStarted POST   /api/datav/queryDavavMeishiChinaList for ::1at Sat May 25 2019 11:36:28 GMT+0800 (GMT+08:00)[39m
[37m  [35mquery[37m:{}[39m
[37mCompleted in 163ms  200

[39m
[37mStarted POST   /api/datav/queryDatavMeishichinaTypeList for ::1at Sat May 25 2019 11:39:26 GMT+0800 (GMT+08:00)[39m
[37m  [35mquery[37m:{}[39m
[37mCompleted in 43ms  200

[39m
[37mStarted POST   /api/datav/queryDavavMeishiChinaList for ::1at Sat May 25 2019 11:39:27 GMT+0800 (GMT+08:00)[39m
[37m  [35mquery[37m:{}[39m
[37mCompleted in 125ms  200

[39m
[37mStarted POST   /api/datav/queryDatavMeishichinaTypeList for ::1at Sat May 25 2019 11:42:15 GMT+0800 (GMT+08:00)[39m
[37m  [35mquery[37m:{}[39m
[37mCompleted in 142ms  200

[39m
[37mStarted POST   /api/datav/queryDavavMeishiChinaList for ::1at Sat May 25 2019 11:42:16 GMT+0800 (GMT+08:00)[39m
[37m  [35mquery[37m:{}[39m
[37mCompleted in 61ms  200

[39m
[37mStarted POST   /api/datav/queryDatavMeishichinaTypeList for ::1at Sat May 25 2019 11:43:17 GMT+0800 (GMT+08:00)[39m
[37m  [35mquery[37m:{}[39m
[37mCompleted in 39ms  200

[39m
[37mStarted POST   /api/datav/queryDavavMeishiChinaList for ::1at Sat May 25 2019 11:43:17 GMT+0800 (GMT+08:00)[39m
[37m  [35mquery[37m:{}[39m
[37mCompleted in 100ms  200

[39m
[37mStarted POST   /api/datav/queryDatavMeishichinaTypeList for ::1at Sat May 25 2019 11:46:26 GMT+0800 (GMT+08:00)[39m
[37m  [35mquery[37m:{}[39m
[37mCompleted in 27ms  200

[39m
[37mStarted POST   /api/datav/queryDavavMeishiChinaList for ::1at Sat May 25 2019 11:46:27 GMT+0800 (GMT+08:00)[39m
[37m  [35mquery[37m:{}[39m
[37mCompleted in 78ms  200

[39m
[37mStarted POST   /api/login/useMobileLogin for ::1at Sat May 25 2019 11:46:36 GMT+0800 (GMT+08:00)[39m
[37m  [35mquery[37m:{}[39m
[37mCompleted in 169ms  401

[39m
[37mStarted POST   /api/login/msgValid for ::1at Sat May 25 2019 11:47:54 GMT+0800 (GMT+08:00)[39m
[37m  [35mquery[37m:{}[39m
[37mCompleted in 835ms  200

[39m
[37mStarted POST   /api/login/register for ::1at Sat May 25 2019 11:48:13 GMT+0800 (GMT+08:00)[39m
[37m  [35mquery[37m:{}[39m
[37mCompleted in 287ms  200

[39m
[37mStarted POST   /api/footprint/queryFootPrintList for ::1at Sat May 25 2019 11:48:19 GMT+0800 (GMT+08:00)[39m
[37m  [35mquery[37m:{}[39m
[37mCompleted in 16ms  200

[39m
[37mStarted POST   /api/music/queryAllSongs for ::1at Sat May 25 2019 11:48:19 GMT+0800 (GMT+08:00)[39m
[37m  [35mquery[37m:{}[39m
[37mCompleted in 1014ms  500

[39m
[37mStarted POST   /api/music/queryAllSongs for ::1at Sat May 25 2019 11:48:19 GMT+0800 (GMT+08:00)[39m
[37m  [35mquery[37m:{}[39m
[37mCompleted in 1196ms  200

[39m
[37mStarted POST   /api/datav/queryDatavMeishichinaTypeList for ::1at Sat May 25 2019 11:48:38 GMT+0800 (GMT+08:00)[39m
[37m  [35mquery[37m:{}[39m
[37mCompleted in 28ms  200

[39m
[37mStarted POST   /api/datav/queryDavavMeishiChinaList for ::1at Sat May 25 2019 11:48:38 GMT+0800 (GMT+08:00)[39m
[37m  [35mquery[37m:{}[39m
[37mCompleted in 89ms  200

[39m
[37mStarted POST   /api/login/useMobileLogin for ::1at Sat May 25 2019 11:55:52 GMT+0800 (GMT+08:00)[39m
[37m  [35mquery[37m:{}[39m
[37mCompleted in 85ms  500

[39m
[37mStarted POST   /api/footprint/queryFootPrintList for ::1at Sat May 25 2019 12:02:41 GMT+0800 (GMT+08:00)[39m
[37m  [35mquery[37m:{}[39m
[37mCompleted in 705ms  200

[39m
[37mStarted POST   /api/music/queryAllSongs for ::1at Sat May 25 2019 12:02:41 GMT+0800 (GMT+08:00)[39m
[37m  [35mquery[37m:{}[39m
[37mCompleted in 1982ms  500

[39m
[37mStarted POST   /api/music/queryAllSongs for ::1at Sat May 25 2019 12:02:41 GMT+0800 (GMT+08:00)[39m
[37m  [35mquery[37m:{}[39m
[37mCompleted in 2090ms  200

[39m
[37mStarted POST   /api/datav/queryDatavMeishichinaTypeList for ::1at Sat May 25 2019 12:07:15 GMT+0800 (GMT+08:00)[39m
[37m  [35mquery[37m:{}[39m
[37mCompleted in 50ms  200

[39m
[37mStarted POST   /api/datav/queryDavavMeishiChinaList for ::1at Sat May 25 2019 12:07:16 GMT+0800 (GMT+08:00)[39m
[37m  [35mquery[37m:{}[39m
[37mCompleted in 154ms  200

[39m
[37mStarted POST   /api/login/useMobileLogin for ::1at Sat May 25 2019 12:07:30 GMT+0800 (GMT+08:00)[39m
[37m  [35mquery[37m:{}[39m
[37mCompleted in 170ms  500

[39m
[37mStarted POST   /api/login/useMobileLogin for ::1at Sat May 25 2019 12:13:07 GMT+0800 (GMT+08:00)[39m
[37m  [35mquery[37m:{}[39m
[37mCompleted in 266ms  500

[39m
[37mStarted POST   /api/datav/queryDatavMeishichinaTypeList for ::1at Sat May 25 2019 12:17:24 GMT+0800 (GMT+08:00)[39m
[37m  [35mquery[37m:{}[39m
[37mCompleted in 76ms  200

[39m
[37mStarted POST   /api/datav/queryDavavMeishiChinaList for ::1at Sat May 25 2019 12:17:24 GMT+0800 (GMT+08:00)[39m
[37m  [35mquery[37m:{}[39m
[37mCompleted in 102ms  200

[39m
[37mStarted POST   /api/login/useMobileLogin for ::1at Sat May 25 2019 12:17:35 GMT+0800 (GMT+08:00)[39m
[37m  [35mquery[37m:{}[39m
[37mCompleted in 204ms  500

[39m
[37mStarted POST   /api/datav/queryDatavMeishichinaTypeList for ::1at Sat May 25 2019 12:20:55 GMT+0800 (GMT+08:00)[39m
[37m  [35mquery[37m:{}[39m
[37mCompleted in 57ms  200

[39m
[37mStarted POST   /api/datav/queryDavavMeishiChinaList for ::1at Sat May 25 2019 12:20:56 GMT+0800 (GMT+08:00)[39m
[37m  [35mquery[37m:{}[39m
[37mCompleted in 158ms  200

[39m
[37mStarted POST   /api/login/useMobileLogin for ::1at Sat May 25 2019 12:21:04 GMT+0800 (GMT+08:00)[39m
[37m  [35mquery[37m:{}[39m
[37mCompleted in 337ms  500

[39m
[37mStarted POST   /api/datav/queryDatavMeishichinaTypeList for ::1at Sat May 25 2019 12:23:54 GMT+0800 (GMT+08:00)[39m
[37m  [35mquery[37m:{}[39m
[37mCompleted in 55ms  200

[39m
[37mStarted POST   /api/datav/queryDavavMeishiChinaList for ::1at Sat May 25 2019 12:23:54 GMT+0800 (GMT+08:00)[39m
[37m  [35mquery[37m:{}[39m
[37mCompleted in 109ms  200

[39m
[37mStarted POST   /api/login/useMobileLogin for ::1at Sat May 25 2019 12:24:02 GMT+0800 (GMT+08:00)[39m
[37m  [35mquery[37m:{}[39m
[37mCompleted in 179ms  500

[39m
[37mStarted POST   /api/datav/queryDatavMeishichinaTypeList for ::1at Sat May 25 2019 12:30:23 GMT+0800 (GMT+08:00)[39m
[37m  [35mquery[37m:{}[39m
[37mCompleted in 165ms  200

[39m
[37mStarted POST   /api/datav/queryDavavMeishiChinaList for ::1at Sat May 25 2019 12:30:23 GMT+0800 (GMT+08:00)[39m
[37m  [35mquery[37m:{}[39m
[37mCompleted in 258ms  200

[39m
[37mStarted POST   /api/datav/queryDatavMeishichinaTypeList for ::1at Sat May 25 2019 12:30:36 GMT+0800 (GMT+08:00)[39m
[37m  [35mquery[37m:{}[39m
[37mCompleted in 30ms  200

[39m
[37mStarted POST   /api/datav/queryDavavMeishiChinaList for ::1at Sat May 25 2019 12:30:37 GMT+0800 (GMT+08:00)[39m
[37m  [35mquery[37m:{}[39m
[37mCompleted in 67ms  200

[39m
[37mStarted POST   /api/login/useMobileLogin for ::1at Sat May 25 2019 12:30:43 GMT+0800 (GMT+08:00)[39m
[37m  [35mquery[37m:{}[39m
[37mCompleted in 569ms  500

[39m
[37mStarted POST   /api/datav/queryDatavMeishichinaTypeList for ::1at Sat May 25 2019 12:37:51 GMT+0800 (GMT+08:00)[39m
[37m  [35mquery[37m:{}[39m
[37mCompleted in 51ms  200

[39m
[37mStarted POST   /api/datav/queryDavavMeishiChinaList for ::1at Sat May 25 2019 12:37:51 GMT+0800 (GMT+08:00)[39m
[37m  [35mquery[37m:{}[39m
[37mCompleted in 287ms  200

[39m
[37mStarted POST   /api/login/useMobileLogin for ::1at Sat May 25 2019 12:37:58 GMT+0800 (GMT+08:00)[39m
[37m  [35mquery[37m:{}[39m
[37mCompleted in 268ms  500

[39m
[37mStarted POST   /api/datav/queryDatavMeishichinaTypeList for ::1at Sat May 25 2019 12:41:14 GMT+0800 (GMT+08:00)[39m
[37m  [35mquery[37m:{}[39m
[37mCompleted in 128ms  200

[39m
[37mStarted POST   /api/datav/queryDatavMeishichinaTypeList for ::1at Sat May 25 2019 12:41:18 GMT+0800 (GMT+08:00)[39m
[37m  [35mquery[37m:{}[39m
[37mCompleted in 26ms  200

[39m
[37mStarted POST   /api/datav/queryDavavMeishiChinaList for ::1at Sat May 25 2019 12:41:19 GMT+0800 (GMT+08:00)[39m
[37m  [35mquery[37m:{}[39m
[37mCompleted in 67ms  200

[39m
[37mStarted POST   /api/login/useMobileLogin for ::1at Sat May 25 2019 12:41:25 GMT+0800 (GMT+08:00)[39m
[37m  [35mquery[37m:{}[39m
[37mCompleted in 396ms  500

[39m
[37mStarted POST   /api/login/useMobileLogin for ::1at Sat May 25 2019 12:43:48 GMT+0800 (GMT+08:00)[39m
[37m  [35mquery[37m:{}[39m
[37mCompleted in 345ms  500

[39m
[37mStarted POST   /api/datav/queryDatavMeishichinaTypeList for ::1at Sat May 25 2019 12:47:26 GMT+0800 (GMT+08:00)[39m
[37m  [35mquery[37m:{}[39m
[37mCompleted in 58ms  200

[39m
[37mStarted POST   /api/datav/queryDavavMeishiChinaList for ::1at Sat May 25 2019 12:47:26 GMT+0800 (GMT+08:00)[39m
[37m  [35mquery[37m:{}[39m
[37mCompleted in 137ms  200

[39m
[37mStarted POST   /api/login/useMobileLogin for ::1at Sat May 25 2019 12:47:34 GMT+0800 (GMT+08:00)[39m
[37m  [35mquery[37m:{}[39m
[37mCompleted in 247ms  500

[39m
[37mStarted POST   /api/datav/queryDatavMeishichinaTypeList for ::1at Sat May 25 2019 12:55:27 GMT+0800 (GMT+08:00)[39m
[37m  [35mquery[37m:{}[39m
[37mCompleted in 57ms  200

[39m
[37mStarted POST   /api/datav/queryDavavMeishiChinaList for ::1at Sat May 25 2019 12:55:28 GMT+0800 (GMT+08:00)[39m
[37m  [35mquery[37m:{}[39m
[37mCompleted in 117ms  200

[39m
[37mStarted POST   /api/datav/queryDatavMeishichinaTypeList for ::1at Sat May 25 2019 12:55:33 GMT+0800 (GMT+08:00)[39m
[37m  [35mquery[37m:{}[39m
[37mCompleted in 47ms  200

[39m
[37mStarted POST   /api/datav/queryDavavMeishiChinaList for ::1at Sat May 25 2019 12:55:34 GMT+0800 (GMT+08:00)[39m
[37m  [35mquery[37m:{}[39m
[37mCompleted in 72ms  200

[39m
[37mStarted POST   /api/login/useMobileLogin for ::1at Sat May 25 2019 12:55:40 GMT+0800 (GMT+08:00)[39m
[37m  [35mquery[37m:{}[39m
[37mCompleted in 251ms  500

[39m
[37mStarted POST   /api/datav/queryDatavMeishichinaTypeList for ::1at Sat May 25 2019 12:59:41 GMT+0800 (GMT+08:00)[39m
[37m  [35mquery[37m:{}[39m
[37mCompleted in 55ms  200

[39m
[37mStarted POST   /api/datav/queryDavavMeishiChinaList for ::1at Sat May 25 2019 12:59:42 GMT+0800 (GMT+08:00)[39m
[37m  [35mquery[37m:{}[39m
[37mCompleted in 131ms  200

[39m
[37mStarted POST   /api/login/useMobileLogin for ::1at Sat May 25 2019 12:59:50 GMT+0800 (GMT+08:00)[39m
[37m  [35mquery[37m:{}[39m
[37mCompleted in 147ms  200

[39m
[37mStarted POST   /api/datav/queryDatavMeishichinaTypeList for ::1at Sat May 25 2019 13:02:48 GMT+0800 (GMT+08:00)[39m
[37m  [35mquery[37m:{}[39m
[37mCompleted in 59ms  200

[39m
[37mStarted POST   /api/datav/queryDavavMeishiChinaList for ::1at Sat May 25 2019 13:02:48 GMT+0800 (GMT+08:00)[39m
[37m  [35mquery[37m:{}[39m
[37mCompleted in 137ms  200

[39m
[37mStarted POST   /api/login/useMobileLogin for ::1at Sat May 25 2019 13:02:55 GMT+0800 (GMT+08:00)[39m
[37m  [35mquery[37m:{}[39m
[37mCompleted in 219ms  500

[39m
[37mStarted POST   /api/login/useMobileLogin for ::1at Sat May 25 2019 13:05:59 GMT+0800 (GMT+08:00)[39m
[37m  [35mquery[37m:{}[39m
[37mCompleted in 251ms  500

[39m
[37mStarted POST   /api/login/useMobileLogin for ::1at Sat May 25 2019 13:09:40 GMT+0800 (GMT+08:00)[39m
[37m  [35mquery[37m:{}[39m
[37mCompleted in 245ms  200

[39m
[37mStarted POST   /api/datav/queryDatavMeishichinaTypeList for ::1at Sat May 25 2019 13:35:34 GMT+0800 (GMT+08:00)[39m
[37m  [35mquery[37m:{}[39m
[37mCompleted in 70ms  200

[39m
[37mStarted POST   /api/datav/queryDavavMeishiChinaList for ::1at Sat May 25 2019 13:35:34 GMT+0800 (GMT+08:00)[39m
[37m  [35mquery[37m:{}[39m
[37mCompleted in 108ms  200

[39m
[37mStarted POST   /api/login/useMobileLogin for ::1at Sat May 25 2019 13:35:41 GMT+0800 (GMT+08:00)[39m
[37m  [35mquery[37m:{}[39m
[37mCompleted in 107ms  200

[39m
[37mStarted POST   /api/footprint/queryFootPrintList for ::1at Sat May 25 2019 13:35:50 GMT+0800 (GMT+08:00)[39m
[37m  [35mquery[37m:{}[39m
[37mCompleted in 50ms  200

[39m
[37mStarted POST   /api/music/queryAllSongs for ::1at Sat May 25 2019 13:35:50 GMT+0800 (GMT+08:00)[39m
[37m  [35mquery[37m:{}[39m
[37mCompleted in 739ms  200

[39m
[37mStarted POST   /api/music/queryAllSongs for ::1at Sat May 25 2019 13:35:50 GMT+0800 (GMT+08:00)[39m
[37m  [35mquery[37m:{}[39m
[37mCompleted in 603ms  200

[39m
[37mStarted POST   /api/music/joinPlayList for ::1at Sat May 25 2019 13:35:58 GMT+0800 (GMT+08:00)[39m
[37m  [35mquery[37m:{}[39m
[37mCompleted in 70ms  200

[39m
[37mStarted POST   /api/music/queryAllSongs for ::1at Sat May 25 2019 13:35:58 GMT+0800 (GMT+08:00)[39m
[37m  [35mquery[37m:{}[39m
[37mCompleted in 731ms  200

[39m
[37mStarted POST   /api/music/queryAllSongs for ::1at Sat May 25 2019 13:35:58 GMT+0800 (GMT+08:00)[39m
[37m  [35mquery[37m:{}[39m
[37mCompleted in 745ms  200

[39m
[37mStarted POST   /api/music/joinPlayList for ::1at Sat May 25 2019 13:35:59 GMT+0800 (GMT+08:00)[39m
[37m  [35mquery[37m:{}[39m
[37mCompleted in 31ms  200

[39m
[37mStarted POST   /api/music/queryAllSongs for ::1at Sat May 25 2019 13:35:59 GMT+0800 (GMT+08:00)[39m
[37m  [35mquery[37m:{}[39m
[37mCompleted in 597ms  200

[39m
[37mStarted POST   /api/music/queryAllSongs for ::1at Sat May 25 2019 13:35:59 GMT+0800 (GMT+08:00)[39m
[37m  [35mquery[37m:{}[39m
[37mCompleted in 629ms  200

[39m
[37mStarted POST   /api/datav/queryDatavMeishichinaTypeList for ::1at Sat May 25 2019 13:36:08 GMT+0800 (GMT+08:00)[39m
[37m  [35mquery[37m:{}[39m
[37mCompleted in 35ms  200

[39m
[37mStarted POST   /api/datav/queryDavavMeishiChinaList for ::1at Sat May 25 2019 13:36:08 GMT+0800 (GMT+08:00)[39m
[37m  [35mquery[37m:{}[39m
[37mCompleted in 91ms  200

[39m
[37mStarted POST   /api/datav/queryDatavMeishichinaTypeList for ::1at Sat May 25 2019 13:39:01 GMT+0800 (GMT+08:00)[39m
[37m  [35mquery[37m:{}[39m
[37mCompleted in 72ms  200

[39m
[37mStarted POST   /api/datav/queryDavavMeishiChinaList for ::1at Sat May 25 2019 13:39:02 GMT+0800 (GMT+08:00)[39m
[37m  [35mquery[37m:{}[39m
[37mCompleted in 96ms  200

[39m
[37mStarted POST   /api/datav/queryDatavMeishichinaTypeList for ::1at Sat May 25 2019 13:49:14 GMT+0800 (GMT+08:00)[39m
[37m  [35mquery[37m:{}[39m
[37mCompleted in 140ms  200

[39m
[37mStarted POST   /api/datav/queryDatavMeishichinaTypeList for ::1at Sat May 25 2019 15:46:21 GMT+0800 (GMT+08:00)[39m
[37m  [35mquery[37m:{}[39m
[37mCompleted in 22s  500

[39m
[37mStarted POST   /api/datav/queryDatavMeishichinaTypeList for ::1at Sat May 25 2019 15:46:57 GMT+0800 (GMT+08:00)[39m
[37m  [35mquery[37m:{}[39m
[37mCompleted in 60ms  500

[39m
[37mStarted POST   /api/datav/queryDatavMeishichinaTypeList for ::1at Sat May 25 2019 15:58:23 GMT+0800 (GMT+08:00)[39m
[37m  [35mquery[37m:{}[39m
[37mCompleted in 63ms  200

[39m
[37mStarted POST   /api/datav/queryDavavMeishiChinaList for ::1at Sat May 25 2019 15:58:24 GMT+0800 (GMT+08:00)[39m
[37m  [35mquery[37m:{}[39m
[37mCompleted in 154ms  200

[39m
[37mStarted POST   /api/datav/queryDavavMeishiChinaList for ::1at Sat May 25 2019 15:58:41 GMT+0800 (GMT+08:00)[39m
[37m  [35mquery[37m:{}[39m
[37mCompleted in 71ms  200

[39m
[37mStarted POST   /api/footprint/queryFootPrintList for ::1at Sat May 25 2019 15:59:02 GMT+0800 (GMT+08:00)[39m
[37m  [35mquery[37m:{}[39m
[37mCompleted in 16ms  200

[39m
[37mStarted POST   /api/music/queryAllSongs for ::1at Sat May 25 2019 15:59:02 GMT+0800 (GMT+08:00)[39m
[37m  [35mquery[37m:{}[39m
[37mCompleted in 939ms  500

[39m
[37mStarted POST   /api/music/queryAllSongs for ::1at Sat May 25 2019 15:59:02 GMT+0800 (GMT+08:00)[39m
[37m  [35mquery[37m:{}[39m
[37mCompleted in 1037ms  200

[39m
[37mStarted POST   /api/datav/queryDatavMeishichinaTypeList for ::1at Sat May 25 2019 15:59:08 GMT+0800 (GMT+08:00)[39m
[37m  [35mquery[37m:{}[39m
[37mCompleted in 55ms  200

[39m
[37mStarted POST   /api/datav/queryDavavMeishiChinaList for ::1at Sat May 25 2019 15:59:08 GMT+0800 (GMT+08:00)[39m
[37m  [35mquery[37m:{}[39m
[37mCompleted in 118ms  200

[39m
[37mStarted POST   /api/login/useMobileLogin for ::1at Sat May 25 2019 15:59:18 GMT+0800 (GMT+08:00)[39m
[37m  [35mquery[37m:{}[39m
[37mCompleted in 93ms  200

[39m
[37mStarted POST   /api/footprint/queryFootPrintList for ::1at Sat May 25 2019 15:59:20 GMT+0800 (GMT+08:00)[39m
[37m  [35mquery[37m:{}[39m
[37mCompleted in 13ms  200

[39m
[37mStarted POST   /api/music/queryAllSongs for ::1at Sat May 25 2019 15:59:20 GMT+0800 (GMT+08:00)[39m
[37m  [35mquery[37m:{}[39m
[37mCompleted in 616ms  200

[39m
[37mStarted POST   /api/music/queryAllSongs for ::1at Sat May 25 2019 15:59:20 GMT+0800 (GMT+08:00)[39m
[37m  [35mquery[37m:{}[39m
[37mCompleted in 703ms  200

[39m
[37mStarted POST   /api/music/searchMusic for ::1at Sat May 25 2019 16:00:10 GMT+0800 (GMT+08:00)[39m
[37m  [35mquery[37m:{}[39m
[37mCompleted in 436ms  200

[39m
[37mStarted POST   /api/music/joinPlayList for ::1at Sat May 25 2019 16:00:13 GMT+0800 (GMT+08:00)[39m
[37m  [35mquery[37m:{}[39m
[37mCompleted in 54ms  200

[39m
[37mStarted POST   /api/music/joinPlayList for ::1at Sat May 25 2019 16:00:13 GMT+0800 (GMT+08:00)[39m
[37m  [35mquery[37m:{}[39m
[37mCompleted in 50ms  200

[39m
[37mStarted POST   /api/music/queryAllSongs for ::1at Sat May 25 2019 16:00:13 GMT+0800 (GMT+08:00)[39m
[37m  [35mquery[37m:{}[39m
[37mCompleted in 669ms  200

[39m
[37mStarted POST   /api/music/queryAllSongs for ::1at Sat May 25 2019 16:00:13 GMT+0800 (GMT+08:00)[39m
[37m  [35mquery[37m:{}[39m
[37mCompleted in 702ms  200

[39m
[37mStarted POST   /api/music/queryAllSongs for ::1at Sat May 25 2019 16:00:13 GMT+0800 (GMT+08:00)[39m
[37m  [35mquery[37m:{}[39m
[37mCompleted in 744ms  200

[39m
[37mStarted POST   /api/music/joinPlayList for ::1at Sat May 25 2019 16:00:14 GMT+0800 (GMT+08:00)[39m
[37m  [35mquery[37m:{}[39m
[37mCompleted in 17ms  200

[39m
[37mStarted POST   /api/music/joinPlayList for ::1at Sat May 25 2019 16:00:14 GMT+0800 (GMT+08:00)[39m
[37m  [35mquery[37m:{}[39m
[37mCompleted in 19ms  200

[39m
[37mStarted POST   /api/music/joinPlayList for ::1at Sat May 25 2019 16:00:16 GMT+0800 (GMT+08:00)[39m
[37m  [35mquery[37m:{}[39m
[37mCompleted in 29ms  200

[39m
[37mStarted POST   /api/music/joinPlayList for ::1at Sat May 25 2019 16:00:16 GMT+0800 (GMT+08:00)[39m
[37m  [35mquery[37m:{}[39m
[37mCompleted in 31ms  200

[39m
[37mStarted POST   /api/music/queryAllSongs for ::1at Sat May 25 2019 16:00:16 GMT+0800 (GMT+08:00)[39m
[37m  [35mquery[37m:{}[39m
[37mCompleted in 490ms  200

[39m
[37mStarted POST   /api/music/joinPlayList for ::1at Sat May 25 2019 16:00:17 GMT+0800 (GMT+08:00)[39m
[37m  [35mquery[37m:{}[39m
[37mCompleted in 39ms  200

[39m
[37mStarted POST   /api/music/queryAllSongs for ::1at Sat May 25 2019 16:00:16 GMT+0800 (GMT+08:00)[39m
[37m  [35mquery[37m:{}[39m
[37mCompleted in 714ms  200

[39m
[37mStarted POST   /api/music/joinPlayList for ::1at Sat May 25 2019 16:00:17 GMT+0800 (GMT+08:00)[39m
[37m  [35mquery[37m:{}[39m
[37mCompleted in 37ms  200

[39m
[37mStarted POST   /api/music/queryAllSongs for ::1at Sat May 25 2019 16:00:16 GMT+0800 (GMT+08:00)[39m
[37m  [35mquery[37m:{}[39m
[37mCompleted in 728ms  200

[39m
[37mStarted POST   /api/music/joinPlayList for ::1at Sat May 25 2019 16:00:18 GMT+0800 (GMT+08:00)[39m
[37m  [35mquery[37m:{}[39m
[37mCompleted in 29ms  200

[39m
[37mStarted POST   /api/music/joinPlayList for ::1at Sat May 25 2019 16:00:18 GMT+0800 (GMT+08:00)[39m
[37m  [35mquery[37m:{}[39m
[37mCompleted in 34ms  200

[39m
[37mStarted POST   /api/music/joinPlayList for ::1at Sat May 25 2019 16:00:19 GMT+0800 (GMT+08:00)[39m
[37m  [35mquery[37m:{}[39m
[37mCompleted in 73ms  200

[39m
[37mStarted POST   /api/music/joinPlayList for ::1at Sat May 25 2019 16:00:19 GMT+0800 (GMT+08:00)[39m
[37m  [35mquery[37m:{}[39m
[37mCompleted in 113ms  200

[39m
[37mStarted POST   /api/music/queryAllSongs for ::1at Sat May 25 2019 16:00:19 GMT+0800 (GMT+08:00)[39m
[37m  [35mquery[37m:{}[39m
[37mCompleted in 923ms  200

[39m
[37mStarted POST   /api/music/queryAllSongs for ::1at Sat May 25 2019 16:00:19 GMT+0800 (GMT+08:00)[39m
[37m  [35mquery[37m:{}[39m
[37mCompleted in 937ms  200

[39m
[37mStarted POST   /api/music/queryAllSongs for ::1at Sat May 25 2019 16:00:19 GMT+0800 (GMT+08:00)[39m
[37m  [35mquery[37m:{}[39m
[37mCompleted in 969ms  200

[39m
[37mStarted POST   /api/music/joinPlayList for ::1at Sat May 25 2019 16:00:20 GMT+0800 (GMT+08:00)[39m
[37m  [35mquery[37m:{}[39m
[37mCompleted in 44ms  200

[39m
[37mStarted POST   /api/music/joinPlayList for ::1at Sat May 25 2019 16:00:20 GMT+0800 (GMT+08:00)[39m
[37m  [35mquery[37m:{}[39m
[37mCompleted in 39ms  200

[39m
[37mStarted POST   /api/music/joinPlayList for ::1at Sat May 25 2019 16:00:21 GMT+0800 (GMT+08:00)[39m
[37m  [35mquery[37m:{}[39m
[37mCompleted in 24ms  200

[39m
[37mStarted POST   /api/music/joinPlayList for ::1at Sat May 25 2019 16:00:21 GMT+0800 (GMT+08:00)[39m
[37m  [35mquery[37m:{}[39m
[37mCompleted in 27ms  200

[39m
[37mStarted POST   /api/music/queryAllSongs for ::1at Sat May 25 2019 16:00:21 GMT+0800 (GMT+08:00)[39m
[37m  [35mquery[37m:{}[39m
[37mCompleted in 928ms  200

[39m
[37mStarted POST   /api/music/queryAllSongs for ::1at Sat May 25 2019 16:00:21 GMT+0800 (GMT+08:00)[39m
[37m  [35mquery[37m:{}[39m
[37mCompleted in 1066ms  200

[39m
[37mStarted POST   /api/music/queryAllSongs for ::1at Sat May 25 2019 16:00:21 GMT+0800 (GMT+08:00)[39m
[37m  [35mquery[37m:{}[39m
[37mCompleted in 1083ms  200

[39m
[37mStarted POST   /api/footprint/queryFootPrintList for ::1at Sat May 25 2019 16:00:27 GMT+0800 (GMT+08:00)[39m
[37m  [35mquery[37m:{}[39m
[37mCompleted in 14ms  200

[39m
[37mStarted POST   /api/music/queryAllSongs for ::1at Sat May 25 2019 16:00:27 GMT+0800 (GMT+08:00)[39m
[37m  [35mquery[37m:{}[39m
[37mCompleted in 426ms  200

[39m
[37mStarted POST   /api/music/queryAllSongs for ::1at Sat May 25 2019 16:00:27 GMT+0800 (GMT+08:00)[39m
[37m  [35mquery[37m:{}[39m
[37mCompleted in 446ms  200

[39m
[37mStarted POST   /api/datav/queryDatavMeishichinaTypeList for ::1at Sat May 25 2019 16:00:38 GMT+0800 (GMT+08:00)[39m
[37m  [35mquery[37m:{}[39m
[37mCompleted in 38ms  200

[39m
[37mStarted POST   /api/datav/queryDavavMeishiChinaList for ::1at Sat May 25 2019 16:00:39 GMT+0800 (GMT+08:00)[39m
[37m  [35mquery[37m:{}[39m
[37mCompleted in 86ms  200

[39m
[37mStarted POST   /api/activity/queryUserActivityInfo for ::1at Sat May 25 2019 16:00:45 GMT+0800 (GMT+08:00)[39m
[37m  [35mquery[37m:{}[39m
[37mCompleted in 51ms  200

[39m
[37mStarted POST   /api/datav/queryDatavMeishichinaTypeList for ::1at Sat May 25 2019 16:01:51 GMT+0800 (GMT+08:00)[39m
[37m  [35mquery[37m:{}[39m
[37mCompleted in 59ms  200

[39m
[37mStarted POST   /api/datav/queryDavavMeishiChinaList for ::1at Sat May 25 2019 16:01:52 GMT+0800 (GMT+08:00)[39m
[37m  [35mquery[37m:{}[39m
[37mCompleted in 85ms  200

[39m
