[37mStarted POST   /api/datav/queryDatavMeishichinaTypeList for ::1at Wed Feb 05 2020 13:16:07 GMT+0800 (GMT+08:00)[39m
[37m  [35mquery[37m:{}[39m
[37mCompleted in 68ms  200

[39m
[37mStarted POST   /api/datav/queryDatavMeishichinaTypeList for ::1at Wed Feb 05 2020 13:16:11 GMT+0800 (GMT+08:00)[39m
[37m  [35mquery[37m:{}[39m
[37mCompleted in 25ms  200

[39m
[37mStarted POST   /api/datav/queryDavavMeishiChinaList for ::1at Wed Feb 05 2020 13:16:11 GMT+0800 (GMT+08:00)[39m
[37m  [35mquery[37m:{}[39m
[37mCompleted in 57ms  200

[39m
[37mStarted POST   /api/activity/queryUserActivityInfo for ::1at Wed Feb 05 2020 13:17:07 GMT+0800 (GMT+08:00)[39m
[37m  [35mquery[37m:{}[39m
[37mCompleted in 30ms  200

[39m
[37mStarted POST   /api/dynamic/queryUserAndFriendsDynamic for ::1at Wed Feb 05 2020 13:17:09 GMT+0800 (GMT+08:00)[39m
[37m  [35mquery[37m:{}[39m
[37mCompleted in 61ms  200

[39m
[37mStarted POST   /api/dynamic/updateDynamicsZan for ::1at Wed Feb 05 2020 13:17:11 GMT+0800 (GMT+08:00)[39m
[37m  [35mquery[37m:{}[39m
[37mCompleted in 104ms  200

[39m
[37mStarted POST   /api/dynamic/updateDynamicsZan for ::1at Wed Feb 05 2020 13:17:12 GMT+0800 (GMT+08:00)[39m
[37m  [35mquery[37m:{}[39m
[37mCompleted in 11ms  200

[39m
[37mStarted POST   /api/dynamic/updateDynamicsZan for ::1at Wed Feb 05 2020 13:17:13 GMT+0800 (GMT+08:00)[39m
[37m  [35mquery[37m:{}[39m
[37mCompleted in 9ms  200

[39m
[37mStarted POST   /api/dynamic/updateDynamicsZan for ::1at Wed Feb 05 2020 13:17:14 GMT+0800 (GMT+08:00)[39m
[37m  [35mquery[37m:{}[39m
[37mCompleted in 8ms  200

[39m
[37mStarted POST   /api/dynamic/updateDynamicsZan for ::1at Wed Feb 05 2020 13:17:14 GMT+0800 (GMT+08:00)[39m
[37m  [35mquery[37m:{}[39m
[37mCompleted in 18ms  200

[39m
[37mStarted POST   /api/dynamic/updateDynamicsZan for ::1at Wed Feb 05 2020 13:17:14 GMT+0800 (GMT+08:00)[39m
[37m  [35mquery[37m:{}[39m
[37mCompleted in 6ms  200

[39m
[37mStarted POST   /api/dynamic/updateDynamicsZan for ::1at Wed Feb 05 2020 13:17:14 GMT+0800 (GMT+08:00)[39m
[37m  [35mquery[37m:{}[39m
[37mCompleted in 10ms  200

[39m
[37mStarted POST   /api/dynamic/updateDynamicsZan for ::1at Wed Feb 05 2020 13:17:18 GMT+0800 (GMT+08:00)[39m
[37m  [35mquery[37m:{}[39m
[37mCompleted in 9ms  200

[39m
[37mStarted POST   /api/datav/queryDatavMeishichinaTypeList for ::1at Wed Feb 05 2020 13:20:38 GMT+0800 (GMT+08:00)[39m
[37m  [35mquery[37m:{}[39m
[37mCompleted in 85ms  200

[39m
[37mStarted POST   /api/datav/queryDavavMeishiChinaList for ::1at Wed Feb 05 2020 13:20:39 GMT+0800 (GMT+08:00)[39m
[37m  [35mquery[37m:{}[39m
[37mCompleted in 65ms  200

[39m
[37mStarted POST   /api/datav/queryDatavMeishichinaTypeList for ::1at Wed Feb 05 2020 13:20:43 GMT+0800 (GMT+08:00)[39m
[37m  [35mquery[37m:{}[39m
[37mCompleted in 44ms  200

[39m
[37mStarted POST   /api/datav/queryDavavMeishiChinaList for ::1at Wed Feb 05 2020 13:20:43 GMT+0800 (GMT+08:00)[39m
[37m  [35mquery[37m:{}[39m
[37mCompleted in 44ms  200

[39m
[37mStarted POST   /api/activity/queryUserActivityInfo for ::1at Wed Feb 05 2020 13:20:47 GMT+0800 (GMT+08:00)[39m
[37m  [35mquery[37m:{}[39m
[37mCompleted in 28ms  200

[39m
[37mStarted POST   /api/dynamic/queryUserAndFriendsDynamic for ::1at Wed Feb 05 2020 13:20:49 GMT+0800 (GMT+08:00)[39m
[37m  [35mquery[37m:{}[39m
[37mCompleted in 37ms  200

[39m
[37mStarted POST   /api/footprint/queryFootPrintList for ::1at Wed Feb 05 2020 13:21:25 GMT+0800 (GMT+08:00)[39m
[37m  [35mquery[37m:{}[39m
[37mCompleted in 36ms  200

[39m
[37mStarted POST   /api/datav/queryDatavMeishichinaTypeList for ::1at Wed Feb 05 2020 13:24:30 GMT+0800 (GMT+08:00)[39m
[37m  [35mquery[37m:{}[39m
[37mCompleted in 74ms  200

[39m
[37mStarted GET   /api for ::1at Wed Feb 05 2020 13:27:46 GMT+0800 (GMT+08:00)[39m
[37m  [35mquery[37m:{}[39m
[37mCompleted in 97ms  500

[39m
[37mStarted POST   /api/login/useMobileLogin for ::1at Wed Feb 05 2020 13:30:22 GMT+0800 (GMT+08:00)[39m
[37m  [35mquery[37m:{}[39m
[37mCompleted in 172ms  200

[39m
[37mStarted POST   /api/datav/queryDatavMeishichinaTypeList for ::1at Wed Feb 05 2020 13:30:32 GMT+0800 (GMT+08:00)[39m
[37m  [35mquery[37m:{}[39m
[37mCompleted in 44ms  200

[39m
[37mStarted POST   /api/datav/queryDavavMeishiChinaList for ::1at Wed Feb 05 2020 13:30:32 GMT+0800 (GMT+08:00)[39m
[37m  [35mquery[37m:{}[39m
[37mCompleted in 63ms  200

[39m
[37mStarted POST   /api/datav/queryDatavMeishichinaTypeList for ::1at Wed Feb 05 2020 13:30:52 GMT+0800 (GMT+08:00)[39m
[37m  [35mquery[37m:{}[39m
[37mCompleted in 23ms  200

[39m
[37mStarted POST   /api/datav/queryDavavMeishiChinaList for ::1at Wed Feb 05 2020 13:30:52 GMT+0800 (GMT+08:00)[39m
[37m  [35mquery[37m:{}[39m
[37mCompleted in 39ms  200

[39m
[37mStarted POST   /api/music/queryAllSongs for ::1at Wed Feb 05 2020 13:31:01 GMT+0800 (GMT+08:00)[39m
[37m  [35mquery[37m:{}[39m
[37mCompleted in 8ms  500

[39m
[37mStarted POST   /api/footprint/queryFootPrintList for ::1at Wed Feb 05 2020 13:31:01 GMT+0800 (GMT+08:00)[39m
[37m  [35mquery[37m:{}[39m
[37mCompleted in 32ms  200

[39m
[37mStarted POST   /api/music/queryAllSongs for ::1at Wed Feb 05 2020 13:31:01 GMT+0800 (GMT+08:00)[39m
[37m  [35mquery[37m:{}[39m
[37mCompleted in 18ms  500

[39m
[37mStarted POST   /api/datav/queryDatavMeishichinaTypeList for ::1at Wed Feb 05 2020 13:31:08 GMT+0800 (GMT+08:00)[39m
[37m  [35mquery[37m:{}[39m
[37mCompleted in 36ms  200

[39m
[37mStarted POST   /api/datav/queryDavavMeishiChinaList for ::1at Wed Feb 05 2020 13:31:08 GMT+0800 (GMT+08:00)[39m
[37m  [35mquery[37m:{}[39m
[37mCompleted in 54ms  200

[39m
[37mStarted POST   /api/login/useMobileLogin for ::1at Wed Feb 05 2020 13:31:58 GMT+0800 (GMT+08:00)[39m
[37m  [35mquery[37m:{}[39m
[37mCompleted in 15ms  200

[39m
[37mStarted POST   /api/activity/queryUserActivityInfo for ::1at Wed Feb 05 2020 13:32:41 GMT+0800 (GMT+08:00)[39m
[37m  [35mquery[37m:{}[39m
[37mCompleted in 22ms  200

[39m
[37mStarted POST   /api/dynamic/queryUserAndFriendsDynamic for ::1at Wed Feb 05 2020 13:32:42 GMT+0800 (GMT+08:00)[39m
[37m  [35mquery[37m:{}[39m
[37mCompleted in 58ms  200

[39m
[37mStarted POST   /api/dynamic/updateDynamicsZan for ::1at Wed Feb 05 2020 13:33:10 GMT+0800 (GMT+08:00)[39m
[37m  [35mquery[37m:{}[39m
[37mCompleted in 12ms  200

[39m
[37mStarted POST   /api/activity/queryUserActivityInfo for ::1at Wed Feb 05 2020 13:36:02 GMT+0800 (GMT+08:00)[39m
[37m  [35mquery[37m:{}[39m
[37mCompleted in 8339ms  200

[39m
[37mStarted POST   /api/activity/queryUserActivityInfo for ::1at Wed Feb 05 2020 13:36:37 GMT+0800 (GMT+08:00)[39m
[37m  [35mquery[37m:{}[39m
[37mCompleted in 43ms  200

[39m
[37mStarted POST   /api/datav/queryDatavMeishichinaTypeList for ::1at Wed Feb 05 2020 13:36:40 GMT+0800 (GMT+08:00)[39m
[37m  [35mquery[37m:{}[39m
[37mCompleted in 30ms  200

[39m
[37mStarted POST   /api/datav/queryDavavMeishiChinaList for ::1at Wed Feb 05 2020 13:36:41 GMT+0800 (GMT+08:00)[39m
[37m  [35mquery[37m:{}[39m
[37mCompleted in 56ms  200

[39m
[37mStarted POST   /api/activity/queryUserActivityInfo for ::1at Wed Feb 05 2020 13:36:43 GMT+0800 (GMT+08:00)[39m
[37m  [35mquery[37m:{}[39m
[37mCompleted in 24ms  200

[39m
[37mStarted POST   /api/dynamic/queryUserAndFriendsDynamic for ::1at Wed Feb 05 2020 13:36:45 GMT+0800 (GMT+08:00)[39m
[37m  [35mquery[37m:{}[39m
[37mCompleted in 44ms  200

[39m
[37mStarted POST   /api/dynamic/updateDynamicsZan for ::1at Wed Feb 05 2020 13:36:47 GMT+0800 (GMT+08:00)[39m
[37m  [35mquery[37m:{}[39m
[37mCompleted in 22ms  200

[39m
[37mStarted POST   /api/activity/queryUserActivityInfo for ::1at Wed Feb 05 2020 13:37:46 GMT+0800 (GMT+08:00)[39m
[37m  [35mquery[37m:{}[39m
[37mCompleted in 22ms  200

[39m
[37mStarted POST   /api/activity/queryUserActivityInfo for ::1at Wed Feb 05 2020 13:37:56 GMT+0800 (GMT+08:00)[39m
[37m  [35mquery[37m:{}[39m
[37mCompleted in 38ms  200

[39m
[37mStarted POST   /api/dynamic/queryUserAndFriendsDynamic for ::1at Wed Feb 05 2020 13:37:57 GMT+0800 (GMT+08:00)[39m
[37m  [35mquery[37m:{}[39m
[37mCompleted in 39ms  200

[39m
[37mStarted POST   /api/dynamic/updateDynamicsZan for ::1at Wed Feb 05 2020 13:37:58 GMT+0800 (GMT+08:00)[39m
[37m  [35mquery[37m:{}[39m
[37mCompleted in 17ms  200

[39m
[37mStarted POST   /api/activity/queryUserActivityInfo for ::1at Wed Feb 05 2020 13:38:13 GMT+0800 (GMT+08:00)[39m
[37m  [35mquery[37m:{}[39m
[37mCompleted in 15ms  200

[39m
[37mStarted POST   /api/dynamic/queryUserAndFriendsDynamic for ::1at Wed Feb 05 2020 13:38:15 GMT+0800 (GMT+08:00)[39m
[37m  [35mquery[37m:{}[39m
[37mCompleted in 39ms  200

[39m
[37mStarted POST   /api/dynamic/updateDynamicsZan for ::1at Wed Feb 05 2020 13:38:16 GMT+0800 (GMT+08:00)[39m
[37m  [35mquery[37m:{}[39m
[37mCompleted in 18ms  200

[39m
[37mStarted POST   /api/activity/queryUserActivityInfo for ::1at Wed Feb 05 2020 13:45:48 GMT+0800 (GMT+08:00)[39m
[37m  [35mquery[37m:{}[39m
[37mCompleted in 153ms  200

[39m
[37mStarted POST   /api/dynamic/queryUserAndFriendsDynamic for ::1at Wed Feb 05 2020 13:45:51 GMT+0800 (GMT+08:00)[39m
[37m  [35mquery[37m:{}[39m
[37mCompleted in 44ms  200

[39m
[37mStarted POST   /api/datav/queryDatavMeishichinaTypeList for ::1at Wed Feb 05 2020 13:45:57 GMT+0800 (GMT+08:00)[39m
[37m  [35mquery[37m:{}[39m
[37mCompleted in 26ms  200

[39m
[37mStarted POST   /api/datav/queryDavavMeishiChinaList for ::1at Wed Feb 05 2020 13:45:57 GMT+0800 (GMT+08:00)[39m
[37m  [35mquery[37m:{}[39m
[37mCompleted in 66ms  200

[39m
[37mStarted POST   /api/activity/queryUserActivityInfo for ::1at Wed Feb 05 2020 13:46:02 GMT+0800 (GMT+08:00)[39m
[37m  [35mquery[37m:{}[39m
[37mCompleted in 22ms  200

[39m
[37mStarted POST   /api/dynamic/queryUserAndFriendsDynamic for ::1at Wed Feb 05 2020 13:46:03 GMT+0800 (GMT+08:00)[39m
[37m  [35mquery[37m:{}[39m
[37mCompleted in 40ms  200

[39m
[37mStarted POST   /api/activity/queryUserActivityInfo for ::1at Wed Feb 05 2020 13:46:54 GMT+0800 (GMT+08:00)[39m
[37m  [35mquery[37m:{}[39m
[37mCompleted in 35ms  200

[39m
[37mStarted POST   /api/dynamic/queryUserAndFriendsDynamic for ::1at Wed Feb 05 2020 13:46:55 GMT+0800 (GMT+08:00)[39m
[37m  [35mquery[37m:{}[39m
[37mCompleted in 38ms  200

[39m
[37mStarted POST   /api/datav/queryDatavMeishichinaTypeList for ::1at Wed Feb 05 2020 13:50:58 GMT+0800 (GMT+08:00)[39m
[37m  [35mquery[37m:{}[39m
[37mCompleted in 77ms  200

[39m
[37mStarted POST   /api/datav/queryDavavMeishiChinaList for ::1at Wed Feb 05 2020 13:50:59 GMT+0800 (GMT+08:00)[39m
[37m  [35mquery[37m:{}[39m
[37mCompleted in 119ms  200

[39m
[37mStarted POST   /api/activity/queryUserActivityInfo for ::1at Wed Feb 05 2020 13:51:03 GMT+0800 (GMT+08:00)[39m
[37m  [35mquery[37m:{}[39m
[37mCompleted in 36ms  200

[39m
[37mStarted POST   /api/dynamic/queryUserAndFriendsDynamic for ::1at Wed Feb 05 2020 13:51:04 GMT+0800 (GMT+08:00)[39m
[37m  [35mquery[37m:{}[39m
[37mCompleted in 49ms  200

[39m
[37mStarted POST   /api/activity/queryUserActivityInfo for ::1at Wed Feb 05 2020 13:51:24 GMT+0800 (GMT+08:00)[39m
[37m  [35mquery[37m:{}[39m
[37mCompleted in 19ms  200

[39m
[37mStarted POST   /api/datav/queryDatavMeishichinaTypeList for ::1at Wed Feb 05 2020 13:51:44 GMT+0800 (GMT+08:00)[39m
[37m  [35mquery[37m:{}[39m
[37mCompleted in 46ms  200

[39m
[37mStarted POST   /api/datav/queryDavavMeishiChinaList for ::1at Wed Feb 05 2020 13:51:45 GMT+0800 (GMT+08:00)[39m
[37m  [35mquery[37m:{}[39m
[37mCompleted in 66ms  200

[39m
[37mStarted POST   /api/activity/queryUserActivityInfo for ::1at Wed Feb 05 2020 13:51:46 GMT+0800 (GMT+08:00)[39m
[37m  [35mquery[37m:{}[39m
[37mCompleted in 16ms  200

[39m
[37mStarted POST   /api/dynamic/queryUserAndFriendsDynamic for ::1at Wed Feb 05 2020 13:51:48 GMT+0800 (GMT+08:00)[39m
[37m  [35mquery[37m:{}[39m
[37mCompleted in 51ms  200

[39m
[37mStarted POST   /api/footprint/queryFootPrintList for ::1at Wed Feb 05 2020 13:51:52 GMT+0800 (GMT+08:00)[39m
[37m  [35mquery[37m:{}[39m
[37mCompleted in 31ms  200

[39m
[37mStarted POST   /api/music/queryAllSongs for ::1at Wed Feb 05 2020 13:51:52 GMT+0800 (GMT+08:00)[39m
[37m  [35mquery[37m:{}[39m
[37mCompleted in 659ms  200

[39m
[37mStarted POST   /api/music/queryAllSongs for ::1at Wed Feb 05 2020 13:51:52 GMT+0800 (GMT+08:00)[39m
[37m  [35mquery[37m:{}[39m
[37mCompleted in 568ms  200

[39m
[37mStarted POST   /api/activity/queryUserActivityInfo for ::1at Wed Feb 05 2020 13:52:49 GMT+0800 (GMT+08:00)[39m
[37m  [35mquery[37m:{}[39m
[37mCompleted in 65ms  200

[39m
[37mStarted POST   /api/datav/queryDatavMeishichinaTypeList for ::1at Wed Feb 05 2020 13:53:39 GMT+0800 (GMT+08:00)[39m
[37m  [35mquery[37m:{}[39m
[37mCompleted in 27ms  200

[39m
[37mStarted POST   /api/datav/queryDavavMeishiChinaList for ::1at Wed Feb 05 2020 13:53:40 GMT+0800 (GMT+08:00)[39m
[37m  [35mquery[37m:{}[39m
[37mCompleted in 37ms  200

[39m
[37mStarted POST   /api/activity/queryUserActivityInfo for ::1at Wed Feb 05 2020 13:53:42 GMT+0800 (GMT+08:00)[39m
[37m  [35mquery[37m:{}[39m
[37mCompleted in 22ms  200

[39m
[37mStarted POST   /api/datav/queryDatavMeishichinaTypeList for ::1at Wed Feb 05 2020 13:54:16 GMT+0800 (GMT+08:00)[39m
[37m  [35mquery[37m:{}[39m
[37mCompleted in 28ms  200

[39m
[37mStarted POST   /api/datav/queryDavavMeishiChinaList for ::1at Wed Feb 05 2020 13:54:17 GMT+0800 (GMT+08:00)[39m
[37m  [35mquery[37m:{}[39m
[37mCompleted in 60ms  200

[39m
[37mStarted POST   /api/datav/queryDavavMeishiChinaList for ::1at Wed Feb 05 2020 13:54:19 GMT+0800 (GMT+08:00)[39m
[37m  [35mquery[37m:{}[39m
[37mCompleted in 110ms  200

[39m
