[37mStarted POST   /api/datavMeishiChina/queryDavavMeishiChinaList for ::1at Sat May 04 2019 10:52:43 GMT+0800 (GMT+08:00)[39m
[37m  [35mquery[37m:{}[39m
[37mCompleted in 92ms  500

[39m
[37mStarted POST   /api/datavMeishiChina/queryDavavMeishiChinaList for ::1at Sat May 04 2019 10:52:43 GMT+0800 (GMT+08:00)[39m
[37m  [35mquery[37m:{}[39m
[37mCompleted in 283ms  500

[39m
[37mStarted POST   /api/datavMeishiChina/queryDavavMeishiChinaList for ::1at Sat May 04 2019 10:52:43 GMT+0800 (GMT+08:00)[39m
[37m  [35mquery[37m:{}[39m
[37mCompleted in 286ms  500

[39m
[37mStarted POST   /api/datavMeishiChina/queryDavavMeishiChinaList for ::1at Sat May 04 2019 10:52:43 GMT+0800 (GMT+08:00)[39m
[37m  [35mquery[37m:{}[39m
[37mCompleted in 284ms  500

[39m
[37mStarted POST   /api/datavMeishiChina/queryDavavMeishiChinaList for ::1at Sat May 04 2019 10:52:43 GMT+0800 (GMT+08:00)[39m
[37m  [35mquery[37m:{}[39m
[37mCompleted in 282ms  500

[39m
[37mStarted POST   /api/datavMeishiChina/queryDavavMeishiChinaList for ::1at Sat May 04 2019 10:52:50 GMT+0800 (GMT+08:00)[39m
[37m  [35mquery[37m:{}[39m
[37mCompleted in 38ms  500

[39m
[37mStarted POST   /api/datavMeishiChina/queryDavavMeishiChinaList for ::1at Sat May 04 2019 10:52:50 GMT+0800 (GMT+08:00)[39m
[37m  [35mquery[37m:{}[39m
[37mCompleted in 67ms  500

[39m
[37mStarted POST   /api/datavMeishiChina/queryDavavMeishiChinaList for ::1at Sat May 04 2019 10:52:50 GMT+0800 (GMT+08:00)[39m
[37m  [35mquery[37m:{}[39m
[37mCompleted in 28ms  500

[39m
[37mStarted POST   /api/datavMeishiChina/queryDavavMeishiChinaList for ::1at Sat May 04 2019 10:52:50 GMT+0800 (GMT+08:00)[39m
[37m  [35mquery[37m:{}[39m
[37mCompleted in 67ms  500

[39m
[37mStarted POST   /api/datavMeishiChina/queryDavavMeishiChinaList for ::1at Sat May 04 2019 10:52:51 GMT+0800 (GMT+08:00)[39m
[37m  [35mquery[37m:{}[39m
[37mCompleted in 59ms  500

[39m
[37mStarted GET   / for ::1at Sat May 04 2019 10:54:10 GMT+0800 (GMT+08:00)[39m
[37m  [35mquery[37m:{}[39m
[37mCompleted in 3ms  200

[39m
[37mStarted POST   /api/datavMeishiChina/queryDavavMeishiChinaList for ::1at Sat May 04 2019 10:56:01 GMT+0800 (GMT+08:00)[39m
[37m  [35mquery[37m:{}[39m
[37mCompleted in 98ms  500

[39m
[37mStarted POST   /api/datavMeishiChina/queryDavavMeishiChinaList for ::1at Sat May 04 2019 10:56:02 GMT+0800 (GMT+08:00)[39m
[37m  [35mquery[37m:{}[39m
[37mCompleted in 135ms  500

[39m
[37mStarted POST   /api/datavMeishiChina/queryDavavMeishiChinaList for ::1at Sat May 04 2019 10:56:02 GMT+0800 (GMT+08:00)[39m
[37m  [35mquery[37m:{}[39m
[37mCompleted in 13ms  500

[39m
[37mStarted POST   /api/datavMeishiChina/queryDavavMeishiChinaList for ::1at Sat May 04 2019 10:56:02 GMT+0800 (GMT+08:00)[39m
[37m  [35mquery[37m:{}[39m
[37mCompleted in 9ms  500

[39m
[37mStarted POST   /api/datavMeishiChina/queryDavavMeishiChinaList for ::1at Sat May 04 2019 10:56:02 GMT+0800 (GMT+08:00)[39m
[37m  [35mquery[37m:{}[39m
[37mCompleted in 11ms  500

[39m
[37mStarted POST   /api/datavMeishiChina/queryDavavMeishiChinaList for ::1at Sat May 04 2019 10:57:55 GMT+0800 (GMT+08:00)[39m
[37m  [35mquery[37m:{}[39m
[37mCompleted in 66ms  500

[39m
[37mStarted POST   /api/datavMeishiChina/queryDavavMeishiChinaList for ::1at Sat May 04 2019 10:57:55 GMT+0800 (GMT+08:00)[39m
[37m  [35mquery[37m:{}[39m
[37mCompleted in 54ms  500

[39m
[37mStarted POST   /api/datavMeishiChina/queryDavavMeishiChinaList for ::1at Sat May 04 2019 10:57:55 GMT+0800 (GMT+08:00)[39m
[37m  [35mquery[37m:{}[39m
[37mCompleted in 53ms  500

[39m
[37mStarted POST   /api/datavMeishiChina/queryDavavMeishiChinaList for ::1at Sat May 04 2019 10:57:55 GMT+0800 (GMT+08:00)[39m
[37m  [35mquery[37m:{}[39m
[37mCompleted in 91ms  500

[39m
[37mStarted POST   /api/datavMeishiChina/queryDavavMeishiChinaList for ::1at Sat May 04 2019 10:57:55 GMT+0800 (GMT+08:00)[39m
[37m  [35mquery[37m:{}[39m
[37mCompleted in 19ms  500

[39m
[37mStarted POST   /api/datav/datavMeishiChina/queryDavavMeishiChinaList for ::1at Sat May 04 2019 11:00:19 GMT+0800 (GMT+08:00)[39m
[37m  [35mquery[37m:{}[39m
[37mCompleted in 33ms  500

[39m
[37mStarted POST   /api/datav/datavMeishiChina/queryDavavMeishiChinaList for ::1at Sat May 04 2019 11:00:19 GMT+0800 (GMT+08:00)[39m
[37m  [35mquery[37m:{}[39m
[37mCompleted in 69ms  500

[39m
[37mStarted POST   /api/datav/datavMeishiChina/queryDavavMeishiChinaList for ::1at Sat May 04 2019 11:00:20 GMT+0800 (GMT+08:00)[39m
[37m  [35mquery[37m:{}[39m
[37mCompleted in 8ms  500

[39m
[37mStarted POST   /api/datav/datavMeishiChina/queryDavavMeishiChinaList for ::1at Sat May 04 2019 11:00:20 GMT+0800 (GMT+08:00)[39m
[37m  [35mquery[37m:{}[39m
[37mCompleted in 21ms  500

[39m
[37mStarted POST   /api/datav/datavMeishiChina/queryDavavMeishiChinaList for ::1at Sat May 04 2019 11:00:20 GMT+0800 (GMT+08:00)[39m
[37m  [35mquery[37m:{}[39m
[37mCompleted in 190ms  500

[39m
[37mStarted POST   /api/datav/queryDavavMeishiChinaList for ::1at Sat May 04 2019 11:01:01 GMT+0800 (GMT+08:00)[39m
[37m  [35mquery[37m:{}[39m
[37mCompleted in 7ms  200

[39m
[37mStarted POST   /api/datav/queryDavavMeishiChinaList for ::1at Sat May 04 2019 11:01:01 GMT+0800 (GMT+08:00)[39m
[37m  [35mquery[37m:{}[39m
[37mCompleted in 2ms  200

[39m
[37mStarted POST   /api/datav/queryDavavMeishiChinaList for ::1at Sat May 04 2019 11:01:01 GMT+0800 (GMT+08:00)[39m
[37m  [35mquery[37m:{}[39m
[37mCompleted in 2ms  200

[39m
[37mStarted POST   /api/datav/queryDavavMeishiChinaList for ::1at Sat May 04 2019 11:01:01 GMT+0800 (GMT+08:00)[39m
[37m  [35mquery[37m:{}[39m
[37mCompleted in 9ms  200

[39m
[37mStarted POST   /api/datav/queryDavavMeishiChinaList for ::1at Sat May 04 2019 11:01:01 GMT+0800 (GMT+08:00)[39m
[37m  [35mquery[37m:{}[39m
[37mCompleted in 2ms  200

[39m
[37mStarted POST   /api/datav/queryDavavMeishiChinaList for ::1at Sat May 04 2019 11:02:28 GMT+0800 (GMT+08:00)[39m
[37m  [35mquery[37m:{}[39m
[37mCompleted in 124ms  200

[39m
[37mStarted POST   /api/datav/queryDavavMeishiChinaList for ::1at Sat May 04 2019 11:02:28 GMT+0800 (GMT+08:00)[39m
[37m  [35mquery[37m:{}[39m
[37mCompleted in 115ms  200

[39m
[37mStarted POST   /api/datav/queryDavavMeishiChinaList for ::1at Sat May 04 2019 11:02:28 GMT+0800 (GMT+08:00)[39m
[37m  [35mquery[37m:{}[39m
[37mCompleted in 125ms  200

[39m
[37mStarted POST   /api/datav/queryDavavMeishiChinaList for ::1at Sat May 04 2019 11:02:28 GMT+0800 (GMT+08:00)[39m
[37m  [35mquery[37m:{}[39m
[37mCompleted in 131ms  200

[39m
[37mStarted POST   /api/datav/queryDavavMeishiChinaList for ::1at Sat May 04 2019 11:02:28 GMT+0800 (GMT+08:00)[39m
[37m  [35mquery[37m:{}[39m
[37mCompleted in 123ms  200

[39m
[37mStarted POST   /api/datav/queryDavavMeishiChinaList for ::1at Sat May 04 2019 11:03:57 GMT+0800 (GMT+08:00)[39m
[37m  [35mquery[37m:{}[39m
[37mCompleted in 129ms  200

[39m
[37mStarted POST   /api/datav/queryDavavMeishiChinaList for ::1at Sat May 04 2019 11:03:57 GMT+0800 (GMT+08:00)[39m
[37m  [35mquery[37m:{}[39m
[37mCompleted in 963ms  200

[39m
[37mStarted POST   /api/datav/queryDavavMeishiChinaList for ::1at Sat May 04 2019 11:03:57 GMT+0800 (GMT+08:00)[39m
[37m  [35mquery[37m:{}[39m
[37mCompleted in 949ms  200

[39m
[37mStarted POST   /api/datav/queryDavavMeishiChinaList for ::1at Sat May 04 2019 11:03:57 GMT+0800 (GMT+08:00)[39m
[37m  [35mquery[37m:{}[39m
[37mCompleted in 950ms  200

[39m
[37mStarted POST   /api/datav/queryDavavMeishiChinaList for ::1at Sat May 04 2019 11:03:57 GMT+0800 (GMT+08:00)[39m
[37m  [35mquery[37m:{}[39m
[37mCompleted in 946ms  200

[39m
[37mStarted POST   /api/datav/queryDavavMeishiChinaList for ::1at Sat May 04 2019 11:05:53 GMT+0800 (GMT+08:00)[39m
[37m  [35mquery[37m:{}[39m
[37mCompleted in 122ms  200

[39m
[37mStarted POST   /api/datav/queryDavavMeishiChinaList for ::1at Sat May 04 2019 11:05:53 GMT+0800 (GMT+08:00)[39m
[37m  [35mquery[37m:{}[39m
[37mCompleted in 189ms  200

[39m
[37mStarted POST   /api/datav/queryDavavMeishiChinaList for ::1at Sat May 04 2019 11:05:53 GMT+0800 (GMT+08:00)[39m
[37m  [35mquery[37m:{}[39m
[37mCompleted in 198ms  200

[39m
[37mStarted POST   /api/datav/queryDavavMeishiChinaList for ::1at Sat May 04 2019 11:05:53 GMT+0800 (GMT+08:00)[39m
[37m  [35mquery[37m:{}[39m
[37mCompleted in 203ms  200

[39m
[37mStarted POST   /api/datav/queryDavavMeishiChinaList for ::1at Sat May 04 2019 11:05:53 GMT+0800 (GMT+08:00)[39m
[37m  [35mquery[37m:{}[39m
[37mCompleted in 198ms  200

[39m
[37mStarted POST   /api/datav/queryDavavMeishiChinaList for ::1at Sat May 04 2019 11:05:58 GMT+0800 (GMT+08:00)[39m
[37m  [35mquery[37m:{}[39m
[37mCompleted in 86ms  200

[39m
[37mStarted POST   /api/datav/queryDavavMeishiChinaList for ::1at Sat May 04 2019 11:05:58 GMT+0800 (GMT+08:00)[39m
[37m  [35mquery[37m:{}[39m
[37mCompleted in 102ms  200

[39m
[37mStarted POST   /api/datav/queryDavavMeishiChinaList for ::1at Sat May 04 2019 11:05:58 GMT+0800 (GMT+08:00)[39m
[37m  [35mquery[37m:{}[39m
[37mCompleted in 109ms  200

[39m
[37mStarted POST   /api/datav/queryDavavMeishiChinaList for ::1at Sat May 04 2019 11:05:58 GMT+0800 (GMT+08:00)[39m
[37m  [35mquery[37m:{}[39m
[37mCompleted in 145ms  200

[39m
[37mStarted POST   /api/datav/queryDavavMeishiChinaList for ::1at Sat May 04 2019 11:05:58 GMT+0800 (GMT+08:00)[39m
[37m  [35mquery[37m:{}[39m
[37mCompleted in 140ms  200

[39m
[37mStarted POST   /api/datav/queryDavavMeishiChinaList for ::1at Sat May 04 2019 11:06:43 GMT+0800 (GMT+08:00)[39m
[37m  [35mquery[37m:{}[39m
[37mCompleted in 94ms  200

[39m
[37mStarted POST   /api/datav/queryDavavMeishiChinaList for ::1at Sat May 04 2019 11:06:43 GMT+0800 (GMT+08:00)[39m
[37m  [35mquery[37m:{}[39m
[37mCompleted in 93ms  200

[39m
[37mStarted POST   /api/datav/queryDavavMeishiChinaList for ::1at Sat May 04 2019 11:06:43 GMT+0800 (GMT+08:00)[39m
[37m  [35mquery[37m:{}[39m
[37mCompleted in 108ms  200

[39m
[37mStarted POST   /api/datav/queryDavavMeishiChinaList for ::1at Sat May 04 2019 11:06:43 GMT+0800 (GMT+08:00)[39m
[37m  [35mquery[37m:{}[39m
[37mCompleted in 148ms  200

[39m
[37mStarted POST   /api/datav/queryDavavMeishiChinaList for ::1at Sat May 04 2019 11:06:43 GMT+0800 (GMT+08:00)[39m
[37m  [35mquery[37m:{}[39m
[37mCompleted in 160ms  200

[39m
[37mStarted POST   /api/datav/queryDavavMeishiChinaList for ::1at Sat May 04 2019 11:07:16 GMT+0800 (GMT+08:00)[39m
[37m  [35mquery[37m:{}[39m
[37mCompleted in 79ms  200

[39m
[37mStarted POST   /api/datav/queryDavavMeishiChinaList for ::1at Sat May 04 2019 11:07:16 GMT+0800 (GMT+08:00)[39m
[37m  [35mquery[37m:{}[39m
[37mCompleted in 90ms  200

[39m
[37mStarted POST   /api/datav/queryDavavMeishiChinaList for ::1at Sat May 04 2019 11:07:16 GMT+0800 (GMT+08:00)[39m
[37m  [35mquery[37m:{}[39m
[37mCompleted in 134ms  200

[39m
[37mStarted POST   /api/datav/queryDavavMeishiChinaList for ::1at Sat May 04 2019 11:07:16 GMT+0800 (GMT+08:00)[39m
[37m  [35mquery[37m:{}[39m
[37mCompleted in 142ms  200

[39m
[37mStarted POST   /api/datav/queryDavavMeishiChinaList for ::1at Sat May 04 2019 11:07:16 GMT+0800 (GMT+08:00)[39m
[37m  [35mquery[37m:{}[39m
[37mCompleted in 143ms  200

[39m
[37mStarted POST   /api/datav/queryDavavMeishiChinaList for ::1at Sat May 04 2019 11:07:40 GMT+0800 (GMT+08:00)[39m
[37m  [35mquery[37m:{}[39m
[37mCompleted in 92ms  200

[39m
[37mStarted POST   /api/datav/queryDavavMeishiChinaList for ::1at Sat May 04 2019 11:07:40 GMT+0800 (GMT+08:00)[39m
[37m  [35mquery[37m:{}[39m
[37mCompleted in 130ms  200

[39m
[37mStarted POST   /api/datav/queryDavavMeishiChinaList for ::1at Sat May 04 2019 11:07:40 GMT+0800 (GMT+08:00)[39m
[37m  [35mquery[37m:{}[39m
[37mCompleted in 123ms  200

[39m
[37mStarted POST   /api/datav/queryDavavMeishiChinaList for ::1at Sat May 04 2019 11:07:40 GMT+0800 (GMT+08:00)[39m
[37m  [35mquery[37m:{}[39m
[37mCompleted in 129ms  200

[39m
[37mStarted POST   /api/datav/queryDavavMeishiChinaList for ::1at Sat May 04 2019 11:07:40 GMT+0800 (GMT+08:00)[39m
[37m  [35mquery[37m:{}[39m
[37mCompleted in 153ms  200

[39m
[37mStarted POST   /api/datav/queryDavavMeishiChinaList for ::1at Sat May 04 2019 11:07:53 GMT+0800 (GMT+08:00)[39m
[37m  [35mquery[37m:{}[39m
[37mCompleted in 125ms  200

[39m
[37mStarted POST   /api/datav/queryDavavMeishiChinaList for ::1at Sat May 04 2019 11:07:53 GMT+0800 (GMT+08:00)[39m
[37m  [35mquery[37m:{}[39m
[37mCompleted in 164ms  200

[39m
[37mStarted POST   /api/datav/queryDavavMeishiChinaList for ::1at Sat May 04 2019 11:07:53 GMT+0800 (GMT+08:00)[39m
[37m  [35mquery[37m:{}[39m
[37mCompleted in 163ms  200

[39m
[37mStarted POST   /api/datav/queryDavavMeishiChinaList for ::1at Sat May 04 2019 11:07:53 GMT+0800 (GMT+08:00)[39m
[37m  [35mquery[37m:{}[39m
[37mCompleted in 160ms  200

[39m
[37mStarted POST   /api/datav/queryDavavMeishiChinaList for ::1at Sat May 04 2019 11:07:53 GMT+0800 (GMT+08:00)[39m
[37m  [35mquery[37m:{}[39m
[37mCompleted in 181ms  200

[39m
[37mStarted POST   /api/datav/queryDavavMeishiChinaList for ::1at Sat May 04 2019 11:09:10 GMT+0800 (GMT+08:00)[39m
[37m  [35mquery[37m:{}[39m
[37mCompleted in 80ms  200

[39m
[37mStarted POST   /api/datav/queryDavavMeishiChinaList for ::1at Sat May 04 2019 11:09:10 GMT+0800 (GMT+08:00)[39m
[37m  [35mquery[37m:{}[39m
[37mCompleted in 98ms  200

[39m
[37mStarted POST   /api/datav/queryDavavMeishiChinaList for ::1at Sat May 04 2019 11:09:10 GMT+0800 (GMT+08:00)[39m
[37m  [35mquery[37m:{}[39m
[37mCompleted in 86ms  200

[39m
[37mStarted POST   /api/datav/queryDavavMeishiChinaList for ::1at Sat May 04 2019 11:09:10 GMT+0800 (GMT+08:00)[39m
[37m  [35mquery[37m:{}[39m
[37mCompleted in 151ms  200

[39m
[37mStarted POST   /api/datav/queryDavavMeishiChinaList for ::1at Sat May 04 2019 11:09:10 GMT+0800 (GMT+08:00)[39m
[37m  [35mquery[37m:{}[39m
[37mCompleted in 140ms  200

[39m
[37mStarted POST   /api/datav/queryDavavMeishiChinaList for ::1at Sat May 04 2019 11:09:34 GMT+0800 (GMT+08:00)[39m
[37m  [35mquery[37m:{}[39m
[37mCompleted in 79ms  200

[39m
[37mStarted POST   /api/datav/queryDavavMeishiChinaList for ::1at Sat May 04 2019 11:09:34 GMT+0800 (GMT+08:00)[39m
[37m  [35mquery[37m:{}[39m
[37mCompleted in 132ms  200

[39m
[37mStarted POST   /api/datav/queryDavavMeishiChinaList for ::1at Sat May 04 2019 11:09:34 GMT+0800 (GMT+08:00)[39m
[37m  [35mquery[37m:{}[39m
[37mCompleted in 135ms  200

[39m
[37mStarted POST   /api/datav/queryDavavMeishiChinaList for ::1at Sat May 04 2019 11:09:34 GMT+0800 (GMT+08:00)[39m
[37m  [35mquery[37m:{}[39m
[37mCompleted in 134ms  200

[39m
[37mStarted POST   /api/datav/queryDavavMeishiChinaList for ::1at Sat May 04 2019 11:09:34 GMT+0800 (GMT+08:00)[39m
[37m  [35mquery[37m:{}[39m
[37mCompleted in 137ms  200

[39m
[37mStarted POST   /api/datav/queryDavavMeishiChinaList for ::1at Sat May 04 2019 11:10:37 GMT+0800 (GMT+08:00)[39m
[37m  [35mquery[37m:{}[39m
[37mCompleted in 75ms  200

[39m
[37mStarted POST   /api/datav/queryDavavMeishiChinaList for ::1at Sat May 04 2019 11:10:37 GMT+0800 (GMT+08:00)[39m
[37m  [35mquery[37m:{}[39m
[37mCompleted in 87ms  200

[39m
[37mStarted POST   /api/datav/queryDavavMeishiChinaList for ::1at Sat May 04 2019 11:10:37 GMT+0800 (GMT+08:00)[39m
[37m  [35mquery[37m:{}[39m
[37mCompleted in 127ms  200

[39m
[37mStarted POST   /api/datav/queryDavavMeishiChinaList for ::1at Sat May 04 2019 11:10:37 GMT+0800 (GMT+08:00)[39m
[37m  [35mquery[37m:{}[39m
[37mCompleted in 154ms  200

[39m
[37mStarted POST   /api/datav/queryDavavMeishiChinaList for ::1at Sat May 04 2019 11:10:37 GMT+0800 (GMT+08:00)[39m
[37m  [35mquery[37m:{}[39m
[37mCompleted in 149ms  200

[39m
[37mStarted POST   /api/datav/queryDavavMeishiChinaList for ::1at Sat May 04 2019 11:11:39 GMT+0800 (GMT+08:00)[39m
[37m  [35mquery[37m:{}[39m
[37mCompleted in 81ms  200

[39m
[37mStarted POST   /api/datav/queryDavavMeishiChinaList for ::1at Sat May 04 2019 11:11:39 GMT+0800 (GMT+08:00)[39m
[37m  [35mquery[37m:{}[39m
[37mCompleted in 94ms  200

[39m
[37mStarted POST   /api/datav/queryDavavMeishiChinaList for ::1at Sat May 04 2019 11:11:39 GMT+0800 (GMT+08:00)[39m
[37m  [35mquery[37m:{}[39m
[37mCompleted in 90ms  200

[39m
[37mStarted POST   /api/datav/queryDavavMeishiChinaList for ::1at Sat May 04 2019 11:11:39 GMT+0800 (GMT+08:00)[39m
[37m  [35mquery[37m:{}[39m
[37mCompleted in 130ms  200

[39m
[37mStarted POST   /api/datav/queryDavavMeishiChinaList for ::1at Sat May 04 2019 11:11:39 GMT+0800 (GMT+08:00)[39m
[37m  [35mquery[37m:{}[39m
[37mCompleted in 112ms  200

[39m
[37mStarted POST   /api/datav/queryDavavMeishiChinaList for ::1at Sat May 04 2019 11:13:24 GMT+0800 (GMT+08:00)[39m
[37m  [35mquery[37m:{}[39m
[37mCompleted in 80ms  200

[39m
[37mStarted POST   /api/datav/queryDavavMeishiChinaList for ::1at Sat May 04 2019 11:13:24 GMT+0800 (GMT+08:00)[39m
[37m  [35mquery[37m:{}[39m
[37mCompleted in 133ms  200

[39m
[37mStarted POST   /api/datav/queryDavavMeishiChinaList for ::1at Sat May 04 2019 11:13:24 GMT+0800 (GMT+08:00)[39m
[37m  [35mquery[37m:{}[39m
[37mCompleted in 138ms  200

[39m
[37mStarted POST   /api/datav/queryDavavMeishiChinaList for ::1at Sat May 04 2019 11:13:24 GMT+0800 (GMT+08:00)[39m
[37m  [35mquery[37m:{}[39m
[37mCompleted in 152ms  200

[39m
[37mStarted POST   /api/datav/queryDavavMeishiChinaList for ::1at Sat May 04 2019 11:13:24 GMT+0800 (GMT+08:00)[39m
[37m  [35mquery[37m:{}[39m
[37mCompleted in 156ms  200

[39m
[37mStarted POST   /api/datav/queryDavavMeishiChinaList for ::1at Sat May 04 2019 11:14:00 GMT+0800 (GMT+08:00)[39m
[37m  [35mquery[37m:{}[39m
[37mCompleted in 74ms  200

[39m
[37mStarted POST   /api/datav/queryDavavMeishiChinaList for ::1at Sat May 04 2019 11:14:00 GMT+0800 (GMT+08:00)[39m
[37m  [35mquery[37m:{}[39m
[37mCompleted in 91ms  200

[39m
[37mStarted POST   /api/datav/queryDavavMeishiChinaList for ::1at Sat May 04 2019 11:14:00 GMT+0800 (GMT+08:00)[39m
[37m  [35mquery[37m:{}[39m
[37mCompleted in 115ms  200

[39m
[37mStarted POST   /api/datav/queryDavavMeishiChinaList for ::1at Sat May 04 2019 11:14:00 GMT+0800 (GMT+08:00)[39m
[37m  [35mquery[37m:{}[39m
[37mCompleted in 131ms  200

[39m
[37mStarted POST   /api/datav/queryDavavMeishiChinaList for ::1at Sat May 04 2019 11:14:00 GMT+0800 (GMT+08:00)[39m
[37m  [35mquery[37m:{}[39m
[37mCompleted in 134ms  200

[39m
[37mStarted POST   /api/datav/queryDavavMeishiChinaList for ::1at Sat May 04 2019 11:14:01 GMT+0800 (GMT+08:00)[39m
[37m  [35mquery[37m:{}[39m
[37mCompleted in 79ms  200

[39m
[37mStarted POST   /api/datav/queryDavavMeishiChinaList for ::1at Sat May 04 2019 11:14:01 GMT+0800 (GMT+08:00)[39m
[37m  [35mquery[37m:{}[39m
[37mCompleted in 97ms  200

[39m
[37mStarted POST   /api/datav/queryDavavMeishiChinaList for ::1at Sat May 04 2019 11:14:01 GMT+0800 (GMT+08:00)[39m
[37m  [35mquery[37m:{}[39m
[37mCompleted in 92ms  200

[39m
[37mStarted POST   /api/datav/queryDavavMeishiChinaList for ::1at Sat May 04 2019 11:14:01 GMT+0800 (GMT+08:00)[39m
[37m  [35mquery[37m:{}[39m
[37mCompleted in 136ms  200

[39m
[37mStarted POST   /api/datav/queryDavavMeishiChinaList for ::1at Sat May 04 2019 11:14:01 GMT+0800 (GMT+08:00)[39m
[37m  [35mquery[37m:{}[39m
[37mCompleted in 129ms  200

[39m
[37mStarted POST   /api/datav/queryDavavMeishiChinaList for ::1at Sat May 04 2019 11:14:07 GMT+0800 (GMT+08:00)[39m
[37m  [35mquery[37m:{}[39m
[37mCompleted in 84ms  200

[39m
[37mStarted POST   /api/datav/queryDavavMeishiChinaList for ::1at Sat May 04 2019 11:14:07 GMT+0800 (GMT+08:00)[39m
[37m  [35mquery[37m:{}[39m
[37mCompleted in 94ms  200

[39m
[37mStarted POST   /api/datav/queryDavavMeishiChinaList for ::1at Sat May 04 2019 11:14:07 GMT+0800 (GMT+08:00)[39m
[37m  [35mquery[37m:{}[39m
[37mCompleted in 122ms  200

[39m
[37mStarted POST   /api/datav/queryDavavMeishiChinaList for ::1at Sat May 04 2019 11:14:07 GMT+0800 (GMT+08:00)[39m
[37m  [35mquery[37m:{}[39m
[37mCompleted in 136ms  200

[39m
[37mStarted POST   /api/datav/queryDavavMeishiChinaList for ::1at Sat May 04 2019 11:14:07 GMT+0800 (GMT+08:00)[39m
[37m  [35mquery[37m:{}[39m
[37mCompleted in 132ms  200

[39m
[37mStarted POST   /api/datav/queryDavavMeishiChinaList for ::1at Sat May 04 2019 11:14:20 GMT+0800 (GMT+08:00)[39m
[37m  [35mquery[37m:{}[39m
[37mCompleted in 77ms  200

[39m
[37mStarted POST   /api/datav/queryDavavMeishiChinaList for ::1at Sat May 04 2019 11:14:20 GMT+0800 (GMT+08:00)[39m
[37m  [35mquery[37m:{}[39m
[37mCompleted in 99ms  200

[39m
[37mStarted POST   /api/datav/queryDavavMeishiChinaList for ::1at Sat May 04 2019 11:14:20 GMT+0800 (GMT+08:00)[39m
[37m  [35mquery[37m:{}[39m
[37mCompleted in 103ms  200

[39m
[37mStarted POST   /api/datav/queryDavavMeishiChinaList for ::1at Sat May 04 2019 11:14:20 GMT+0800 (GMT+08:00)[39m
[37m  [35mquery[37m:{}[39m
[37mCompleted in 107ms  200

[39m
[37mStarted POST   /api/datav/queryDavavMeishiChinaList for ::1at Sat May 04 2019 11:14:20 GMT+0800 (GMT+08:00)[39m
[37m  [35mquery[37m:{}[39m
[37mCompleted in 124ms  200

[39m
[37mStarted POST   /api/datav/queryDavavMeishiChinaList for ::1at Sat May 04 2019 11:14:23 GMT+0800 (GMT+08:00)[39m
[37m  [35mquery[37m:{}[39m
[37mCompleted in 84ms  200

[39m
[37mStarted POST   /api/datav/queryDavavMeishiChinaList for ::1at Sat May 04 2019 11:14:23 GMT+0800 (GMT+08:00)[39m
[37m  [35mquery[37m:{}[39m
[37mCompleted in 94ms  200

[39m
[37mStarted POST   /api/datav/queryDavavMeishiChinaList for ::1at Sat May 04 2019 11:14:23 GMT+0800 (GMT+08:00)[39m
[37m  [35mquery[37m:{}[39m
[37mCompleted in 115ms  200

[39m
[37mStarted POST   /api/datav/queryDavavMeishiChinaList for ::1at Sat May 04 2019 11:14:23 GMT+0800 (GMT+08:00)[39m
[37m  [35mquery[37m:{}[39m
[37mCompleted in 142ms  200

[39m
[37mStarted POST   /api/datav/queryDavavMeishiChinaList for ::1at Sat May 04 2019 11:14:23 GMT+0800 (GMT+08:00)[39m
[37m  [35mquery[37m:{}[39m
[37mCompleted in 141ms  200

[39m
[37mStarted POST   /api/datav/queryDavavMeishiChinaList for ::1at Sat May 04 2019 11:14:53 GMT+0800 (GMT+08:00)[39m
[37m  [35mquery[37m:{}[39m
[37mCompleted in 72ms  200

[39m
[37mStarted POST   /api/datav/queryDavavMeishiChinaList for ::1at Sat May 04 2019 11:14:53 GMT+0800 (GMT+08:00)[39m
[37m  [35mquery[37m:{}[39m
[37mCompleted in 104ms  200

[39m
[37mStarted POST   /api/datav/queryDavavMeishiChinaList for ::1at Sat May 04 2019 11:14:53 GMT+0800 (GMT+08:00)[39m
[37m  [35mquery[37m:{}[39m
[37mCompleted in 99ms  200

[39m
[37mStarted POST   /api/datav/queryDavavMeishiChinaList for ::1at Sat May 04 2019 11:14:53 GMT+0800 (GMT+08:00)[39m
[37m  [35mquery[37m:{}[39m
[37mCompleted in 158ms  200

[39m
[37mStarted POST   /api/datav/queryDavavMeishiChinaList for ::1at Sat May 04 2019 11:14:53 GMT+0800 (GMT+08:00)[39m
[37m  [35mquery[37m:{}[39m
[37mCompleted in 148ms  200

[39m
[37mStarted POST   /api/datav/queryDavavMeishiChinaList for ::1at Sat May 04 2019 11:23:58 GMT+0800 (GMT+08:00)[39m
[37m  [35mquery[37m:{}[39m
[37mCompleted in 89ms  200

[39m
[37mStarted POST   /api/datav/queryDavavMeishiChinaList for ::1at Sat May 04 2019 11:23:58 GMT+0800 (GMT+08:00)[39m
[37m  [35mquery[37m:{}[39m
[37mCompleted in 144ms  200

[39m
[37mStarted POST   /api/datav/queryDavavMeishiChinaList for ::1at Sat May 04 2019 11:23:58 GMT+0800 (GMT+08:00)[39m
[37m  [35mquery[37m:{}[39m
[37mCompleted in 138ms  200

[39m
[37mStarted POST   /api/datav/queryDavavMeishiChinaList for ::1at Sat May 04 2019 11:23:58 GMT+0800 (GMT+08:00)[39m
[37m  [35mquery[37m:{}[39m
[37mCompleted in 130ms  200

[39m
[37mStarted POST   /api/datav/queryDavavMeishiChinaList for ::1at Sat May 04 2019 11:23:58 GMT+0800 (GMT+08:00)[39m
[37m  [35mquery[37m:{}[39m
[37mCompleted in 125ms  200

[39m
[37mStarted POST   /api/datav/queryDavavMeishiChinaList for ::1at Sat May 04 2019 11:24:35 GMT+0800 (GMT+08:00)[39m
[37m  [35mquery[37m:{}[39m
[37mCompleted in 85ms  200

[39m
[37mStarted POST   /api/datav/queryDavavMeishiChinaList for ::1at Sat May 04 2019 11:24:35 GMT+0800 (GMT+08:00)[39m
[37m  [35mquery[37m:{}[39m
[37mCompleted in 106ms  200

[39m
[37mStarted POST   /api/datav/queryDavavMeishiChinaList for ::1at Sat May 04 2019 11:24:35 GMT+0800 (GMT+08:00)[39m
[37m  [35mquery[37m:{}[39m
[37mCompleted in 114ms  200

[39m
[37mStarted POST   /api/datav/queryDavavMeishiChinaList for ::1at Sat May 04 2019 11:24:35 GMT+0800 (GMT+08:00)[39m
[37m  [35mquery[37m:{}[39m
[37mCompleted in 105ms  200

[39m
[37mStarted POST   /api/datav/queryDavavMeishiChinaList for ::1at Sat May 04 2019 11:24:35 GMT+0800 (GMT+08:00)[39m
[37m  [35mquery[37m:{}[39m
[37mCompleted in 126ms  200

[39m
[37mStarted POST   /api/datav/queryDavavMeishiChinaList for ::1at Sat May 04 2019 11:29:58 GMT+0800 (GMT+08:00)[39m
[37m  [35mquery[37m:{}[39m
[37mCompleted in 77ms  200

[39m
[37mStarted POST   /api/datav/queryDavavMeishiChinaList for ::1at Sat May 04 2019 11:29:58 GMT+0800 (GMT+08:00)[39m
[37m  [35mquery[37m:{}[39m
[37mCompleted in 101ms  200

[39m
[37mStarted POST   /api/datav/queryDavavMeishiChinaList for ::1at Sat May 04 2019 11:29:58 GMT+0800 (GMT+08:00)[39m
[37m  [35mquery[37m:{}[39m
[37mCompleted in 147ms  200

[39m
[37mStarted POST   /api/datav/queryDavavMeishiChinaList for ::1at Sat May 04 2019 11:29:58 GMT+0800 (GMT+08:00)[39m
[37m  [35mquery[37m:{}[39m
[37mCompleted in 151ms  200

[39m
[37mStarted POST   /api/datav/queryDavavMeishiChinaList for ::1at Sat May 04 2019 11:29:58 GMT+0800 (GMT+08:00)[39m
[37m  [35mquery[37m:{}[39m
[37mCompleted in 162ms  200

[39m
[37mStarted POST   /api/datav/queryDavavMeishiChinaList for ::1at Sat May 04 2019 11:29:58 GMT+0800 (GMT+08:00)[39m
[37m  [35mquery[37m:{}[39m
[37mCompleted in 170ms  200

[39m
[37mStarted POST   /api/datav/queryDavavMeishiChinaList for ::1at Sat May 04 2019 11:29:58 GMT+0800 (GMT+08:00)[39m
[37m  [35mquery[37m:{}[39m
[37mCompleted in 305ms  200

[39m
[37mStarted POST   /api/datav/queryDavavMeishiChinaList for ::1at Sat May 04 2019 11:29:58 GMT+0800 (GMT+08:00)[39m
[37m  [35mquery[37m:{}[39m
[37mCompleted in 246ms  200

[39m
[37mStarted POST   /api/datav/queryDavavMeishiChinaList for ::1at Sat May 04 2019 11:29:58 GMT+0800 (GMT+08:00)[39m
[37m  [35mquery[37m:{}[39m
[37mCompleted in 334ms  200

[39m
[37mStarted POST   /api/datav/queryDavavMeishiChinaList for ::1at Sat May 04 2019 11:29:58 GMT+0800 (GMT+08:00)[39m
[37m  [35mquery[37m:{}[39m
[37mCompleted in 254ms  200

[39m
[37mStarted POST   /api/datav/queryDavavMeishiChinaList for ::1at Sat May 04 2019 11:29:58 GMT+0800 (GMT+08:00)[39m
[37m  [35mquery[37m:{}[39m
[37mCompleted in 538ms  200

[39m
[37mStarted POST   /api/datav/queryDavavMeishiChinaList for ::1at Sat May 04 2019 11:32:27 GMT+0800 (GMT+08:00)[39m
[37m  [35mquery[37m:{}[39m
[37mCompleted in 88ms  200

[39m
[37mStarted POST   /api/datav/queryDavavMeishiChinaList for ::1at Sat May 04 2019 11:32:45 GMT+0800 (GMT+08:00)[39m
[37m  [35mquery[37m:{}[39m
[37mCompleted in 86ms  200

[39m
[37mStarted POST   /api/datav/queryDavavMeishiChinaList for ::1at Sat May 04 2019 11:32:51 GMT+0800 (GMT+08:00)[39m
[37m  [35mquery[37m:{}[39m
[37mCompleted in 78ms  200

[39m
[37mStarted POST   /api/datav/queryDavavMeishiChinaList for ::1at Sat May 04 2019 11:33:00 GMT+0800 (GMT+08:00)[39m
[37m  [35mquery[37m:{}[39m
[37mCompleted in 73ms  200

[39m
[37mStarted POST   /api/datav/queryDavavMeishiChinaList for ::1at Sat May 04 2019 11:33:01 GMT+0800 (GMT+08:00)[39m
[37m  [35mquery[37m:{}[39m
[37mCompleted in 76ms  200

[39m
[37mStarted POST   /api/datav/queryDavavMeishiChinaList for ::1at Sat May 04 2019 12:30:32 GMT+0800 (GMT+08:00)[39m
[37m  [35mquery[37m:{}[39m
[37mCompleted in 149ms  200

[39m
[37mStarted POST   /api/datav/queryDavavMeishiChinaList for ::1at Sat May 04 2019 13:02:27 GMT+0800 (GMT+08:00)[39m
[37m  [35mquery[37m:{}[39m
[37mCompleted in 85ms  200

[39m
[37mStarted POST   /api/datav/queryDavavMeishiChinaList for ::1at Sat May 04 2019 13:13:21 GMT+0800 (GMT+08:00)[39m
[37m  [35mquery[37m:{}[39m
[37mCompleted in 482ms  200

[39m
[37mStarted POST   /api/datav/queryDavavMeishiChinaList for ::1at Sat May 04 2019 14:04:11 GMT+0800 (GMT+08:00)[39m
[37m  [35mquery[37m:{}[39m
[37mCompleted in 188ms  200

[39m
[37mStarted POST   /api/datav/queryDavavMeishiChinaList for ::1at Sat May 04 2019 14:35:51 GMT+0800 (GMT+08:00)[39m
[37m  [35mquery[37m:{}[39m
[37mCompleted in 91ms  200

[39m
[37mStarted POST   /api/datav/queryDavavMeishiChinaList for ::1at Sat May 04 2019 14:38:53 GMT+0800 (GMT+08:00)[39m
[37m  [35mquery[37m:{}[39m
[37mCompleted in 85ms  200

[39m
[37mStarted POST   /api/datav/queryDavavMeishiChinaList for ::1at Sat May 04 2019 14:40:48 GMT+0800 (GMT+08:00)[39m
[37m  [35mquery[37m:{}[39m
[37mCompleted in 79ms  200

[39m
[37mStarted POST   /api/datav/queryDavavMeishiChinaList for ::1at Sat May 04 2019 14:43:09 GMT+0800 (GMT+08:00)[39m
[37m  [35mquery[37m:{}[39m
[37mCompleted in 99ms  200

[39m
[37mStarted POST   /api/datav/queryDavavMeishiChinaList for ::1at Sat May 04 2019 14:44:39 GMT+0800 (GMT+08:00)[39m
[37m  [35mquery[37m:{}[39m
[37mCompleted in 84ms  200

[39m
[37mStarted POST   /api/datav/queryDavavMeishiChinaList for ::1at Sat May 04 2019 14:46:28 GMT+0800 (GMT+08:00)[39m
[37m  [35mquery[37m:{}[39m
[37mCompleted in 87ms  200

[39m
[37mStarted POST   /api/datav/queryDavavMeishiChinaList for ::1at Sat May 04 2019 14:53:04 GMT+0800 (GMT+08:00)[39m
[37m  [35mquery[37m:{}[39m
[37mCompleted in 91ms  200

[39m
[37mStarted POST   /api/datav/queryDavavMeishiChinaList for ::1at Sat May 04 2019 14:53:42 GMT+0800 (GMT+08:00)[39m
[37m  [35mquery[37m:{}[39m
[37mCompleted in 80ms  200

[39m
[37mStarted POST   /api/datav/queryDavavMeishiChinaList for ::1at Sat May 04 2019 14:56:45 GMT+0800 (GMT+08:00)[39m
[37m  [35mquery[37m:{}[39m
[37mCompleted in 89ms  200

[39m
[37mStarted POST   /api/datav/queryDavavMeishiChinaList for ::1at Sat May 04 2019 14:56:46 GMT+0800 (GMT+08:00)[39m
[37m  [35mquery[37m:{}[39m
[37mCompleted in 85ms  200

[39m
[37mStarted POST   /api/datav/queryDavavMeishiChinaList for ::1at Sat May 04 2019 15:01:09 GMT+0800 (GMT+08:00)[39m
[37m  [35mquery[37m:{}[39m
[37mCompleted in 78ms  200

[39m
[37mStarted POST   /api/datav/queryDavavMeishiChinaList for ::1at Sat May 04 2019 15:08:07 GMT+0800 (GMT+08:00)[39m
[37m  [35mquery[37m:{}[39m
[37mCompleted in 92ms  200

[39m
[37mStarted POST   /api/datav/queryDavavMeishiChinaList for ::1at Sat May 04 2019 15:09:30 GMT+0800 (GMT+08:00)[39m
[37m  [35mquery[37m:{}[39m
[37mCompleted in 213ms  200

[39m
[37mStarted POST   /api/datav/queryDavavMeishiChinaList for ::1at Sat May 04 2019 15:10:22 GMT+0800 (GMT+08:00)[39m
[37m  [35mquery[37m:{}[39m
[37mCompleted in 204ms  200

[39m
[37mStarted POST   /api/datav/queryDavavMeishiChinaList for ::1at Sat May 04 2019 15:12:43 GMT+0800 (GMT+08:00)[39m
[37m  [35mquery[37m:{}[39m
[37mCompleted in 157ms  200

[39m
[37mStarted POST   /api/datav/queryDavavMeishiChinaList for ::1at Sat May 04 2019 15:15:16 GMT+0800 (GMT+08:00)[39m
[37m  [35mquery[37m:{}[39m
[37mCompleted in 303ms  200

[39m
[37mStarted POST   /api/datav/queryDavavMeishiChinaList for ::1at Sat May 04 2019 15:17:25 GMT+0800 (GMT+08:00)[39m
[37m  [35mquery[37m:{}[39m
[37mCompleted in 83ms  200

[39m
[37mStarted POST   /api/datav/queryDavavMeishiChinaList for ::1at Sat May 04 2019 15:22:43 GMT+0800 (GMT+08:00)[39m
[37m  [35mquery[37m:{}[39m
[37mCompleted in 74ms  200

[39m
[37mStarted POST   /api/datav/queryDavavMeishiChinaList for ::1at Sat May 04 2019 15:33:37 GMT+0800 (GMT+08:00)[39m
[37m  [35mquery[37m:{}[39m
[37mCompleted in 89ms  200

[39m
[37mStarted POST   /api/datav/queryDavavMeishiChinaList for ::1at Sat May 04 2019 16:08:43 GMT+0800 (GMT+08:00)[39m
[37m  [35mquery[37m:{}[39m
[37mCompleted in 126ms  200

[39m
[37mStarted POST   /api/datav/queryDavavMeishiChinaList for ::1at Sat May 04 2019 16:10:33 GMT+0800 (GMT+08:00)[39m
[37m  [35mquery[37m:{}[39m
[37mCompleted in 94ms  200

[39m
[37mStarted POST   /api/datav/queryDavavMeishiChinaList for ::1at Sat May 04 2019 16:10:33 GMT+0800 (GMT+08:00)[39m
[37m  [35mquery[37m:{}[39m
[37mCompleted in 117ms  200

[39m
[37mStarted POST   /api/datav/queryDavavMeishiChinaList for ::1at Sat May 04 2019 16:12:54 GMT+0800 (GMT+08:00)[39m
[37m  [35mquery[37m:{}[39m
[37mCompleted in 76ms  200

[39m
[37mStarted POST   /api/datav/queryDatavMeishichinaTypeList for ::1at Sat May 04 2019 16:14:12 GMT+0800 (GMT+08:00)[39m
[37m  [35mquery[37m:{}[39m
[37mCompleted in 43ms  200

[39m
[37mStarted POST   /api/datav/queryDatavMeishichinaTypeList for ::1at Sat May 04 2019 16:14:15 GMT+0800 (GMT+08:00)[39m
[37m  [35mquery[37m:{}[39m
[37mCompleted in 51ms  200

[39m
[37mStarted POST   /api/datav/queryDatavMeishichinaTypeList for ::1at Sat May 04 2019 16:14:51 GMT+0800 (GMT+08:00)[39m
[37m  [35mquery[37m:{}[39m
[37mCompleted in 38ms  200

[39m
[37mStarted POST   /api/datav/queryDatavMeishichinaTypeList for ::1at Sat May 04 2019 16:17:11 GMT+0800 (GMT+08:00)[39m
[37m  [35mquery[37m:{}[39m
[37mCompleted in 55ms  200

[39m
[37mStarted POST   /api/datav/queryDatavMeishichinaTypeList for ::1at Sat May 04 2019 16:19:20 GMT+0800 (GMT+08:00)[39m
[37m  [35mquery[37m:{}[39m
[37mCompleted in 41ms  200

[39m
[37mStarted POST   /api/datav/queryDatavMeishichinaTypeList for ::1at Sat May 04 2019 16:19:26 GMT+0800 (GMT+08:00)[39m
[37m  [35mquery[37m:{}[39m
[37mCompleted in 47ms  200

[39m
[37mStarted POST   /api/datav/queryDatavMeishichinaTypeList for ::1at Sat May 04 2019 16:20:27 GMT+0800 (GMT+08:00)[39m
[37m  [35mquery[37m:{}[39m
[37mCompleted in 40ms  200

[39m
[37mStarted POST   /api/datav/queryDatavMeishichinaTypeList for ::1at Sat May 04 2019 16:20:30 GMT+0800 (GMT+08:00)[39m
[37m  [35mquery[37m:{}[39m
[37mCompleted in 35ms  200

[39m
[37mStarted POST   /api/datav/queryDatavMeishichinaTypeList for ::1at Sat May 04 2019 16:21:11 GMT+0800 (GMT+08:00)[39m
[37m  [35mquery[37m:{}[39m
[37mCompleted in 40ms  200

[39m
[37mStarted POST   /api/datav/queryDatavMeishichinaTypeList for ::1at Sat May 04 2019 16:24:13 GMT+0800 (GMT+08:00)[39m
[37m  [35mquery[37m:{}[39m
[37mCompleted in 39ms  200

[39m
[37mStarted POST   /api/datav/queryDatavMeishichinaTypeList for ::1at Sat May 04 2019 16:24:43 GMT+0800 (GMT+08:00)[39m
[37m  [35mquery[37m:{}[39m
[37mCompleted in 67ms  200

[39m
[37mStarted POST   /api/datav/queryDatavMeishichinaTypeList for ::1at Sat May 04 2019 16:25:11 GMT+0800 (GMT+08:00)[39m
[37m  [35mquery[37m:{}[39m
[37mCompleted in 56ms  200

[39m
[37mStarted POST   /api/datav/queryDavavMeishiChinaList for ::1at Sat May 04 2019 16:25:12 GMT+0800 (GMT+08:00)[39m
[37m  [35mquery[37m:{}[39m
[37mCompleted in 96ms  200

[39m
