[37mStarted POST   /api/datav/queryDatavMeishichinaTypeList for ::1at Mon May 27 2019 17:23:36 GMT+0800 (GMT+08:00)[39m
[37m  [35mquery[37m:{}[39m
[37mCompleted in 150ms  200

[39m
[37mStarted POST   /api/datav/queryDavavMeishiChinaList for ::1at Mon May 27 2019 17:23:38 GMT+0800 (GMT+08:00)[39m
[37m  [35mquery[37m:{}[39m
[37mCompleted in 493ms  200

[39m
[37mStarted POST   /api/activity/queryUserActivityInfo for ::1at Mon May 27 2019 17:24:14 GMT+0800 (GMT+08:00)[39m
[37m  [35mquery[37m:{}[39m
[37mCompleted in 199ms  200

[39m
[37mStarted POST   /api/datav/queryDatavMeishichinaTypeList for ::1at Mon May 27 2019 17:24:18 GMT+0800 (GMT+08:00)[39m
[37m  [35mquery[37m:{}[39m
[37mCompleted in 173ms  200

[39m
[37mStarted POST   /api/datav/queryDavavMeishiChinaList for ::1at Mon May 27 2019 17:24:19 GMT+0800 (GMT+08:00)[39m
[37m  [35mquery[37m:{}[39m
[37mCompleted in 290ms  200

[39m
[37mStarted POST   /api/datav/queryDavavMeishiChinaList for ::1at Mon May 27 2019 17:25:00 GMT+0800 (GMT+08:00)[39m
[37m  [35mquery[37m:{}[39m
[37mCompleted in 344ms  200

[39m
[37mStarted POST   /api/activity/queryUserActivityInfo for ::1at Mon May 27 2019 17:25:14 GMT+0800 (GMT+08:00)[39m
[37m  [35mquery[37m:{}[39m
[37mCompleted in 310ms  200

[39m
[37mStarted POST   /api/datav/queryDatavMeishichinaTypeList for ::1at Mon May 27 2019 17:25:22 GMT+0800 (GMT+08:00)[39m
[37m  [35mquery[37m:{}[39m
[37mCompleted in 89ms  200

[39m
[37mStarted POST   /api/datav/queryDavavMeishiChinaList for ::1at Mon May 27 2019 17:25:22 GMT+0800 (GMT+08:00)[39m
[37m  [35mquery[37m:{}[39m
[37mCompleted in 353ms  200

[39m
[37mStarted POST   /api/datav/queryDavavMeishiChinaList for ::1at Mon May 27 2019 17:25:27 GMT+0800 (GMT+08:00)[39m
[37m  [35mquery[37m:{}[39m
[37mCompleted in 162ms  200

[39m
[37mStarted POST   /api/datav/queryDatavMeishichinaTypeList for ::1at Mon May 27 2019 20:39:18 GMT+0800 (GMT+08:00)[39m
[37m  [35mquery[37m:{}[39m
[37mCompleted in 32ms  200

[39m
[37mStarted POST   /api/datav/queryDavavMeishiChinaList for ::1at Mon May 27 2019 20:39:19 GMT+0800 (GMT+08:00)[39m
[37m  [35mquery[37m:{}[39m
[37mCompleted in 80ms  200

[39m
[37mStarted POST   /api/datav/queryDatavMeishichinaTypeList for ::1at Mon May 27 2019 20:39:27 GMT+0800 (GMT+08:00)[39m
[37m  [35mquery[37m:{}[39m
[37mCompleted in 37ms  200

[39m
[37mStarted POST   /api/datav/queryDavavMeishiChinaList for ::1at Mon May 27 2019 20:39:27 GMT+0800 (GMT+08:00)[39m
[37m  [35mquery[37m:{}[39m
[37mCompleted in 73ms  200

[39m
[37mStarted POST   /api/datav/queryDatavMeishichinaTypeList for ::1at Mon May 27 2019 21:32:25 GMT+0800 (GMT+08:00)[39m
[37m  [35mquery[37m:{}[39m
[37mCompleted in 40ms  200

[39m
[37mStarted POST   /api/datav/queryDavavMeishiChinaList for ::1at Mon May 27 2019 21:32:26 GMT+0800 (GMT+08:00)[39m
[37m  [35mquery[37m:{}[39m
[37mCompleted in 86ms  200

[39m
