[37mStarted POST   /api/datav/queryDatavMeishichinaTypeList for ::1at Wed May 29 2019 10:47:38 GMT+0800 (GMT+08:00)[39m
[37m  [35mquery[37m:{}[39m
[37mCompleted in 121ms  200

[39m
[37mStarted POST   /api/datav/queryDatavMeishichinaTypeList for ::1at Wed May 29 2019 10:48:23 GMT+0800 (GMT+08:00)[39m
[37m  [35mquery[37m:{}[39m
[37mCompleted in 187ms  200

[39m
[37mStarted POST   /api/datav/queryDatavMeishichinaTypeList for ::1at Wed May 29 2019 10:48:33 GMT+0800 (GMT+08:00)[39m
[37m  [35mquery[37m:{}[39m
[37mCompleted in 172ms  200

[39m
[37mStarted POST   /api/datav/queryDatavMeishichinaTypeList for ::1at Wed May 29 2019 10:50:11 GMT+0800 (GMT+08:00)[39m
[37m  [35mquery[37m:{}[39m
[37mCompleted in 130ms  200

[39m
[37mStarted POST   /api/datav/queryDatavMeishichinaTypeList for ::1at Wed May 29 2019 10:52:09 GMT+0800 (GMT+08:00)[39m
[37m  [35mquery[37m:{}[39m
[37mCompleted in 147ms  200

[39m
[37mStarted POST   /api/datav/queryDatavMeishichinaTypeList for ::1at Wed May 29 2019 10:53:50 GMT+0800 (GMT+08:00)[39m
[37m  [35mquery[37m:{}[39m
[37mCompleted in 110ms  200

[39m
[37mStarted POST   /api/datav/queryDatavMeishichinaTypeList for ::1at Wed May 29 2019 11:04:25 GMT+0800 (GMT+08:00)[39m
[37m  [35mquery[37m:{}[39m
[37mCompleted in 150ms  200

[39m
[37mStarted POST   /api/datav/queryDavavMeishiChinaList for ::1at Wed May 29 2019 11:04:26 GMT+0800 (GMT+08:00)[39m
[37m  [35mquery[37m:{}[39m
[37mCompleted in 428ms  200

[39m
[37mStarted POST   /api/datav/queryDavavMeishiChinaList for ::1at Wed May 29 2019 11:04:38 GMT+0800 (GMT+08:00)[39m
[37m  [35mquery[37m:{}[39m
[37mCompleted in 219ms  200

[39m
[37mStarted POST   /api/datav/queryDatavMeishichinaTypeList for ::1at Wed May 29 2019 11:04:47 GMT+0800 (GMT+08:00)[39m
[37m  [35mquery[37m:{}[39m
[37mCompleted in 202ms  200

[39m
[37mStarted POST   /api/datav/queryDavavMeishiChinaList for ::1at Wed May 29 2019 11:04:47 GMT+0800 (GMT+08:00)[39m
[37m  [35mquery[37m:{}[39m
[37mCompleted in 412ms  200

[39m
[37mStarted POST   /api/datav/queryDavavMeishiChinaList for ::1at Wed May 29 2019 11:05:00 GMT+0800 (GMT+08:00)[39m
[37m  [35mquery[37m:{}[39m
[37mCompleted in 350ms  200

[39m
[37mStarted POST   /api/datav/queryDatavMeishichinaTypeList for ::1at Wed May 29 2019 11:05:22 GMT+0800 (GMT+08:00)[39m
[37m  [35mquery[37m:{}[39m
[37mCompleted in 162ms  200

[39m
[37mStarted POST   /api/datav/queryDavavMeishiChinaList for ::1at Wed May 29 2019 11:05:22 GMT+0800 (GMT+08:00)[39m
[37m  [35mquery[37m:{}[39m
[37mCompleted in 403ms  200

[39m
[37mStarted POST   /api/login/useMobileLogin for ::1at Wed May 29 2019 11:05:35 GMT+0800 (GMT+08:00)[39m
[37m  [35mquery[37m:{}[39m
[37mCompleted in 754ms  200

[39m
[37mStarted POST   /api/footprint/queryFootPrintList for ::1at Wed May 29 2019 11:05:40 GMT+0800 (GMT+08:00)[39m
[37m  [35mquery[37m:{}[39m
[37mCompleted in 106ms  200

[39m
[37mStarted POST   /api/music/queryAllSongs for ::1at Wed May 29 2019 11:05:40 GMT+0800 (GMT+08:00)[39m
[37m  [35mquery[37m:{}[39m
[37mCompleted in 1854ms  200

[39m
[37mStarted POST   /api/footprint/queryFootPrintList for ::1at Wed May 29 2019 11:05:50 GMT+0800 (GMT+08:00)[39m
[37m  [35mquery[37m:{}[39m
[37mCompleted in 100ms  200

[39m
[37mStarted POST   /api/music/queryAllSongs for ::1at Wed May 29 2019 11:05:50 GMT+0800 (GMT+08:00)[39m
[37m  [35mquery[37m:{}[39m
[37mCompleted in 1369ms  200

[39m
[37mStarted POST   /api/music/queryAllSongs for ::1at Wed May 29 2019 11:05:50 GMT+0800 (GMT+08:00)[39m
[37m  [35mquery[37m:{}[39m
[37mCompleted in 1485ms  200

[39m
[37mStarted POST   /api/music/searchMusic for ::1at Wed May 29 2019 11:06:04 GMT+0800 (GMT+08:00)[39m
[37m  [35mquery[37m:{}[39m
[37mCompleted in 1172ms  200

[39m
[37mStarted POST   /api/music/joinPlayList for ::1at Wed May 29 2019 11:06:09 GMT+0800 (GMT+08:00)[39m
[37m  [35mquery[37m:{}[39m
[37mCompleted in 183ms  200

[39m
[37mStarted POST   /api/music/joinPlayList for ::1at Wed May 29 2019 11:06:09 GMT+0800 (GMT+08:00)[39m
[37m  [35mquery[37m:{}[39m
[37mCompleted in 214ms  200

[39m
[37mStarted POST   /api/music/joinPlayList for ::1at Wed May 29 2019 11:06:12 GMT+0800 (GMT+08:00)[39m
[37m  [35mquery[37m:{}[39m
[37mCompleted in 479ms  200

[39m
[37mStarted POST   /api/music/joinPlayList for ::1at Wed May 29 2019 11:06:12 GMT+0800 (GMT+08:00)[39m
[37m  [35mquery[37m:{}[39m
[37mCompleted in 507ms  200

[39m
[37mStarted POST   /api/music/queryAllSongs for ::1at Wed May 29 2019 11:06:10 GMT+0800 (GMT+08:00)[39m
[37m  [35mquery[37m:{}[39m
[37mCompleted in 3056ms  200

[39m
[37mStarted POST   /api/music/queryAllSongs for ::1at Wed May 29 2019 11:06:10 GMT+0800 (GMT+08:00)[39m
[37m  [35mquery[37m:{}[39m
[37mCompleted in 3451ms  200

[39m
[37mStarted POST   /api/music/joinPlayList for ::1at Wed May 29 2019 11:06:13 GMT+0800 (GMT+08:00)[39m
[37m  [35mquery[37m:{}[39m
[37mCompleted in 129ms  200

[39m
[37mStarted POST   /api/music/joinPlayList for ::1at Wed May 29 2019 11:06:13 GMT+0800 (GMT+08:00)[39m
[37m  [35mquery[37m:{}[39m
[37mCompleted in 114ms  200

[39m
[37mStarted POST   /api/music/queryAllSongs for ::1at Wed May 29 2019 11:06:10 GMT+0800 (GMT+08:00)[39m
[37m  [35mquery[37m:{}[39m
[37mCompleted in 3978ms  200

[39m
[37mStarted POST   /api/music/queryAllSongs for ::1at Wed May 29 2019 11:06:12 GMT+0800 (GMT+08:00)[39m
[37m  [35mquery[37m:{}[39m
[37mCompleted in 2505ms  200

[39m
[37mStarted POST   /api/music/queryAllSongs for ::1at Wed May 29 2019 11:06:12 GMT+0800 (GMT+08:00)[39m
[37m  [35mquery[37m:{}[39m
[37mCompleted in 3055ms  200

[39m
[37mStarted POST   /api/footprint/queryFootPrintList for ::1at Wed May 29 2019 11:06:19 GMT+0800 (GMT+08:00)[39m
[37m  [35mquery[37m:{}[39m
[37mCompleted in 77ms  200

[39m
[37mStarted POST   /api/music/queryAllSongs for ::1at Wed May 29 2019 11:06:19 GMT+0800 (GMT+08:00)[39m
[37m  [35mquery[37m:{}[39m
[37mCompleted in 1733ms  200

[39m
[37mStarted POST   /api/music/queryAllSongs for ::1at Wed May 29 2019 11:06:19 GMT+0800 (GMT+08:00)[39m
[37m  [35mquery[37m:{}[39m
[37mCompleted in 1665ms  200

[39m
[37mStarted POST   /api/datav/queryDatavMeishichinaTypeList for ::1at Wed May 29 2019 11:06:29 GMT+0800 (GMT+08:00)[39m
[37m  [35mquery[37m:{}[39m
[37mCompleted in 164ms  200

[39m
[37mStarted POST   /api/datav/queryDavavMeishiChinaList for ::1at Wed May 29 2019 11:06:30 GMT+0800 (GMT+08:00)[39m
[37m  [35mquery[37m:{}[39m
[37mCompleted in 278ms  200

[39m
[37mStarted POST   /api/activity/queryUserActivityInfo for ::1at Wed May 29 2019 11:06:37 GMT+0800 (GMT+08:00)[39m
[37m  [35mquery[37m:{}[39m
[37mCompleted in 228ms  200

[39m
[37mStarted POST   /api/activity/queryUserActivityInfo for ::1at Wed May 29 2019 11:06:44 GMT+0800 (GMT+08:00)[39m
[37m  [35mquery[37m:{}[39m
[37mCompleted in 263ms  200

[39m
[37mStarted POST   /api/datav/queryDatavMeishichinaTypeList for ::1at Wed May 29 2019 11:07:10 GMT+0800 (GMT+08:00)[39m
[37m  [35mquery[37m:{}[39m
[37mCompleted in 209ms  200

[39m
[37mStarted POST   /api/datav/queryDavavMeishiChinaList for ::1at Wed May 29 2019 11:07:11 GMT+0800 (GMT+08:00)[39m
[37m  [35mquery[37m:{}[39m
[37mCompleted in 260ms  200

[39m
