[37mStarted POST   /api/datav/queryDatavMeishichinaTypeList for ::1at Sun May 26 2019 09:20:08 GMT+0800 (GMT+08:00)[39m
[37m  [35mquery[37m:{}[39m
[37mCompleted in 73ms  200

[39m
[37mStarted POST   /api/datav/queryDavavMeishiChinaList for ::1at Sun May 26 2019 09:20:09 GMT+0800 (GMT+08:00)[39m
[37m  [35mquery[37m:{}[39m
[37mCompleted in 143ms  200

[39m
[37mStarted POST   /api/datav/queryDavavMeishiChinaList for ::1at Sun May 26 2019 09:20:43 GMT+0800 (GMT+08:00)[39m
[37m  [35mquery[37m:{}[39m
[37mCompleted in 78ms  200

[39m
[37mStarted POST   /api/datav/queryDatavMeishichinaTypeList for ::1at Sun May 26 2019 09:24:57 GMT+0800 (GMT+08:00)[39m
[37m  [35mquery[37m:{}[39m
[37mCompleted in 36ms  200

[39m
[37mStarted POST   /api/datav/queryDavavMeishiChinaList for ::1at Sun May 26 2019 09:24:58 GMT+0800 (GMT+08:00)[39m
[37m  [35mquery[37m:{}[39m
[37mCompleted in 81ms  200

[39m
[37mStarted POST   /api/datav/queryDatavMeishichinaTypeList for ::1at Sun May 26 2019 09:29:32 GMT+0800 (GMT+08:00)[39m
[37m  [35mquery[37m:{}[39m
[37mCompleted in 44ms  200

[39m
[37mStarted POST   /api/datav/queryDavavMeishiChinaList for ::1at Sun May 26 2019 09:29:33 GMT+0800 (GMT+08:00)[39m
[37m  [35mquery[37m:{}[39m
[37mCompleted in 111ms  200

[39m
[37mStarted POST   /api/datav/queryDatavMeishichinaTypeList for ::1at Sun May 26 2019 10:10:45 GMT+0800 (GMT+08:00)[39m
[37m  [35mquery[37m:{}[39m
[37mCompleted in 88ms  200

[39m
[37mStarted POST   /api/datav/queryDavavMeishiChinaList for ::1at Sun May 26 2019 10:10:45 GMT+0800 (GMT+08:00)[39m
[37m  [35mquery[37m:{}[39m
[37mCompleted in 113ms  200

[39m
[37mStarted POST   /api/datav/querySearchDatavMeishichina for ::1at Sun May 26 2019 10:58:21 GMT+0800 (GMT+08:00)[39m
[37m  [35mquery[37m:{}[39m
[37mCompleted in 290ms  200

[39m
[37mStarted POST   /api/datav/queryDatavMeishichinaTypeList for ::1at Sun May 26 2019 11:01:51 GMT+0800 (GMT+08:00)[39m
[37m  [35mquery[37m:{}[39m
[37mCompleted in 47ms  200

[39m
[37mStarted POST   /api/datav/queryDavavMeishiChinaList for ::1at Sun May 26 2019 11:01:51 GMT+0800 (GMT+08:00)[39m
[37m  [35mquery[37m:{}[39m
[37mCompleted in 80ms  200

[39m
[37mStarted POST   /api/datav/queryDatavMeishichinaTypeList for ::1at Sun May 26 2019 12:05:48 GMT+0800 (GMT+08:00)[39m
[37m  [35mquery[37m:{}[39m
[37mCompleted in 38ms  200

[39m
[37mStarted POST   /api/datav/queryDavavMeishiChinaList for ::1at Sun May 26 2019 12:05:49 GMT+0800 (GMT+08:00)[39m
[37m  [35mquery[37m:{}[39m
[37mCompleted in 70ms  200

[39m
[37mStarted POST   /api/datav/queryDatavMeishichinaTypeList for ::1at Sun May 26 2019 19:27:45 GMT+0800 (GMT+08:00)[39m
[37m  [35mquery[37m:{}[39m
[37mCompleted in 123ms  200

[39m
[37mStarted POST   /api/datav/queryDavavMeishiChinaList for ::1at Sun May 26 2019 19:27:46 GMT+0800 (GMT+08:00)[39m
[37m  [35mquery[37m:{}[39m
[37mCompleted in 240ms  200

[39m
[37mStarted POST   /api/datav/queryDatavMeishichinaTypeList for ::1at Sun May 26 2019 20:14:44 GMT+0800 (GMT+08:00)[39m
[37m  [35mquery[37m:{}[39m
[37mCompleted in 64ms  200

[39m
[37mStarted POST   /api/datav/queryDavavMeishiChinaList for ::1at Sun May 26 2019 20:14:45 GMT+0800 (GMT+08:00)[39m
[37m  [35mquery[37m:{}[39m
[37mCompleted in 81ms  200

[39m
[37mStarted POST   /api/datav/queryDatavMeishichinaTypeList for ::1at Sun May 26 2019 20:19:22 GMT+0800 (GMT+08:00)[39m
[37m  [35mquery[37m:{}[39m
[37mCompleted in 33ms  200

[39m
[37mStarted POST   /api/datav/queryDavavMeishiChinaList for ::1at Sun May 26 2019 20:19:22 GMT+0800 (GMT+08:00)[39m
[37m  [35mquery[37m:{}[39m
[37mCompleted in 72ms  200

[39m
[37mStarted POST   /api/datav/queryDatavMeishichinaTypeList for ::1at Sun May 26 2019 20:25:34 GMT+0800 (GMT+08:00)[39m
[37m  [35mquery[37m:{}[39m
[37mCompleted in 41ms  200

[39m
[37mStarted POST   /api/datav/queryDavavMeishiChinaList for ::1at Sun May 26 2019 20:25:35 GMT+0800 (GMT+08:00)[39m
[37m  [35mquery[37m:{}[39m
[37mCompleted in 78ms  200

[39m
[37mStarted POST   /api/datav/queryDatavMeishichinaTypeList for ::1at Sun May 26 2019 20:26:27 GMT+0800 (GMT+08:00)[39m
[37m  [35mquery[37m:{}[39m
[37mCompleted in 81ms  200

[39m
[37mStarted POST   /api/datav/queryDavavMeishiChinaList for ::1at Sun May 26 2019 20:26:27 GMT+0800 (GMT+08:00)[39m
[37m  [35mquery[37m:{}[39m
[37mCompleted in 92ms  200

[39m
[37mStarted POST   /api/datav/queryDatavMeishichinaTypeList for ::1at Sun May 26 2019 20:26:33 GMT+0800 (GMT+08:00)[39m
[37m  [35mquery[37m:{}[39m
[37mCompleted in 41ms  200

[39m
[37mStarted POST   /api/datav/queryDavavMeishiChinaList for ::1at Sun May 26 2019 20:26:33 GMT+0800 (GMT+08:00)[39m
[37m  [35mquery[37m:{}[39m
[37mCompleted in 76ms  200

[39m
[37mStarted POST   /api/datav/queryDatavMeishichinaTypeList for ::1at Sun May 26 2019 20:27:25 GMT+0800 (GMT+08:00)[39m
[37m  [35mquery[37m:{}[39m
[37mCompleted in 35ms  200

[39m
[37mStarted POST   /api/datav/queryDavavMeishiChinaList for ::1at Sun May 26 2019 20:27:25 GMT+0800 (GMT+08:00)[39m
[37m  [35mquery[37m:{}[39m
[37mCompleted in 79ms  200

[39m
[37mStarted POST   /api/datav/queryDatavMeishichinaTypeList for ::1at Sun May 26 2019 20:29:12 GMT+0800 (GMT+08:00)[39m
[37m  [35mquery[37m:{}[39m
[37mCompleted in 33ms  200

[39m
[37mStarted POST   /api/datav/queryDavavMeishiChinaList for ::1at Sun May 26 2019 20:29:13 GMT+0800 (GMT+08:00)[39m
[37m  [35mquery[37m:{}[39m
[37mCompleted in 68ms  200

[39m
[37mStarted POST   /api/datav/queryDatavMeishichinaTypeList for ::1at Sun May 26 2019 20:35:10 GMT+0800 (GMT+08:00)[39m
[37m  [35mquery[37m:{}[39m
[37mCompleted in 39ms  200

[39m
[37mStarted POST   /api/datav/queryDavavMeishiChinaList for ::1at Sun May 26 2019 20:35:10 GMT+0800 (GMT+08:00)[39m
[37m  [35mquery[37m:{}[39m
[37mCompleted in 73ms  200

[39m
[37mStarted POST   /api/datav/queryDatavMeishichinaTypeList for ::1at Sun May 26 2019 20:35:40 GMT+0800 (GMT+08:00)[39m
[37m  [35mquery[37m:{}[39m
[37mCompleted in 35ms  200

[39m
[37mStarted POST   /api/datav/queryDavavMeishiChinaList for ::1at Sun May 26 2019 20:35:40 GMT+0800 (GMT+08:00)[39m
[37m  [35mquery[37m:{}[39m
[37mCompleted in 74ms  200

[39m
[37mStarted POST   /api/datav/queryDatavMeishichinaTypeList for ::1at Sun May 26 2019 20:39:02 GMT+0800 (GMT+08:00)[39m
[37m  [35mquery[37m:{}[39m
[37mCompleted in 35ms  200

[39m
[37mStarted POST   /api/datav/queryDavavMeishiChinaList for ::1at Sun May 26 2019 20:39:03 GMT+0800 (GMT+08:00)[39m
[37m  [35mquery[37m:{}[39m
[37mCompleted in 65ms  200

[39m
[37mStarted POST   /api/datav/queryDatavMeishichinaTypeList for ::1at Sun May 26 2019 20:41:12 GMT+0800 (GMT+08:00)[39m
[37m  [35mquery[37m:{}[39m
[37mCompleted in 45ms  200

[39m
[37mStarted POST   /api/datav/queryDavavMeishiChinaList for ::1at Sun May 26 2019 20:41:12 GMT+0800 (GMT+08:00)[39m
[37m  [35mquery[37m:{}[39m
[37mCompleted in 68ms  200

[39m
[37mStarted POST   /api/datav/queryDatavMeishichinaTypeList for ::1at Sun May 26 2019 20:43:26 GMT+0800 (GMT+08:00)[39m
[37m  [35mquery[37m:{}[39m
[37mCompleted in 43ms  200

[39m
[37mStarted POST   /api/datav/queryDavavMeishiChinaList for ::1at Sun May 26 2019 20:43:27 GMT+0800 (GMT+08:00)[39m
[37m  [35mquery[37m:{}[39m
[37mCompleted in 87ms  200

[39m
[37mStarted POST   /api/datav/queryDatavMeishichinaTypeList for ::1at Sun May 26 2019 20:46:36 GMT+0800 (GMT+08:00)[39m
[37m  [35mquery[37m:{}[39m
[37mCompleted in 65ms  200

[39m
[37mStarted POST   /api/datav/queryDavavMeishiChinaList for ::1at Sun May 26 2019 20:46:37 GMT+0800 (GMT+08:00)[39m
[37m  [35mquery[37m:{}[39m
[37mCompleted in 75ms  200

[39m
[37mStarted POST   /api/datav/queryDatavMeishichinaTypeList for ::1at Sun May 26 2019 20:54:51 GMT+0800 (GMT+08:00)[39m
[37m  [35mquery[37m:{}[39m
[37mCompleted in 48ms  200

[39m
[37mStarted POST   /api/datav/queryDavavMeishiChinaList for ::1at Sun May 26 2019 20:54:52 GMT+0800 (GMT+08:00)[39m
[37m  [35mquery[37m:{}[39m
[37mCompleted in 79ms  200

[39m
[37mStarted POST   /api/datav/queryDatavMeishichinaTypeList for ::1at Sun May 26 2019 20:56:00 GMT+0800 (GMT+08:00)[39m
[37m  [35mquery[37m:{}[39m
[37mCompleted in 44ms  200

[39m
[37mStarted POST   /api/datav/queryDavavMeishiChinaList for ::1at Sun May 26 2019 20:56:01 GMT+0800 (GMT+08:00)[39m
[37m  [35mquery[37m:{}[39m
[37mCompleted in 73ms  200

[39m
[37mStarted POST   /api/datav/queryDatavMeishichinaTypeList for ::1at Sun May 26 2019 20:56:53 GMT+0800 (GMT+08:00)[39m
[37m  [35mquery[37m:{}[39m
[37mCompleted in 61ms  200

[39m
[37mStarted POST   /api/datav/queryDavavMeishiChinaList for ::1at Sun May 26 2019 20:56:53 GMT+0800 (GMT+08:00)[39m
[37m  [35mquery[37m:{}[39m
[37mCompleted in 110ms  200

[39m
[37mStarted POST   /api/datav/queryDatavMeishichinaTypeList for ::1at Sun May 26 2019 20:57:12 GMT+0800 (GMT+08:00)[39m
[37m  [35mquery[37m:{}[39m
[37mCompleted in 47ms  200

[39m
[37mStarted POST   /api/datav/queryDavavMeishiChinaList for ::1at Sun May 26 2019 20:57:12 GMT+0800 (GMT+08:00)[39m
[37m  [35mquery[37m:{}[39m
[37mCompleted in 128ms  200

[39m
[37mStarted POST   /api/datav/queryDatavMeishichinaTypeList for ::1at Sun May 26 2019 20:58:13 GMT+0800 (GMT+08:00)[39m
[37m  [35mquery[37m:{}[39m
[37mCompleted in 84ms  200

[39m
[37mStarted POST   /api/datav/queryDavavMeishiChinaList for ::1at Sun May 26 2019 20:58:14 GMT+0800 (GMT+08:00)[39m
[37m  [35mquery[37m:{}[39m
[37mCompleted in 69ms  200

[39m
[37mStarted POST   /api/datav/queryDatavMeishichinaTypeList for ::1at Sun May 26 2019 21:01:08 GMT+0800 (GMT+08:00)[39m
[37m  [35mquery[37m:{}[39m
[37mCompleted in 44ms  200

[39m
[37mStarted POST   /api/datav/queryDavavMeishiChinaList for ::1at Sun May 26 2019 21:01:09 GMT+0800 (GMT+08:00)[39m
[37m  [35mquery[37m:{}[39m
[37mCompleted in 70ms  200

[39m
[37mStarted POST   /api/datav/queryDavavMeishiChinaList for ::1at Sun May 26 2019 21:02:14 GMT+0800 (GMT+08:00)[39m
[37m  [35mquery[37m:{}[39m
[37mCompleted in 73ms  200

[39m
[37mStarted POST   /api/datav/queryDavavMeishiChinaList for ::1at Sun May 26 2019 21:02:17 GMT+0800 (GMT+08:00)[39m
[37m  [35mquery[37m:{}[39m
[37mCompleted in 68ms  200

[39m
[37mStarted POST   /api/datav/queryDatavMeishichinaTypeList for ::1at Sun May 26 2019 21:06:03 GMT+0800 (GMT+08:00)[39m
[37m  [35mquery[37m:{}[39m
[37mCompleted in 58ms  200

[39m
[37mStarted POST   /api/datav/queryDavavMeishiChinaList for ::1at Sun May 26 2019 21:06:04 GMT+0800 (GMT+08:00)[39m
[37m  [35mquery[37m:{}[39m
[37mCompleted in 108ms  200

[39m
[37mStarted POST   /api/datav/queryDatavMeishichinaTypeList for ::1at Sun May 26 2019 21:06:19 GMT+0800 (GMT+08:00)[39m
[37m  [35mquery[37m:{}[39m
[37mCompleted in 32ms  200

[39m
[37mStarted POST   /api/datav/queryDavavMeishiChinaList for ::1at Sun May 26 2019 21:06:19 GMT+0800 (GMT+08:00)[39m
[37m  [35mquery[37m:{}[39m
[37mCompleted in 88ms  200

[39m
[37mStarted POST   /api/datav/queryDatavMeishichinaTypeList for ::1at Sun May 26 2019 21:10:08 GMT+0800 (GMT+08:00)[39m
[37m  [35mquery[37m:{}[39m
[37mCompleted in 62ms  200

[39m
[37mStarted POST   /api/datav/queryDavavMeishiChinaList for ::1at Sun May 26 2019 21:10:08 GMT+0800 (GMT+08:00)[39m
[37m  [35mquery[37m:{}[39m
[37mCompleted in 73ms  200

[39m
[37mStarted POST   /api/datav/querySearchDatavMeishichina for ::1at Sun May 26 2019 21:10:16 GMT+0800 (GMT+08:00)[39m
[37m  [35mquery[37m:{}[39m
[37mCompleted in 38ms  200

[39m
[37mStarted POST   /api/datav/querySearchDatavMeishichina for ::1at Sun May 26 2019 21:10:44 GMT+0800 (GMT+08:00)[39m
[37m  [35mquery[37m:{}[39m
[37mCompleted in 38ms  200

[39m
[37mStarted POST   /api/datav/querySearchDatavMeishichina for ::1at Sun May 26 2019 21:10:50 GMT+0800 (GMT+08:00)[39m
[37m  [35mquery[37m:{}[39m
[37mCompleted in 60ms  200

[39m
[37mStarted POST   /api/datav/querySearchDatavMeishichina for ::1at Sun May 26 2019 21:11:06 GMT+0800 (GMT+08:00)[39m
[37m  [35mquery[37m:{}[39m
[37mCompleted in 48ms  200

[39m
[37mStarted POST   /api/datav/querySearchDatavMeishichina for ::1at Sun May 26 2019 21:11:11 GMT+0800 (GMT+08:00)[39m
[37m  [35mquery[37m:{}[39m
[37mCompleted in 66ms  200

[39m
[37mStarted POST   /api/datav/queryDatavMeishichinaTypeList for ::1at Sun May 26 2019 21:21:37 GMT+0800 (GMT+08:00)[39m
[37m  [35mquery[37m:{}[39m
[37mCompleted in 50ms  200

[39m
[37mStarted POST   /api/datav/queryDavavMeishiChinaList for ::1at Sun May 26 2019 21:21:38 GMT+0800 (GMT+08:00)[39m
[37m  [35mquery[37m:{}[39m
[37mCompleted in 78ms  200

[39m
[37mStarted POST   /api/datav/queryDatavMeishichinaTypeList for ::1at Sun May 26 2019 21:21:47 GMT+0800 (GMT+08:00)[39m
[37m  [35mquery[37m:{}[39m
[37mCompleted in 39ms  200

[39m
[37mStarted POST   /api/datav/queryDavavMeishiChinaList for ::1at Sun May 26 2019 21:21:48 GMT+0800 (GMT+08:00)[39m
[37m  [35mquery[37m:{}[39m
[37mCompleted in 69ms  200

[39m
[37mStarted POST   /api/datav/queryDatavMeishichinaTypeList for ::1at Sun May 26 2019 21:22:09 GMT+0800 (GMT+08:00)[39m
[37m  [35mquery[37m:{}[39m
[37mCompleted in 32ms  200

[39m
[37mStarted POST   /api/datav/queryDavavMeishiChinaList for ::1at Sun May 26 2019 21:22:09 GMT+0800 (GMT+08:00)[39m
[37m  [35mquery[37m:{}[39m
[37mCompleted in 68ms  200

[39m
[37mStarted POST   /api/datav/queryDavavMeishiChinaList for ::1at Sun May 26 2019 21:23:08 GMT+0800 (GMT+08:00)[39m
[37m  [35mquery[37m:{}[39m
[37mCompleted in 62ms  200

[39m
[37mStarted POST   /api/datav/queryDavavMeishiChinaList for ::1at Sun May 26 2019 21:23:20 GMT+0800 (GMT+08:00)[39m
[37m  [35mquery[37m:{}[39m
[37mCompleted in 68ms  200

[39m
[37mStarted POST   /api/datav/queryDatavMeishichinaTypeList for ::1at Sun May 26 2019 21:29:53 GMT+0800 (GMT+08:00)[39m
[37m  [35mquery[37m:{}[39m
[37mCompleted in 60ms  200

[39m
[37mStarted POST   /api/datav/queryDavavMeishiChinaList for ::1at Sun May 26 2019 21:29:54 GMT+0800 (GMT+08:00)[39m
[37m  [35mquery[37m:{}[39m
[37mCompleted in 74ms  200

[39m
[37mStarted POST   /api/datav/queryDatavMeishichinaTypeList for ::1at Sun May 26 2019 21:35:49 GMT+0800 (GMT+08:00)[39m
[37m  [35mquery[37m:{}[39m
[37mCompleted in 27ms  200

[39m
[37mStarted POST   /api/datav/queryDavavMeishiChinaList for ::1at Sun May 26 2019 21:35:50 GMT+0800 (GMT+08:00)[39m
[37m  [35mquery[37m:{}[39m
[37mCompleted in 78ms  200

[39m
[37mStarted POST   /api/datav/queryDatavMeishichinaTypeList for ::1at Sun May 26 2019 21:42:20 GMT+0800 (GMT+08:00)[39m
[37m  [35mquery[37m:{}[39m
[37mCompleted in 51ms  200

[39m
[37mStarted POST   /api/datav/queryDavavMeishiChinaList for ::1at Sun May 26 2019 21:42:21 GMT+0800 (GMT+08:00)[39m
[37m  [35mquery[37m:{}[39m
[37mCompleted in 79ms  200

[39m
[37mStarted POST   /api/datav/queryDatavMeishichinaTypeList for ::1at Sun May 26 2019 21:45:12 GMT+0800 (GMT+08:00)[39m
[37m  [35mquery[37m:{}[39m
[37mCompleted in 57ms  200

[39m
[37mStarted POST   /api/datav/queryDavavMeishiChinaList for ::1at Sun May 26 2019 21:45:13 GMT+0800 (GMT+08:00)[39m
[37m  [35mquery[37m:{}[39m
[37mCompleted in 125ms  200

[39m
[37mStarted POST   /api/datav/querySearchDatavMeishichina for ::1at Sun May 26 2019 21:45:20 GMT+0800 (GMT+08:00)[39m
[37m  [35mquery[37m:{}[39m
[37mCompleted in 138ms  200

[39m
[37mStarted POST   /api/datav/queryDatavMeishichinaTypeList for ::1at Sun May 26 2019 21:45:51 GMT+0800 (GMT+08:00)[39m
[37m  [35mquery[37m:{}[39m
[37mCompleted in 66ms  200

[39m
[37mStarted POST   /api/datav/queryDavavMeishiChinaList for ::1at Sun May 26 2019 21:45:52 GMT+0800 (GMT+08:00)[39m
[37m  [35mquery[37m:{}[39m
[37mCompleted in 91ms  200

[39m
[37mStarted POST   /api/datav/queryDatavMeishichinaTypeList for ::1at Sun May 26 2019 21:47:48 GMT+0800 (GMT+08:00)[39m
[37m  [35mquery[37m:{}[39m
[37mCompleted in 62ms  200

[39m
[37mStarted POST   /api/datav/queryDatavMeishichinaTypeList for ::1at Sun May 26 2019 21:47:58 GMT+0800 (GMT+08:00)[39m
[37m  [35mquery[37m:{}[39m
[37mCompleted in 32ms  200

[39m
[37mStarted POST   /api/datav/queryDatavMeishichinaTypeList for ::1at Sun May 26 2019 21:48:17 GMT+0800 (GMT+08:00)[39m
[37m  [35mquery[37m:{}[39m
[37mCompleted in 70ms  200

[39m
[37mStarted POST   /api/datav/queryDatavMeishichinaTypeList for ::1at Sun May 26 2019 21:48:48 GMT+0800 (GMT+08:00)[39m
[37m  [35mquery[37m:{}[39m
[37mCompleted in 21ms  200

[39m
[37mStarted POST   /api/datav/queryDatavMeishichinaTypeList for ::1at Sun May 26 2019 21:49:22 GMT+0800 (GMT+08:00)[39m
[37m  [35mquery[37m:{}[39m
[37mCompleted in 31ms  200

[39m
[37mStarted POST   /api/datav/queryDavavMeishiChinaList for ::1at Sun May 26 2019 21:49:23 GMT+0800 (GMT+08:00)[39m
[37m  [35mquery[37m:{}[39m
[37mCompleted in 71ms  200

[39m
[37mStarted POST   /api/datav/querySearchDatavMeishichina for ::1at Sun May 26 2019 21:49:29 GMT+0800 (GMT+08:00)[39m
[37m  [35mquery[37m:{}[39m
[37mCompleted in 76ms  200

[39m
[37mStarted POST   /api/datav/queryDatavMeishichinaTypeList for ::1at Sun May 26 2019 21:50:10 GMT+0800 (GMT+08:00)[39m
[37m  [35mquery[37m:{}[39m
[37mCompleted in 32ms  200

[39m
[37mStarted POST   /api/datav/queryDavavMeishiChinaList for ::1at Sun May 26 2019 21:50:11 GMT+0800 (GMT+08:00)[39m
[37m  [35mquery[37m:{}[39m
[37mCompleted in 65ms  200

[39m
[37mStarted POST   /api/datav/querySearchDatavMeishichina for ::1at Sun May 26 2019 21:50:23 GMT+0800 (GMT+08:00)[39m
[37m  [35mquery[37m:{}[39m
[37mCompleted in 65ms  200

[39m
[37mStarted POST   /api/datav/querySearchDatavMeishichina for ::1at Sun May 26 2019 21:50:26 GMT+0800 (GMT+08:00)[39m
[37m  [35mquery[37m:{}[39m
[37mCompleted in 85ms  200

[39m
[37mStarted POST   /api/datav/queryDatavMeishichinaTypeList for ::1at Sun May 26 2019 21:50:53 GMT+0800 (GMT+08:00)[39m
[37m  [35mquery[37m:{}[39m
[37mCompleted in 27ms  200

[39m
[37mStarted POST   /api/datav/queryDavavMeishiChinaList for ::1at Sun May 26 2019 21:50:54 GMT+0800 (GMT+08:00)[39m
[37m  [35mquery[37m:{}[39m
[37mCompleted in 238ms  200

[39m
[37mStarted POST   /api/datav/querySearchDatavMeishichina for ::1at Sun May 26 2019 21:51:04 GMT+0800 (GMT+08:00)[39m
[37m  [35mquery[37m:{}[39m
[37mCompleted in 77ms  200

[39m
[37mStarted POST   /api/datav/queryDatavMeishichinaTypeList for ::1at Sun May 26 2019 21:54:39 GMT+0800 (GMT+08:00)[39m
[37m  [35mquery[37m:{}[39m
[37mCompleted in 64ms  200

[39m
[37mStarted POST   /api/datav/queryDavavMeishiChinaList for ::1at Sun May 26 2019 21:54:39 GMT+0800 (GMT+08:00)[39m
[37m  [35mquery[37m:{}[39m
[37mCompleted in 67ms  200

[39m
[37mStarted POST   /api/datav/querySearchDatavMeishichina for ::1at Sun May 26 2019 21:54:45 GMT+0800 (GMT+08:00)[39m
[37m  [35mquery[37m:{}[39m
[37mCompleted in 82ms  200

[39m
[37mStarted POST   /api/datav/querySearchDatavMeishichina for ::1at Sun May 26 2019 21:55:22 GMT+0800 (GMT+08:00)[39m
[37m  [35mquery[37m:{}[39m
[37mCompleted in 322ms  500

[39m
[37mStarted POST   /api/datav/queryDatavMeishichinaTypeList for ::1at Sun May 26 2019 22:06:04 GMT+0800 (GMT+08:00)[39m
[37m  [35mquery[37m:{}[39m
[37mCompleted in 42ms  200

[39m
[37mStarted POST   /api/datav/queryDavavMeishiChinaList for ::1at Sun May 26 2019 22:06:05 GMT+0800 (GMT+08:00)[39m
[37m  [35mquery[37m:{}[39m
[37mCompleted in 69ms  200

[39m
[37mStarted POST   /api/datav/queryDatavMeishichinaTypeList for ::1at Sun May 26 2019 22:24:27 GMT+0800 (GMT+08:00)[39m
[37m  [35mquery[37m:{}[39m
[37mCompleted in 66ms  200

[39m
[37mStarted POST   /api/datav/queryDavavMeishiChinaList for ::1at Sun May 26 2019 22:24:27 GMT+0800 (GMT+08:00)[39m
[37m  [35mquery[37m:{}[39m
[37mCompleted in 66ms  200

[39m
[37mStarted POST   /api/datav/queryDatavMeishichinaTypeList for ::1at Sun May 26 2019 22:29:13 GMT+0800 (GMT+08:00)[39m
[37m  [35mquery[37m:{}[39m
[37mCompleted in 49ms  200

[39m
[37mStarted POST   /api/datav/queryDavavMeishiChinaList for ::1at Sun May 26 2019 22:29:20 GMT+0800 (GMT+08:00)[39m
[37m  [35mquery[37m:{}[39m
[37mCompleted in 65ms  200

[39m
[37mStarted POST   /api/datav/queryDatavMeishichinaTypeList for ::1at Sun May 26 2019 22:29:24 GMT+0800 (GMT+08:00)[39m
[37m  [35mquery[37m:{}[39m
[37mCompleted in 27ms  200

[39m
[37mStarted POST   /api/datav/queryDavavMeishiChinaList for ::1at Sun May 26 2019 22:29:30 GMT+0800 (GMT+08:00)[39m
[37m  [35mquery[37m:{}[39m
[37mCompleted in 61ms  200

[39m
[37mStarted POST   /api/datav/queryDatavMeishichinaTypeList for ::1at Sun May 26 2019 22:29:36 GMT+0800 (GMT+08:00)[39m
[37m  [35mquery[37m:{}[39m
[37mCompleted in 19ms  200

[39m
[37mStarted POST   /api/datav/queryDavavMeishiChinaList for ::1at Sun May 26 2019 22:29:42 GMT+0800 (GMT+08:00)[39m
[37m  [35mquery[37m:{}[39m
[37mCompleted in 65ms  200

[39m
[37mStarted POST   /api/datav/queryDatavMeishichinaTypeList for ::1at Sun May 26 2019 22:29:56 GMT+0800 (GMT+08:00)[39m
[37m  [35mquery[37m:{}[39m
[37mCompleted in 36ms  200

[39m
[37mStarted POST   /api/datav/queryDavavMeishiChinaList for ::1at Sun May 26 2019 22:30:02 GMT+0800 (GMT+08:00)[39m
[37m  [35mquery[37m:{}[39m
[37mCompleted in 101ms  200

[39m
[37mStarted POST   /api/datav/queryDatavMeishichinaTypeList for ::1at Sun May 26 2019 22:30:36 GMT+0800 (GMT+08:00)[39m
[37m  [35mquery[37m:{}[39m
[37mCompleted in 35ms  200

[39m
[37mStarted POST   /api/datav/queryDavavMeishiChinaList for ::1at Sun May 26 2019 22:30:36 GMT+0800 (GMT+08:00)[39m
[37m  [35mquery[37m:{}[39m
[37mCompleted in 87ms  200

[39m
[37mStarted POST   /api/datav/queryDatavMeishichinaTypeList for ::1at Sun May 26 2019 22:43:38 GMT+0800 (GMT+08:00)[39m
[37m  [35mquery[37m:{}[39m
[37mCompleted in 51ms  200

[39m
[37mStarted POST   /api/datav/queryDavavMeishiChinaList for ::1at Sun May 26 2019 22:43:38 GMT+0800 (GMT+08:00)[39m
[37m  [35mquery[37m:{}[39m
[37mCompleted in 67ms  200

[39m
[37mStarted POST   /api/datav/queryDatavMeishichinaTypeList for ::1at Sun May 26 2019 22:44:54 GMT+0800 (GMT+08:00)[39m
[37m  [35mquery[37m:{}[39m
[37mCompleted in 36ms  200

[39m
[37mStarted POST   /api/datav/queryDavavMeishiChinaList for ::1at Sun May 26 2019 22:44:54 GMT+0800 (GMT+08:00)[39m
[37m  [35mquery[37m:{}[39m
[37mCompleted in 97ms  200

[39m
[37mStarted POST   /api/datav/querySearchDatavMeishichina for ::1at Sun May 26 2019 22:45:10 GMT+0800 (GMT+08:00)[39m
[37m  [35mquery[37m:{}[39m
[37mCompleted in 67ms  200

[39m
[37mStarted POST   /api/datav/queryDatavMeishichinaTypeList for ::1at Sun May 26 2019 22:46:00 GMT+0800 (GMT+08:00)[39m
[37m  [35mquery[37m:{}[39m
[37mCompleted in 39ms  200

[39m
[37mStarted POST   /api/datav/queryDavavMeishiChinaList for ::1at Sun May 26 2019 22:46:04 GMT+0800 (GMT+08:00)[39m
[37m  [35mquery[37m:{}[39m
[37mCompleted in 82ms  200

[39m
[37mStarted POST   /api/datav/queryDatavMeishichinaTypeList for ::1at Sun May 26 2019 22:46:17 GMT+0800 (GMT+08:00)[39m
[37m  [35mquery[37m:{}[39m
[37mCompleted in 25ms  200

[39m
[37mStarted POST   /api/datav/queryDavavMeishiChinaList for ::1at Sun May 26 2019 22:46:18 GMT+0800 (GMT+08:00)[39m
[37m  [35mquery[37m:{}[39m
[37mCompleted in 595ms  200

[39m
[37mStarted POST   /api/datav/queryDatavMeishichinaTypeList for ::1at Sun May 26 2019 22:59:16 GMT+0800 (GMT+08:00)[39m
[37m  [35mquery[37m:{}[39m
[37mCompleted in 54ms  200

[39m
[37mStarted POST   /api/datav/queryDavavMeishiChinaList for ::1at Sun May 26 2019 22:59:21 GMT+0800 (GMT+08:00)[39m
[37m  [35mquery[37m:{}[39m
[37mCompleted in 75ms  200

[39m
[37mStarted POST   /api/datav/queryDatavMeishichinaTypeList for ::1at Sun May 26 2019 23:00:14 GMT+0800 (GMT+08:00)[39m
[37m  [35mquery[37m:{}[39m
[37mCompleted in 303ms  200

[39m
[37mStarted POST   /api/datav/queryDavavMeishiChinaList for ::1at Sun May 26 2019 23:00:15 GMT+0800 (GMT+08:00)[39m
[37m  [35mquery[37m:{}[39m
[37mCompleted in 152ms  200

[39m
[37mStarted POST   /api/datav/queryDatavMeishichinaTypeList for ::1at Sun May 26 2019 23:02:17 GMT+0800 (GMT+08:00)[39m
[37m  [35mquery[37m:{}[39m
[37mCompleted in 273ms  200

[39m
[37mStarted POST   /api/datav/queryDavavMeishiChinaList for ::1at Sun May 26 2019 23:02:28 GMT+0800 (GMT+08:00)[39m
[37m  [35mquery[37m:{}[39m
[37mCompleted in 1021ms  200

[39m
[37mStarted POST   /api/datav/queryDatavMeishichinaTypeList for ::1at Sun May 26 2019 23:02:49 GMT+0800 (GMT+08:00)[39m
[37m  [35mquery[37m:{}[39m
[37mCompleted in 1068ms  200

[39m
[37mStarted POST   /api/datav/queryDavavMeishiChinaList for ::1at Sun May 26 2019 23:02:50 GMT+0800 (GMT+08:00)[39m
[37m  [35mquery[37m:{}[39m
[37mCompleted in 1025ms  200

[39m
[37mStarted POST   /api/datav/queryDatavMeishichinaTypeList for ::1at Sun May 26 2019 23:03:40 GMT+0800 (GMT+08:00)[39m
[37m  [35mquery[37m:{}[39m
[37mCompleted in 1018ms  200

[39m
[37mStarted POST   /api/datav/queryDavavMeishiChinaList for ::1at Sun May 26 2019 23:03:42 GMT+0800 (GMT+08:00)[39m
[37m  [35mquery[37m:{}[39m
[37mCompleted in 407ms  200

[39m
[37mStarted POST   /api/datav/queryDatavMeishichinaTypeList for ::1at Sun May 26 2019 23:03:57 GMT+0800 (GMT+08:00)[39m
[37m  [35mquery[37m:{}[39m
[37mCompleted in 1875ms  200

[39m
[37mStarted POST   /api/datav/queryDavavMeishiChinaList for ::1at Sun May 26 2019 23:03:59 GMT+0800 (GMT+08:00)[39m
[37m  [35mquery[37m:{}[39m
[37mCompleted in 1560ms  200

[39m
[37mStarted POST   /api/datav/querySearchDatavMeishichina for ::1at Sun May 26 2019 23:05:08 GMT+0800 (GMT+08:00)[39m
[37m  [35mquery[37m:{}[39m
[37mCompleted in 427ms  200

[39m
[37mStarted POST   /api/datav/queryDavavMeishiChinaList for ::1at Sun May 26 2019 23:05:12 GMT+0800 (GMT+08:00)[39m
[37m  [35mquery[37m:{}[39m
[37mCompleted in 133ms  200

[39m
[37mStarted POST   /api/datav/queryDavavMeishiChinaList for ::1at Sun May 26 2019 23:05:13 GMT+0800 (GMT+08:00)[39m
[37m  [35mquery[37m:{}[39m
[37mCompleted in 107ms  200

[39m
