[37mStarted GET   / for ::1at Fri May 03 2019 16:59:29 GMT+0800 (GMT+08:00)[39m
[37m  [35mquery[37m:{}[39m
[37mCompleted in 15ms  200

[39m
[37mStarted POST   /api/datavMeishiChina/queryDavavMeishiChinaList for ::1at Fri May 03 2019 20:10:46 GMT+0800 (GMT+08:00)[39m
[37m  [35mquery[37m:{}[39m
[37mCompleted in 400ms  500

[39m
[37mStarted POST   /api/datavMeishiChina/queryDavavMeishiChinaList for ::1at Fri May 03 2019 20:10:47 GMT+0800 (GMT+08:00)[39m
[37m  [35mquery[37m:{}[39m
[37mCompleted in 973ms  500

[39m
[37mStarted POST   /api/datavMeishiChina/queryDavavMeishiChinaList for ::1at Fri May 03 2019 20:10:48 GMT+0800 (GMT+08:00)[39m
[37m  [35mquery[37m:{}[39m
[37mCompleted in 357ms  500

[39m
[37mStarted POST   /api/datavMeishiChina/queryDavavMeishiChinaList for ::1at Fri May 03 2019 20:10:48 GMT+0800 (GMT+08:00)[39m
[37m  [35mquery[37m:{}[39m
[37mCompleted in 178ms  500

[39m
[37mStarted POST   /api/datavMeishiChina/queryDavavMeishiChinaList for ::1at Fri May 03 2019 20:10:48 GMT+0800 (GMT+08:00)[39m
[37m  [35mquery[37m:{}[39m
[37mCompleted in 597ms  500

[39m
[37mStarted POST   /api/datavMeishiChina/queryDavavMeishiChinaList for ::1at Fri May 03 2019 20:10:58 GMT+0800 (GMT+08:00)[39m
[37m  [35mquery[37m:{}[39m
[37mCompleted in 62ms  500

[39m
[37mStarted POST   /api/datavMeishiChina/queryDavavMeishiChinaList for ::1at Fri May 03 2019 20:10:58 GMT+0800 (GMT+08:00)[39m
[37m  [35mquery[37m:{}[39m
[37mCompleted in 96ms  500

[39m
[37mStarted POST   /api/datavMeishiChina/queryDavavMeishiChinaList for ::1at Fri May 03 2019 20:10:58 GMT+0800 (GMT+08:00)[39m
[37m  [35mquery[37m:{}[39m
[37mCompleted in 301ms  500

[39m
[37mStarted POST   /api/datavMeishiChina/queryDavavMeishiChinaList for ::1at Fri May 03 2019 20:10:58 GMT+0800 (GMT+08:00)[39m
[37m  [35mquery[37m:{}[39m
[37mCompleted in 238ms  500

[39m
[37mStarted POST   /api/datavMeishiChina/queryDavavMeishiChinaList for ::1at Fri May 03 2019 20:10:58 GMT+0800 (GMT+08:00)[39m
[37m  [35mquery[37m:{}[39m
[37mCompleted in 216ms  500

[39m
[37mStarted POST   /api/datavMeishiChina/queryDavavMeishiChinaList for ::1at Fri May 03 2019 20:11:52 GMT+0800 (GMT+08:00)[39m
[37m  [35mquery[37m:{}[39m
[37mCompleted in 48ms  500

[39m
[37mStarted POST   /api/datavMeishiChina/queryDavavMeishiChinaList for ::1at Fri May 03 2019 20:11:52 GMT+0800 (GMT+08:00)[39m
[37m  [35mquery[37m:{}[39m
[37mCompleted in 153ms  500

[39m
[37mStarted POST   /api/datavMeishiChina/queryDavavMeishiChinaList for ::1at Fri May 03 2019 20:11:52 GMT+0800 (GMT+08:00)[39m
[37m  [35mquery[37m:{}[39m
[37mCompleted in 204ms  500

[39m
[37mStarted POST   /api/datavMeishiChina/queryDavavMeishiChinaList for ::1at Fri May 03 2019 20:11:52 GMT+0800 (GMT+08:00)[39m
[37m  [35mquery[37m:{}[39m
[37mCompleted in 6ms  500

[39m
[37mStarted POST   /api/datavMeishiChina/queryDavavMeishiChinaList for ::1at Fri May 03 2019 20:11:52 GMT+0800 (GMT+08:00)[39m
[37m  [35mquery[37m:{}[39m
[37mCompleted in 72ms  500

[39m
[37mStarted POST   /api/datavMeishiChina/queryDavavMeishiChinaList for ::1at Fri May 03 2019 20:12:08 GMT+0800 (GMT+08:00)[39m
[37m  [35mquery[37m:{}[39m
[37mCompleted in 68ms  500

[39m
[37mStarted POST   /api/datavMeishiChina/queryDavavMeishiChinaList for ::1at Fri May 03 2019 20:12:08 GMT+0800 (GMT+08:00)[39m
[37m  [35mquery[37m:{}[39m
[37mCompleted in 434ms  500

[39m
[37mStarted POST   /api/datavMeishiChina/queryDavavMeishiChinaList for ::1at Fri May 03 2019 20:12:08 GMT+0800 (GMT+08:00)[39m
[37m  [35mquery[37m:{}[39m
[37mCompleted in 282ms  500

[39m
[37mStarted POST   /api/datavMeishiChina/queryDavavMeishiChinaList for ::1at Fri May 03 2019 20:12:09 GMT+0800 (GMT+08:00)[39m
[37m  [35mquery[37m:{}[39m
[37mCompleted in 193ms  500

[39m
[37mStarted POST   /api/datavMeishiChina/queryDavavMeishiChinaList for ::1at Fri May 03 2019 20:12:09 GMT+0800 (GMT+08:00)[39m
[37m  [35mquery[37m:{}[39m
[37mCompleted in 169ms  500

[39m
[37mStarted POST   /api/datavMeishiChina/queryDavavMeishiChinaList for ::1at Fri May 03 2019 20:12:51 GMT+0800 (GMT+08:00)[39m
[37m  [35mquery[37m:{}[39m
[37mCompleted in 62ms  500

[39m
[37mStarted POST   /api/datavMeishiChina/queryDavavMeishiChinaList for ::1at Fri May 03 2019 20:12:51 GMT+0800 (GMT+08:00)[39m
[37m  [35mquery[37m:{}[39m
[37mCompleted in 159ms  500

[39m
[37mStarted POST   /api/datavMeishiChina/queryDavavMeishiChinaList for ::1at Fri May 03 2019 20:12:51 GMT+0800 (GMT+08:00)[39m
[37m  [35mquery[37m:{}[39m
[37mCompleted in 87ms  500

[39m
[37mStarted POST   /api/datavMeishiChina/queryDavavMeishiChinaList for ::1at Fri May 03 2019 20:12:51 GMT+0800 (GMT+08:00)[39m
[37m  [35mquery[37m:{}[39m
[37mCompleted in 311ms  500

[39m
[37mStarted POST   /api/datavMeishiChina/queryDavavMeishiChinaList for ::1at Fri May 03 2019 20:12:52 GMT+0800 (GMT+08:00)[39m
[37m  [35mquery[37m:{}[39m
[37mCompleted in 196ms  500

[39m
