[37mStarted POST   /api/datav/queryDatavMeishichinaTypeList for ::1at Fri Jul 12 2019 11:35:07 GMT+0800 (GMT+08:00)[39m
[37m  [35mquery[37m:{}[39m
[37mCompleted in 109ms  200

[39m
[37mStarted POST   /api/datav/queryDavavMeishiChinaList for ::1at Fri Jul 12 2019 11:35:08 GMT+0800 (GMT+08:00)[39m
[37m  [35mquery[37m:{}[39m
[37mCompleted in 179ms  200

[39m
[37mStarted POST   /api/datav/queryDavavMeishiChinaList for ::1at Fri Jul 12 2019 11:36:04 GMT+0800 (GMT+08:00)[39m
[37m  [35mquery[37m:{}[39m
[37mCompleted in 183ms  200

[39m
[37mStarted POST   /api/footprint/queryFootPrintList for ::1at Fri Jul 12 2019 11:38:04 GMT+0800 (GMT+08:00)[39m
[37m  [35mquery[37m:{}[39m
[37mCompleted in 46ms  200

[39m
[37mStarted POST   /api/music/queryAllSongs for ::1at Fri Jul 12 2019 11:38:04 GMT+0800 (GMT+08:00)[39m
[37m  [35mquery[37m:{}[39m
[37mCompleted in 1394ms  200

[39m
[37mStarted POST   /api/music/queryAllSongs for ::1at Fri Jul 12 2019 11:38:04 GMT+0800 (GMT+08:00)[39m
[37m  [35mquery[37m:{}[39m
[37mCompleted in 1488ms  200

[39m
[37mStarted POST   /api/datav/queryDatavMeishichinaTypeList for ::1at Fri Jul 12 2019 11:38:20 GMT+0800 (GMT+08:00)[39m
[37m  [35mquery[37m:{}[39m
[37mCompleted in 90ms  200

[39m
[37mStarted POST   /api/datav/queryDavavMeishiChinaList for ::1at Fri Jul 12 2019 11:38:21 GMT+0800 (GMT+08:00)[39m
[37m  [35mquery[37m:{}[39m
[37mCompleted in 174ms  200

[39m
[37mStarted POST   /api/datav/queryDavavMeishiChinaList for ::1at Fri Jul 12 2019 11:38:24 GMT+0800 (GMT+08:00)[39m
[37m  [35mquery[37m:{}[39m
[37mCompleted in 157ms  200

[39m
[37mStarted POST   /api/datav/queryDavavMeishiChinaList for ::1at Fri Jul 12 2019 11:38:25 GMT+0800 (GMT+08:00)[39m
[37m  [35mquery[37m:{}[39m
[37mCompleted in 262ms  200

[39m
[37mStarted POST   /api/datav/queryDavavMeishiChinaList for ::1at Fri Jul 12 2019 11:38:27 GMT+0800 (GMT+08:00)[39m
[37m  [35mquery[37m:{}[39m
[37mCompleted in 161ms  200

[39m
[37mStarted POST   /api/datav/queryDavavMeishiChinaList for ::1at Fri Jul 12 2019 11:38:28 GMT+0800 (GMT+08:00)[39m
[37m  [35mquery[37m:{}[39m
[37mCompleted in 164ms  200

[39m
[37mStarted POST   /api/datav/queryDavavMeishiChinaList for ::1at Fri Jul 12 2019 11:38:30 GMT+0800 (GMT+08:00)[39m
[37m  [35mquery[37m:{}[39m
[37mCompleted in 161ms  200

[39m
[37mStarted POST   /api/activity/queryUserActivityInfo for ::1at Fri Jul 12 2019 11:49:32 GMT+0800 (GMT+08:00)[39m
[37m  [35mquery[37m:{}[39m
[37mCompleted in 184ms  200

[39m
[37mStarted POST   /api/datav/queryDatavMeishichinaTypeList for ::1at Fri Jul 12 2019 11:49:39 GMT+0800 (GMT+08:00)[39m
[37m  [35mquery[37m:{}[39m
[37mCompleted in 97ms  200

[39m
[37mStarted POST   /api/datav/queryDavavMeishiChinaList for ::1at Fri Jul 12 2019 11:49:39 GMT+0800 (GMT+08:00)[39m
[37m  [35mquery[37m:{}[39m
[37mCompleted in 172ms  200

[39m
[37mStarted POST   /api/activity/queryUserActivityInfo for ::1at Fri Jul 12 2019 11:49:43 GMT+0800 (GMT+08:00)[39m
[37m  [35mquery[37m:{}[39m
[37mCompleted in 218ms  200

[39m
[37mStarted POST   /api/friend/loadPeopleNearBy for ::1at Fri Jul 12 2019 11:49:55 GMT+0800 (GMT+08:00)[39m
[37m  [35mquery[37m:{}[39m
[37mCompleted in 297ms  500

[39m
[37mStarted POST   /api/datav/queryDatavMeishichinaTypeList for ::1at Fri Jul 12 2019 11:50:02 GMT+0800 (GMT+08:00)[39m
[37m  [35mquery[37m:{}[39m
[37mCompleted in 91ms  200

[39m
[37mStarted POST   /api/datav/queryDavavMeishiChinaList for ::1at Fri Jul 12 2019 11:50:02 GMT+0800 (GMT+08:00)[39m
[37m  [35mquery[37m:{}[39m
[37mCompleted in 180ms  200

[39m
[37mStarted POST   /api/datav/queryDatavMeishichinaTypeList for ::1at Fri Jul 12 2019 14:34:12 GMT+0800 (GMT+08:00)[39m
[37m  [35mquery[37m:{}[39m
[37mCompleted in 52s  200

[39m
[37mStarted POST   /api/datav/queryDatavMeishichinaTypeList for ::1at Fri Jul 12 2019 14:38:18 GMT+0800 (GMT+08:00)[39m
[37m  [35mquery[37m:{}[39m
[37mCompleted in 103ms  200

[39m
[37mStarted POST   /api/datav/queryDavavMeishiChinaList for ::1at Fri Jul 12 2019 14:38:19 GMT+0800 (GMT+08:00)[39m
[37m  [35mquery[37m:{}[39m
[37mCompleted in 394ms  200

[39m
[37mStarted POST   /api/activity/queryUserActivityInfo for ::1at Fri Jul 12 2019 14:38:22 GMT+0800 (GMT+08:00)[39m
[37m  [35mquery[37m:{}[39m
[37mCompleted in 219ms  200

[39m
[37mStarted POST   /api/activity/queryUserActivityInfo for ::1at Fri Jul 12 2019 14:38:25 GMT+0800 (GMT+08:00)[39m
[37m  [35mquery[37m:{}[39m
[37mCompleted in 274ms  200

[39m
[37mStarted POST   /api/footprint/queryFootPrintList for ::1at Fri Jul 12 2019 14:38:32 GMT+0800 (GMT+08:00)[39m
[37m  [35mquery[37m:{}[39m
[37mCompleted in 66ms  200

[39m
[37mStarted POST   /api/music/queryAllSongs for ::1at Fri Jul 12 2019 14:38:32 GMT+0800 (GMT+08:00)[39m
[37m  [35mquery[37m:{}[39m
[37mCompleted in 1776ms  200

[39m
[37mStarted POST   /api/music/queryAllSongs for ::1at Fri Jul 12 2019 14:38:32 GMT+0800 (GMT+08:00)[39m
[37m  [35mquery[37m:{}[39m
[37mCompleted in 2194ms  200

[39m
[37mStarted POST   /api/music/searchMusic for ::1at Fri Jul 12 2019 14:38:55 GMT+0800 (GMT+08:00)[39m
[37m  [35mquery[37m:{}[39m
[37mCompleted in 1052ms  200

[39m
[37mStarted POST   /api/music/joinPlayList for ::1at Fri Jul 12 2019 14:38:59 GMT+0800 (GMT+08:00)[39m
[37m  [35mquery[37m:{}[39m
[37mCompleted in 194ms  200

[39m
[37mStarted POST   /api/music/joinPlayList for ::1at Fri Jul 12 2019 14:38:59 GMT+0800 (GMT+08:00)[39m
[37m  [35mquery[37m:{}[39m
[37mCompleted in 225ms  200

[39m
[37mStarted POST   /api/music/queryAllSongs for ::1at Fri Jul 12 2019 14:38:59 GMT+0800 (GMT+08:00)[39m
[37m  [35mquery[37m:{}[39m
[37mCompleted in 2026ms  200

[39m
[37mStarted POST   /api/music/queryAllSongs for ::1at Fri Jul 12 2019 14:38:59 GMT+0800 (GMT+08:00)[39m
[37m  [35mquery[37m:{}[39m
[37mCompleted in 2098ms  200

[39m
[37mStarted POST   /api/music/queryAllSongs for ::1at Fri Jul 12 2019 14:38:59 GMT+0800 (GMT+08:00)[39m
[37m  [35mquery[37m:{}[39m
[37mCompleted in 2193ms  200

[39m
[37mStarted POST   /api/music/joinPlayList for ::1at Fri Jul 12 2019 14:39:07 GMT+0800 (GMT+08:00)[39m
[37m  [35mquery[37m:{}[39m
[37mCompleted in 88ms  200

[39m
[37mStarted POST   /api/music/joinPlayList for ::1at Fri Jul 12 2019 14:39:07 GMT+0800 (GMT+08:00)[39m
[37m  [35mquery[37m:{}[39m
[37mCompleted in 100ms  200

[39m
[37mStarted POST   /api/datav/queryDatavMeishichinaTypeList for ::1at Fri Jul 12 2019 14:39:19 GMT+0800 (GMT+08:00)[39m
[37m  [35mquery[37m:{}[39m
[37mCompleted in 105ms  200

[39m
[37mStarted POST   /api/datav/queryDavavMeishiChinaList for ::1at Fri Jul 12 2019 14:39:19 GMT+0800 (GMT+08:00)[39m
[37m  [35mquery[37m:{}[39m
[37mCompleted in 215ms  200

[39m
[37mStarted POST   /api/datav/queryDavavMeishiChinaList for ::1at Fri Jul 12 2019 14:39:24 GMT+0800 (GMT+08:00)[39m
[37m  [35mquery[37m:{}[39m
[37mCompleted in 334ms  200

[39m
[37mStarted POST   /api/datav/queryDavavMeishiChinaList for ::1at Fri Jul 12 2019 14:39:26 GMT+0800 (GMT+08:00)[39m
[37m  [35mquery[37m:{}[39m
[37mCompleted in 210ms  200

[39m
[37mStarted POST   /api/activity/queryUserActivityInfo for ::1at Fri Jul 12 2019 14:40:07 GMT+0800 (GMT+08:00)[39m
[37m  [35mquery[37m:{}[39m
[37mCompleted in 181ms  200

[39m
[37mStarted POST   /api/datav/queryDatavMeishichinaTypeList for ::1at Fri Jul 12 2019 14:40:12 GMT+0800 (GMT+08:00)[39m
[37m  [35mquery[37m:{}[39m
[37mCompleted in 97ms  200

[39m
[37mStarted POST   /api/datav/queryDavavMeishiChinaList for ::1at Fri Jul 12 2019 14:40:13 GMT+0800 (GMT+08:00)[39m
[37m  [35mquery[37m:{}[39m
[37mCompleted in 265ms  200

[39m
[37mStarted POST   /api/activity/queryUserActivityInfo for ::1at Fri Jul 12 2019 14:42:19 GMT+0800 (GMT+08:00)[39m
[37m  [35mquery[37m:{}[39m
[37mCompleted in 213ms  200

[39m
[37mStarted POST   /api/datav/queryDatavMeishichinaTypeList for ::1at Fri Jul 12 2019 14:42:25 GMT+0800 (GMT+08:00)[39m
[37m  [35mquery[37m:{}[39m
[37mCompleted in 161ms  200

[39m
[37mStarted POST   /api/datav/queryDavavMeishiChinaList for ::1at Fri Jul 12 2019 14:42:26 GMT+0800 (GMT+08:00)[39m
[37m  [35mquery[37m:{}[39m
[37mCompleted in 187ms  200

[39m
[37mStarted POST   /api/datav/queryDavavMeishiChinaList for ::1at Fri Jul 12 2019 14:43:47 GMT+0800 (GMT+08:00)[39m
[37m  [35mquery[37m:{}[39m
[37mCompleted in 236ms  200

[39m
[37mStarted POST   /api/datav/queryDavavMeishiChinaList for ::1at Fri Jul 12 2019 14:44:46 GMT+0800 (GMT+08:00)[39m
[37m  [35mquery[37m:{}[39m
[37mCompleted in 385ms  200

[39m
[37mStarted POST   /api/footprint/queryFootPrintList for ::1at Fri Jul 12 2019 14:45:38 GMT+0800 (GMT+08:00)[39m
[37m  [35mquery[37m:{}[39m
[37mCompleted in 86ms  200

[39m
[37mStarted POST   /api/music/queryAllSongs for ::1at Fri Jul 12 2019 14:45:38 GMT+0800 (GMT+08:00)[39m
[37m  [35mquery[37m:{}[39m
[37mCompleted in 1518ms  200

[39m
[37mStarted POST   /api/activity/queryUserActivityInfo for ::1at Fri Jul 12 2019 14:45:40 GMT+0800 (GMT+08:00)[39m
[37m  [35mquery[37m:{}[39m
[37mCompleted in 206ms  200

[39m
[37mStarted POST   /api/activity/queryUserActivityInfo for ::1at Fri Jul 12 2019 14:45:44 GMT+0800 (GMT+08:00)[39m
[37m  [35mquery[37m:{}[39m
[37mCompleted in 194ms  200

[39m
[37mStarted POST   /api/datav/queryDatavMeishichinaTypeList for ::1at Fri Jul 12 2019 14:45:52 GMT+0800 (GMT+08:00)[39m
[37m  [35mquery[37m:{}[39m
[37mCompleted in 86ms  200

[39m
[37mStarted POST   /api/datav/queryDavavMeishiChinaList for ::1at Fri Jul 12 2019 14:45:53 GMT+0800 (GMT+08:00)[39m
[37m  [35mquery[37m:{}[39m
[37mCompleted in 217ms  200

[39m
[37mStarted POST   /api/datav/queryDavavMeishiChinaList for ::1at Fri Jul 12 2019 14:46:31 GMT+0800 (GMT+08:00)[39m
[37m  [35mquery[37m:{}[39m
[37mCompleted in 366ms  200

[39m
[37mStarted POST   /api/datav/queryDavavMeishiChinaList for ::1at Fri Jul 12 2019 14:46:32 GMT+0800 (GMT+08:00)[39m
[37m  [35mquery[37m:{}[39m
[37mCompleted in 191ms  200

[39m
[37mStarted POST   /api/datav/queryDavavMeishiChinaList for ::1at Fri Jul 12 2019 14:46:33 GMT+0800 (GMT+08:00)[39m
[37m  [35mquery[37m:{}[39m
[37mCompleted in 224ms  200

[39m
[37mStarted POST   /api/datav/queryDavavMeishiChinaList for ::1at Fri Jul 12 2019 14:46:38 GMT+0800 (GMT+08:00)[39m
[37m  [35mquery[37m:{}[39m
[37mCompleted in 439ms  200

[39m
[37mStarted POST   /api/datav/queryDatavMeishichinaTypeList for ::1at Fri Jul 12 2019 14:52:05 GMT+0800 (GMT+08:00)[39m
[37m  [35mquery[37m:{}[39m
[37mCompleted in 197ms  200

[39m
[37mStarted POST   /api/datav/queryDavavMeishiChinaList for ::1at Fri Jul 12 2019 14:52:06 GMT+0800 (GMT+08:00)[39m
[37m  [35mquery[37m:{}[39m
[37mCompleted in 309ms  200

[39m
[37mStarted POST   /api/login/useMobileLogin for ::1at Fri Jul 12 2019 14:52:12 GMT+0800 (GMT+08:00)[39m
[37m  [35mquery[37m:{}[39m
[37mCompleted in 257ms  200

[39m
[37mStarted POST   /api/activity/queryUserActivityInfo for ::1at Fri Jul 12 2019 14:52:14 GMT+0800 (GMT+08:00)[39m
[37m  [35mquery[37m:{}[39m
[37mCompleted in 283ms  200

[39m
[37mStarted POST   /api/datav/queryDatavMeishichinaTypeList for ::1at Fri Jul 12 2019 14:53:00 GMT+0800 (GMT+08:00)[39m
[37m  [35mquery[37m:{}[39m
[37mCompleted in 173ms  200

[39m
[37mStarted POST   /api/datav/queryDavavMeishiChinaList for ::1at Fri Jul 12 2019 14:53:00 GMT+0800 (GMT+08:00)[39m
[37m  [35mquery[37m:{}[39m
[37mCompleted in 227ms  200

[39m
[37mStarted POST   /api/activity/queryUserActivityInfo for ::1at Fri Jul 12 2019 14:53:12 GMT+0800 (GMT+08:00)[39m
[37m  [35mquery[37m:{}[39m
[37mCompleted in 198ms  200

[39m
[37mStarted POST   /api/datav/queryDatavMeishichinaTypeList for ::1at Fri Jul 12 2019 14:53:15 GMT+0800 (GMT+08:00)[39m
[37m  [35mquery[37m:{}[39m
[37mCompleted in 99ms  200

[39m
[37mStarted POST   /api/datav/queryDavavMeishiChinaList for ::1at Fri Jul 12 2019 14:53:16 GMT+0800 (GMT+08:00)[39m
[37m  [35mquery[37m:{}[39m
[37mCompleted in 311ms  200

[39m
[37mStarted POST   /api/datav/queryDavavMeishiChinaList for ::1at Fri Jul 12 2019 14:57:41 GMT+0800 (GMT+08:00)[39m
[37m  [35mquery[37m:{}[39m
[37mCompleted in 308ms  200

[39m
[37mStarted POST   /api/activity/queryUserActivityInfo for ::1at Fri Jul 12 2019 14:57:44 GMT+0800 (GMT+08:00)[39m
[37m  [35mquery[37m:{}[39m
[37mCompleted in 224ms  200

[39m
[37mStarted POST   /api/datav/queryDatavMeishichinaTypeList for ::1at Fri Jul 12 2019 14:57:51 GMT+0800 (GMT+08:00)[39m
[37m  [35mquery[37m:{}[39m
[37mCompleted in 148ms  200

[39m
[37mStarted POST   /api/datav/queryDavavMeishiChinaList for ::1at Fri Jul 12 2019 14:57:51 GMT+0800 (GMT+08:00)[39m
[37m  [35mquery[37m:{}[39m
[37mCompleted in 221ms  200

[39m
[37mStarted POST   /api/datav/queryDatavMeishichinaTypeList for ::1at Fri Jul 12 2019 15:04:03 GMT+0800 (GMT+08:00)[39m
[37m  [35mquery[37m:{}[39m
[37mCompleted in 245ms  200

[39m
[37mStarted POST   /api/datav/queryDavavMeishiChinaList for ::1at Fri Jul 12 2019 15:04:04 GMT+0800 (GMT+08:00)[39m
[37m  [35mquery[37m:{}[39m
[37mCompleted in 355ms  200

[39m
[37mStarted POST   /api/datav/queryDatavMeishichinaTypeList for ::1at Fri Jul 12 2019 19:06:28 GMT+0800 (GMT+08:00)[39m
[37m  [35mquery[37m:{}[39m
[37mCompleted in 57ms  200

[39m
[37mStarted POST   /api/datav/queryDavavMeishiChinaList for ::1at Fri Jul 12 2019 19:06:29 GMT+0800 (GMT+08:00)[39m
[37m  [35mquery[37m:{}[39m
[37mCompleted in 230ms  200

[39m
[37mStarted POST   /api/datav/queryDavavMeishiChinaList for ::1at Fri Jul 12 2019 19:06:48 GMT+0800 (GMT+08:00)[39m
[37m  [35mquery[37m:{}[39m
[37mCompleted in 83ms  200

[39m
[37mStarted POST   /api/footprint/queryFootPrintList for ::1at Fri Jul 12 2019 19:06:58 GMT+0800 (GMT+08:00)[39m
[37m  [35mquery[37m:{}[39m
[37mCompleted in 95ms  200

[39m
[37mStarted POST   /api/music/queryAllSongs for ::1at Fri Jul 12 2019 19:06:58 GMT+0800 (GMT+08:00)[39m
[37m  [35mquery[37m:{}[39m
[37mCompleted in 1200ms  200

[39m
[37mStarted POST   /api/music/queryAllSongs for ::1at Fri Jul 12 2019 19:06:58 GMT+0800 (GMT+08:00)[39m
[37m  [35mquery[37m:{}[39m
[37mCompleted in 705ms  200

[39m
[37mStarted POST   /api/music/searchMusic for ::1at Fri Jul 12 2019 19:07:28 GMT+0800 (GMT+08:00)[39m
[37m  [35mquery[37m:{}[39m
[37mCompleted in 329ms  200

[39m
[37mStarted POST   /api/music/joinPlayList for ::1at Fri Jul 12 2019 19:07:31 GMT+0800 (GMT+08:00)[39m
[37m  [35mquery[37m:{}[39m
[37mCompleted in 72ms  200

[39m
[37mStarted POST   /api/music/joinPlayList for ::1at Fri Jul 12 2019 19:07:31 GMT+0800 (GMT+08:00)[39m
[37m  [35mquery[37m:{}[39m
[37mCompleted in 77ms  200

[39m
[37mStarted POST   /api/music/queryAllSongs for ::1at Fri Jul 12 2019 19:07:31 GMT+0800 (GMT+08:00)[39m
[37m  [35mquery[37m:{}[39m
[37mCompleted in 927ms  200

[39m
[37mStarted POST   /api/music/queryAllSongs for ::1at Fri Jul 12 2019 19:07:31 GMT+0800 (GMT+08:00)[39m
[37m  [35mquery[37m:{}[39m
[37mCompleted in 1134ms  200

[39m
[37mStarted POST   /api/music/joinPlayList for ::1at Fri Jul 12 2019 19:07:32 GMT+0800 (GMT+08:00)[39m
[37m  [35mquery[37m:{}[39m
[37mCompleted in 25ms  200

[39m
[37mStarted POST   /api/music/joinPlayList for ::1at Fri Jul 12 2019 19:07:32 GMT+0800 (GMT+08:00)[39m
[37m  [35mquery[37m:{}[39m
[37mCompleted in 28ms  200

[39m
[37mStarted POST   /api/music/queryAllSongs for ::1at Fri Jul 12 2019 19:07:31 GMT+0800 (GMT+08:00)[39m
[37m  [35mquery[37m:{}[39m
[37mCompleted in 1350ms  200

[39m
[37mStarted POST   /api/footprint/queryFootPrintList for ::1at Fri Jul 12 2019 19:07:38 GMT+0800 (GMT+08:00)[39m
[37m  [35mquery[37m:{}[39m
[37mCompleted in 15ms  200

[39m
[37mStarted POST   /api/music/queryAllSongs for ::1at Fri Jul 12 2019 19:07:38 GMT+0800 (GMT+08:00)[39m
[37m  [35mquery[37m:{}[39m
[37mCompleted in 624ms  200

[39m
[37mStarted POST   /api/music/queryAllSongs for ::1at Fri Jul 12 2019 19:07:38 GMT+0800 (GMT+08:00)[39m
[37m  [35mquery[37m:{}[39m
[37mCompleted in 561ms  200

[39m
[37mStarted POST   /api/datav/queryDatavMeishichinaTypeList for ::1at Fri Jul 12 2019 19:07:51 GMT+0800 (GMT+08:00)[39m
[37m  [35mquery[37m:{}[39m
[37mCompleted in 45ms  200

[39m
[37mStarted POST   /api/datav/queryDavavMeishiChinaList for ::1at Fri Jul 12 2019 19:07:52 GMT+0800 (GMT+08:00)[39m
[37m  [35mquery[37m:{}[39m
[37mCompleted in 117ms  200

[39m
[37mStarted POST   /api/activity/queryUserActivityInfo for ::1at Fri Jul 12 2019 19:07:54 GMT+0800 (GMT+08:00)[39m
[37m  [35mquery[37m:{}[39m
[37mCompleted in 153ms  200

[39m
[37mStarted POST   /api/activity/queryUserActivityInfo for ::1at Fri Jul 12 2019 19:07:58 GMT+0800 (GMT+08:00)[39m
[37m  [35mquery[37m:{}[39m
[37mCompleted in 52ms  200

[39m
[37mStarted POST   /api/datav/queryDatavMeishichinaTypeList for ::1at Fri Jul 12 2019 19:08:03 GMT+0800 (GMT+08:00)[39m
[37m  [35mquery[37m:{}[39m
[37mCompleted in 44ms  200

[39m
[37mStarted POST   /api/datav/queryDavavMeishiChinaList for ::1at Fri Jul 12 2019 19:08:04 GMT+0800 (GMT+08:00)[39m
[37m  [35mquery[37m:{}[39m
[37mCompleted in 76ms  200

[39m
[37mStarted POST   /api/activity/queryUserActivityInfo for ::1at Fri Jul 12 2019 19:08:04 GMT+0800 (GMT+08:00)[39m
[37m  [35mquery[37m:{}[39m
[37mCompleted in 43ms  200

[39m
[37mStarted POST   /api/datav/queryDatavMeishichinaTypeList for ::1at Fri Jul 12 2019 19:10:19 GMT+0800 (GMT+08:00)[39m
[37m  [35mquery[37m:{}[39m
[37mCompleted in 102ms  200

[39m
[37mStarted POST   /api/datav/queryDavavMeishiChinaList for ::1at Fri Jul 12 2019 19:10:19 GMT+0800 (GMT+08:00)[39m
[37m  [35mquery[37m:{}[39m
[37mCompleted in 85ms  200

[39m
[37mStarted POST   /api/datav/queryDatavMeishichinaTypeList for ::1at Fri Jul 12 2019 19:25:25 GMT+0800 (GMT+08:00)[39m
[37m  [35mquery[37m:{}[39m
[37mCompleted in 51ms  200

[39m
[37mStarted POST   /api/datav/queryDavavMeishiChinaList for ::1at Fri Jul 12 2019 19:25:25 GMT+0800 (GMT+08:00)[39m
[37m  [35mquery[37m:{}[39m
[37mCompleted in 126ms  200

[39m
