[37mStarted POST   /api/datav/queryDatavMeishichinaTypeList for ::1at Wed May 08 2019 19:06:59 GMT+0800 (CST)[39m
[37m  [35mquery[37m:{}[39m
[37mCompleted in 28ms  200

[39m
[37mStarted POST   /api/datav/queryDavavMeishiChinaList for ::1at Wed May 08 2019 19:06:59 GMT+0800 (CST)[39m
[37m  [35mquery[37m:{}[39m
[37mCompleted in 77ms  200

[39m
[37mStarted POST   /api/datav/queryDatavMeishichinaTypeList for ::1at Wed May 08 2019 19:07:05 GMT+0800 (CST)[39m
[37m  [35mquery[37m:{}[39m
[37mCompleted in 19ms  200

[39m
[37mStarted POST   /api/datav/queryDavavMeishiChinaList for ::1at Wed May 08 2019 19:07:06 GMT+0800 (CST)[39m
[37m  [35mquery[37m:{}[39m
[37mCompleted in 61ms  200

[39m
[37mStarted POST   /api/datav/queryDatavMeishichinaTypeList for ::1at Wed May 08 2019 19:13:14 GMT+0800 (CST)[39m
[37m  [35mquery[37m:{}[39m
[37mCompleted in 17ms  200

[39m
[37mStarted POST   /api/datav/queryDavavMeishiChinaList for ::1at Wed May 08 2019 19:13:14 GMT+0800 (CST)[39m
[37m  [35mquery[37m:{}[39m
[37mCompleted in 55ms  200

[39m
[37mStarted POST   /api/datav/queryDatavMeishichinaTypeList for ::1at Wed May 08 2019 19:17:21 GMT+0800 (CST)[39m
[37m  [35mquery[37m:{}[39m
[37mCompleted in 14ms  200

[39m
[37mStarted POST   /api/datav/queryDavavMeishiChinaList for ::1at Wed May 08 2019 19:17:21 GMT+0800 (CST)[39m
[37m  [35mquery[37m:{}[39m
[37mCompleted in 51ms  200

[39m
[37mStarted POST   /api/datav/queryDatavMeishichinaTypeList for ::1at Wed May 08 2019 19:17:34 GMT+0800 (CST)[39m
[37m  [35mquery[37m:{}[39m
[37mCompleted in 15ms  200

[39m
[37mStarted POST   /api/datav/queryDavavMeishiChinaList for ::1at Wed May 08 2019 19:17:34 GMT+0800 (CST)[39m
[37m  [35mquery[37m:{}[39m
[37mCompleted in 49ms  200

[39m
[37mStarted POST   /api/datav/queryDatavMeishichinaTypeList for ::1at Wed May 08 2019 19:17:41 GMT+0800 (CST)[39m
[37m  [35mquery[37m:{}[39m
[37mCompleted in 15ms  200

[39m
[37mStarted POST   /api/datav/queryDavavMeishiChinaList for ::1at Wed May 08 2019 19:17:42 GMT+0800 (CST)[39m
[37m  [35mquery[37m:{}[39m
[37mCompleted in 52ms  200

[39m
[37mStarted POST   /api/datav/queryDatavMeishichinaTypeList for ::1at Wed May 08 2019 19:18:17 GMT+0800 (CST)[39m
[37m  [35mquery[37m:{}[39m
[37mCompleted in 14ms  200

[39m
[37mStarted POST   /api/datav/queryDavavMeishiChinaList for ::1at Wed May 08 2019 19:18:17 GMT+0800 (CST)[39m
[37m  [35mquery[37m:{}[39m
[37mCompleted in 50ms  200

[39m
[37mStarted POST   /api/datav/queryDatavMeishichinaTypeList for ::1at Wed May 08 2019 19:19:14 GMT+0800 (CST)[39m
[37m  [35mquery[37m:{}[39m
[37mCompleted in 14ms  200

[39m
[37mStarted POST   /api/datav/queryDavavMeishiChinaList for ::1at Wed May 08 2019 19:19:14 GMT+0800 (CST)[39m
[37m  [35mquery[37m:{}[39m
[37mCompleted in 52ms  200

[39m
[37mStarted POST   /api/datav/queryDatavMeishichinaTypeList for ::1at Wed May 08 2019 19:20:12 GMT+0800 (CST)[39m
[37m  [35mquery[37m:{}[39m
[37mCompleted in 15ms  200

[39m
[37mStarted POST   /api/datav/queryDavavMeishiChinaList for ::1at Wed May 08 2019 19:20:13 GMT+0800 (CST)[39m
[37m  [35mquery[37m:{}[39m
[37mCompleted in 50ms  200

[39m
[37mStarted POST   /api/datav/queryDatavMeishichinaTypeList for ::1at Wed May 08 2019 19:21:50 GMT+0800 (CST)[39m
[37m  [35mquery[37m:{}[39m
[37mCompleted in 14ms  200

[39m
[37mStarted POST   /api/datav/queryDavavMeishiChinaList for ::1at Wed May 08 2019 19:21:50 GMT+0800 (CST)[39m
[37m  [35mquery[37m:{}[39m
[37mCompleted in 51ms  200

[39m
[37mStarted POST   /api/datav/queryDatavMeishichinaTypeList for ::1at Wed May 08 2019 19:23:18 GMT+0800 (CST)[39m
[37m  [35mquery[37m:{}[39m
[37mCompleted in 12ms  200

[39m
[37mStarted POST   /api/datav/queryDavavMeishiChinaList for ::1at Wed May 08 2019 19:23:18 GMT+0800 (CST)[39m
[37m  [35mquery[37m:{}[39m
[37mCompleted in 52ms  200

[39m
[37mStarted POST   /api/datav/queryDatavMeishichinaTypeList for ::1at Wed May 08 2019 19:23:55 GMT+0800 (CST)[39m
[37m  [35mquery[37m:{}[39m
[37mCompleted in 16ms  200

[39m
[37mStarted POST   /api/datav/queryDavavMeishiChinaList for ::1at Wed May 08 2019 19:23:55 GMT+0800 (CST)[39m
[37m  [35mquery[37m:{}[39m
[37mCompleted in 55ms  200

[39m
[37mStarted POST   /api/datav/queryDatavMeishichinaTypeList for ::1at Wed May 08 2019 19:24:15 GMT+0800 (CST)[39m
[37m  [35mquery[37m:{}[39m
[37mCompleted in 17ms  200

[39m
[37mStarted POST   /api/datav/queryDatavMeishichinaTypeList for ::1at Wed May 08 2019 19:24:16 GMT+0800 (CST)[39m
[37m  [35mquery[37m:{}[39m
[37mCompleted in 15ms  200

[39m
[37mStarted POST   /api/datav/queryDavavMeishiChinaList for ::1at Wed May 08 2019 19:24:16 GMT+0800 (CST)[39m
[37m  [35mquery[37m:{}[39m
[37mCompleted in 53ms  200

[39m
[37mStarted POST   /api/datav/queryDatavMeishichinaTypeList for ::1at Wed May 08 2019 19:25:26 GMT+0800 (CST)[39m
[37m  [35mquery[37m:{}[39m
[37mCompleted in 15ms  200

[39m
[37mStarted POST   /api/datav/queryDavavMeishiChinaList for ::1at Wed May 08 2019 19:25:26 GMT+0800 (CST)[39m
[37m  [35mquery[37m:{}[39m
[37mCompleted in 52ms  200

[39m
[37mStarted POST   /api/datav/queryDatavMeishichinaTypeList for ::1at Wed May 08 2019 19:25:53 GMT+0800 (CST)[39m
[37m  [35mquery[37m:{}[39m
[37mCompleted in 16ms  200

[39m
[37mStarted POST   /api/datav/queryDavavMeishiChinaList for ::1at Wed May 08 2019 19:25:53 GMT+0800 (CST)[39m
[37m  [35mquery[37m:{}[39m
[37mCompleted in 53ms  200

[39m
[37mStarted POST   /api/datav/queryDatavMeishichinaTypeList for ::1at Wed May 08 2019 19:26:15 GMT+0800 (CST)[39m
[37m  [35mquery[37m:{}[39m
[37mCompleted in 14ms  200

[39m
[37mStarted POST   /api/datav/queryDavavMeishiChinaList for ::1at Wed May 08 2019 19:26:15 GMT+0800 (CST)[39m
[37m  [35mquery[37m:{}[39m
[37mCompleted in 53ms  200

[39m
[37mStarted POST   /api/datav/queryDatavMeishichinaTypeList for ::1at Wed May 08 2019 19:27:09 GMT+0800 (CST)[39m
[37m  [35mquery[37m:{}[39m
[37mCompleted in 14ms  200

[39m
[37mStarted POST   /api/datav/queryDavavMeishiChinaList for ::1at Wed May 08 2019 19:27:09 GMT+0800 (CST)[39m
[37m  [35mquery[37m:{}[39m
[37mCompleted in 52ms  200

[39m
[37mStarted POST   /api/datav/queryDatavMeishichinaTypeList for ::1at Wed May 08 2019 19:30:51 GMT+0800 (CST)[39m
[37m  [35mquery[37m:{}[39m
[37mCompleted in 13ms  200

[39m
[37mStarted POST   /api/datav/queryDavavMeishiChinaList for ::1at Wed May 08 2019 19:30:51 GMT+0800 (CST)[39m
[37m  [35mquery[37m:{}[39m
[37mCompleted in 53ms  200

[39m
[37mStarted POST   /api/datav/queryDatavMeishichinaTypeList for ::1at Wed May 08 2019 19:31:04 GMT+0800 (CST)[39m
[37m  [35mquery[37m:{}[39m
[37mCompleted in 15ms  200

[39m
[37mStarted POST   /api/datav/queryDavavMeishiChinaList for ::1at Wed May 08 2019 19:31:04 GMT+0800 (CST)[39m
[37m  [35mquery[37m:{}[39m
[37mCompleted in 51ms  200

[39m
[37mStarted POST   /api/datav/queryDatavMeishichinaTypeList for ::1at Wed May 08 2019 19:32:52 GMT+0800 (CST)[39m
[37m  [35mquery[37m:{}[39m
[37mCompleted in 13ms  200

[39m
[37mStarted POST   /api/datav/queryDavavMeishiChinaList for ::1at Wed May 08 2019 19:32:52 GMT+0800 (CST)[39m
[37m  [35mquery[37m:{}[39m
[37mCompleted in 49ms  200

[39m
[37mStarted POST   /api/datav/queryDatavMeishichinaTypeList for ::1at Wed May 08 2019 19:38:28 GMT+0800 (CST)[39m
[37m  [35mquery[37m:{}[39m
[37mCompleted in 17ms  200

[39m
[37mStarted POST   /api/datav/queryDavavMeishiChinaList for ::1at Wed May 08 2019 19:38:28 GMT+0800 (CST)[39m
[37m  [35mquery[37m:{}[39m
[37mCompleted in 52ms  200

[39m
[37mStarted POST   /api/datav/queryDatavMeishichinaTypeList for ::1at Wed May 08 2019 19:41:10 GMT+0800 (CST)[39m
[37m  [35mquery[37m:{}[39m
[37mCompleted in 15ms  200

[39m
[37mStarted POST   /api/datav/queryDavavMeishiChinaList for ::1at Wed May 08 2019 19:41:10 GMT+0800 (CST)[39m
[37m  [35mquery[37m:{}[39m
[37mCompleted in 54ms  200

[39m
[37mStarted POST   /api/datav/queryDatavMeishichinaTypeList for ::1at Wed May 08 2019 19:41:41 GMT+0800 (CST)[39m
[37m  [35mquery[37m:{}[39m
[37mCompleted in 13ms  200

[39m
[37mStarted POST   /api/datav/queryDavavMeishiChinaList for ::1at Wed May 08 2019 19:41:41 GMT+0800 (CST)[39m
[37m  [35mquery[37m:{}[39m
[37mCompleted in 48ms  200

[39m
[37mStarted POST   /api/datav/queryDatavMeishichinaTypeList for ::1at Wed May 08 2019 19:42:26 GMT+0800 (CST)[39m
[37m  [35mquery[37m:{}[39m
[37mCompleted in 13ms  200

[39m
[37mStarted POST   /api/datav/queryDavavMeishiChinaList for ::1at Wed May 08 2019 19:42:27 GMT+0800 (CST)[39m
[37m  [35mquery[37m:{}[39m
[37mCompleted in 51ms  200

[39m
[37mStarted POST   /api/datav/queryDatavMeishichinaTypeList for ::1at Wed May 08 2019 19:43:19 GMT+0800 (CST)[39m
[37m  [35mquery[37m:{}[39m
[37mCompleted in 14ms  200

[39m
[37mStarted POST   /api/datav/queryDavavMeishiChinaList for ::1at Wed May 08 2019 19:43:20 GMT+0800 (CST)[39m
[37m  [35mquery[37m:{}[39m
[37mCompleted in 49ms  200

[39m
[37mStarted POST   /api/datav/queryDatavMeishichinaTypeList for ::1at Wed May 08 2019 19:43:55 GMT+0800 (CST)[39m
[37m  [35mquery[37m:{}[39m
[37mCompleted in 15ms  200

[39m
[37mStarted POST   /api/datav/queryDavavMeishiChinaList for ::1at Wed May 08 2019 19:43:55 GMT+0800 (CST)[39m
[37m  [35mquery[37m:{}[39m
[37mCompleted in 50ms  200

[39m
[37mStarted POST   /api/datav/queryDatavMeishichinaTypeList for ::1at Wed May 08 2019 19:44:32 GMT+0800 (CST)[39m
[37m  [35mquery[37m:{}[39m
[37mCompleted in 13ms  200

[39m
[37mStarted POST   /api/datav/queryDavavMeishiChinaList for ::1at Wed May 08 2019 19:44:32 GMT+0800 (CST)[39m
[37m  [35mquery[37m:{}[39m
[37mCompleted in 50ms  200

[39m
[37mStarted POST   /api/datav/queryDatavMeishichinaTypeList for ::1at Wed May 08 2019 19:44:44 GMT+0800 (CST)[39m
[37m  [35mquery[37m:{}[39m
[37mCompleted in 14ms  200

[39m
[37mStarted POST   /api/datav/queryDavavMeishiChinaList for ::1at Wed May 08 2019 19:44:44 GMT+0800 (CST)[39m
[37m  [35mquery[37m:{}[39m
[37mCompleted in 51ms  200

[39m
[37mStarted POST   /api/datav/queryDatavMeishichinaTypeList for ::1at Wed May 08 2019 19:45:37 GMT+0800 (CST)[39m
[37m  [35mquery[37m:{}[39m
[37mCompleted in 13ms  200

[39m
[37mStarted POST   /api/datav/queryDavavMeishiChinaList for ::1at Wed May 08 2019 19:45:37 GMT+0800 (CST)[39m
[37m  [35mquery[37m:{}[39m
[37mCompleted in 51ms  200

[39m
[37mStarted POST   /api/datav/queryDatavMeishichinaTypeList for ::1at Wed May 08 2019 19:46:35 GMT+0800 (CST)[39m
[37m  [35mquery[37m:{}[39m
[37mCompleted in 14ms  200

[39m
[37mStarted POST   /api/datav/queryDavavMeishiChinaList for ::1at Wed May 08 2019 19:46:35 GMT+0800 (CST)[39m
[37m  [35mquery[37m:{}[39m
[37mCompleted in 49ms  200

[39m
[37mStarted POST   /api/datav/queryDatavMeishichinaTypeList for ::1at Wed May 08 2019 19:47:14 GMT+0800 (CST)[39m
[37m  [35mquery[37m:{}[39m
[37mCompleted in 21ms  200

[39m
[37mStarted POST   /api/datav/queryDavavMeishiChinaList for ::1at Wed May 08 2019 19:47:14 GMT+0800 (CST)[39m
[37m  [35mquery[37m:{}[39m
[37mCompleted in 51ms  200

[39m
[37mStarted POST   /api/datav/queryDatavMeishichinaTypeList for ::1at Wed May 08 2019 19:47:58 GMT+0800 (CST)[39m
[37m  [35mquery[37m:{}[39m
[37mCompleted in 13ms  200

[39m
[37mStarted POST   /api/datav/queryDavavMeishiChinaList for ::1at Wed May 08 2019 19:47:58 GMT+0800 (CST)[39m
[37m  [35mquery[37m:{}[39m
[37mCompleted in 52ms  200

[39m
[37mStarted POST   /api/datav/queryDatavMeishichinaTypeList for ::1at Wed May 08 2019 19:48:02 GMT+0800 (CST)[39m
[37m  [35mquery[37m:{}[39m
[37mCompleted in 13ms  200

[39m
[37mStarted POST   /api/datav/queryDavavMeishiChinaList for ::1at Wed May 08 2019 19:48:02 GMT+0800 (CST)[39m
[37m  [35mquery[37m:{}[39m
[37mCompleted in 53ms  200

[39m
[37mStarted POST   /api/datav/queryDatavMeishichinaTypeList for ::1at Wed May 08 2019 19:50:14 GMT+0800 (CST)[39m
[37m  [35mquery[37m:{}[39m
[37mCompleted in 14ms  200

[39m
[37mStarted POST   /api/datav/queryDavavMeishiChinaList for ::1at Wed May 08 2019 19:50:14 GMT+0800 (CST)[39m
[37m  [35mquery[37m:{}[39m
[37mCompleted in 51ms  200

[39m
[37mStarted POST   /api/datav/queryDatavMeishichinaTypeList for ::1at Wed May 08 2019 19:50:34 GMT+0800 (CST)[39m
[37m  [35mquery[37m:{}[39m
[37mCompleted in 13ms  200

[39m
[37mStarted POST   /api/datav/queryDavavMeishiChinaList for ::1at Wed May 08 2019 19:50:34 GMT+0800 (CST)[39m
[37m  [35mquery[37m:{}[39m
[37mCompleted in 50ms  200

[39m
[37mStarted POST   /api/datav/queryDatavMeishichinaTypeList for ::1at Wed May 08 2019 19:51:08 GMT+0800 (CST)[39m
[37m  [35mquery[37m:{}[39m
[37mCompleted in 14ms  200

[39m
[37mStarted POST   /api/datav/queryDavavMeishiChinaList for ::1at Wed May 08 2019 19:51:08 GMT+0800 (CST)[39m
[37m  [35mquery[37m:{}[39m
[37mCompleted in 49ms  200

[39m
[37mStarted POST   /api/datav/queryDatavMeishichinaTypeList for ::1at Wed May 08 2019 19:51:28 GMT+0800 (CST)[39m
[37m  [35mquery[37m:{}[39m
[37mCompleted in 13ms  200

[39m
[37mStarted POST   /api/datav/queryDavavMeishiChinaList for ::1at Wed May 08 2019 19:51:28 GMT+0800 (CST)[39m
[37m  [35mquery[37m:{}[39m
[37mCompleted in 52ms  200

[39m
[37mStarted POST   /api/datav/queryDavavMeishiChinaList for ::1at Wed May 08 2019 19:53:52 GMT+0800 (CST)[39m
[37m  [35mquery[37m:{}[39m
[37mCompleted in 56ms  200

[39m
[37mStarted POST   /api/datav/queryDatavMeishichinaTypeList for ::1at Wed May 08 2019 19:58:56 GMT+0800 (CST)[39m
[37m  [35mquery[37m:{}[39m
[37mCompleted in 15ms  200

[39m
[37mStarted POST   /api/datav/queryDavavMeishiChinaList for ::1at Wed May 08 2019 19:58:56 GMT+0800 (CST)[39m
[37m  [35mquery[37m:{}[39m
[37mCompleted in 57ms  200

[39m
[37mStarted POST   /api/datav/queryDavavMeishiChinaList for ::1at Wed May 08 2019 19:59:04 GMT+0800 (CST)[39m
[37m  [35mquery[37m:{}[39m
[37mCompleted in 53ms  200

[39m
[37mStarted POST   /api/footprint/queryFootPrintList for ::1at Wed May 08 2019 20:02:13 GMT+0800 (CST)[39m
[37m  [35mquery[37m:{}[39m
[37mCompleted in 11ms  200

[39m
[37mStarted POST   /api/music/queryAllSongs for ::1at Wed May 08 2019 20:02:13 GMT+0800 (CST)[39m
[37m  [35mquery[37m:{}[39m
[37mCompleted in 376ms  500

[39m
[37mStarted POST   /api/music/queryAllSongs for ::1at Wed May 08 2019 20:02:13 GMT+0800 (CST)[39m
[37m  [35mquery[37m:{}[39m
[37mCompleted in 398ms  200

[39m
[37mStarted POST   /api/datav/queryDatavMeishichinaTypeList for ::1at Wed May 08 2019 20:02:14 GMT+0800 (CST)[39m
[37m  [35mquery[37m:{}[39m
[37mCompleted in 14ms  200

[39m
[37mStarted POST   /api/datav/queryDavavMeishiChinaList for ::1at Wed May 08 2019 20:02:15 GMT+0800 (CST)[39m
[37m  [35mquery[37m:{}[39m
[37mCompleted in 53ms  200

[39m
[37mStarted POST   /api/datav/queryDatavMeishichinaTypeList for ::1at Wed May 08 2019 20:07:18 GMT+0800 (CST)[39m
[37m  [35mquery[37m:{}[39m
[37mCompleted in 14ms  200

[39m
[37mStarted POST   /api/datav/queryDavavMeishiChinaList for ::1at Wed May 08 2019 20:07:18 GMT+0800 (CST)[39m
[37m  [35mquery[37m:{}[39m
[37mCompleted in 51ms  200

[39m
[37mStarted POST   /api/datav/queryDatavMeishichinaTypeList for ::1at Wed May 08 2019 20:08:28 GMT+0800 (CST)[39m
[37m  [35mquery[37m:{}[39m
[37mCompleted in 15ms  200

[39m
[37mStarted POST   /api/datav/queryDavavMeishiChinaList for ::1at Wed May 08 2019 20:08:28 GMT+0800 (CST)[39m
[37m  [35mquery[37m:{}[39m
[37mCompleted in 50ms  200

[39m
[37mStarted POST   /api/datav/queryDatavMeishichinaTypeList for ::1at Wed May 08 2019 20:11:49 GMT+0800 (CST)[39m
[37m  [35mquery[37m:{}[39m
[37mCompleted in 13ms  200

[39m
[37mStarted POST   /api/datav/queryDavavMeishiChinaList for ::1at Wed May 08 2019 20:11:49 GMT+0800 (CST)[39m
[37m  [35mquery[37m:{}[39m
[37mCompleted in 50ms  200

[39m
[37mStarted POST   /api/datav/queryDatavMeishichinaTypeList for ::1at Wed May 08 2019 20:12:53 GMT+0800 (CST)[39m
[37m  [35mquery[37m:{}[39m
[37mCompleted in 15ms  200

[39m
[37mStarted POST   /api/datav/queryDavavMeishiChinaList for ::1at Wed May 08 2019 20:12:53 GMT+0800 (CST)[39m
[37m  [35mquery[37m:{}[39m
[37mCompleted in 51ms  200

[39m
[37mStarted POST   /api/datav/queryDatavMeishichinaTypeList for ::1at Wed May 08 2019 20:14:43 GMT+0800 (CST)[39m
[37m  [35mquery[37m:{}[39m
[37mCompleted in 13ms  200

[39m
[37mStarted POST   /api/datav/queryDavavMeishiChinaList for ::1at Wed May 08 2019 20:14:44 GMT+0800 (CST)[39m
[37m  [35mquery[37m:{}[39m
[37mCompleted in 51ms  200

[39m
