[37mStarted POST   /api/activity/queryUserActivityInfo for ::1at Thu Jul 11 2019 11:36:56 GMT+0800 (GMT+08:00)[39m
[37m  [35mquery[37m:{}[39m
[37mCompleted in 40s  500

[39m
[37mStarted POST   /api/datav/queryDatavMeishichinaTypeList for ::1at Thu Jul 11 2019 11:38:16 GMT+0800 (GMT+08:00)[39m
[37m  [35mquery[37m:{}[39m
[37mCompleted in 2408ms  200

[39m
[37mStarted POST   /api/datav/queryDavavMeishiChinaList for ::1at Thu Jul 11 2019 11:38:20 GMT+0800 (GMT+08:00)[39m
[37m  [35mquery[37m:{}[39m
[37mCompleted in 2164ms  200

[39m
[37mStarted POST   /api/datav/queryDatavMeishichinaTypeList for ::1at Thu Jul 11 2019 11:39:32 GMT+0800 (GMT+08:00)[39m
[37m  [35mquery[37m:{}[39m
[37mCompleted in 1258ms  200

[39m
[37mStarted POST   /api/datav/queryDavavMeishiChinaList for ::1at Thu Jul 11 2019 11:39:34 GMT+0800 (GMT+08:00)[39m
[37m  [35mquery[37m:{}[39m
[37mCompleted in 388ms  200

[39m
[37mStarted POST   /api/datav/queryDatavMeishichinaTypeList for ::1at Thu Jul 11 2019 15:04:15 GMT+0800 (GMT+08:00)[39m
[37m  [35mquery[37m:{}[39m
[37mCompleted in 155ms  200

[39m
[37mStarted POST   /api/datav/queryDavavMeishiChinaList for ::1at Thu Jul 11 2019 15:04:15 GMT+0800 (GMT+08:00)[39m
[37m  [35mquery[37m:{}[39m
[37mCompleted in 268ms  200

[39m
[37mStarted POST   /api/datav/querySearchDatavMeishichina for ::1at Thu Jul 11 2019 15:05:06 GMT+0800 (GMT+08:00)[39m
[37m  [35mquery[37m:{}[39m
[37mCompleted in 140ms  200

[39m
[37mStarted POST   /api/footprint/queryFootPrintList for ::1at Thu Jul 11 2019 15:05:10 GMT+0800 (GMT+08:00)[39m
[37m  [35mquery[37m:{}[39m
[37mCompleted in 71ms  200

[39m
[37mStarted POST   /api/music/queryAllSongs for ::1at Thu Jul 11 2019 15:05:10 GMT+0800 (GMT+08:00)[39m
[37m  [35mquery[37m:{}[39m
[37mCompleted in 3116ms  200

[39m
[37mStarted POST   /api/footprint/queryFootPrintList for ::1at Thu Jul 11 2019 15:05:17 GMT+0800 (GMT+08:00)[39m
[37m  [35mquery[37m:{}[39m
[37mCompleted in 48ms  200

[39m
[37mStarted POST   /api/music/queryAllSongs for ::1at Thu Jul 11 2019 15:05:17 GMT+0800 (GMT+08:00)[39m
[37m  [35mquery[37m:{}[39m
[37mCompleted in 1411ms  200

[39m
[37mStarted POST   /api/music/searchMusic for ::1at Thu Jul 11 2019 15:05:27 GMT+0800 (GMT+08:00)[39m
[37m  [35mquery[37m:{}[39m
[37mCompleted in 1062ms  200

[39m
[37mStarted POST   /api/music/joinPlayList for ::1at Thu Jul 11 2019 15:05:30 GMT+0800 (GMT+08:00)[39m
[37m  [35mquery[37m:{}[39m
[37mCompleted in 125ms  200

[39m
[37mStarted POST   /api/music/joinPlayList for ::1at Thu Jul 11 2019 15:05:30 GMT+0800 (GMT+08:00)[39m
[37m  [35mquery[37m:{}[39m
[37mCompleted in 125ms  200

[39m
[37mStarted POST   /api/music/joinPlayList for ::1at Thu Jul 11 2019 15:05:31 GMT+0800 (GMT+08:00)[39m
[37m  [35mquery[37m:{}[39m
[37mCompleted in 95ms  200

[39m
[37mStarted POST   /api/music/queryAllSongs for ::1at Thu Jul 11 2019 15:05:30 GMT+0800 (GMT+08:00)[39m
[37m  [35mquery[37m:{}[39m
[37mCompleted in 1790ms  200

[39m
[37mStarted POST   /api/music/joinPlayList for ::1at Thu Jul 11 2019 15:05:31 GMT+0800 (GMT+08:00)[39m
[37m  [35mquery[37m:{}[39m
[37mCompleted in 98ms  200

[39m
[37mStarted POST   /api/music/queryAllSongs for ::1at Thu Jul 11 2019 15:05:30 GMT+0800 (GMT+08:00)[39m
[37m  [35mquery[37m:{}[39m
[37mCompleted in 2703ms  200

[39m
[37mStarted POST   /api/footprint/queryFootPrintList for ::1at Thu Jul 11 2019 15:05:47 GMT+0800 (GMT+08:00)[39m
[37m  [35mquery[37m:{}[39m
[37mCompleted in 477ms  200

[39m
[37mStarted POST   /api/music/queryAllSongs for ::1at Thu Jul 11 2019 15:05:47 GMT+0800 (GMT+08:00)[39m
[37m  [35mquery[37m:{}[39m
[37mCompleted in 5288ms  200

[39m
[37mStarted POST   /api/datav/queryDatavMeishichinaTypeList for ::1at Thu Jul 11 2019 15:06:12 GMT+0800 (GMT+08:00)[39m
[37m  [35mquery[37m:{}[39m
[37mCompleted in 76ms  200

[39m
[37mStarted POST   /api/datav/queryDavavMeishiChinaList for ::1at Thu Jul 11 2019 15:06:12 GMT+0800 (GMT+08:00)[39m
[37m  [35mquery[37m:{}[39m
[37mCompleted in 169ms  200

[39m
[37mStarted POST   /api/datav/queryDavavMeishiChinaList for ::1at Thu Jul 11 2019 15:07:12 GMT+0800 (GMT+08:00)[39m
[37m  [35mquery[37m:{}[39m
[37mCompleted in 157ms  200

[39m
[37mStarted POST   /api/activity/queryUserActivityInfo for ::1at Thu Jul 11 2019 15:07:20 GMT+0800 (GMT+08:00)[39m
[37m  [35mquery[37m:{}[39m
[37mCompleted in 175ms  200

[39m
