[37mStarted POST   /api/datav/queryDatavMeishichinaTypeList for ::1at Wed Jul 10 2019 15:35:06 GMT+0800 (GMT+08:00)[39m
[37m  [35mquery[37m:{}[39m
[37mCompleted in 49ms  200

[39m
[37mStarted POST   /api/datav/queryDavavMeishiChinaList for ::1at Wed Jul 10 2019 15:35:07 GMT+0800 (GMT+08:00)[39m
[37m  [35mquery[37m:{}[39m
[37mCompleted in 600ms  200

[39m
[37mStarted POST   /api/datav/querySearchDatavMeishichina for ::1at Wed Jul 10 2019 15:36:04 GMT+0800 (GMT+08:00)[39m
[37m  [35mquery[37m:{}[39m
[37mCompleted in 57ms  200

[39m
[37mStarted POST   /api/datav/querySearchDatavMeishichina for ::1at Wed Jul 10 2019 15:36:22 GMT+0800 (GMT+08:00)[39m
[37m  [35mquery[37m:{}[39m
[37mCompleted in 82ms  200

[39m
[37mStarted POST   /api/datav/querySearchDatavMeishichina for ::1at Wed Jul 10 2019 15:37:16 GMT+0800 (GMT+08:00)[39m
[37m  [35mquery[37m:{}[39m
[37mCompleted in 39ms  200

[39m
[37mStarted POST   /api/datav/querySearchDatavMeishichina for ::1at Wed Jul 10 2019 15:37:18 GMT+0800 (GMT+08:00)[39m
[37m  [35mquery[37m:{}[39m
[37mCompleted in 37ms  200

[39m
[37mStarted POST   /api/datav/querySearchDatavMeishichina for ::1at Wed Jul 10 2019 15:37:22 GMT+0800 (GMT+08:00)[39m
[37m  [35mquery[37m:{}[39m
[37mCompleted in 95ms  200

[39m
[37mStarted POST   /api/datav/querySearchDatavMeishichina for ::1at Wed Jul 10 2019 15:37:23 GMT+0800 (GMT+08:00)[39m
[37m  [35mquery[37m:{}[39m
[37mCompleted in 83ms  200

[39m
[37mStarted POST   /api/footprint/queryFootPrintList for ::1at Wed Jul 10 2019 15:38:36 GMT+0800 (GMT+08:00)[39m
[37m  [35mquery[37m:{}[39m
[37mCompleted in 182ms  200

[39m
[37mStarted POST   /api/music/queryAllSongs for ::1at Wed Jul 10 2019 15:38:36 GMT+0800 (GMT+08:00)[39m
[37m  [35mquery[37m:{}[39m
[37mCompleted in 890ms  200

[39m
[37mStarted POST   /api/music/queryAllSongs for ::1at Wed Jul 10 2019 15:38:36 GMT+0800 (GMT+08:00)[39m
[37m  [35mquery[37m:{}[39m
[37mCompleted in 721ms  200

[39m
[37mStarted POST   /api/music/searchMusic for ::1at Wed Jul 10 2019 15:39:13 GMT+0800 (GMT+08:00)[39m
[37m  [35mquery[37m:{}[39m
[37mCompleted in 336ms  200

[39m
[37mStarted POST   /api/music/joinPlayList for ::1at Wed Jul 10 2019 15:39:17 GMT+0800 (GMT+08:00)[39m
[37m  [35mquery[37m:{}[39m
[37mCompleted in 38ms  200

[39m
[37mStarted POST   /api/music/joinPlayList for ::1at Wed Jul 10 2019 15:39:17 GMT+0800 (GMT+08:00)[39m
[37m  [35mquery[37m:{}[39m
[37mCompleted in 24ms  200

[39m
[37mStarted POST   /api/music/queryAllSongs for ::1at Wed Jul 10 2019 15:39:17 GMT+0800 (GMT+08:00)[39m
[37m  [35mquery[37m:{}[39m
[37mCompleted in 909ms  200

[39m
[37mStarted POST   /api/music/queryAllSongs for ::1at Wed Jul 10 2019 15:39:17 GMT+0800 (GMT+08:00)[39m
[37m  [35mquery[37m:{}[39m
[37mCompleted in 905ms  200

[39m
[37mStarted POST   /api/datav/queryDatavMeishichinaTypeList for ::1at Wed Jul 10 2019 15:40:01 GMT+0800 (GMT+08:00)[39m
[37m  [35mquery[37m:{}[39m
[37mCompleted in 38ms  200

[39m
[37mStarted POST   /api/datav/queryDavavMeishiChinaList for ::1at Wed Jul 10 2019 15:40:01 GMT+0800 (GMT+08:00)[39m
[37m  [35mquery[37m:{}[39m
[37mCompleted in 75ms  200

[39m
[37mStarted POST   /api/footprint/queryFootPrintList for ::1at Wed Jul 10 2019 15:41:09 GMT+0800 (GMT+08:00)[39m
[37m  [35mquery[37m:{}[39m
[37mCompleted in 79ms  200

[39m
[37mStarted POST   /api/music/queryAllSongs for ::1at Wed Jul 10 2019 15:41:08 GMT+0800 (GMT+08:00)[39m
[37m  [35mquery[37m:{}[39m
[37mCompleted in 550ms  200

[39m
[37mStarted POST   /api/music/queryAllSongs for ::1at Wed Jul 10 2019 15:41:09 GMT+0800 (GMT+08:00)[39m
[37m  [35mquery[37m:{}[39m
[37mCompleted in 612ms  200

[39m
[37mStarted POST   /api/music/searchMusic for ::1at Wed Jul 10 2019 15:41:57 GMT+0800 (GMT+08:00)[39m
[37m  [35mquery[37m:{}[39m
[37mCompleted in 233ms  200

[39m
[37mStarted POST   /api/footprint/queryFootPrintList for ::1at Wed Jul 10 2019 15:43:12 GMT+0800 (GMT+08:00)[39m
[37m  [35mquery[37m:{}[39m
[37mCompleted in 14ms  200

[39m
[37mStarted POST   /api/music/queryAllSongs for ::1at Wed Jul 10 2019 15:43:11 GMT+0800 (GMT+08:00)[39m
[37m  [35mquery[37m:{}[39m
[37mCompleted in 575ms  200

[39m
[37mStarted POST   /api/music/queryAllSongs for ::1at Wed Jul 10 2019 15:43:12 GMT+0800 (GMT+08:00)[39m
[37m  [35mquery[37m:{}[39m
[37mCompleted in 696ms  200

[39m
[37mStarted POST   /api/datav/queryDatavMeishichinaTypeList for ::1at Wed Jul 10 2019 15:43:21 GMT+0800 (GMT+08:00)[39m
[37m  [35mquery[37m:{}[39m
[37mCompleted in 66ms  200

[39m
[37mStarted POST   /api/datav/queryDavavMeishiChinaList for ::1at Wed Jul 10 2019 15:43:22 GMT+0800 (GMT+08:00)[39m
[37m  [35mquery[37m:{}[39m
[37mCompleted in 88ms  200

[39m
[37mStarted POST   /api/footprint/queryFootPrintList for ::1at Wed Jul 10 2019 15:53:41 GMT+0800 (GMT+08:00)[39m
[37m  [35mquery[37m:{}[39m
[37mCompleted in 13ms  200

[39m
[37mStarted POST   /api/music/queryAllSongs for ::1at Wed Jul 10 2019 15:53:41 GMT+0800 (GMT+08:00)[39m
[37m  [35mquery[37m:{}[39m
[37mCompleted in 1010ms  200

[39m
[37mStarted POST   /api/music/queryAllSongs for ::1at Wed Jul 10 2019 15:53:41 GMT+0800 (GMT+08:00)[39m
[37m  [35mquery[37m:{}[39m
[37mCompleted in 934ms  200

[39m
[37mStarted POST   /api/activity/queryUserActivityInfo for ::1at Wed Jul 10 2019 15:53:54 GMT+0800 (GMT+08:00)[39m
[37m  [35mquery[37m:{}[39m
[37mCompleted in 50ms  200

[39m
[37mStarted POST   /api/datav/queryDatavMeishichinaTypeList for ::1at Wed Jul 10 2019 15:54:01 GMT+0800 (GMT+08:00)[39m
[37m  [35mquery[37m:{}[39m
[37mCompleted in 45ms  200

[39m
[37mStarted POST   /api/datav/queryDavavMeishiChinaList for ::1at Wed Jul 10 2019 15:54:02 GMT+0800 (GMT+08:00)[39m
[37m  [35mquery[37m:{}[39m
[37mCompleted in 67ms  200

[39m
[37mStarted POST   /api/activity/queryUserActivityInfo for ::1at Wed Jul 10 2019 15:54:12 GMT+0800 (GMT+08:00)[39m
[37m  [35mquery[37m:{}[39m
[37mCompleted in 40ms  200

[39m
[37mStarted POST   /api/datav/queryDatavMeishichinaTypeList for ::1at Wed Jul 10 2019 15:59:23 GMT+0800 (GMT+08:00)[39m
[37m  [35mquery[37m:{}[39m
[37mCompleted in 40ms  200

[39m
[37mStarted POST   /api/datav/queryDavavMeishiChinaList for ::1at Wed Jul 10 2019 15:59:24 GMT+0800 (GMT+08:00)[39m
[37m  [35mquery[37m:{}[39m
[37mCompleted in 121ms  200

[39m
