[37mStarted POST   /api/datav/queryDatavMeishichinaTypeList for ::1at Sat Jul 27 2019 19:27:14 GMT+0800 (GMT+08:00)[39m
[37m  [35mquery[37m:{}[39m
[37mCompleted in 329ms  200

[39m
[37mStarted POST   /api/datav/queryDavavMeishiChinaList for ::1at Sat Jul 27 2019 19:27:16 GMT+0800 (GMT+08:00)[39m
[37m  [35mquery[37m:{}[39m
[37mCompleted in 634ms  200

[39m
[37mStarted POST   /api/login/useMobileLogin for ::1at Sat Jul 27 2019 19:27:50 GMT+0800 (GMT+08:00)[39m
[37m  [35mquery[37m:{}[39m
[37mCompleted in 1256ms  200

[39m
[37mStarted POST   /api/datav/queryDavavMeishiChinaList for ::1at Sat Jul 27 2019 19:27:56 GMT+0800 (GMT+08:00)[39m
[37m  [35mquery[37m:{}[39m
[37mCompleted in 1832ms  200

[39m
[37mStarted POST   /api/datav/queryDavavMeishiChinaList for ::1at Sat Jul 27 2019 19:28:01 GMT+0800 (GMT+08:00)[39m
[37m  [35mquery[37m:{}[39m
[37mCompleted in 2670ms  200

[39m
[37mStarted POST   /api/datav/queryDavavMeishiChinaList for ::1at Sat Jul 27 2019 19:30:06 GMT+0800 (GMT+08:00)[39m
[37m  [35mquery[37m:{}[39m
[37mCompleted in 332ms  200

[39m
[37mStarted POST   /api/datav/queryDavavMeishiChinaList for ::1at Sat Jul 27 2019 19:30:07 GMT+0800 (GMT+08:00)[39m
[37m  [35mquery[37m:{}[39m
[37mCompleted in 718ms  200

[39m
[37mStarted POST   /api/datav/queryDatavMeishichinaTypeList for ::1at Sat Jul 27 2019 19:30:26 GMT+0800 (GMT+08:00)[39m
[37m  [35mquery[37m:{}[39m
[37mCompleted in 659ms  200

[39m
[37mStarted POST   /api/datav/queryDavavMeishiChinaList for ::1at Sat Jul 27 2019 19:30:26 GMT+0800 (GMT+08:00)[39m
[37m  [35mquery[37m:{}[39m
[37mCompleted in 1172ms  200

[39m
[37mStarted POST   /api/datav/queryDatavMeishichinaTypeList for ::1at Sat Jul 27 2019 19:30:52 GMT+0800 (GMT+08:00)[39m
[37m  [35mquery[37m:{}[39m
[37mCompleted in 664ms  200

[39m
[37mStarted POST   /api/datav/queryDavavMeishiChinaList for ::1at Sat Jul 27 2019 19:30:53 GMT+0800 (GMT+08:00)[39m
[37m  [35mquery[37m:{}[39m
[37mCompleted in 1720ms  200

[39m
[37mStarted POST   /api/datav/queryDatavMeishichinaTypeList for ::1at Sat Jul 27 2019 19:44:20 GMT+0800 (GMT+08:00)[39m
[37m  [35mquery[37m:{}[39m
[37mCompleted in 173ms  500

[39m
[37mStarted POST   /api/datav/queryDatavMeishichinaTypeList for ::1at Sat Jul 27 2019 19:44:34 GMT+0800 (GMT+08:00)[39m
[37m  [35mquery[37m:{}[39m
[37mCompleted in 9ms  500

[39m
[37mStarted POST   /api/datav/queryDatavMeishichinaTypeList for ::1at Sat Jul 27 2019 19:45:07 GMT+0800 (GMT+08:00)[39m
[37m  [35mquery[37m:{}[39m
[37mCompleted in 8ms  500

[39m
[37mStarted POST   /api/datav/queryDatavMeishichinaTypeList for ::1at Sat Jul 27 2019 19:45:14 GMT+0800 (GMT+08:00)[39m
[37m  [35mquery[37m:{}[39m
[37mCompleted in 11ms  500

[39m
[37mStarted POST   /api/datav/queryDatavMeishichinaTypeList for ::1at Sat Jul 27 2019 19:47:44 GMT+0800 (GMT+08:00)[39m
[37m  [35mquery[37m:{}[39m
[37mCompleted in 98ms  200

[39m
[37mStarted POST   /api/datav/queryDavavMeishiChinaList for ::1at Sat Jul 27 2019 19:47:45 GMT+0800 (GMT+08:00)[39m
[37m  [35mquery[37m:{}[39m
[37mCompleted in 649ms  200

[39m
[37mStarted POST   /api/datav/queryDatavMeishichinaTypeList for ::1at Sat Jul 27 2019 19:53:05 GMT+0800 (GMT+08:00)[39m
[37m  [35mquery[37m:{}[39m
[37mCompleted in 288ms  200

[39m
[37mStarted POST   /api/datav/queryDavavMeishiChinaList for ::1at Sat Jul 27 2019 19:53:06 GMT+0800 (GMT+08:00)[39m
[37m  [35mquery[37m:{}[39m
[37mCompleted in 259ms  200

[39m
[37mStarted POST   /api/datav/queryDatavMeishichinaTypeList for ::1at Sat Jul 27 2019 19:53:18 GMT+0800 (GMT+08:00)[39m
[37m  [35mquery[37m:{}[39m
[37mCompleted in 49ms  200

[39m
[37mStarted POST   /api/datav/queryDavavMeishiChinaList for ::1at Sat Jul 27 2019 19:53:19 GMT+0800 (GMT+08:00)[39m
[37m  [35mquery[37m:{}[39m
[37mCompleted in 480ms  200

[39m
[37mStarted POST   /api/datav/queryDatavMeishichinaTypeList for ::1at Sat Jul 27 2019 19:57:15 GMT+0800 (GMT+08:00)[39m
[37m  [35mquery[37m:{}[39m
[37mCompleted in 132ms  200

[39m
[37mStarted POST   /api/datav/queryDavavMeishiChinaList for ::1at Sat Jul 27 2019 19:57:15 GMT+0800 (GMT+08:00)[39m
[37m  [35mquery[37m:{}[39m
[37mCompleted in 220ms  200

[39m
[37mStarted POST   /api/datav/queryDatavMeishichinaTypeList for ::1at Sat Jul 27 2019 19:58:51 GMT+0800 (GMT+08:00)[39m
[37m  [35mquery[37m:{}[39m
[37mCompleted in 93ms  200

[39m
[37mStarted POST   /api/datav/queryDavavMeishiChinaList for ::1at Sat Jul 27 2019 19:58:51 GMT+0800 (GMT+08:00)[39m
[37m  [35mquery[37m:{}[39m
[37mCompleted in 200ms  200

[39m
[37mStarted POST   /api/datav/queryDatavMeishichinaTypeList for ::1at Sat Jul 27 2019 20:00:27 GMT+0800 (GMT+08:00)[39m
[37m  [35mquery[37m:{}[39m
[37mCompleted in 34ms  200

[39m
[37mStarted POST   /api/datav/queryDavavMeishiChinaList for ::1at Sat Jul 27 2019 20:00:27 GMT+0800 (GMT+08:00)[39m
[37m  [35mquery[37m:{}[39m
[37mCompleted in 73ms  200

[39m
[37mStarted POST   /api/datav/queryDatavMeishichinaTypeList for ::1at Sat Jul 27 2019 20:00:46 GMT+0800 (GMT+08:00)[39m
[37m  [35mquery[37m:{}[39m
[37mCompleted in 59ms  200

[39m
[37mStarted POST   /api/datav/queryDavavMeishiChinaList for ::1at Sat Jul 27 2019 20:00:46 GMT+0800 (GMT+08:00)[39m
[37m  [35mquery[37m:{}[39m
[37mCompleted in 129ms  200

[39m
[37mStarted POST   /api/datav/queryDatavMeishichinaTypeList for ::1at Sat Jul 27 2019 20:01:14 GMT+0800 (GMT+08:00)[39m
[37m  [35mquery[37m:{}[39m
[37mCompleted in 29ms  200

[39m
[37mStarted POST   /api/datav/queryDavavMeishiChinaList for ::1at Sat Jul 27 2019 20:01:14 GMT+0800 (GMT+08:00)[39m
[37m  [35mquery[37m:{}[39m
[37mCompleted in 70ms  200

[39m
[37mStarted POST   /api/datav/queryDatavMeishichinaTypeList for ::1at Sat Jul 27 2019 20:01:24 GMT+0800 (GMT+08:00)[39m
[37m  [35mquery[37m:{}[39m
[37mCompleted in 31ms  200

[39m
[37mStarted POST   /api/datav/queryDavavMeishiChinaList for ::1at Sat Jul 27 2019 20:01:24 GMT+0800 (GMT+08:00)[39m
[37m  [35mquery[37m:{}[39m
[37mCompleted in 71ms  200

[39m
[37mStarted POST   /api/datav/queryDatavMeishichinaTypeList for ::1at Sat Jul 27 2019 20:01:39 GMT+0800 (GMT+08:00)[39m
[37m  [35mquery[37m:{}[39m
[37mCompleted in 67ms  200

[39m
[37mStarted POST   /api/datav/queryDavavMeishiChinaList for ::1at Sat Jul 27 2019 20:01:39 GMT+0800 (GMT+08:00)[39m
[37m  [35mquery[37m:{}[39m
[37mCompleted in 67ms  200

[39m
[37mStarted POST   /api/datav/queryDatavMeishichinaTypeList for ::1at Sat Jul 27 2019 20:02:17 GMT+0800 (GMT+08:00)[39m
[37m  [35mquery[37m:{}[39m
[37mCompleted in 39ms  200

[39m
[37mStarted POST   /api/datav/queryDavavMeishiChinaList for ::1at Sat Jul 27 2019 20:02:18 GMT+0800 (GMT+08:00)[39m
[37m  [35mquery[37m:{}[39m
[37mCompleted in 81ms  200

[39m
[37mStarted POST   /api/datav/queryDatavMeishichinaTypeList for ::1at Sat Jul 27 2019 20:03:10 GMT+0800 (GMT+08:00)[39m
[37m  [35mquery[37m:{}[39m
[37mCompleted in 50ms  200

[39m
[37mStarted POST   /api/datav/queryDavavMeishiChinaList for ::1at Sat Jul 27 2019 20:03:11 GMT+0800 (GMT+08:00)[39m
[37m  [35mquery[37m:{}[39m
[37mCompleted in 67ms  200

[39m
[37mStarted POST   /api/datav/queryDatavMeishichinaTypeList for ::1at Sat Jul 27 2019 20:03:30 GMT+0800 (GMT+08:00)[39m
[37m  [35mquery[37m:{}[39m
[37mCompleted in 34ms  200

[39m
[37mStarted POST   /api/datav/queryDavavMeishiChinaList for ::1at Sat Jul 27 2019 20:03:30 GMT+0800 (GMT+08:00)[39m
[37m  [35mquery[37m:{}[39m
[37mCompleted in 65ms  200

[39m
[37mStarted POST   /api/datav/queryDatavMeishichinaTypeList for ::1at Sat Jul 27 2019 20:04:09 GMT+0800 (GMT+08:00)[39m
[37m  [35mquery[37m:{}[39m
[37mCompleted in 35ms  200

[39m
[37mStarted POST   /api/datav/queryDavavMeishiChinaList for ::1at Sat Jul 27 2019 20:04:10 GMT+0800 (GMT+08:00)[39m
[37m  [35mquery[37m:{}[39m
[37mCompleted in 65ms  200

[39m
[37mStarted POST   /api/activity/queryUserActivityInfo for ::1at Sat Jul 27 2019 20:04:53 GMT+0800 (GMT+08:00)[39m
[37m  [35mquery[37m:{}[39m
[37mCompleted in 57ms  200

[39m
[37mStarted POST   /api/datav/queryDatavMeishichinaTypeList for ::1at Sat Jul 27 2019 20:05:23 GMT+0800 (GMT+08:00)[39m
[37m  [35mquery[37m:{}[39m
[37mCompleted in 47ms  200

[39m
[37mStarted POST   /api/datav/queryDavavMeishiChinaList for ::1at Sat Jul 27 2019 20:05:24 GMT+0800 (GMT+08:00)[39m
[37m  [35mquery[37m:{}[39m
[37mCompleted in 136ms  200

[39m
[37mStarted POST   /api/datav/queryDatavMeishichinaTypeList for ::1at Sat Jul 27 2019 20:06:06 GMT+0800 (GMT+08:00)[39m
[37m  [35mquery[37m:{}[39m
[37mCompleted in 32ms  200

[39m
[37mStarted POST   /api/datav/queryDavavMeishiChinaList for ::1at Sat Jul 27 2019 20:06:07 GMT+0800 (GMT+08:00)[39m
[37m  [35mquery[37m:{}[39m
[37mCompleted in 67ms  200

[39m
[37mStarted POST   /api/datav/queryDatavMeishichinaTypeList for ::1at Sat Jul 27 2019 20:13:48 GMT+0800 (GMT+08:00)[39m
[37m  [35mquery[37m:{}[39m
[37mCompleted in 50ms  200

[39m
[37mStarted POST   /api/datav/queryDavavMeishiChinaList for ::1at Sat Jul 27 2019 20:13:49 GMT+0800 (GMT+08:00)[39m
[37m  [35mquery[37m:{}[39m
[37mCompleted in 65ms  200

[39m
