[37mStarted POST   /api/datav/queryDatavMeishichinaTypeList for ::1at Sun May 05 2019 09:54:36 GMT+0800 (CST)[39m
[37m  [35mquery[37m:{}[39m
[37mCompleted in 24ms  200

[39m
[37mStarted POST   /api/datav/queryDavavMeishiChinaList for ::1at Sun May 05 2019 09:54:37 GMT+0800 (CST)[39m
[37m  [35mquery[37m:{}[39m
[37mCompleted in 64ms  200

[39m
[37mStarted POST   /api/datav/queryDatavMeishichinaTypeList for ::1at Sun May 05 2019 09:54:41 GMT+0800 (CST)[39m
[37m  [35mquery[37m:{}[39m
[37mCompleted in 12ms  200

[39m
[37mStarted POST   /api/datav/queryDavavMeishiChinaList for ::1at Sun May 05 2019 09:54:42 GMT+0800 (CST)[39m
[37m  [35mquery[37m:{}[39m
[37mCompleted in 63ms  200

[39m
[37mStarted POST   /api/datav/queryDavavMeishiChinaList for ::1at Sun May 05 2019 09:54:43 GMT+0800 (CST)[39m
[37m  [35mquery[37m:{}[39m
[37mCompleted in 72ms  200

[39m
[37mStarted POST   /api/datav/queryDavavMeishiChinaList for ::1at Sun May 05 2019 09:54:44 GMT+0800 (CST)[39m
[37m  [35mquery[37m:{}[39m
[37mCompleted in 63ms  200

[39m
[37mStarted POST   /api/datav/queryDavavMeishiChinaList for ::1at Sun May 05 2019 09:54:45 GMT+0800 (CST)[39m
[37m  [35mquery[37m:{}[39m
[37mCompleted in 62ms  200

[39m
[37mStarted POST   /api/datav/queryDavavMeishiChinaList for ::1at Sun May 05 2019 09:54:45 GMT+0800 (CST)[39m
[37m  [35mquery[37m:{}[39m
[37mCompleted in 63ms  200

[39m
[37mStarted POST   /api/datav/queryDavavMeishiChinaList for ::1at Sun May 05 2019 09:54:46 GMT+0800 (CST)[39m
[37m  [35mquery[37m:{}[39m
[37mCompleted in 62ms  200

[39m
[37mStarted POST   /api/datav/queryDatavMeishichinaTypeList for ::1at Sun May 05 2019 09:54:57 GMT+0800 (CST)[39m
[37m  [35mquery[37m:{}[39m
[37mCompleted in 12ms  200

[39m
[37mStarted POST   /api/datav/queryDavavMeishiChinaList for ::1at Sun May 05 2019 09:54:57 GMT+0800 (CST)[39m
[37m  [35mquery[37m:{}[39m
[37mCompleted in 63ms  200

[39m
[37mStarted POST   /api/datav/queryDatavMeishichinaTypeList for ::1at Sun May 05 2019 09:55:25 GMT+0800 (CST)[39m
[37m  [35mquery[37m:{}[39m
[37mCompleted in 15ms  200

[39m
[37mStarted POST   /api/datav/queryDavavMeishiChinaList for ::1at Sun May 05 2019 09:55:25 GMT+0800 (CST)[39m
[37m  [35mquery[37m:{}[39m
[37mCompleted in 66ms  200

[39m
[37mStarted POST   /api/datav/queryDatavMeishichinaTypeList for ::1at Sun May 05 2019 09:55:33 GMT+0800 (CST)[39m
[37m  [35mquery[37m:{}[39m
[37mCompleted in 11ms  200

[39m
[37mStarted POST   /api/datav/queryDavavMeishiChinaList for ::1at Sun May 05 2019 09:55:34 GMT+0800 (CST)[39m
[37m  [35mquery[37m:{}[39m
[37mCompleted in 66ms  200

[39m
[37mStarted POST   /api/datav/queryDatavMeishichinaTypeList for ::1at Sun May 05 2019 09:55:40 GMT+0800 (CST)[39m
[37m  [35mquery[37m:{}[39m
[37mCompleted in 11ms  200

[39m
[37mStarted POST   /api/datav/queryDavavMeishiChinaList for ::1at Sun May 05 2019 09:55:40 GMT+0800 (CST)[39m
[37m  [35mquery[37m:{}[39m
[37mCompleted in 68ms  200

[39m
[37mStarted POST   /api/datav/queryDatavMeishichinaTypeList for ::1at Sun May 05 2019 09:55:49 GMT+0800 (CST)[39m
[37m  [35mquery[37m:{}[39m
[37mCompleted in 14ms  200

[39m
[37mStarted POST   /api/datav/queryDavavMeishiChinaList for ::1at Sun May 05 2019 09:55:49 GMT+0800 (CST)[39m
[37m  [35mquery[37m:{}[39m
[37mCompleted in 62ms  200

[39m
[37mStarted POST   /api/datav/queryDatavMeishichinaTypeList for ::1at Sun May 05 2019 09:56:02 GMT+0800 (CST)[39m
[37m  [35mquery[37m:{}[39m
[37mCompleted in 12ms  200

[39m
[37mStarted POST   /api/datav/queryDavavMeishiChinaList for ::1at Sun May 05 2019 09:56:02 GMT+0800 (CST)[39m
[37m  [35mquery[37m:{}[39m
[37mCompleted in 59ms  200

[39m
[37mStarted POST   /api/datav/queryDatavMeishichinaTypeList for ::1at Sun May 05 2019 09:58:04 GMT+0800 (CST)[39m
[37m  [35mquery[37m:{}[39m
[37mCompleted in 13ms  200

[39m
[37mStarted POST   /api/datav/queryDavavMeishiChinaList for ::1at Sun May 05 2019 09:58:05 GMT+0800 (CST)[39m
[37m  [35mquery[37m:{}[39m
[37mCompleted in 65ms  200

[39m
[37mStarted POST   /api/datav/queryDatavMeishichinaTypeList for ::1at Sun May 05 2019 09:58:56 GMT+0800 (CST)[39m
[37m  [35mquery[37m:{}[39m
[37mCompleted in 13ms  200

[39m
[37mStarted POST   /api/datav/queryDavavMeishiChinaList for ::1at Sun May 05 2019 09:58:56 GMT+0800 (CST)[39m
[37m  [35mquery[37m:{}[39m
[37mCompleted in 63ms  200

[39m
[37mStarted POST   /api/datav/queryDatavMeishichinaTypeList for ::1at Sun May 05 2019 09:59:02 GMT+0800 (CST)[39m
[37m  [35mquery[37m:{}[39m
[37mCompleted in 15ms  200

[39m
[37mStarted POST   /api/datav/queryDavavMeishiChinaList for ::1at Sun May 05 2019 09:59:02 GMT+0800 (CST)[39m
[37m  [35mquery[37m:{}[39m
[37mCompleted in 64ms  200

[39m
[37mStarted POST   /api/datav/queryDatavMeishichinaTypeList for ::1at Sun May 05 2019 09:59:59 GMT+0800 (CST)[39m
[37m  [35mquery[37m:{}[39m
[37mCompleted in 16ms  200

[39m
[37mStarted POST   /api/datav/queryDavavMeishiChinaList for ::1at Sun May 05 2019 09:59:59 GMT+0800 (CST)[39m
[37m  [35mquery[37m:{}[39m
[37mCompleted in 64ms  200

[39m
[37mStarted POST   /api/datav/queryDatavMeishichinaTypeList for ::1at Sun May 05 2019 10:01:02 GMT+0800 (CST)[39m
[37m  [35mquery[37m:{}[39m
[37mCompleted in 14ms  200

[39m
[37mStarted POST   /api/datav/queryDavavMeishiChinaList for ::1at Sun May 05 2019 10:01:03 GMT+0800 (CST)[39m
[37m  [35mquery[37m:{}[39m
[37mCompleted in 63ms  200

[39m
[37mStarted POST   /api/datav/queryDavavMeishiChinaList for ::1at Sun May 05 2019 10:21:45 GMT+0800 (CST)[39m
[37m  [35mquery[37m:{}[39m
[37mCompleted in 64ms  200

[39m
[37mStarted POST   /api/datav/queryDavavMeishiChinaList for ::1at Sun May 05 2019 10:21:46 GMT+0800 (CST)[39m
[37m  [35mquery[37m:{}[39m
[37mCompleted in 63ms  200

[39m
[37mStarted POST   /api/datav/queryDatavMeishichinaTypeList for ::1at Sun May 05 2019 10:22:07 GMT+0800 (CST)[39m
[37m  [35mquery[37m:{}[39m
[37mCompleted in 13ms  200

[39m
[37mStarted POST   /api/datav/queryDavavMeishiChinaList for ::1at Sun May 05 2019 10:22:07 GMT+0800 (CST)[39m
[37m  [35mquery[37m:{}[39m
[37mCompleted in 61ms  200

[39m
[37mStarted POST   /api/datav/queryDatavMeishichinaTypeList for ::1at Sun May 05 2019 10:23:04 GMT+0800 (CST)[39m
[37m  [35mquery[37m:{}[39m
[37mCompleted in 12ms  200

[39m
[37mStarted POST   /api/datav/queryDavavMeishiChinaList for ::1at Sun May 05 2019 10:23:05 GMT+0800 (CST)[39m
[37m  [35mquery[37m:{}[39m
[37mCompleted in 68ms  200

[39m
[37mStarted POST   /api/datav/queryDatavMeishichinaTypeList for ::1at Sun May 05 2019 10:23:54 GMT+0800 (CST)[39m
[37m  [35mquery[37m:{}[39m
[37mCompleted in 13ms  200

[39m
[37mStarted POST   /api/datav/queryDavavMeishiChinaList for ::1at Sun May 05 2019 10:23:54 GMT+0800 (CST)[39m
[37m  [35mquery[37m:{}[39m
[37mCompleted in 61ms  200

[39m
[37mStarted POST   /api/datav/queryDatavMeishichinaTypeList for ::1at Sun May 05 2019 10:24:19 GMT+0800 (CST)[39m
[37m  [35mquery[37m:{}[39m
[37mCompleted in 13ms  200

[39m
[37mStarted POST   /api/datav/queryDavavMeishiChinaList for ::1at Sun May 05 2019 10:24:19 GMT+0800 (CST)[39m
[37m  [35mquery[37m:{}[39m
[37mCompleted in 64ms  200

[39m
[37mStarted POST   /api/datav/queryDatavMeishichinaTypeList for ::1at Sun May 05 2019 10:24:55 GMT+0800 (CST)[39m
[37m  [35mquery[37m:{}[39m
[37mCompleted in 12ms  200

[39m
[37mStarted POST   /api/datav/queryDavavMeishiChinaList for ::1at Sun May 05 2019 10:24:55 GMT+0800 (CST)[39m
[37m  [35mquery[37m:{}[39m
[37mCompleted in 64ms  200

[39m
[37mStarted POST   /api/datav/queryDatavMeishichinaTypeList for ::1at Sun May 05 2019 10:25:04 GMT+0800 (CST)[39m
[37m  [35mquery[37m:{}[39m
[37mCompleted in 12ms  200

[39m
[37mStarted POST   /api/datav/queryDavavMeishiChinaList for ::1at Sun May 05 2019 10:25:04 GMT+0800 (CST)[39m
[37m  [35mquery[37m:{}[39m
[37mCompleted in 62ms  200

[39m
[37mStarted POST   /api/datav/queryDatavMeishichinaTypeList for ::1at Sun May 05 2019 10:26:40 GMT+0800 (CST)[39m
[37m  [35mquery[37m:{}[39m
[37mCompleted in 12ms  200

[39m
[37mStarted POST   /api/datav/queryDavavMeishiChinaList for ::1at Sun May 05 2019 10:26:40 GMT+0800 (CST)[39m
[37m  [35mquery[37m:{}[39m
[37mCompleted in 61ms  200

[39m
[37mStarted POST   /api/datav/queryDatavMeishichinaTypeList for ::1at Sun May 05 2019 10:26:58 GMT+0800 (CST)[39m
[37m  [35mquery[37m:{}[39m
[37mCompleted in 16ms  200

[39m
[37mStarted POST   /api/datav/queryDavavMeishiChinaList for ::1at Sun May 05 2019 10:26:59 GMT+0800 (CST)[39m
[37m  [35mquery[37m:{}[39m
[37mCompleted in 62ms  200

[39m
[37mStarted POST   /api/datav/queryDatavMeishichinaTypeList for ::1at Sun May 05 2019 10:27:23 GMT+0800 (CST)[39m
[37m  [35mquery[37m:{}[39m
[37mCompleted in 13ms  200

[39m
[37mStarted POST   /api/datav/queryDavavMeishiChinaList for ::1at Sun May 05 2019 10:27:23 GMT+0800 (CST)[39m
[37m  [35mquery[37m:{}[39m
[37mCompleted in 63ms  200

[39m
[37mStarted POST   /api/datav/queryDatavMeishichinaTypeList for ::1at Sun May 05 2019 10:29:19 GMT+0800 (CST)[39m
[37m  [35mquery[37m:{}[39m
[37mCompleted in 12ms  200

[39m
[37mStarted POST   /api/datav/queryDavavMeishiChinaList for ::1at Sun May 05 2019 10:29:19 GMT+0800 (CST)[39m
[37m  [35mquery[37m:{}[39m
[37mCompleted in 60ms  200

[39m
[37mStarted POST   /api/datav/queryDatavMeishichinaTypeList for ::1at Sun May 05 2019 10:29:21 GMT+0800 (CST)[39m
[37m  [35mquery[37m:{}[39m
[37mCompleted in 12ms  200

[39m
[37mStarted POST   /api/datav/queryDavavMeishiChinaList for ::1at Sun May 05 2019 10:29:21 GMT+0800 (CST)[39m
[37m  [35mquery[37m:{}[39m
[37mCompleted in 112ms  200

[39m
[37mStarted POST   /api/datav/queryDatavMeishichinaTypeList for ::1at Sun May 05 2019 10:30:53 GMT+0800 (CST)[39m
[37m  [35mquery[37m:{}[39m
[37mCompleted in 64ms  200

[39m
[37mStarted POST   /api/datav/queryDavavMeishiChinaList for ::1at Sun May 05 2019 10:30:53 GMT+0800 (CST)[39m
[37m  [35mquery[37m:{}[39m
[37mCompleted in 171ms  200

[39m
[37mStarted POST   /api/datav/queryDatavMeishichinaTypeList for ::1at Sun May 05 2019 10:42:24 GMT+0800 (CST)[39m
[37m  [35mquery[37m:{}[39m
[37mCompleted in 21ms  200

[39m
[37mStarted POST   /api/datav/queryDavavMeishiChinaList for ::1at Sun May 05 2019 10:42:25 GMT+0800 (CST)[39m
[37m  [35mquery[37m:{}[39m
[37mCompleted in 30ms  500

[39m
[37mStarted POST   /api/datav/queryDatavMeishichinaTypeList for ::1at Sun May 05 2019 10:42:33 GMT+0800 (CST)[39m
[37m  [35mquery[37m:{}[39m
[37mCompleted in 15ms  200

[39m
[37mStarted POST   /api/datav/queryDavavMeishiChinaList for ::1at Sun May 05 2019 10:42:33 GMT+0800 (CST)[39m
[37m  [35mquery[37m:{}[39m
[37mCompleted in 4ms  500

[39m
[37mStarted POST   /api/datav/queryDatavMeishichinaTypeList for ::1at Sun May 05 2019 10:44:22 GMT+0800 (CST)[39m
[37m  [35mquery[37m:{}[39m
[37mCompleted in 14ms  200

[39m
[37mStarted POST   /api/datav/queryDavavMeishiChinaList for ::1at Sun May 05 2019 10:44:22 GMT+0800 (CST)[39m
[37m  [35mquery[37m:{}[39m
[37mCompleted in 3ms  500

[39m
[37mStarted POST   /api/datav/queryDatavMeishichinaTypeList for ::1at Sun May 05 2019 10:44:57 GMT+0800 (CST)[39m
[37m  [35mquery[37m:{}[39m
[37mCompleted in 38ms  200

[39m
[37mStarted POST   /api/datav/queryDavavMeishiChinaList for ::1at Sun May 05 2019 10:44:57 GMT+0800 (CST)[39m
[37m  [35mquery[37m:{}[39m
[37mCompleted in 3ms  500

[39m
[37mStarted POST   /api/datav/queryDatavMeishichinaTypeList for ::1at Sun May 05 2019 10:45:09 GMT+0800 (CST)[39m
[37m  [35mquery[37m:{}[39m
[37mCompleted in 20ms  200

[39m
[37mStarted POST   /api/datav/queryDavavMeishiChinaList for ::1at Sun May 05 2019 10:45:09 GMT+0800 (CST)[39m
[37m  [35mquery[37m:{}[39m
[37mCompleted in 5ms  500

[39m
[37mStarted POST   /api/datav/queryDatavMeishichinaTypeList for ::1at Sun May 05 2019 10:47:03 GMT+0800 (CST)[39m
[37m  [35mquery[37m:{}[39m
[37mCompleted in 67ms  200

[39m
[37mStarted POST   /api/datav/queryDavavMeishiChinaList for ::1at Sun May 05 2019 10:47:04 GMT+0800 (CST)[39m
[37m  [35mquery[37m:{}[39m
[37mCompleted in 240ms  200

[39m
[37mStarted POST   /api/datav/queryDavavMeishiChinaList for ::1at Sun May 05 2019 10:47:10 GMT+0800 (CST)[39m
[37m  [35mquery[37m:{}[39m
[37mCompleted in 109ms  200

[39m
[37mStarted POST   /api/datav/queryDavavMeishiChinaList for ::1at Sun May 05 2019 10:47:13 GMT+0800 (CST)[39m
[37m  [35mquery[37m:{}[39m
[37mCompleted in 62ms  200

[39m
[37mStarted POST   /api/datav/queryDavavMeishiChinaList for ::1at Sun May 05 2019 10:47:28 GMT+0800 (CST)[39m
[37m  [35mquery[37m:{}[39m
[37mCompleted in 53ms  200

[39m
[37mStarted POST   /api/datav/queryDavavMeishiChinaList for ::1at Sun May 05 2019 10:47:29 GMT+0800 (CST)[39m
[37m  [35mquery[37m:{}[39m
[37mCompleted in 60ms  200

[39m
[37mStarted POST   /api/datav/queryDavavMeishiChinaList for ::1at Sun May 05 2019 10:50:54 GMT+0800 (CST)[39m
[37m  [35mquery[37m:{}[39m
[37mCompleted in 65ms  200

[39m
[37mStarted POST   /api/datav/queryDavavMeishiChinaList for ::1at Sun May 05 2019 10:50:55 GMT+0800 (CST)[39m
[37m  [35mquery[37m:{}[39m
[37mCompleted in 79ms  200

[39m
[37mStarted POST   /api/datav/queryDavavMeishiChinaList for ::1at Sun May 05 2019 10:50:57 GMT+0800 (CST)[39m
[37m  [35mquery[37m:{}[39m
[37mCompleted in 58ms  200

[39m
[37mStarted POST   /api/datav/queryDatavMeishichinaTypeList for ::1at Sun May 05 2019 10:51:56 GMT+0800 (CST)[39m
[37m  [35mquery[37m:{}[39m
[37mCompleted in 15ms  200

[39m
[37mStarted POST   /api/datav/queryDavavMeishiChinaList for ::1at Sun May 05 2019 10:51:56 GMT+0800 (CST)[39m
[37m  [35mquery[37m:{}[39m
[37mCompleted in 79ms  200

[39m
[37mStarted POST   /api/datav/queryDatavMeishichinaTypeList for ::1at Sun May 05 2019 11:08:29 GMT+0800 (CST)[39m
[37m  [35mquery[37m:{}[39m
[37mCompleted in 15ms  200

[39m
[37mStarted POST   /api/datav/queryDavavMeishiChinaList for ::1at Sun May 05 2019 11:08:29 GMT+0800 (CST)[39m
[37m  [35mquery[37m:{}[39m
[37mCompleted in 57ms  200

[39m
[37mStarted POST   /api/datav/queryDatavMeishichinaTypeList for ::1at Sun May 05 2019 11:12:56 GMT+0800 (CST)[39m
[37m  [35mquery[37m:{}[39m
[37mCompleted in 25ms  200

[39m
[37mStarted POST   /api/datav/queryDavavMeishiChinaList for ::1at Sun May 05 2019 11:12:56 GMT+0800 (CST)[39m
[37m  [35mquery[37m:{}[39m
[37mCompleted in 69ms  200

[39m
[37mStarted POST   /api/datav/queryDatavMeishichinaTypeList for ::1at Sun May 05 2019 11:18:53 GMT+0800 (CST)[39m
[37m  [35mquery[37m:{}[39m
[37mCompleted in 15ms  200

[39m
[37mStarted POST   /api/datav/queryDavavMeishiChinaList for ::1at Sun May 05 2019 11:18:53 GMT+0800 (CST)[39m
[37m  [35mquery[37m:{}[39m
[37mCompleted in 59ms  200

[39m
[37mStarted POST   /api/datav/queryDatavMeishichinaTypeList for ::1at Sun May 05 2019 11:18:55 GMT+0800 (CST)[39m
[37m  [35mquery[37m:{}[39m
[37mCompleted in 16ms  200

[39m
[37mStarted POST   /api/datav/queryDavavMeishiChinaList for ::1at Sun May 05 2019 11:18:55 GMT+0800 (CST)[39m
[37m  [35mquery[37m:{}[39m
[37mCompleted in 57ms  200

[39m
[37mStarted POST   /api/datav/queryDatavMeishichinaTypeList for ::1at Sun May 05 2019 11:20:38 GMT+0800 (CST)[39m
[37m  [35mquery[37m:{}[39m
[37mCompleted in 14ms  200

[39m
[37mStarted POST   /api/datav/queryDavavMeishiChinaList for ::1at Sun May 05 2019 11:20:38 GMT+0800 (CST)[39m
[37m  [35mquery[37m:{}[39m
[37mCompleted in 58ms  200

[39m
[37mStarted POST   /api/datav/queryDatavMeishichinaTypeList for ::1at Sun May 05 2019 11:20:55 GMT+0800 (CST)[39m
[37m  [35mquery[37m:{}[39m
[37mCompleted in 14ms  200

[39m
[37mStarted POST   /api/datav/queryDavavMeishiChinaList for ::1at Sun May 05 2019 11:20:55 GMT+0800 (CST)[39m
[37m  [35mquery[37m:{}[39m
[37mCompleted in 53ms  200

[39m
[37mStarted POST   /api/datav/queryDavavMeishiChinaList for ::1at Sun May 05 2019 11:21:01 GMT+0800 (CST)[39m
[37m  [35mquery[37m:{}[39m
[37mCompleted in 56ms  200

[39m
[37mStarted POST   /api/datav/queryDavavMeishiChinaList for ::1at Sun May 05 2019 11:21:13 GMT+0800 (CST)[39m
[37m  [35mquery[37m:{}[39m
[37mCompleted in 57ms  200

[39m
[37mStarted POST   /api/datav/queryDavavMeishiChinaList for ::1at Sun May 05 2019 11:21:18 GMT+0800 (CST)[39m
[37m  [35mquery[37m:{}[39m
[37mCompleted in 69ms  200

[39m
[37mStarted POST   /api/datav/queryDavavMeishiChinaList for ::1at Sun May 05 2019 11:21:58 GMT+0800 (CST)[39m
[37m  [35mquery[37m:{}[39m
[37mCompleted in 65ms  200

[39m
[37mStarted POST   /api/datav/queryDatavMeishichinaTypeList for ::1at Sun May 05 2019 11:22:17 GMT+0800 (CST)[39m
[37m  [35mquery[37m:{}[39m
[37mCompleted in 12ms  200

[39m
[37mStarted POST   /api/datav/queryDavavMeishiChinaList for ::1at Sun May 05 2019 11:22:17 GMT+0800 (CST)[39m
[37m  [35mquery[37m:{}[39m
[37mCompleted in 53ms  200

[39m
[37mStarted POST   /api/datav/queryDatavMeishichinaTypeList for ::1at Sun May 05 2019 11:22:22 GMT+0800 (CST)[39m
[37m  [35mquery[37m:{}[39m
[37mCompleted in 14ms  200

[39m
[37mStarted POST   /api/datav/queryDavavMeishiChinaList for ::1at Sun May 05 2019 11:22:22 GMT+0800 (CST)[39m
[37m  [35mquery[37m:{}[39m
[37mCompleted in 53ms  200

[39m
[37mStarted POST   /api/datav/queryDavavMeishiChinaList for ::1at Sun May 05 2019 11:22:29 GMT+0800 (CST)[39m
[37m  [35mquery[37m:{}[39m
[37mCompleted in 51ms  200

[39m
[37mStarted POST   /api/datav/queryDatavMeishichinaTypeList for ::1at Sun May 05 2019 11:22:59 GMT+0800 (CST)[39m
[37m  [35mquery[37m:{}[39m
[37mCompleted in 13ms  200

[39m
[37mStarted POST   /api/datav/queryDatavMeishichinaTypeList for ::1at Sun May 05 2019 11:23:01 GMT+0800 (CST)[39m
[37m  [35mquery[37m:{}[39m
[37mCompleted in 12ms  200

[39m
[37mStarted POST   /api/datav/queryDavavMeishiChinaList for ::1at Sun May 05 2019 11:23:01 GMT+0800 (CST)[39m
[37m  [35mquery[37m:{}[39m
[37mCompleted in 56ms  200

[39m
[37mStarted POST   /api/datav/queryDavavMeishiChinaList for ::1at Sun May 05 2019 11:23:07 GMT+0800 (CST)[39m
[37m  [35mquery[37m:{}[39m
[37mCompleted in 57ms  200

[39m
[37mStarted POST   /api/datav/queryDavavMeishiChinaList for ::1at Sun May 05 2019 11:23:16 GMT+0800 (CST)[39m
[37m  [35mquery[37m:{}[39m
[37mCompleted in 54ms  200

[39m
[37mStarted POST   /api/datav/queryDatavMeishichinaTypeList for ::1at Sun May 05 2019 11:23:23 GMT+0800 (CST)[39m
[37m  [35mquery[37m:{}[39m
[37mCompleted in 12ms  200

[39m
[37mStarted POST   /api/datav/queryDavavMeishiChinaList for ::1at Sun May 05 2019 11:23:23 GMT+0800 (CST)[39m
[37m  [35mquery[37m:{}[39m
[37mCompleted in 56ms  200

[39m
[37mStarted POST   /api/datav/queryDatavMeishichinaTypeList for ::1at Sun May 05 2019 11:24:10 GMT+0800 (CST)[39m
[37m  [35mquery[37m:{}[39m
[37mCompleted in 12ms  200

[39m
[37mStarted POST   /api/datav/queryDavavMeishiChinaList for ::1at Sun May 05 2019 11:24:10 GMT+0800 (CST)[39m
[37m  [35mquery[37m:{}[39m
[37mCompleted in 55ms  200

[39m
[37mStarted POST   /api/datav/queryDavavMeishiChinaList for ::1at Sun May 05 2019 11:24:17 GMT+0800 (CST)[39m
[37m  [35mquery[37m:{}[39m
[37mCompleted in 58ms  200

[39m
[37mStarted POST   /api/datav/queryDavavMeishiChinaList for ::1at Sun May 05 2019 11:24:31 GMT+0800 (CST)[39m
[37m  [35mquery[37m:{}[39m
[37mCompleted in 54ms  200

[39m
[37mStarted POST   /api/datav/queryDatavMeishichinaTypeList for ::1at Sun May 05 2019 11:24:56 GMT+0800 (CST)[39m
[37m  [35mquery[37m:{}[39m
[37mCompleted in 21ms  200

[39m
[37mStarted POST   /api/datav/queryDavavMeishiChinaList for ::1at Sun May 05 2019 11:24:56 GMT+0800 (CST)[39m
[37m  [35mquery[37m:{}[39m
[37mCompleted in 54ms  200

[39m
[37mStarted POST   /api/datav/queryDatavMeishichinaTypeList for ::1at Sun May 05 2019 11:26:05 GMT+0800 (CST)[39m
[37m  [35mquery[37m:{}[39m
[37mCompleted in 24ms  200

[39m
[37mStarted POST   /api/datav/queryDavavMeishiChinaList for ::1at Sun May 05 2019 11:26:05 GMT+0800 (CST)[39m
[37m  [35mquery[37m:{}[39m
[37mCompleted in 68ms  200

[39m
[37mStarted POST   /api/datav/queryDavavMeishiChinaList for ::1at Sun May 05 2019 11:26:11 GMT+0800 (CST)[39m
[37m  [35mquery[37m:{}[39m
[37mCompleted in 54ms  200

[39m
[37mStarted POST   /api/datav/queryDavavMeishiChinaList for ::1at Sun May 05 2019 11:26:16 GMT+0800 (CST)[39m
[37m  [35mquery[37m:{}[39m
[37mCompleted in 53ms  200

[39m
[37mStarted POST   /api/datav/queryDavavMeishiChinaList for ::1at Sun May 05 2019 11:26:23 GMT+0800 (CST)[39m
[37m  [35mquery[37m:{}[39m
[37mCompleted in 53ms  200

[39m
[37mStarted POST   /api/datav/queryDavavMeishiChinaList for ::1at Sun May 05 2019 11:27:34 GMT+0800 (CST)[39m
[37m  [35mquery[37m:{}[39m
[37mCompleted in 50ms  200

[39m
[37mStarted POST   /api/datav/queryDavavMeishiChinaList for ::1at Sun May 05 2019 11:27:38 GMT+0800 (CST)[39m
[37m  [35mquery[37m:{}[39m
[37mCompleted in 54ms  200

[39m
[37mStarted POST   /api/datav/queryDavavMeishiChinaList for ::1at Sun May 05 2019 11:27:39 GMT+0800 (CST)[39m
[37m  [35mquery[37m:{}[39m
[37mCompleted in 53ms  200

[39m
[37mStarted POST   /api/datav/queryDavavMeishiChinaList for ::1at Sun May 05 2019 11:27:41 GMT+0800 (CST)[39m
[37m  [35mquery[37m:{}[39m
[37mCompleted in 49ms  200

[39m
[37mStarted POST   /api/datav/queryDavavMeishiChinaList for ::1at Sun May 05 2019 11:27:44 GMT+0800 (CST)[39m
[37m  [35mquery[37m:{}[39m
[37mCompleted in 51ms  200

[39m
[37mStarted POST   /api/datav/queryDavavMeishiChinaList for ::1at Sun May 05 2019 11:29:08 GMT+0800 (CST)[39m
[37m  [35mquery[37m:{}[39m
[37mCompleted in 54ms  200

[39m
[37mStarted POST   /api/datav/queryDavavMeishiChinaList for ::1at Sun May 05 2019 11:29:12 GMT+0800 (CST)[39m
[37m  [35mquery[37m:{}[39m
[37mCompleted in 61ms  200

[39m
[37mStarted POST   /api/datav/queryDavavMeishiChinaList for ::1at Sun May 05 2019 11:29:15 GMT+0800 (CST)[39m
[37m  [35mquery[37m:{}[39m
[37mCompleted in 48ms  200

[39m
[37mStarted POST   /api/datav/queryDavavMeishiChinaList for ::1at Sun May 05 2019 11:29:16 GMT+0800 (CST)[39m
[37m  [35mquery[37m:{}[39m
[37mCompleted in 54ms  200

[39m
[37mStarted POST   /api/datav/queryDavavMeishiChinaList for ::1at Sun May 05 2019 11:29:17 GMT+0800 (CST)[39m
[37m  [35mquery[37m:{}[39m
[37mCompleted in 50ms  200

[39m
[37mStarted POST   /api/datav/queryDavavMeishiChinaList for ::1at Sun May 05 2019 11:29:19 GMT+0800 (CST)[39m
[37m  [35mquery[37m:{}[39m
[37mCompleted in 53ms  200

[39m
[37mStarted POST   /api/datav/queryDavavMeishiChinaList for ::1at Sun May 05 2019 11:29:40 GMT+0800 (CST)[39m
[37m  [35mquery[37m:{}[39m
[37mCompleted in 50ms  200

[39m
[37mStarted POST   /api/datav/queryDatavMeishichinaTypeList for ::1at Sun May 05 2019 11:35:35 GMT+0800 (CST)[39m
[37m  [35mquery[37m:{}[39m
[37mCompleted in 12ms  200

[39m
[37mStarted POST   /api/datav/queryDatavMeishichinaTypeList for ::1at Sun May 05 2019 11:35:37 GMT+0800 (CST)[39m
[37m  [35mquery[37m:{}[39m
[37mCompleted in 13ms  200

[39m
[37mStarted POST   /api/datav/queryDavavMeishiChinaList for ::1at Sun May 05 2019 11:35:37 GMT+0800 (CST)[39m
[37m  [35mquery[37m:{}[39m
[37mCompleted in 54ms  200

[39m
[37mStarted POST   /api/datav/queryDatavMeishichinaTypeList for ::1at Sun May 05 2019 11:35:54 GMT+0800 (CST)[39m
[37m  [35mquery[37m:{}[39m
[37mCompleted in 13ms  200

[39m
[37mStarted POST   /api/datav/queryDavavMeishiChinaList for ::1at Sun May 05 2019 11:35:54 GMT+0800 (CST)[39m
[37m  [35mquery[37m:{}[39m
[37mCompleted in 53ms  200

[39m
[37mStarted POST   /api/datav/queryDatavMeishichinaTypeList for ::1at Sun May 05 2019 11:36:08 GMT+0800 (CST)[39m
[37m  [35mquery[37m:{}[39m
[37mCompleted in 13ms  200

[39m
[37mStarted POST   /api/datav/queryDavavMeishiChinaList for ::1at Sun May 05 2019 11:36:08 GMT+0800 (CST)[39m
[37m  [35mquery[37m:{}[39m
[37mCompleted in 52ms  200

[39m
[37mStarted POST   /api/datav/queryDatavMeishichinaTypeList for ::1at Sun May 05 2019 12:00:27 GMT+0800 (CST)[39m
[37m  [35mquery[37m:{}[39m
[37mCompleted in 14ms  200

[39m
[37mStarted POST   /api/datav/queryDavavMeishiChinaList for ::1at Sun May 05 2019 12:00:27 GMT+0800 (CST)[39m
[37m  [35mquery[37m:{}[39m
[37mCompleted in 54ms  200

[39m
[37mStarted POST   /api/datav/queryDatavMeishichinaTypeList for ::1at Sun May 05 2019 12:03:46 GMT+0800 (CST)[39m
[37m  [35mquery[37m:{}[39m
[37mCompleted in 12ms  200

[39m
[37mStarted POST   /api/datav/queryDatavMeishichinaTypeList for ::1at Sun May 05 2019 12:03:47 GMT+0800 (CST)[39m
[37m  [35mquery[37m:{}[39m
[37mCompleted in 14ms  200

[39m
[37mStarted POST   /api/datav/queryDavavMeishiChinaList for ::1at Sun May 05 2019 12:03:47 GMT+0800 (CST)[39m
[37m  [35mquery[37m:{}[39m
[37mCompleted in 56ms  200

[39m
[37mStarted POST   /api/datav/queryDatavMeishichinaTypeList for ::1at Sun May 05 2019 13:35:04 GMT+0800 (CST)[39m
[37m  [35mquery[37m:{}[39m
[37mCompleted in 13ms  200

[39m
[37mStarted POST   /api/datav/queryDavavMeishiChinaList for ::1at Sun May 05 2019 13:35:04 GMT+0800 (CST)[39m
[37m  [35mquery[37m:{}[39m
[37mCompleted in 50ms  200

[39m
[37mStarted POST   /api/datav/queryDatavMeishichinaTypeList for ::1at Sun May 05 2019 13:35:36 GMT+0800 (CST)[39m
[37m  [35mquery[37m:{}[39m
[37mCompleted in 12ms  200

[39m
[37mStarted POST   /api/datav/queryDavavMeishiChinaList for ::1at Sun May 05 2019 13:35:36 GMT+0800 (CST)[39m
[37m  [35mquery[37m:{}[39m
[37mCompleted in 53ms  200

[39m
[37mStarted POST   /api/datav/queryDatavMeishichinaTypeList for ::1at Sun May 05 2019 13:40:57 GMT+0800 (CST)[39m
[37m  [35mquery[37m:{}[39m
[37mCompleted in 13ms  200

[39m
[37mStarted POST   /api/datav/queryDavavMeishiChinaList for ::1at Sun May 05 2019 13:40:57 GMT+0800 (CST)[39m
[37m  [35mquery[37m:{}[39m
[37mCompleted in 51ms  200

[39m
[37mStarted POST   /api/datav/queryDatavMeishichinaTypeList for ::1at Sun May 05 2019 13:59:17 GMT+0800 (CST)[39m
[37m  [35mquery[37m:{}[39m
[37mCompleted in 19ms  200

[39m
[37mStarted POST   /api/datav/queryDavavMeishiChinaList for ::1at Sun May 05 2019 13:59:17 GMT+0800 (CST)[39m
[37m  [35mquery[37m:{}[39m
[37mCompleted in 53ms  200

[39m
[37mStarted POST   /api/datav/queryDatavMeishichinaTypeList for ::1at Sun May 05 2019 14:01:23 GMT+0800 (CST)[39m
[37m  [35mquery[37m:{}[39m
[37mCompleted in 13ms  200

[39m
[37mStarted POST   /api/datav/queryDavavMeishiChinaList for ::1at Sun May 05 2019 14:01:24 GMT+0800 (CST)[39m
[37m  [35mquery[37m:{}[39m
[37mCompleted in 67ms  200

[39m
[37mStarted POST   /api/datav/queryDatavMeishichinaTypeList for ::1at Sun May 05 2019 14:04:07 GMT+0800 (CST)[39m
[37m  [35mquery[37m:{}[39m
[37mCompleted in 14ms  200

[39m
[37mStarted POST   /api/datav/queryDavavMeishiChinaList for ::1at Sun May 05 2019 14:04:07 GMT+0800 (CST)[39m
[37m  [35mquery[37m:{}[39m
[37mCompleted in 51ms  200

[39m
[37mStarted POST   /api/datav/queryDatavMeishichinaTypeList for ::1at Sun May 05 2019 14:07:17 GMT+0800 (CST)[39m
[37m  [35mquery[37m:{}[39m
[37mCompleted in 10ms  200

[39m
[37mStarted POST   /api/datav/queryDavavMeishiChinaList for ::1at Sun May 05 2019 14:07:17 GMT+0800 (CST)[39m
[37m  [35mquery[37m:{}[39m
[37mCompleted in 56ms  200

[39m
[37mStarted POST   /api/datav/queryDatavMeishichinaTypeList for ::1at Sun May 05 2019 14:15:39 GMT+0800 (CST)[39m
[37m  [35mquery[37m:{}[39m
[37mCompleted in 15ms  200

[39m
[37mStarted POST   /api/datav/queryDavavMeishiChinaList for ::1at Sun May 05 2019 14:15:39 GMT+0800 (CST)[39m
[37m  [35mquery[37m:{}[39m
[37mCompleted in 74ms  200

[39m
[37mStarted POST   /api/datav/queryDatavMeishichinaTypeList for ::1at Sun May 05 2019 14:16:52 GMT+0800 (CST)[39m
[37m  [35mquery[37m:{}[39m
[37mCompleted in 12ms  200

[39m
[37mStarted POST   /api/datav/queryDavavMeishiChinaList for ::1at Sun May 05 2019 14:16:52 GMT+0800 (CST)[39m
[37m  [35mquery[37m:{}[39m
[37mCompleted in 56ms  200

[39m
[37mStarted POST   /api/datav/queryDatavMeishichinaTypeList for ::1at Sun May 05 2019 14:16:56 GMT+0800 (CST)[39m
[37m  [35mquery[37m:{}[39m
[37mCompleted in 13ms  200

[39m
[37mStarted POST   /api/datav/queryDavavMeishiChinaList for ::1at Sun May 05 2019 14:16:56 GMT+0800 (CST)[39m
[37m  [35mquery[37m:{}[39m
[37mCompleted in 59ms  200

[39m
[37mStarted POST   /api/datav/queryDavavMeishiChinaList for ::1at Sun May 05 2019 14:17:36 GMT+0800 (CST)[39m
[37m  [35mquery[37m:{}[39m
[37mCompleted in 55ms  200

[39m
[37mStarted POST   /api/datav/queryDavavMeishiChinaList for ::1at Sun May 05 2019 14:17:37 GMT+0800 (CST)[39m
[37m  [35mquery[37m:{}[39m
[37mCompleted in 51ms  200

[39m
[37mStarted POST   /api/datav/queryDatavMeishichinaTypeList for ::1at Sun May 05 2019 14:48:56 GMT+0800 (CST)[39m
[37m  [35mquery[37m:{}[39m
[37mCompleted in 16ms  200

[39m
[37mStarted POST   /api/datav/queryDavavMeishiChinaList for ::1at Sun May 05 2019 14:48:56 GMT+0800 (CST)[39m
[37m  [35mquery[37m:{}[39m
[37mCompleted in 57ms  200

[39m
[37mStarted POST   /api/datav/queryDatavMeishichinaTypeList for ::1at Sun May 05 2019 14:49:09 GMT+0800 (CST)[39m
[37m  [35mquery[37m:{}[39m
[37mCompleted in 12ms  200

[39m
[37mStarted POST   /api/datav/queryDavavMeishiChinaList for ::1at Sun May 05 2019 14:49:09 GMT+0800 (CST)[39m
[37m  [35mquery[37m:{}[39m
[37mCompleted in 54ms  200

[39m
[37mStarted POST   /api/datav/queryDatavMeishichinaTypeList for ::1at Sun May 05 2019 14:49:38 GMT+0800 (CST)[39m
[37m  [35mquery[37m:{}[39m
[37mCompleted in 15ms  200

[39m
[37mStarted POST   /api/datav/queryDavavMeishiChinaList for ::1at Sun May 05 2019 14:49:38 GMT+0800 (CST)[39m
[37m  [35mquery[37m:{}[39m
[37mCompleted in 56ms  200

[39m
[37mStarted POST   /api/datav/queryDatavMeishichinaTypeList for ::1at Sun May 05 2019 15:03:31 GMT+0800 (CST)[39m
[37m  [35mquery[37m:{}[39m
[37mCompleted in 12ms  200

[39m
[37mStarted POST   /api/datav/queryDavavMeishiChinaList for ::1at Sun May 05 2019 15:03:31 GMT+0800 (CST)[39m
[37m  [35mquery[37m:{}[39m
[37mCompleted in 56ms  200

[39m
[37mStarted POST   /api/datav/queryDatavMeishichinaTypeList for ::1at Sun May 05 2019 15:03:40 GMT+0800 (CST)[39m
[37m  [35mquery[37m:{}[39m
[37mCompleted in 13ms  200

[39m
[37mStarted POST   /api/datav/queryDavavMeishiChinaList for ::1at Sun May 05 2019 15:03:40 GMT+0800 (CST)[39m
[37m  [35mquery[37m:{}[39m
[37mCompleted in 57ms  200

[39m
[37mStarted POST   /api/datav/queryDatavMeishichinaTypeList for ::1at Sun May 05 2019 15:05:32 GMT+0800 (CST)[39m
[37m  [35mquery[37m:{}[39m
[37mCompleted in 12ms  200

[39m
[37mStarted POST   /api/datav/queryDavavMeishiChinaList for ::1at Sun May 05 2019 15:05:32 GMT+0800 (CST)[39m
[37m  [35mquery[37m:{}[39m
[37mCompleted in 51ms  200

[39m
[37mStarted POST   /api/datav/queryDatavMeishichinaTypeList for ::1at Sun May 05 2019 15:06:10 GMT+0800 (CST)[39m
[37m  [35mquery[37m:{}[39m
[37mCompleted in 11ms  200

[39m
[37mStarted POST   /api/datav/queryDavavMeishiChinaList for ::1at Sun May 05 2019 15:06:11 GMT+0800 (CST)[39m
[37m  [35mquery[37m:{}[39m
[37mCompleted in 56ms  200

[39m
[37mStarted POST   /api/datav/queryDatavMeishichinaTypeList for ::1at Sun May 05 2019 15:06:14 GMT+0800 (CST)[39m
[37m  [35mquery[37m:{}[39m
[37mCompleted in 12ms  200

[39m
[37mStarted POST   /api/datav/queryDavavMeishiChinaList for ::1at Sun May 05 2019 15:06:14 GMT+0800 (CST)[39m
[37m  [35mquery[37m:{}[39m
[37mCompleted in 52ms  200

[39m
[37mStarted POST   /api/datav/queryDatavMeishichinaTypeList for ::1at Sun May 05 2019 15:06:33 GMT+0800 (CST)[39m
[37m  [35mquery[37m:{}[39m
[37mCompleted in 12ms  200

[39m
[37mStarted POST   /api/datav/queryDavavMeishiChinaList for ::1at Sun May 05 2019 15:06:33 GMT+0800 (CST)[39m
[37m  [35mquery[37m:{}[39m
[37mCompleted in 53ms  200

[39m
[37mStarted POST   /api/datav/queryDatavMeishichinaTypeList for ::1at Sun May 05 2019 15:06:36 GMT+0800 (CST)[39m
[37m  [35mquery[37m:{}[39m
[37mCompleted in 10ms  200

[39m
[37mStarted POST   /api/datav/queryDavavMeishiChinaList for ::1at Sun May 05 2019 15:06:36 GMT+0800 (CST)[39m
[37m  [35mquery[37m:{}[39m
[37mCompleted in 53ms  200

[39m
[37mStarted POST   /api/datav/queryDatavMeishichinaTypeList for ::1at Sun May 05 2019 15:06:46 GMT+0800 (CST)[39m
[37m  [35mquery[37m:{}[39m
[37mCompleted in 11ms  200

[39m
[37mStarted POST   /api/datav/queryDavavMeishiChinaList for ::1at Sun May 05 2019 15:06:46 GMT+0800 (CST)[39m
[37m  [35mquery[37m:{}[39m
[37mCompleted in 55ms  200

[39m
[37mStarted POST   /api/datav/queryDatavMeishichinaTypeList for ::1at Sun May 05 2019 15:07:29 GMT+0800 (CST)[39m
[37m  [35mquery[37m:{}[39m
[37mCompleted in 13ms  200

[39m
[37mStarted POST   /api/datav/queryDavavMeishiChinaList for ::1at Sun May 05 2019 15:07:29 GMT+0800 (CST)[39m
[37m  [35mquery[37m:{}[39m
[37mCompleted in 56ms  200

[39m
[37mStarted POST   /api/datav/queryDatavMeishichinaTypeList for ::1at Sun May 05 2019 15:08:51 GMT+0800 (CST)[39m
[37m  [35mquery[37m:{}[39m
[37mCompleted in 12ms  200

[39m
[37mStarted POST   /api/datav/queryDavavMeishiChinaList for ::1at Sun May 05 2019 15:08:51 GMT+0800 (CST)[39m
[37m  [35mquery[37m:{}[39m
[37mCompleted in 56ms  200

[39m
[37mStarted POST   /api/datav/queryDatavMeishichinaTypeList for ::1at Sun May 05 2019 15:09:11 GMT+0800 (CST)[39m
[37m  [35mquery[37m:{}[39m
[37mCompleted in 11ms  200

[39m
[37mStarted POST   /api/datav/queryDavavMeishiChinaList for ::1at Sun May 05 2019 15:09:11 GMT+0800 (CST)[39m
[37m  [35mquery[37m:{}[39m
[37mCompleted in 61ms  200

[39m
[37mStarted POST   /api/datav/queryDatavMeishichinaTypeList for ::1at Sun May 05 2019 15:09:35 GMT+0800 (CST)[39m
[37m  [35mquery[37m:{}[39m
[37mCompleted in 11ms  200

[39m
[37mStarted POST   /api/datav/queryDavavMeishiChinaList for ::1at Sun May 05 2019 15:09:35 GMT+0800 (CST)[39m
[37m  [35mquery[37m:{}[39m
[37mCompleted in 53ms  200

[39m
[37mStarted POST   /api/datav/queryDatavMeishichinaTypeList for ::1at Sun May 05 2019 15:10:15 GMT+0800 (CST)[39m
[37m  [35mquery[37m:{}[39m
[37mCompleted in 16ms  200

[39m
[37mStarted POST   /api/datav/queryDavavMeishiChinaList for ::1at Sun May 05 2019 15:10:16 GMT+0800 (CST)[39m
[37m  [35mquery[37m:{}[39m
[37mCompleted in 59ms  200

[39m
[37mStarted POST   /api/datav/queryDatavMeishichinaTypeList for ::1at Sun May 05 2019 15:10:39 GMT+0800 (CST)[39m
[37m  [35mquery[37m:{}[39m
[37mCompleted in 11ms  200

[39m
[37mStarted POST   /api/datav/queryDavavMeishiChinaList for ::1at Sun May 05 2019 15:10:39 GMT+0800 (CST)[39m
[37m  [35mquery[37m:{}[39m
[37mCompleted in 57ms  200

[39m
[37mStarted POST   /api/datav/queryDatavMeishichinaTypeList for ::1at Sun May 05 2019 15:11:06 GMT+0800 (CST)[39m
[37m  [35mquery[37m:{}[39m
[37mCompleted in 12ms  200

[39m
[37mStarted POST   /api/datav/queryDavavMeishiChinaList for ::1at Sun May 05 2019 15:11:06 GMT+0800 (CST)[39m
[37m  [35mquery[37m:{}[39m
[37mCompleted in 52ms  200

[39m
[37mStarted POST   /api/datav/queryDatavMeishichinaTypeList for ::1at Sun May 05 2019 15:11:43 GMT+0800 (CST)[39m
[37m  [35mquery[37m:{}[39m
[37mCompleted in 12ms  200

[39m
[37mStarted POST   /api/datav/queryDavavMeishiChinaList for ::1at Sun May 05 2019 15:11:43 GMT+0800 (CST)[39m
[37m  [35mquery[37m:{}[39m
[37mCompleted in 52ms  200

[39m
[37mStarted POST   /api/datav/queryDatavMeishichinaTypeList for ::1at Sun May 05 2019 15:11:43 GMT+0800 (CST)[39m
[37m  [35mquery[37m:{}[39m
[37mCompleted in 10ms  200

[39m
[37mStarted POST   /api/datav/queryDavavMeishiChinaList for ::1at Sun May 05 2019 15:11:43 GMT+0800 (CST)[39m
[37m  [35mquery[37m:{}[39m
[37mCompleted in 63ms  200

[39m
[37mStarted POST   /api/datav/queryDatavMeishichinaTypeList for ::1at Sun May 05 2019 15:11:51 GMT+0800 (CST)[39m
[37m  [35mquery[37m:{}[39m
[37mCompleted in 14ms  200

[39m
[37mStarted POST   /api/datav/queryDavavMeishiChinaList for ::1at Sun May 05 2019 15:11:52 GMT+0800 (CST)[39m
[37m  [35mquery[37m:{}[39m
[37mCompleted in 62ms  200

[39m
[37mStarted POST   /api/datav/queryDatavMeishichinaTypeList for ::1at Sun May 05 2019 15:12:29 GMT+0800 (CST)[39m
[37m  [35mquery[37m:{}[39m
[37mCompleted in 11ms  200

[39m
[37mStarted POST   /api/datav/queryDavavMeishiChinaList for ::1at Sun May 05 2019 15:12:29 GMT+0800 (CST)[39m
[37m  [35mquery[37m:{}[39m
[37mCompleted in 52ms  200

[39m
[37mStarted POST   /api/datav/queryDatavMeishichinaTypeList for ::1at Sun May 05 2019 15:13:26 GMT+0800 (CST)[39m
[37m  [35mquery[37m:{}[39m
[37mCompleted in 12ms  200

[39m
[37mStarted POST   /api/datav/queryDavavMeishiChinaList for ::1at Sun May 05 2019 15:13:27 GMT+0800 (CST)[39m
[37m  [35mquery[37m:{}[39m
[37mCompleted in 53ms  200

[39m
[37mStarted POST   /api/datav/queryDatavMeishichinaTypeList for ::1at Sun May 05 2019 15:13:39 GMT+0800 (CST)[39m
[37m  [35mquery[37m:{}[39m
[37mCompleted in 10ms  200

[39m
[37mStarted POST   /api/datav/queryDatavMeishichinaTypeList for ::1at Sun May 05 2019 15:13:40 GMT+0800 (CST)[39m
[37m  [35mquery[37m:{}[39m
[37mCompleted in 11ms  200

[39m
[37mStarted POST   /api/datav/queryDavavMeishiChinaList for ::1at Sun May 05 2019 15:13:41 GMT+0800 (CST)[39m
[37m  [35mquery[37m:{}[39m
[37mCompleted in 55ms  200

[39m
[37mStarted POST   /api/datav/queryDatavMeishichinaTypeList for ::1at Sun May 05 2019 15:13:41 GMT+0800 (CST)[39m
[37m  [35mquery[37m:{}[39m
[37mCompleted in 16ms  200

[39m
[37mStarted POST   /api/datav/queryDavavMeishiChinaList for ::1at Sun May 05 2019 15:13:41 GMT+0800 (CST)[39m
[37m  [35mquery[37m:{}[39m
[37mCompleted in 55ms  200

[39m
[37mStarted POST   /api/datav/queryDatavMeishichinaTypeList for ::1at Sun May 05 2019 15:34:19 GMT+0800 (CST)[39m
[37m  [35mquery[37m:{}[39m
[37mCompleted in 24ms  500

[39m
[37mStarted POST   /api/datav/queryDatavMeishichinaTypeList for ::1at Sun May 05 2019 15:34:25 GMT+0800 (CST)[39m
[37m  [35mquery[37m:{}[39m
[37mCompleted in 4ms  500

[39m
[37mStarted POST   /api/datav/queryDatavMeishichinaTypeList for ::1at Sun May 05 2019 15:35:09 GMT+0800 (CST)[39m
[37m  [35mquery[37m:{}[39m
[37mCompleted in 20ms  200

[39m
[37mStarted POST   /api/datav/queryDavavMeishiChinaList for ::1at Sun May 05 2019 15:35:09 GMT+0800 (CST)[39m
[37m  [35mquery[37m:{}[39m
[37mCompleted in 65ms  200

[39m
[37mStarted POST   /api/datav/queryDatavMeishichinaTypeList for ::1at Sun May 05 2019 15:35:26 GMT+0800 (CST)[39m
[37m  [35mquery[37m:{}[39m
[37mCompleted in 12ms  200

[39m
[37mStarted POST   /api/datav/queryDavavMeishiChinaList for ::1at Sun May 05 2019 15:35:26 GMT+0800 (CST)[39m
[37m  [35mquery[37m:{}[39m
[37mCompleted in 50ms  200

[39m
[37mStarted POST   /api/datav/queryDatavMeishichinaTypeList for ::1at Sun May 05 2019 15:35:48 GMT+0800 (CST)[39m
[37m  [35mquery[37m:{}[39m
[37mCompleted in 16ms  200

[39m
[37mStarted POST   /api/datav/queryDavavMeishiChinaList for ::1at Sun May 05 2019 15:35:48 GMT+0800 (CST)[39m
[37m  [35mquery[37m:{}[39m
[37mCompleted in 53ms  200

[39m
[37mStarted POST   /api/datav/queryDatavMeishichinaTypeList for ::1at Sun May 05 2019 15:35:49 GMT+0800 (CST)[39m
[37m  [35mquery[37m:{}[39m
[37mCompleted in 15ms  200

[39m
[37mStarted POST   /api/datav/queryDavavMeishiChinaList for ::1at Sun May 05 2019 15:35:49 GMT+0800 (CST)[39m
[37m  [35mquery[37m:{}[39m
[37mCompleted in 51ms  200

[39m
[37mStarted POST   /api/datav/queryDatavMeishichinaTypeList for ::1at Sun May 05 2019 15:36:06 GMT+0800 (CST)[39m
[37m  [35mquery[37m:{}[39m
[37mCompleted in 17ms  200

[39m
[37mStarted POST   /api/datav/queryDavavMeishiChinaList for ::1at Sun May 05 2019 15:36:06 GMT+0800 (CST)[39m
[37m  [35mquery[37m:{}[39m
[37mCompleted in 50ms  200

[39m
[37mStarted POST   /api/datav/queryDatavMeishichinaTypeList for ::1at Sun May 05 2019 15:36:07 GMT+0800 (CST)[39m
[37m  [35mquery[37m:{}[39m
[37mCompleted in 13ms  200

[39m
[37mStarted POST   /api/datav/queryDavavMeishiChinaList for ::1at Sun May 05 2019 15:36:07 GMT+0800 (CST)[39m
[37m  [35mquery[37m:{}[39m
[37mCompleted in 52ms  200

[39m
[37mStarted POST   /api/datav/queryDatavMeishichinaTypeList for ::1at Sun May 05 2019 15:37:15 GMT+0800 (CST)[39m
[37m  [35mquery[37m:{}[39m
[37mCompleted in 12ms  200

[39m
[37mStarted POST   /api/datav/queryDavavMeishiChinaList for ::1at Sun May 05 2019 15:37:15 GMT+0800 (CST)[39m
[37m  [35mquery[37m:{}[39m
[37mCompleted in 48ms  200

[39m
[37mStarted POST   /api/datav/queryDatavMeishichinaTypeList for ::1at Sun May 05 2019 15:39:15 GMT+0800 (CST)[39m
[37m  [35mquery[37m:{}[39m
[37mCompleted in 15ms  200

[39m
[37mStarted POST   /api/datav/queryDavavMeishiChinaList for ::1at Sun May 05 2019 15:39:15 GMT+0800 (CST)[39m
[37m  [35mquery[37m:{}[39m
[37mCompleted in 59ms  200

[39m
[37mStarted POST   /api/datav/queryDatavMeishichinaTypeList for ::1at Sun May 05 2019 15:39:19 GMT+0800 (CST)[39m
[37m  [35mquery[37m:{}[39m
[37mCompleted in 12ms  200

[39m
[37mStarted POST   /api/datav/queryDavavMeishiChinaList for ::1at Sun May 05 2019 15:39:19 GMT+0800 (CST)[39m
[37m  [35mquery[37m:{}[39m
[37mCompleted in 47ms  200

[39m
[37mStarted POST   /api/datav/queryDatavMeishichinaTypeList for ::1at Sun May 05 2019 15:39:21 GMT+0800 (CST)[39m
[37m  [35mquery[37m:{}[39m
[37mCompleted in 13ms  200

[39m
[37mStarted POST   /api/datav/queryDavavMeishiChinaList for ::1at Sun May 05 2019 15:39:21 GMT+0800 (CST)[39m
[37m  [35mquery[37m:{}[39m
[37mCompleted in 47ms  200

[39m
[37mStarted POST   /api/datav/queryDatavMeishichinaTypeList for ::1at Sun May 05 2019 15:41:20 GMT+0800 (CST)[39m
[37m  [35mquery[37m:{}[39m
[37mCompleted in 12ms  200

[39m
[37mStarted POST   /api/datav/queryDavavMeishiChinaList for ::1at Sun May 05 2019 15:41:21 GMT+0800 (CST)[39m
[37m  [35mquery[37m:{}[39m
[37mCompleted in 48ms  200

[39m
[37mStarted POST   /api/datav/queryDatavMeishichinaTypeList for ::1at Sun May 05 2019 15:41:31 GMT+0800 (CST)[39m
[37m  [35mquery[37m:{}[39m
[37mCompleted in 16ms  200

[39m
[37mStarted POST   /api/datav/queryDavavMeishiChinaList for ::1at Sun May 05 2019 15:41:31 GMT+0800 (CST)[39m
[37m  [35mquery[37m:{}[39m
[37mCompleted in 53ms  200

[39m
[37mStarted POST   /api/datav/queryDatavMeishichinaTypeList for ::1at Sun May 05 2019 15:42:50 GMT+0800 (CST)[39m
[37m  [35mquery[37m:{}[39m
[37mCompleted in 13ms  200

[39m
[37mStarted POST   /api/datav/queryDavavMeishiChinaList for ::1at Sun May 05 2019 15:42:50 GMT+0800 (CST)[39m
[37m  [35mquery[37m:{}[39m
[37mCompleted in 47ms  200

[39m
[37mStarted POST   /api/datav/queryDatavMeishichinaTypeList for ::1at Sun May 05 2019 15:43:26 GMT+0800 (CST)[39m
[37m  [35mquery[37m:{}[39m
[37mCompleted in 13ms  200

[39m
[37mStarted POST   /api/datav/queryDavavMeishiChinaList for ::1at Sun May 05 2019 15:43:26 GMT+0800 (CST)[39m
[37m  [35mquery[37m:{}[39m
[37mCompleted in 49ms  200

[39m
[37mStarted POST   /api/datav/queryDatavMeishichinaTypeList for ::1at Sun May 05 2019 15:43:26 GMT+0800 (CST)[39m
[37m  [35mquery[37m:{}[39m
[37mCompleted in 12ms  200

[39m
[37mStarted POST   /api/datav/queryDavavMeishiChinaList for ::1at Sun May 05 2019 15:43:26 GMT+0800 (CST)[39m
[37m  [35mquery[37m:{}[39m
[37mCompleted in 53ms  200

[39m
[37mStarted POST   /api/datav/queryDatavMeishichinaTypeList for ::1at Sun May 05 2019 15:43:32 GMT+0800 (CST)[39m
[37m  [35mquery[37m:{}[39m
[37mCompleted in 12ms  200

[39m
[37mStarted POST   /api/datav/queryDavavMeishiChinaList for ::1at Sun May 05 2019 15:43:32 GMT+0800 (CST)[39m
[37m  [35mquery[37m:{}[39m
[37mCompleted in 49ms  200

[39m
[37mStarted POST   /api/datav/queryDatavMeishichinaTypeList for ::1at Sun May 05 2019 15:43:33 GMT+0800 (CST)[39m
[37m  [35mquery[37m:{}[39m
[37mCompleted in 12ms  200

[39m
[37mStarted POST   /api/datav/queryDavavMeishiChinaList for ::1at Sun May 05 2019 15:43:33 GMT+0800 (CST)[39m
[37m  [35mquery[37m:{}[39m
[37mCompleted in 53ms  200

[39m
[37mStarted POST   /api/datav/queryDatavMeishichinaTypeList for ::1at Sun May 05 2019 15:43:53 GMT+0800 (CST)[39m
[37m  [35mquery[37m:{}[39m
[37mCompleted in 10ms  200

[39m
[37mStarted POST   /api/datav/queryDavavMeishiChinaList for ::1at Sun May 05 2019 15:43:53 GMT+0800 (CST)[39m
[37m  [35mquery[37m:{}[39m
[37mCompleted in 49ms  200

[39m
[37mStarted POST   /api/datav/queryDatavMeishichinaTypeList for ::1at Sun May 05 2019 15:43:53 GMT+0800 (CST)[39m
[37m  [35mquery[37m:{}[39m
[37mCompleted in 12ms  200

[39m
[37mStarted POST   /api/datav/queryDavavMeishiChinaList for ::1at Sun May 05 2019 15:43:53 GMT+0800 (CST)[39m
[37m  [35mquery[37m:{}[39m
[37mCompleted in 48ms  200

[39m
[37mStarted POST   /api/datav/queryDatavMeishichinaTypeList for ::1at Sun May 05 2019 15:44:00 GMT+0800 (CST)[39m
[37m  [35mquery[37m:{}[39m
[37mCompleted in 12ms  200

[39m
[37mStarted POST   /api/datav/queryDavavMeishiChinaList for ::1at Sun May 05 2019 15:44:01 GMT+0800 (CST)[39m
[37m  [35mquery[37m:{}[39m
[37mCompleted in 48ms  200

[39m
[37mStarted POST   /api/datav/queryDatavMeishichinaTypeList for ::1at Sun May 05 2019 15:44:19 GMT+0800 (CST)[39m
[37m  [35mquery[37m:{}[39m
[37mCompleted in 11ms  200

[39m
[37mStarted POST   /api/datav/queryDavavMeishiChinaList for ::1at Sun May 05 2019 15:44:19 GMT+0800 (CST)[39m
[37m  [35mquery[37m:{}[39m
[37mCompleted in 47ms  200

[39m
[37mStarted POST   /api/datav/queryDatavMeishichinaTypeList for ::1at Sun May 05 2019 15:44:20 GMT+0800 (CST)[39m
[37m  [35mquery[37m:{}[39m
[37mCompleted in 16ms  200

[39m
[37mStarted POST   /api/datav/queryDavavMeishiChinaList for ::1at Sun May 05 2019 15:44:20 GMT+0800 (CST)[39m
[37m  [35mquery[37m:{}[39m
[37mCompleted in 48ms  200

[39m
[37mStarted POST   /api/datav/queryDatavMeishichinaTypeList for ::1at Sun May 05 2019 15:44:27 GMT+0800 (CST)[39m
[37m  [35mquery[37m:{}[39m
[37mCompleted in 12ms  200

[39m
[37mStarted POST   /api/datav/queryDavavMeishiChinaList for ::1at Sun May 05 2019 15:44:27 GMT+0800 (CST)[39m
[37m  [35mquery[37m:{}[39m
[37mCompleted in 45ms  200

[39m
[37mStarted POST   /api/datav/queryDatavMeishichinaTypeList for ::1at Sun May 05 2019 15:44:27 GMT+0800 (CST)[39m
[37m  [35mquery[37m:{}[39m
[37mCompleted in 12ms  200

[39m
[37mStarted POST   /api/datav/queryDavavMeishiChinaList for ::1at Sun May 05 2019 15:44:27 GMT+0800 (CST)[39m
[37m  [35mquery[37m:{}[39m
[37mCompleted in 52ms  200

[39m
[37mStarted POST   /api/datav/queryDatavMeishichinaTypeList for ::1at Sun May 05 2019 15:45:49 GMT+0800 (CST)[39m
[37m  [35mquery[37m:{}[39m
[37mCompleted in 12ms  200

[39m
[37mStarted POST   /api/datav/queryDavavMeishiChinaList for ::1at Sun May 05 2019 15:45:49 GMT+0800 (CST)[39m
[37m  [35mquery[37m:{}[39m
[37mCompleted in 48ms  200

[39m
[37mStarted POST   /api/datav/queryDatavMeishichinaTypeList for ::1at Sun May 05 2019 15:45:53 GMT+0800 (CST)[39m
[37m  [35mquery[37m:{}[39m
[37mCompleted in 13ms  200

[39m
[37mStarted POST   /api/datav/queryDavavMeishiChinaList for ::1at Sun May 05 2019 15:45:54 GMT+0800 (CST)[39m
[37m  [35mquery[37m:{}[39m
[37mCompleted in 49ms  200

[39m
[37mStarted POST   /api/datav/queryDatavMeishichinaTypeList for ::1at Sun May 05 2019 15:46:39 GMT+0800 (CST)[39m
[37m  [35mquery[37m:{}[39m
[37mCompleted in 13ms  200

[39m
[37mStarted POST   /api/datav/queryDavavMeishiChinaList for ::1at Sun May 05 2019 15:46:39 GMT+0800 (CST)[39m
[37m  [35mquery[37m:{}[39m
[37mCompleted in 47ms  200

[39m
[37mStarted POST   /api/datav/queryDatavMeishichinaTypeList for ::1at Sun May 05 2019 15:46:42 GMT+0800 (CST)[39m
[37m  [35mquery[37m:{}[39m
[37mCompleted in 12ms  200

[39m
[37mStarted POST   /api/datav/queryDavavMeishiChinaList for ::1at Sun May 05 2019 15:46:42 GMT+0800 (CST)[39m
[37m  [35mquery[37m:{}[39m
[37mCompleted in 49ms  200

[39m
[37mStarted POST   /api/datav/queryDatavMeishichinaTypeList for ::1at Sun May 05 2019 15:46:52 GMT+0800 (CST)[39m
[37m  [35mquery[37m:{}[39m
[37mCompleted in 10ms  200

[39m
[37mStarted POST   /api/datav/queryDavavMeishiChinaList for ::1at Sun May 05 2019 15:46:52 GMT+0800 (CST)[39m
[37m  [35mquery[37m:{}[39m
[37mCompleted in 58ms  200

[39m
[37mStarted POST   /api/datav/queryDatavMeishichinaTypeList for ::1at Sun May 05 2019 15:47:51 GMT+0800 (CST)[39m
[37m  [35mquery[37m:{}[39m
[37mCompleted in 12ms  200

[39m
[37mStarted POST   /api/datav/queryDavavMeishiChinaList for ::1at Sun May 05 2019 15:47:51 GMT+0800 (CST)[39m
[37m  [35mquery[37m:{}[39m
[37mCompleted in 48ms  200

[39m
[37mStarted POST   /api/datav/queryDatavMeishichinaTypeList for ::1at Sun May 05 2019 15:48:45 GMT+0800 (CST)[39m
[37m  [35mquery[37m:{}[39m
[37mCompleted in 14ms  200

[39m
[37mStarted POST   /api/datav/queryDavavMeishiChinaList for ::1at Sun May 05 2019 15:48:45 GMT+0800 (CST)[39m
[37m  [35mquery[37m:{}[39m
[37mCompleted in 47ms  200

[39m
[37mStarted POST   /api/datav/queryDatavMeishichinaTypeList for ::1at Sun May 05 2019 15:49:34 GMT+0800 (CST)[39m
[37m  [35mquery[37m:{}[39m
[37mCompleted in 13ms  200

[39m
[37mStarted POST   /api/datav/queryDavavMeishiChinaList for ::1at Sun May 05 2019 15:49:34 GMT+0800 (CST)[39m
[37m  [35mquery[37m:{}[39m
[37mCompleted in 47ms  200

[39m
[37mStarted POST   /api/datav/queryDatavMeishichinaTypeList for ::1at Sun May 05 2019 15:50:07 GMT+0800 (CST)[39m
[37m  [35mquery[37m:{}[39m
[37mCompleted in 9ms  200

[39m
[37mStarted POST   /api/datav/queryDavavMeishiChinaList for ::1at Sun May 05 2019 15:50:07 GMT+0800 (CST)[39m
[37m  [35mquery[37m:{}[39m
[37mCompleted in 47ms  200

[39m
[37mStarted POST   /api/datav/queryDatavMeishichinaTypeList for ::1at Sun May 05 2019 15:50:11 GMT+0800 (CST)[39m
[37m  [35mquery[37m:{}[39m
[37mCompleted in 11ms  200

[39m
[37mStarted POST   /api/datav/queryDavavMeishiChinaList for ::1at Sun May 05 2019 15:50:11 GMT+0800 (CST)[39m
[37m  [35mquery[37m:{}[39m
[37mCompleted in 49ms  200

[39m
[37mStarted POST   /api/datav/queryDatavMeishichinaTypeList for ::1at Sun May 05 2019 15:50:12 GMT+0800 (CST)[39m
[37m  [35mquery[37m:{}[39m
[37mCompleted in 11ms  200

[39m
[37mStarted POST   /api/datav/queryDavavMeishiChinaList for ::1at Sun May 05 2019 15:50:12 GMT+0800 (CST)[39m
[37m  [35mquery[37m:{}[39m
[37mCompleted in 47ms  200

[39m
[37mStarted POST   /api/datav/queryDatavMeishichinaTypeList for ::1at Sun May 05 2019 15:50:38 GMT+0800 (CST)[39m
[37m  [35mquery[37m:{}[39m
[37mCompleted in 10ms  200

[39m
[37mStarted POST   /api/datav/queryDavavMeishiChinaList for ::1at Sun May 05 2019 15:50:38 GMT+0800 (CST)[39m
[37m  [35mquery[37m:{}[39m
[37mCompleted in 46ms  200

[39m
[37mStarted POST   /api/datav/queryDatavMeishichinaTypeList for ::1at Sun May 05 2019 15:50:41 GMT+0800 (CST)[39m
[37m  [35mquery[37m:{}[39m
[37mCompleted in 12ms  200

[39m
[37mStarted POST   /api/datav/queryDavavMeishiChinaList for ::1at Sun May 05 2019 15:50:41 GMT+0800 (CST)[39m
[37m  [35mquery[37m:{}[39m
[37mCompleted in 50ms  200

[39m
[37mStarted POST   /api/datav/queryDatavMeishichinaTypeList for ::1at Sun May 05 2019 15:50:50 GMT+0800 (CST)[39m
[37m  [35mquery[37m:{}[39m
[37mCompleted in 11ms  200

[39m
[37mStarted POST   /api/datav/queryDavavMeishiChinaList for ::1at Sun May 05 2019 15:50:50 GMT+0800 (CST)[39m
[37m  [35mquery[37m:{}[39m
[37mCompleted in 45ms  200

[39m
[37mStarted POST   /api/datav/queryDatavMeishichinaTypeList for ::1at Sun May 05 2019 15:51:45 GMT+0800 (CST)[39m
[37m  [35mquery[37m:{}[39m
[37mCompleted in 13ms  200

[39m
[37mStarted POST   /api/datav/queryDavavMeishiChinaList for ::1at Sun May 05 2019 15:51:45 GMT+0800 (CST)[39m
[37m  [35mquery[37m:{}[39m
[37mCompleted in 47ms  200

[39m
[37mStarted POST   /api/datav/queryDatavMeishichinaTypeList for ::1at Sun May 05 2019 15:51:46 GMT+0800 (CST)[39m
[37m  [35mquery[37m:{}[39m
[37mCompleted in 12ms  200

[39m
[37mStarted POST   /api/datav/queryDavavMeishiChinaList for ::1at Sun May 05 2019 15:51:46 GMT+0800 (CST)[39m
[37m  [35mquery[37m:{}[39m
[37mCompleted in 47ms  200

[39m
[37mStarted POST   /api/datav/queryDatavMeishichinaTypeList for ::1at Sun May 05 2019 16:11:52 GMT+0800 (CST)[39m
[37m  [35mquery[37m:{}[39m
[37mCompleted in 11ms  200

[39m
[37mStarted POST   /api/datav/queryDavavMeishiChinaList for ::1at Sun May 05 2019 16:11:52 GMT+0800 (CST)[39m
[37m  [35mquery[37m:{}[39m
[37mCompleted in 51ms  200

[39m
[37mStarted POST   /api/datav/queryDatavMeishichinaTypeList for ::1at Sun May 05 2019 16:11:54 GMT+0800 (CST)[39m
[37m  [35mquery[37m:{}[39m
[37mCompleted in 13ms  200

[39m
[37mStarted POST   /api/datav/queryDavavMeishiChinaList for ::1at Sun May 05 2019 16:11:54 GMT+0800 (CST)[39m
[37m  [35mquery[37m:{}[39m
[37mCompleted in 48ms  200

[39m
[37mStarted POST   /api/datav/queryDatavMeishichinaTypeList for ::1at Sun May 05 2019 16:12:00 GMT+0800 (CST)[39m
[37m  [35mquery[37m:{}[39m
[37mCompleted in 13ms  200

[39m
[37mStarted POST   /api/datav/queryDavavMeishiChinaList for ::1at Sun May 05 2019 16:12:00 GMT+0800 (CST)[39m
[37m  [35mquery[37m:{}[39m
[37mCompleted in 51ms  200

[39m
[37mStarted POST   /api/datav/queryDatavMeishichinaTypeList for ::1at Sun May 05 2019 16:12:01 GMT+0800 (CST)[39m
[37m  [35mquery[37m:{}[39m
[37mCompleted in 11ms  200

[39m
[37mStarted POST   /api/datav/queryDavavMeishiChinaList for ::1at Sun May 05 2019 16:12:02 GMT+0800 (CST)[39m
[37m  [35mquery[37m:{}[39m
[37mCompleted in 47ms  200

[39m
[37mStarted POST   /api/datav/queryDatavMeishichinaTypeList for ::1at Sun May 05 2019 16:12:06 GMT+0800 (CST)[39m
[37m  [35mquery[37m:{}[39m
[37mCompleted in 13ms  200

[39m
[37mStarted POST   /api/datav/queryDavavMeishiChinaList for ::1at Sun May 05 2019 16:12:06 GMT+0800 (CST)[39m
[37m  [35mquery[37m:{}[39m
[37mCompleted in 48ms  200

[39m
[37mStarted POST   /api/datav/queryDatavMeishichinaTypeList for ::1at Sun May 05 2019 16:12:18 GMT+0800 (CST)[39m
[37m  [35mquery[37m:{}[39m
[37mCompleted in 10ms  200

[39m
[37mStarted POST   /api/datav/queryDavavMeishiChinaList for ::1at Sun May 05 2019 16:12:18 GMT+0800 (CST)[39m
[37m  [35mquery[37m:{}[39m
[37mCompleted in 48ms  200

[39m
[37mStarted POST   /api/datav/queryDatavMeishichinaTypeList for ::1at Sun May 05 2019 16:12:20 GMT+0800 (CST)[39m
[37m  [35mquery[37m:{}[39m
[37mCompleted in 13ms  200

[39m
[37mStarted POST   /api/datav/queryDavavMeishiChinaList for ::1at Sun May 05 2019 16:12:20 GMT+0800 (CST)[39m
[37m  [35mquery[37m:{}[39m
[37mCompleted in 48ms  200

[39m
[37mStarted POST   /api/datav/queryDatavMeishichinaTypeList for ::1at Sun May 05 2019 16:12:25 GMT+0800 (CST)[39m
[37m  [35mquery[37m:{}[39m
[37mCompleted in 14ms  200

[39m
[37mStarted POST   /api/datav/queryDavavMeishiChinaList for ::1at Sun May 05 2019 16:12:25 GMT+0800 (CST)[39m
[37m  [35mquery[37m:{}[39m
[37mCompleted in 49ms  200

[39m
[37mStarted POST   /api/datav/queryDatavMeishichinaTypeList for ::1at Sun May 05 2019 16:12:27 GMT+0800 (CST)[39m
[37m  [35mquery[37m:{}[39m
[37mCompleted in 11ms  200

[39m
[37mStarted POST   /api/datav/queryDavavMeishiChinaList for ::1at Sun May 05 2019 16:12:27 GMT+0800 (CST)[39m
[37m  [35mquery[37m:{}[39m
[37mCompleted in 51ms  200

[39m
[37mStarted POST   /api/datav/queryDatavMeishichinaTypeList for ::1at Sun May 05 2019 16:12:34 GMT+0800 (CST)[39m
[37m  [35mquery[37m:{}[39m
[37mCompleted in 12ms  200

[39m
[37mStarted POST   /api/datav/queryDavavMeishiChinaList for ::1at Sun May 05 2019 16:12:35 GMT+0800 (CST)[39m
[37m  [35mquery[37m:{}[39m
[37mCompleted in 57ms  200

[39m
[37mStarted POST   /api/datav/queryDatavMeishichinaTypeList for ::1at Sun May 05 2019 16:17:09 GMT+0800 (CST)[39m
[37m  [35mquery[37m:{}[39m
[37mCompleted in 12ms  200

[39m
[37mStarted POST   /api/datav/queryDavavMeishiChinaList for ::1at Sun May 05 2019 16:17:09 GMT+0800 (CST)[39m
[37m  [35mquery[37m:{}[39m
[37mCompleted in 46ms  200

[39m
[37mStarted POST   /api/datav/queryDatavMeishichinaTypeList for ::1at Sun May 05 2019 16:20:18 GMT+0800 (CST)[39m
[37m  [35mquery[37m:{}[39m
[37mCompleted in 11ms  200

[39m
[37mStarted POST   /api/datav/queryDavavMeishiChinaList for ::1at Sun May 05 2019 16:20:19 GMT+0800 (CST)[39m
[37m  [35mquery[37m:{}[39m
[37mCompleted in 49ms  200

[39m
[37mStarted POST   /api/datav/queryDatavMeishichinaTypeList for ::1at Sun May 05 2019 16:20:20 GMT+0800 (CST)[39m
[37m  [35mquery[37m:{}[39m
[37mCompleted in 13ms  200

[39m
[37mStarted POST   /api/datav/queryDavavMeishiChinaList for ::1at Sun May 05 2019 16:20:20 GMT+0800 (CST)[39m
[37m  [35mquery[37m:{}[39m
[37mCompleted in 48ms  200

[39m
[37mStarted POST   /api/datav/queryDatavMeishichinaTypeList for ::1at Sun May 05 2019 16:20:26 GMT+0800 (CST)[39m
[37m  [35mquery[37m:{}[39m
[37mCompleted in 15ms  200

[39m
[37mStarted POST   /api/datav/queryDavavMeishiChinaList for ::1at Sun May 05 2019 16:20:26 GMT+0800 (CST)[39m
[37m  [35mquery[37m:{}[39m
[37mCompleted in 54ms  200

[39m
[37mStarted POST   /api/datav/queryDatavMeishichinaTypeList for ::1at Sun May 05 2019 16:20:59 GMT+0800 (CST)[39m
[37m  [35mquery[37m:{}[39m
[37mCompleted in 10ms  200

[39m
[37mStarted POST   /api/datav/queryDavavMeishiChinaList for ::1at Sun May 05 2019 16:20:59 GMT+0800 (CST)[39m
[37m  [35mquery[37m:{}[39m
[37mCompleted in 49ms  200

[39m
[37mStarted POST   /api/datav/queryDatavMeishichinaTypeList for ::1at Sun May 05 2019 16:21:02 GMT+0800 (CST)[39m
[37m  [35mquery[37m:{}[39m
[37mCompleted in 12ms  200

[39m
[37mStarted POST   /api/datav/queryDavavMeishiChinaList for ::1at Sun May 05 2019 16:21:03 GMT+0800 (CST)[39m
[37m  [35mquery[37m:{}[39m
[37mCompleted in 50ms  200

[39m
[37mStarted POST   /api/datav/queryDatavMeishichinaTypeList for ::1at Sun May 05 2019 16:21:04 GMT+0800 (CST)[39m
[37m  [35mquery[37m:{}[39m
[37mCompleted in 11ms  200

[39m
[37mStarted POST   /api/datav/queryDavavMeishiChinaList for ::1at Sun May 05 2019 16:21:04 GMT+0800 (CST)[39m
[37m  [35mquery[37m:{}[39m
[37mCompleted in 46ms  200

[39m
[37mStarted POST   /api/datav/queryDatavMeishichinaTypeList for ::1at Sun May 05 2019 16:21:08 GMT+0800 (CST)[39m
[37m  [35mquery[37m:{}[39m
[37mCompleted in 13ms  200

[39m
[37mStarted POST   /api/datav/queryDavavMeishiChinaList for ::1at Sun May 05 2019 16:21:08 GMT+0800 (CST)[39m
[37m  [35mquery[37m:{}[39m
[37mCompleted in 47ms  200

[39m
[37mStarted POST   /api/datav/queryDatavMeishichinaTypeList for ::1at Sun May 05 2019 16:21:59 GMT+0800 (CST)[39m
[37m  [35mquery[37m:{}[39m
[37mCompleted in 13ms  200

[39m
[37mStarted POST   /api/datav/queryDavavMeishiChinaList for ::1at Sun May 05 2019 16:22:00 GMT+0800 (CST)[39m
[37m  [35mquery[37m:{}[39m
[37mCompleted in 46ms  200

[39m
[37mStarted POST   /api/datav/queryDatavMeishichinaTypeList for ::1at Sun May 05 2019 16:22:01 GMT+0800 (CST)[39m
[37m  [35mquery[37m:{}[39m
[37mCompleted in 10ms  200

[39m
[37mStarted POST   /api/datav/queryDavavMeishiChinaList for ::1at Sun May 05 2019 16:22:02 GMT+0800 (CST)[39m
[37m  [35mquery[37m:{}[39m
[37mCompleted in 49ms  200

[39m
[37mStarted POST   /api/datav/queryDatavMeishichinaTypeList for ::1at Sun May 05 2019 16:22:22 GMT+0800 (CST)[39m
[37m  [35mquery[37m:{}[39m
[37mCompleted in 14ms  200

[39m
[37mStarted POST   /api/datav/queryDavavMeishiChinaList for ::1at Sun May 05 2019 16:22:22 GMT+0800 (CST)[39m
[37m  [35mquery[37m:{}[39m
[37mCompleted in 47ms  200

[39m
[37mStarted POST   /api/datav/queryDatavMeishichinaTypeList for ::1at Sun May 05 2019 16:22:24 GMT+0800 (CST)[39m
[37m  [35mquery[37m:{}[39m
[37mCompleted in 12ms  200

[39m
[37mStarted POST   /api/datav/queryDavavMeishiChinaList for ::1at Sun May 05 2019 16:22:24 GMT+0800 (CST)[39m
[37m  [35mquery[37m:{}[39m
[37mCompleted in 47ms  200

[39m
[37mStarted POST   /api/datav/queryDatavMeishichinaTypeList for ::1at Sun May 05 2019 16:22:32 GMT+0800 (CST)[39m
[37m  [35mquery[37m:{}[39m
[37mCompleted in 11ms  200

[39m
[37mStarted POST   /api/datav/queryDavavMeishiChinaList for ::1at Sun May 05 2019 16:22:32 GMT+0800 (CST)[39m
[37m  [35mquery[37m:{}[39m
[37mCompleted in 48ms  200

[39m
[37mStarted POST   /api/datav/queryDatavMeishichinaTypeList for ::1at Sun May 05 2019 16:23:16 GMT+0800 (CST)[39m
[37m  [35mquery[37m:{}[39m
[37mCompleted in 11ms  200

[39m
[37mStarted POST   /api/datav/queryDavavMeishiChinaList for ::1at Sun May 05 2019 16:23:16 GMT+0800 (CST)[39m
[37m  [35mquery[37m:{}[39m
[37mCompleted in 48ms  200

[39m
[37mStarted POST   /api/datav/queryDatavMeishichinaTypeList for ::1at Sun May 05 2019 16:23:26 GMT+0800 (CST)[39m
[37m  [35mquery[37m:{}[39m
[37mCompleted in 10ms  200

[39m
[37mStarted POST   /api/datav/queryDavavMeishiChinaList for ::1at Sun May 05 2019 16:23:27 GMT+0800 (CST)[39m
[37m  [35mquery[37m:{}[39m
[37mCompleted in 47ms  200

[39m
[37mStarted POST   /api/datav/queryDatavMeishichinaTypeList for ::1at Sun May 05 2019 16:23:29 GMT+0800 (CST)[39m
[37m  [35mquery[37m:{}[39m
[37mCompleted in 14ms  200

[39m
[37mStarted POST   /api/datav/queryDavavMeishiChinaList for ::1at Sun May 05 2019 16:23:29 GMT+0800 (CST)[39m
[37m  [35mquery[37m:{}[39m
[37mCompleted in 49ms  200

[39m
[37mStarted POST   /api/datav/queryDatavMeishichinaTypeList for ::1at Sun May 05 2019 16:23:34 GMT+0800 (CST)[39m
[37m  [35mquery[37m:{}[39m
[37mCompleted in 12ms  200

[39m
[37mStarted POST   /api/datav/queryDavavMeishiChinaList for ::1at Sun May 05 2019 16:23:34 GMT+0800 (CST)[39m
[37m  [35mquery[37m:{}[39m
[37mCompleted in 47ms  200

[39m
[37mStarted POST   /api/datav/queryDatavMeishichinaTypeList for ::1at Sun May 05 2019 16:23:38 GMT+0800 (CST)[39m
[37m  [35mquery[37m:{}[39m
[37mCompleted in 13ms  200

[39m
[37mStarted POST   /api/datav/queryDavavMeishiChinaList for ::1at Sun May 05 2019 16:23:38 GMT+0800 (CST)[39m
[37m  [35mquery[37m:{}[39m
[37mCompleted in 50ms  200

[39m
[37mStarted POST   /api/datav/queryDatavMeishichinaTypeList for ::1at Sun May 05 2019 16:23:45 GMT+0800 (CST)[39m
[37m  [35mquery[37m:{}[39m
[37mCompleted in 11ms  200

[39m
[37mStarted POST   /api/datav/queryDavavMeishiChinaList for ::1at Sun May 05 2019 16:23:45 GMT+0800 (CST)[39m
[37m  [35mquery[37m:{}[39m
[37mCompleted in 47ms  200

[39m
[37mStarted POST   /api/datav/queryDatavMeishichinaTypeList for ::1at Sun May 05 2019 16:24:42 GMT+0800 (CST)[39m
[37m  [35mquery[37m:{}[39m
[37mCompleted in 10ms  200

[39m
[37mStarted POST   /api/datav/queryDatavMeishichinaTypeList for ::1at Sun May 05 2019 16:24:43 GMT+0800 (CST)[39m
[37m  [35mquery[37m:{}[39m
[37mCompleted in 13ms  200

[39m
[37mStarted POST   /api/datav/queryDavavMeishiChinaList for ::1at Sun May 05 2019 16:24:44 GMT+0800 (CST)[39m
[37m  [35mquery[37m:{}[39m
[37mCompleted in 49ms  200

[39m
[37mStarted POST   /api/datav/queryDatavMeishichinaTypeList for ::1at Sun May 05 2019 16:32:19 GMT+0800 (CST)[39m
[37m  [35mquery[37m:{}[39m
[37mCompleted in 12ms  200

[39m
[37mStarted POST   /api/datav/queryDavavMeishiChinaList for ::1at Sun May 05 2019 16:32:19 GMT+0800 (CST)[39m
[37m  [35mquery[37m:{}[39m
[37mCompleted in 52ms  200

[39m
[37mStarted POST   /api/datav/queryDatavMeishichinaTypeList for ::1at Sun May 05 2019 16:37:38 GMT+0800 (CST)[39m
[37m  [35mquery[37m:{}[39m
[37mCompleted in 14ms  200

[39m
[37mStarted POST   /api/datav/queryDavavMeishiChinaList for ::1at Sun May 05 2019 16:37:38 GMT+0800 (CST)[39m
[37m  [35mquery[37m:{}[39m
[37mCompleted in 47ms  200

[39m
[37mStarted POST   /api/datav/queryDatavMeishichinaTypeList for ::1at Sun May 05 2019 16:37:50 GMT+0800 (CST)[39m
[37m  [35mquery[37m:{}[39m
[37mCompleted in 11ms  200

[39m
[37mStarted POST   /api/datav/queryDavavMeishiChinaList for ::1at Sun May 05 2019 16:37:50 GMT+0800 (CST)[39m
[37m  [35mquery[37m:{}[39m
[37mCompleted in 48ms  200

[39m
[37mStarted POST   /api/datav/queryDatavMeishichinaTypeList for ::1at Sun May 05 2019 16:46:37 GMT+0800 (CST)[39m
[37m  [35mquery[37m:{}[39m
[37mCompleted in 11ms  200

[39m
[37mStarted POST   /api/datav/queryDavavMeishiChinaList for ::1at Sun May 05 2019 16:46:37 GMT+0800 (CST)[39m
[37m  [35mquery[37m:{}[39m
[37mCompleted in 47ms  200

[39m
[37mStarted POST   /api/datav/queryDatavMeishichinaTypeList for ::1at Sun May 05 2019 16:46:42 GMT+0800 (CST)[39m
[37m  [35mquery[37m:{}[39m
[37mCompleted in 11ms  200

[39m
[37mStarted POST   /api/datav/queryDavavMeishiChinaList for ::1at Sun May 05 2019 16:46:42 GMT+0800 (CST)[39m
[37m  [35mquery[37m:{}[39m
[37mCompleted in 48ms  200

[39m
[37mStarted POST   /api/datav/queryDatavMeishichinaTypeList for ::1at Sun May 05 2019 16:50:00 GMT+0800 (CST)[39m
[37m  [35mquery[37m:{}[39m
[37mCompleted in 12ms  200

[39m
[37mStarted POST   /api/datav/queryDavavMeishiChinaList for ::1at Sun May 05 2019 16:50:00 GMT+0800 (CST)[39m
[37m  [35mquery[37m:{}[39m
[37mCompleted in 53ms  200

[39m
[37mStarted POST   /api/datav/queryDatavMeishichinaTypeList for ::1at Sun May 05 2019 16:50:04 GMT+0800 (CST)[39m
[37m  [35mquery[37m:{}[39m
[37mCompleted in 9ms  200

[39m
[37mStarted POST   /api/datav/queryDavavMeishiChinaList for ::1at Sun May 05 2019 16:50:05 GMT+0800 (CST)[39m
[37m  [35mquery[37m:{}[39m
[37mCompleted in 52ms  200

[39m
[37mStarted POST   /api/datav/queryDatavMeishichinaTypeList for ::1at Sun May 05 2019 16:54:11 GMT+0800 (CST)[39m
[37m  [35mquery[37m:{}[39m
[37mCompleted in 10ms  200

[39m
[37mStarted POST   /api/datav/queryDavavMeishiChinaList for ::1at Sun May 05 2019 16:54:11 GMT+0800 (CST)[39m
[37m  [35mquery[37m:{}[39m
[37mCompleted in 48ms  200

[39m
[37mStarted POST   /api/datav/queryDatavMeishichinaTypeList for ::1at Sun May 05 2019 16:55:01 GMT+0800 (CST)[39m
[37m  [35mquery[37m:{}[39m
[37mCompleted in 13ms  200

[39m
[37mStarted POST   /api/datav/queryDavavMeishiChinaList for ::1at Sun May 05 2019 16:55:01 GMT+0800 (CST)[39m
[37m  [35mquery[37m:{}[39m
[37mCompleted in 46ms  200

[39m
[37mStarted POST   /api/datav/queryDatavMeishichinaTypeList for ::1at Sun May 05 2019 16:59:21 GMT+0800 (CST)[39m
[37m  [35mquery[37m:{}[39m
[37mCompleted in 12ms  200

[39m
[37mStarted POST   /api/datav/queryDavavMeishiChinaList for ::1at Sun May 05 2019 16:59:21 GMT+0800 (CST)[39m
[37m  [35mquery[37m:{}[39m
[37mCompleted in 48ms  200

[39m
[37mStarted POST   /api/datav/queryDatavMeishichinaTypeList for ::1at Sun May 05 2019 17:01:55 GMT+0800 (CST)[39m
[37m  [35mquery[37m:{}[39m
[37mCompleted in 12ms  200

[39m
[37mStarted POST   /api/datav/queryDavavMeishiChinaList for ::1at Sun May 05 2019 17:01:56 GMT+0800 (CST)[39m
[37m  [35mquery[37m:{}[39m
[37mCompleted in 48ms  200

[39m
[37mStarted POST   /api/datav/queryDatavMeishichinaTypeList for ::1at Sun May 05 2019 17:02:01 GMT+0800 (CST)[39m
[37m  [35mquery[37m:{}[39m
[37mCompleted in 12ms  200

[39m
[37mStarted POST   /api/datav/queryDavavMeishiChinaList for ::1at Sun May 05 2019 17:02:01 GMT+0800 (CST)[39m
[37m  [35mquery[37m:{}[39m
[37mCompleted in 50ms  200

[39m
[37mStarted POST   /api/datav/queryDatavMeishichinaTypeList for ::1at Sun May 05 2019 17:02:04 GMT+0800 (CST)[39m
[37m  [35mquery[37m:{}[39m
[37mCompleted in 10ms  200

[39m
[37mStarted POST   /api/datav/queryDatavMeishichinaTypeList for ::1at Sun May 05 2019 17:02:06 GMT+0800 (CST)[39m
[37m  [35mquery[37m:{}[39m
[37mCompleted in 10ms  200

[39m
[37mStarted POST   /api/datav/queryDavavMeishiChinaList for ::1at Sun May 05 2019 17:02:06 GMT+0800 (CST)[39m
[37m  [35mquery[37m:{}[39m
[37mCompleted in 49ms  200

[39m
[37mStarted POST   /api/datav/queryDatavMeishichinaTypeList for ::1at Sun May 05 2019 17:03:01 GMT+0800 (CST)[39m
[37m  [35mquery[37m:{}[39m
[37mCompleted in 17ms  200

[39m
[37mStarted POST   /api/datav/queryDavavMeishiChinaList for ::1at Sun May 05 2019 17:03:01 GMT+0800 (CST)[39m
[37m  [35mquery[37m:{}[39m
[37mCompleted in 76ms  200

[39m
[37mStarted POST   /api/datav/queryDatavMeishichinaTypeList for ::1at Sun May 05 2019 17:03:05 GMT+0800 (CST)[39m
[37m  [35mquery[37m:{}[39m
[37mCompleted in 11ms  200

[39m
[37mStarted POST   /api/datav/queryDavavMeishiChinaList for ::1at Sun May 05 2019 17:03:05 GMT+0800 (CST)[39m
[37m  [35mquery[37m:{}[39m
[37mCompleted in 53ms  200

[39m
[37mStarted POST   /api/datav/queryDatavMeishichinaTypeList for ::1at Sun May 05 2019 17:04:24 GMT+0800 (CST)[39m
[37m  [35mquery[37m:{}[39m
[37mCompleted in 12ms  200

[39m
[37mStarted POST   /api/datav/queryDavavMeishiChinaList for ::1at Sun May 05 2019 17:04:24 GMT+0800 (CST)[39m
[37m  [35mquery[37m:{}[39m
[37mCompleted in 49ms  200

[39m
[37mStarted POST   /api/datav/queryDatavMeishichinaTypeList for ::1at Sun May 05 2019 17:04:32 GMT+0800 (CST)[39m
[37m  [35mquery[37m:{}[39m
[37mCompleted in 13ms  200

[39m
[37mStarted POST   /api/datav/queryDavavMeishiChinaList for ::1at Sun May 05 2019 17:04:32 GMT+0800 (CST)[39m
[37m  [35mquery[37m:{}[39m
[37mCompleted in 46ms  200

[39m
[37mStarted POST   /api/datav/queryDatavMeishichinaTypeList for ::1at Sun May 05 2019 17:04:37 GMT+0800 (CST)[39m
[37m  [35mquery[37m:{}[39m
[37mCompleted in 10ms  200

[39m
[37mStarted POST   /api/datav/queryDavavMeishiChinaList for ::1at Sun May 05 2019 17:04:37 GMT+0800 (CST)[39m
[37m  [35mquery[37m:{}[39m
[37mCompleted in 52ms  200

[39m
[37mStarted POST   /api/datav/queryDatavMeishichinaTypeList for ::1at Sun May 05 2019 17:05:26 GMT+0800 (CST)[39m
[37m  [35mquery[37m:{}[39m
[37mCompleted in 11ms  200

[39m
[37mStarted POST   /api/datav/queryDavavMeishiChinaList for ::1at Sun May 05 2019 17:05:26 GMT+0800 (CST)[39m
[37m  [35mquery[37m:{}[39m
[37mCompleted in 54ms  200

[39m
[37mStarted POST   /api/datav/queryDatavMeishichinaTypeList for ::1at Sun May 05 2019 17:07:38 GMT+0800 (CST)[39m
[37m  [35mquery[37m:{}[39m
[37mCompleted in 11ms  200

[39m
[37mStarted POST   /api/datav/queryDavavMeishiChinaList for ::1at Sun May 05 2019 17:07:38 GMT+0800 (CST)[39m
[37m  [35mquery[37m:{}[39m
[37mCompleted in 51ms  200

[39m
[37mStarted POST   /api/datav/queryDatavMeishichinaTypeList for ::1at Sun May 05 2019 17:07:44 GMT+0800 (CST)[39m
[37m  [35mquery[37m:{}[39m
[37mCompleted in 12ms  200

[39m
[37mStarted POST   /api/datav/queryDavavMeishiChinaList for ::1at Sun May 05 2019 17:07:44 GMT+0800 (CST)[39m
[37m  [35mquery[37m:{}[39m
[37mCompleted in 48ms  200

[39m
[37mStarted POST   /api/datav/queryDatavMeishichinaTypeList for ::1at Sun May 05 2019 17:09:01 GMT+0800 (CST)[39m
[37m  [35mquery[37m:{}[39m
[37mCompleted in 10ms  200

[39m
[37mStarted POST   /api/datav/queryDavavMeishiChinaList for ::1at Sun May 05 2019 17:09:01 GMT+0800 (CST)[39m
[37m  [35mquery[37m:{}[39m
[37mCompleted in 53ms  200

[39m
[37mStarted POST   /api/datav/queryDatavMeishichinaTypeList for ::1at Sun May 05 2019 17:11:14 GMT+0800 (CST)[39m
[37m  [35mquery[37m:{}[39m
[37mCompleted in 10ms  200

[39m
[37mStarted POST   /api/datav/queryDavavMeishiChinaList for ::1at Sun May 05 2019 17:11:15 GMT+0800 (CST)[39m
[37m  [35mquery[37m:{}[39m
[37mCompleted in 49ms  200

[39m
[37mStarted POST   /api/datav/queryDatavMeishichinaTypeList for ::1at Sun May 05 2019 17:12:11 GMT+0800 (CST)[39m
[37m  [35mquery[37m:{}[39m
[37mCompleted in 13ms  200

[39m
[37mStarted POST   /api/datav/queryDavavMeishiChinaList for ::1at Sun May 05 2019 17:12:11 GMT+0800 (CST)[39m
[37m  [35mquery[37m:{}[39m
[37mCompleted in 49ms  200

[39m
[37mStarted POST   /api/datav/queryDatavMeishichinaTypeList for ::1at Sun May 05 2019 17:12:52 GMT+0800 (CST)[39m
[37m  [35mquery[37m:{}[39m
[37mCompleted in 12ms  200

[39m
[37mStarted POST   /api/datav/queryDavavMeishiChinaList for ::1at Sun May 05 2019 17:12:52 GMT+0800 (CST)[39m
[37m  [35mquery[37m:{}[39m
[37mCompleted in 56ms  200

[39m
[37mStarted POST   /api/datav/queryDatavMeishichinaTypeList for ::1at Sun May 05 2019 17:13:46 GMT+0800 (CST)[39m
[37m  [35mquery[37m:{}[39m
[37mCompleted in 14ms  200

[39m
[37mStarted POST   /api/datav/queryDavavMeishiChinaList for ::1at Sun May 05 2019 17:13:47 GMT+0800 (CST)[39m
[37m  [35mquery[37m:{}[39m
[37mCompleted in 50ms  200

[39m
[37mStarted POST   /api/datav/queryDatavMeishichinaTypeList for ::1at Sun May 05 2019 17:13:51 GMT+0800 (CST)[39m
[37m  [35mquery[37m:{}[39m
[37mCompleted in 9ms  200

[39m
[37mStarted POST   /api/datav/queryDavavMeishiChinaList for ::1at Sun May 05 2019 17:13:51 GMT+0800 (CST)[39m
[37m  [35mquery[37m:{}[39m
[37mCompleted in 50ms  200

[39m
[37mStarted POST   /api/datav/queryDatavMeishichinaTypeList for ::1at Sun May 05 2019 17:13:55 GMT+0800 (CST)[39m
[37m  [35mquery[37m:{}[39m
[37mCompleted in 11ms  200

[39m
[37mStarted POST   /api/datav/queryDavavMeishiChinaList for ::1at Sun May 05 2019 17:13:55 GMT+0800 (CST)[39m
[37m  [35mquery[37m:{}[39m
[37mCompleted in 51ms  200

[39m
[37mStarted POST   /api/datav/queryDatavMeishichinaTypeList for ::1at Sun May 05 2019 17:15:20 GMT+0800 (CST)[39m
[37m  [35mquery[37m:{}[39m
[37mCompleted in 11ms  200

[39m
[37mStarted POST   /api/datav/queryDavavMeishiChinaList for ::1at Sun May 05 2019 17:15:20 GMT+0800 (CST)[39m
[37m  [35mquery[37m:{}[39m
[37mCompleted in 54ms  200

[39m
[37mStarted POST   /api/datav/queryDatavMeishichinaTypeList for ::1at Sun May 05 2019 17:15:40 GMT+0800 (CST)[39m
[37m  [35mquery[37m:{}[39m
[37mCompleted in 11ms  200

[39m
[37mStarted POST   /api/datav/queryDavavMeishiChinaList for ::1at Sun May 05 2019 17:15:40 GMT+0800 (CST)[39m
[37m  [35mquery[37m:{}[39m
[37mCompleted in 48ms  200

[39m
[37mStarted POST   /api/datav/queryDatavMeishichinaTypeList for ::1at Sun May 05 2019 17:16:17 GMT+0800 (CST)[39m
[37m  [35mquery[37m:{}[39m
[37mCompleted in 13ms  200

[39m
[37mStarted POST   /api/datav/queryDavavMeishiChinaList for ::1at Sun May 05 2019 17:16:17 GMT+0800 (CST)[39m
[37m  [35mquery[37m:{}[39m
[37mCompleted in 49ms  200

[39m
[37mStarted POST   /api/datav/queryDatavMeishichinaTypeList for ::1at Sun May 05 2019 17:16:19 GMT+0800 (CST)[39m
[37m  [35mquery[37m:{}[39m
[37mCompleted in 10ms  200

[39m
[37mStarted POST   /api/datav/queryDavavMeishiChinaList for ::1at Sun May 05 2019 17:16:19 GMT+0800 (CST)[39m
[37m  [35mquery[37m:{}[39m
[37mCompleted in 49ms  200

[39m
[37mStarted POST   /api/datav/queryDatavMeishichinaTypeList for ::1at Sun May 05 2019 17:18:00 GMT+0800 (CST)[39m
[37m  [35mquery[37m:{}[39m
[37mCompleted in 12ms  200

[39m
[37mStarted POST   /api/datav/queryDavavMeishiChinaList for ::1at Sun May 05 2019 17:18:00 GMT+0800 (CST)[39m
[37m  [35mquery[37m:{}[39m
[37mCompleted in 46ms  200

[39m
[37mStarted POST   /api/datav/queryDatavMeishichinaTypeList for ::1at Sun May 05 2019 17:20:20 GMT+0800 (CST)[39m
[37m  [35mquery[37m:{}[39m
[37mCompleted in 14ms  200

[39m
[37mStarted POST   /api/datav/queryDavavMeishiChinaList for ::1at Sun May 05 2019 17:20:20 GMT+0800 (CST)[39m
[37m  [35mquery[37m:{}[39m
[37mCompleted in 47ms  200

[39m
[37mStarted POST   /api/datav/queryDatavMeishichinaTypeList for ::1at Sun May 05 2019 17:21:52 GMT+0800 (CST)[39m
[37m  [35mquery[37m:{}[39m
[37mCompleted in 11ms  200

[39m
[37mStarted POST   /api/datav/queryDavavMeishiChinaList for ::1at Sun May 05 2019 17:21:52 GMT+0800 (CST)[39m
[37m  [35mquery[37m:{}[39m
[37mCompleted in 52ms  200

[39m
[37mStarted POST   /api/datav/queryDatavMeishichinaTypeList for ::1at Sun May 05 2019 17:30:04 GMT+0800 (CST)[39m
[37m  [35mquery[37m:{}[39m
[37mCompleted in 12ms  200

[39m
[37mStarted POST   /api/datav/queryDavavMeishiChinaList for ::1at Sun May 05 2019 17:30:04 GMT+0800 (CST)[39m
[37m  [35mquery[37m:{}[39m
[37mCompleted in 48ms  200

[39m
[37mStarted POST   /api/datav/queryDatavMeishichinaTypeList for ::1at Sun May 05 2019 18:02:48 GMT+0800 (CST)[39m
[37m  [35mquery[37m:{}[39m
[37mCompleted in 16ms  200

[39m
[37mStarted POST   /api/datav/queryDavavMeishiChinaList for ::1at Sun May 05 2019 18:02:49 GMT+0800 (CST)[39m
[37m  [35mquery[37m:{}[39m
[37mCompleted in 47ms  200

[39m
[37mStarted POST   /api/datav/queryDatavMeishichinaTypeList for ::1at Sun May 05 2019 18:03:20 GMT+0800 (CST)[39m
[37m  [35mquery[37m:{}[39m
[37mCompleted in 16ms  200

[39m
[37mStarted POST   /api/datav/queryDavavMeishiChinaList for ::1at Sun May 05 2019 18:03:20 GMT+0800 (CST)[39m
[37m  [35mquery[37m:{}[39m
[37mCompleted in 47ms  200

[39m
[37mStarted POST   /api/datav/queryDatavMeishichinaTypeList for ::1at Sun May 05 2019 18:05:44 GMT+0800 (CST)[39m
[37m  [35mquery[37m:{}[39m
[37mCompleted in 13ms  200

[39m
[37mStarted POST   /api/datav/queryDavavMeishiChinaList for ::1at Sun May 05 2019 18:05:44 GMT+0800 (CST)[39m
[37m  [35mquery[37m:{}[39m
[37mCompleted in 49ms  200

[39m
[37mStarted POST   /api/datav/queryDatavMeishichinaTypeList for ::1at Sun May 05 2019 18:07:25 GMT+0800 (CST)[39m
[37m  [35mquery[37m:{}[39m
[37mCompleted in 12ms  200

[39m
[37mStarted POST   /api/datav/queryDavavMeishiChinaList for ::1at Sun May 05 2019 18:07:25 GMT+0800 (CST)[39m
[37m  [35mquery[37m:{}[39m
[37mCompleted in 50ms  200

[39m
[37mStarted POST   /api/datav/queryDatavMeishichinaTypeList for ::1at Sun May 05 2019 18:10:43 GMT+0800 (CST)[39m
[37m  [35mquery[37m:{}[39m
[37mCompleted in 16ms  200

[39m
[37mStarted POST   /api/datav/queryDavavMeishiChinaList for ::1at Sun May 05 2019 18:10:44 GMT+0800 (CST)[39m
[37m  [35mquery[37m:{}[39m
[37mCompleted in 50ms  200

[39m
[37mStarted POST   /api/datav/queryDatavMeishichinaTypeList for ::1at Sun May 05 2019 18:12:28 GMT+0800 (CST)[39m
[37m  [35mquery[37m:{}[39m
[37mCompleted in 10ms  200

[39m
[37mStarted POST   /api/datav/queryDavavMeishiChinaList for ::1at Sun May 05 2019 18:12:28 GMT+0800 (CST)[39m
[37m  [35mquery[37m:{}[39m
[37mCompleted in 48ms  200

[39m
[37mStarted POST   /api/datav/queryDatavMeishichinaTypeList for ::1at Sun May 05 2019 18:12:32 GMT+0800 (CST)[39m
[37m  [35mquery[37m:{}[39m
[37mCompleted in 11ms  200

[39m
[37mStarted POST   /api/datav/queryDavavMeishiChinaList for ::1at Sun May 05 2019 18:12:32 GMT+0800 (CST)[39m
[37m  [35mquery[37m:{}[39m
[37mCompleted in 48ms  200

[39m
[37mStarted POST   /api/datav/queryDatavMeishichinaTypeList for ::1at Sun May 05 2019 19:02:23 GMT+0800 (CST)[39m
[37m  [35mquery[37m:{}[39m
[37mCompleted in 24ms  200

[39m
[37mStarted POST   /api/datav/queryDavavMeishiChinaList for ::1at Sun May 05 2019 19:02:23 GMT+0800 (CST)[39m
[37m  [35mquery[37m:{}[39m
[37mCompleted in 69ms  200

[39m
[37mStarted POST   /api/datav/queryDatavMeishichinaTypeList for ::1at Sun May 05 2019 19:03:48 GMT+0800 (CST)[39m
[37m  [35mquery[37m:{}[39m
[37mCompleted in 14ms  200

[39m
[37mStarted POST   /api/datav/queryDavavMeishiChinaList for ::1at Sun May 05 2019 19:03:48 GMT+0800 (CST)[39m
[37m  [35mquery[37m:{}[39m
[37mCompleted in 52ms  200

[39m
[37mStarted POST   /api/datav/queryDatavMeishichinaTypeList for ::1at Sun May 05 2019 19:09:15 GMT+0800 (CST)[39m
[37m  [35mquery[37m:{}[39m
[37mCompleted in 16ms  200

[39m
[37mStarted POST   /api/datav/queryDavavMeishiChinaList for ::1at Sun May 05 2019 19:09:15 GMT+0800 (CST)[39m
[37m  [35mquery[37m:{}[39m
[37mCompleted in 56ms  200

[39m
[37mStarted POST   /api/datav/queryDatavMeishichinaTypeList for ::1at Sun May 05 2019 19:10:05 GMT+0800 (CST)[39m
[37m  [35mquery[37m:{}[39m
[37mCompleted in 23ms  200

[39m
[37mStarted POST   /api/datav/queryDavavMeishiChinaList for ::1at Sun May 05 2019 19:10:05 GMT+0800 (CST)[39m
[37m  [35mquery[37m:{}[39m
[37mCompleted in 71ms  200

[39m
[37mStarted POST   /api/datav/queryDatavMeishichinaTypeList for ::1at Sun May 05 2019 19:14:56 GMT+0800 (CST)[39m
[37m  [35mquery[37m:{}[39m
[37mCompleted in 17ms  200

[39m
[37mStarted POST   /api/datav/queryDavavMeishiChinaList for ::1at Sun May 05 2019 19:14:56 GMT+0800 (CST)[39m
[37m  [35mquery[37m:{}[39m
[37mCompleted in 53ms  200

[39m
[37mStarted POST   /api/datav/queryDatavMeishichinaTypeList for ::1at Sun May 05 2019 19:15:19 GMT+0800 (CST)[39m
[37m  [35mquery[37m:{}[39m
[37mCompleted in 14ms  200

[39m
[37mStarted POST   /api/datav/queryDavavMeishiChinaList for ::1at Sun May 05 2019 19:15:19 GMT+0800 (CST)[39m
[37m  [35mquery[37m:{}[39m
[37mCompleted in 48ms  200

[39m
[37mStarted POST   /api/datav/queryDatavMeishichinaTypeList for ::1at Sun May 05 2019 19:16:20 GMT+0800 (CST)[39m
[37m  [35mquery[37m:{}[39m
[37mCompleted in 15ms  200

[39m
[37mStarted POST   /api/datav/queryDavavMeishiChinaList for ::1at Sun May 05 2019 19:16:20 GMT+0800 (CST)[39m
[37m  [35mquery[37m:{}[39m
[37mCompleted in 50ms  200

[39m
[37mStarted POST   /api/datav/queryDatavMeishichinaTypeList for ::1at Sun May 05 2019 19:17:44 GMT+0800 (CST)[39m
[37m  [35mquery[37m:{}[39m
[37mCompleted in 15ms  200

[39m
[37mStarted POST   /api/datav/queryDavavMeishiChinaList for ::1at Sun May 05 2019 19:17:44 GMT+0800 (CST)[39m
[37m  [35mquery[37m:{}[39m
[37mCompleted in 51ms  200

[39m
[37mStarted POST   /api/datav/queryDatavMeishichinaTypeList for ::1at Sun May 05 2019 19:18:54 GMT+0800 (CST)[39m
[37m  [35mquery[37m:{}[39m
[37mCompleted in 17ms  200

[39m
[37mStarted POST   /api/datav/queryDavavMeishiChinaList for ::1at Sun May 05 2019 19:18:54 GMT+0800 (CST)[39m
[37m  [35mquery[37m:{}[39m
[37mCompleted in 49ms  200

[39m
[37mStarted POST   /api/datav/queryDatavMeishichinaTypeList for ::1at Sun May 05 2019 19:21:45 GMT+0800 (CST)[39m
[37m  [35mquery[37m:{}[39m
[37mCompleted in 15ms  200

[39m
[37mStarted POST   /api/datav/queryDavavMeishiChinaList for ::1at Sun May 05 2019 19:21:45 GMT+0800 (CST)[39m
[37m  [35mquery[37m:{}[39m
[37mCompleted in 54ms  200

[39m
[37mStarted POST   /api/datav/queryDatavMeishichinaTypeList for ::1at Sun May 05 2019 19:24:34 GMT+0800 (CST)[39m
[37m  [35mquery[37m:{}[39m
[37mCompleted in 17ms  200

[39m
[37mStarted POST   /api/datav/queryDavavMeishiChinaList for ::1at Sun May 05 2019 19:24:34 GMT+0800 (CST)[39m
[37m  [35mquery[37m:{}[39m
[37mCompleted in 52ms  200

[39m
[37mStarted POST   /api/datav/queryDatavMeishichinaTypeList for ::1at Sun May 05 2019 19:24:37 GMT+0800 (CST)[39m
[37m  [35mquery[37m:{}[39m
[37mCompleted in 16ms  200

[39m
[37mStarted POST   /api/datav/queryDavavMeishiChinaList for ::1at Sun May 05 2019 19:24:37 GMT+0800 (CST)[39m
[37m  [35mquery[37m:{}[39m
[37mCompleted in 51ms  200

[39m
[37mStarted POST   /api/datav/queryDatavMeishichinaTypeList for ::1at Sun May 05 2019 19:24:43 GMT+0800 (CST)[39m
[37m  [35mquery[37m:{}[39m
[37mCompleted in 14ms  200

[39m
[37mStarted POST   /api/datav/queryDavavMeishiChinaList for ::1at Sun May 05 2019 19:24:43 GMT+0800 (CST)[39m
[37m  [35mquery[37m:{}[39m
[37mCompleted in 51ms  200

[39m
[37mStarted POST   /api/datav/queryDatavMeishichinaTypeList for ::1at Sun May 05 2019 19:24:47 GMT+0800 (CST)[39m
[37m  [35mquery[37m:{}[39m
[37mCompleted in 14ms  200

[39m
[37mStarted POST   /api/datav/queryDavavMeishiChinaList for ::1at Sun May 05 2019 19:24:47 GMT+0800 (CST)[39m
[37m  [35mquery[37m:{}[39m
[37mCompleted in 49ms  200

[39m
[37mStarted POST   /api/datav/queryDatavMeishichinaTypeList for ::1at Sun May 05 2019 19:24:49 GMT+0800 (CST)[39m
[37m  [35mquery[37m:{}[39m
[37mCompleted in 16ms  200

[39m
[37mStarted POST   /api/datav/queryDavavMeishiChinaList for ::1at Sun May 05 2019 19:24:49 GMT+0800 (CST)[39m
[37m  [35mquery[37m:{}[39m
[37mCompleted in 51ms  200

[39m
[37mStarted POST   /api/datav/queryDatavMeishichinaTypeList for ::1at Sun May 05 2019 19:24:54 GMT+0800 (CST)[39m
[37m  [35mquery[37m:{}[39m
[37mCompleted in 14ms  200

[39m
[37mStarted POST   /api/datav/queryDavavMeishiChinaList for ::1at Sun May 05 2019 19:24:54 GMT+0800 (CST)[39m
[37m  [35mquery[37m:{}[39m
[37mCompleted in 50ms  200

[39m
[37mStarted POST   /api/datav/queryDavavMeishiChinaList for ::1at Sun May 05 2019 19:25:00 GMT+0800 (CST)[39m
[37m  [35mquery[37m:{}[39m
[37mCompleted in 53ms  200

[39m
[37mStarted POST   /api/datav/queryDavavMeishiChinaList for ::1at Sun May 05 2019 19:25:13 GMT+0800 (CST)[39m
[37m  [35mquery[37m:{}[39m
[37mCompleted in 54ms  200

[39m
[37mStarted POST   /api/datav/queryDavavMeishiChinaList for ::1at Sun May 05 2019 19:25:34 GMT+0800 (CST)[39m
[37m  [35mquery[37m:{}[39m
[37mCompleted in 47ms  200

[39m
[37mStarted POST   /api/datav/queryDavavMeishiChinaList for ::1at Sun May 05 2019 19:25:37 GMT+0800 (CST)[39m
[37m  [35mquery[37m:{}[39m
[37mCompleted in 52ms  200

[39m
[37mStarted POST   /api/datav/queryDatavMeishichinaTypeList for ::1at Sun May 05 2019 19:36:51 GMT+0800 (CST)[39m
[37m  [35mquery[37m:{}[39m
[37mCompleted in 15ms  200

[39m
[37mStarted POST   /api/datav/queryDavavMeishiChinaList for ::1at Sun May 05 2019 19:36:51 GMT+0800 (CST)[39m
[37m  [35mquery[37m:{}[39m
[37mCompleted in 49ms  200

[39m
[37mStarted POST   /api/datav/queryDatavMeishichinaTypeList for ::1at Sun May 05 2019 19:41:28 GMT+0800 (CST)[39m
[37m  [35mquery[37m:{}[39m
[37mCompleted in 13ms  200

[39m
[37mStarted POST   /api/datav/queryDavavMeishiChinaList for ::1at Sun May 05 2019 19:41:28 GMT+0800 (CST)[39m
[37m  [35mquery[37m:{}[39m
[37mCompleted in 50ms  200

[39m
[37mStarted POST   /api/datav/queryDatavMeishichinaTypeList for ::1at Sun May 05 2019 19:45:14 GMT+0800 (CST)[39m
[37m  [35mquery[37m:{}[39m
[37mCompleted in 12ms  200

[39m
[37mStarted POST   /api/datav/queryDatavMeishichinaTypeList for ::1at Sun May 05 2019 19:45:16 GMT+0800 (CST)[39m
[37m  [35mquery[37m:{}[39m
[37mCompleted in 15ms  200

[39m
[37mStarted POST   /api/datav/queryDavavMeishiChinaList for ::1at Sun May 05 2019 19:45:16 GMT+0800 (CST)[39m
[37m  [35mquery[37m:{}[39m
[37mCompleted in 49ms  200

[39m
[37mStarted POST   /api/datav/queryDatavMeishichinaTypeList for ::1at Sun May 05 2019 19:50:48 GMT+0800 (CST)[39m
[37m  [35mquery[37m:{}[39m
[37mCompleted in 15ms  200

[39m
[37mStarted POST   /api/datav/queryDavavMeishiChinaList for ::1at Sun May 05 2019 19:50:48 GMT+0800 (CST)[39m
[37m  [35mquery[37m:{}[39m
[37mCompleted in 51ms  200

[39m
[37mStarted POST   /api/datav/queryDatavMeishichinaTypeList for ::1at Sun May 05 2019 19:52:18 GMT+0800 (CST)[39m
[37m  [35mquery[37m:{}[39m
[37mCompleted in 22ms  200

[39m
[37mStarted POST   /api/datav/queryDavavMeishiChinaList for ::1at Sun May 05 2019 19:52:18 GMT+0800 (CST)[39m
[37m  [35mquery[37m:{}[39m
[37mCompleted in 51ms  200

[39m
[37mStarted POST   /api/datav/queryDatavMeishichinaTypeList for ::1at Sun May 05 2019 19:52:50 GMT+0800 (CST)[39m
[37m  [35mquery[37m:{}[39m
[37mCompleted in 13ms  200

[39m
[37mStarted POST   /api/datav/queryDavavMeishiChinaList for ::1at Sun May 05 2019 19:52:51 GMT+0800 (CST)[39m
[37m  [35mquery[37m:{}[39m
[37mCompleted in 55ms  200

[39m
[37mStarted POST   /api/datav/queryDatavMeishichinaTypeList for ::1at Sun May 05 2019 19:56:02 GMT+0800 (CST)[39m
[37m  [35mquery[37m:{}[39m
[37mCompleted in 13ms  200

[39m
[37mStarted POST   /api/datav/queryDavavMeishiChinaList for ::1at Sun May 05 2019 19:56:02 GMT+0800 (CST)[39m
[37m  [35mquery[37m:{}[39m
[37mCompleted in 55ms  200

[39m
[37mStarted POST   /api/datav/queryDavavMeishiChinaList for ::1at Sun May 05 2019 19:56:10 GMT+0800 (CST)[39m
[37m  [35mquery[37m:{}[39m
[37mCompleted in 48ms  200

[39m
[37mStarted POST   /api/datav/queryDavavMeishiChinaList for ::1at Sun May 05 2019 19:56:33 GMT+0800 (CST)[39m
[37m  [35mquery[37m:{}[39m
[37mCompleted in 49ms  200

[39m
[37mStarted POST   /api/datav/queryDavavMeishiChinaList for ::1at Sun May 05 2019 19:58:57 GMT+0800 (CST)[39m
[37m  [35mquery[37m:{}[39m
[37mCompleted in 49ms  200

[39m
[37mStarted POST   /api/datav/queryDavavMeishiChinaList for ::1at Sun May 05 2019 19:59:14 GMT+0800 (CST)[39m
[37m  [35mquery[37m:{}[39m
[37mCompleted in 47ms  200

[39m
[37mStarted POST   /api/datav/queryDatavMeishichinaTypeList for ::1at Sun May 05 2019 20:03:24 GMT+0800 (CST)[39m
[37m  [35mquery[37m:{}[39m
[37mCompleted in 13ms  200

[39m
[37mStarted POST   /api/datav/queryDavavMeishiChinaList for ::1at Sun May 05 2019 20:03:24 GMT+0800 (CST)[39m
[37m  [35mquery[37m:{}[39m
[37mCompleted in 49ms  200

[39m
[37mStarted POST   /api/datav/queryDatavMeishichinaTypeList for ::1at Sun May 05 2019 20:05:52 GMT+0800 (CST)[39m
[37m  [35mquery[37m:{}[39m
[37mCompleted in 12ms  200

[39m
[37mStarted POST   /api/datav/queryDavavMeishiChinaList for ::1at Sun May 05 2019 20:05:52 GMT+0800 (CST)[39m
[37m  [35mquery[37m:{}[39m
[37mCompleted in 51ms  200

[39m
[37mStarted POST   /api/datav/queryDatavMeishichinaTypeList for ::1at Sun May 05 2019 20:06:11 GMT+0800 (CST)[39m
[37m  [35mquery[37m:{}[39m
[37mCompleted in 15ms  200

[39m
[37mStarted POST   /api/datav/queryDavavMeishiChinaList for ::1at Sun May 05 2019 20:06:12 GMT+0800 (CST)[39m
[37m  [35mquery[37m:{}[39m
[37mCompleted in 50ms  200

[39m
