[37mStarted POST   /api/datav/queryDatavMeishichinaTypeList for ::1at Tue May 28 2019 10:09:09 GMT+0800 (GMT+08:00)[39m
[37m  [35mquery[37m:{}[39m
[37mCompleted in 48ms  200

[39m
[37mStarted POST   /api/datav/queryDavavMeishiChinaList for ::1at Tue May 28 2019 10:09:09 GMT+0800 (GMT+08:00)[39m
[37m  [35mquery[37m:{}[39m
[37mCompleted in 124ms  200

[39m
[37mStarted POST   /api/datav/queryDavavMeishiChinaList for ::1at Tue May 28 2019 16:31:49 GMT+0800 (GMT+08:00)[39m
[37m  [35mquery[37m:{}[39m
[37mCompleted in 75ms  200

[39m
[37mStarted POST   /api/datav/queryDatavMeishichinaTypeList for ::1at Tue May 28 2019 16:35:44 GMT+0800 (GMT+08:00)[39m
[37m  [35mquery[37m:{}[39m
[37mCompleted in 34ms  200

[39m
[37mStarted POST   /api/datav/queryDavavMeishiChinaList for ::1at Tue May 28 2019 16:35:44 GMT+0800 (GMT+08:00)[39m
[37m  [35mquery[37m:{}[39m
[37mCompleted in 75ms  200

[39m
[37mStarted POST   /api/datav/queryDatavMeishichinaTypeList for ::1at Tue May 28 2019 20:19:09 GMT+0800 (GMT+08:00)[39m
[37m  [35mquery[37m:{}[39m
[37mCompleted in 55ms  200

[39m
[37mStarted POST   /api/datav/queryDavavMeishiChinaList for ::1at Tue May 28 2019 20:19:10 GMT+0800 (GMT+08:00)[39m
[37m  [35mquery[37m:{}[39m
[37mCompleted in 156ms  200

[39m
[37mStarted POST   /api/datav/queryDatavMeishichinaTypeList for ::1at Tue May 28 2019 20:31:13 GMT+0800 (GMT+08:00)[39m
[37m  [35mquery[37m:{}[39m
[37mCompleted in 76ms  200

[39m
[37mStarted POST   /api/datav/queryDatavMeishichinaTypeList for ::1at Tue May 28 2019 20:31:24 GMT+0800 (GMT+08:00)[39m
[37m  [35mquery[37m:{}[39m
[37mCompleted in 52ms  200

[39m
[37mStarted POST   /api/datav/queryDatavMeishichinaTypeList for ::1at Tue May 28 2019 20:31:57 GMT+0800 (GMT+08:00)[39m
[37m  [35mquery[37m:{}[39m
[37mCompleted in 42ms  200

[39m
[37mStarted POST   /api/datav/queryDatavMeishichinaTypeList for ::1at Tue May 28 2019 20:32:05 GMT+0800 (GMT+08:00)[39m
[37m  [35mquery[37m:{}[39m
[37mCompleted in 31ms  200

[39m
[37mStarted POST   /api/datav/queryDavavMeishiChinaList for ::1at Tue May 28 2019 20:32:09 GMT+0800 (GMT+08:00)[39m
[37m  [35mquery[37m:{}[39m
[37mCompleted in 74ms  200

[39m
[37mStarted POST   /api/datav/queryDatavMeishichinaTypeList for ::1at Tue May 28 2019 20:39:44 GMT+0800 (GMT+08:00)[39m
[37m  [35mquery[37m:{}[39m
[37mCompleted in 97ms  200

[39m
[37mStarted POST   /api/datav/queryDavavMeishiChinaList for ::1at Tue May 28 2019 20:39:45 GMT+0800 (GMT+08:00)[39m
[37m  [35mquery[37m:{}[39m
[37mCompleted in 71ms  200

[39m
[37mStarted POST   /api/datav/querySearchDatavMeishichina for ::1at Tue May 28 2019 20:39:52 GMT+0800 (GMT+08:00)[39m
[37m  [35mquery[37m:{}[39m
[37mCompleted in 89ms  200

[39m
[37mStarted POST   /api/datav/querySearchDatavMeishichina for ::1at Tue May 28 2019 20:39:52 GMT+0800 (GMT+08:00)[39m
[37m  [35mquery[37m:{}[39m
[37mCompleted in 90ms  200

[39m
[37mStarted POST   /api/datav/queryDavavMeishiChinaList for ::1at Tue May 28 2019 20:39:56 GMT+0800 (GMT+08:00)[39m
[37m  [35mquery[37m:{}[39m
[37mCompleted in 81ms  200

[39m
[37mStarted POST   /api/datav/queryDavavMeishiChinaList for ::1at Tue May 28 2019 20:39:56 GMT+0800 (GMT+08:00)[39m
[37m  [35mquery[37m:{}[39m
[37mCompleted in 61ms  200

[39m
[37mStarted POST   /api/datav/queryDavavMeishiChinaList for ::1at Tue May 28 2019 20:39:57 GMT+0800 (GMT+08:00)[39m
[37m  [35mquery[37m:{}[39m
[37mCompleted in 75ms  200

[39m
[37mStarted POST   /api/datav/queryDavavMeishiChinaList for ::1at Tue May 28 2019 20:39:57 GMT+0800 (GMT+08:00)[39m
[37m  [35mquery[37m:{}[39m
[37mCompleted in 78ms  200

[39m
[37mStarted POST   /api/datav/queryDavavMeishiChinaList for ::1at Tue May 28 2019 20:39:57 GMT+0800 (GMT+08:00)[39m
[37m  [35mquery[37m:{}[39m
[37mCompleted in 64ms  200

[39m
[37mStarted POST   /api/datav/queryDavavMeishiChinaList for ::1at Tue May 28 2019 20:39:57 GMT+0800 (GMT+08:00)[39m
[37m  [35mquery[37m:{}[39m
[37mCompleted in 74ms  200

[39m
[37mStarted POST   /api/datav/queryDavavMeishiChinaList for ::1at Tue May 28 2019 20:39:58 GMT+0800 (GMT+08:00)[39m
[37m  [35mquery[37m:{}[39m
[37mCompleted in 61ms  200

[39m
[37mStarted POST   /api/datav/queryDavavMeishiChinaList for ::1at Tue May 28 2019 20:39:58 GMT+0800 (GMT+08:00)[39m
[37m  [35mquery[37m:{}[39m
[37mCompleted in 74ms  200

[39m
[37mStarted POST   /api/datav/queryDavavMeishiChinaList for ::1at Tue May 28 2019 20:39:58 GMT+0800 (GMT+08:00)[39m
[37m  [35mquery[37m:{}[39m
[37mCompleted in 77ms  200

[39m
[37mStarted POST   /api/datav/queryDavavMeishiChinaList for ::1at Tue May 28 2019 20:39:58 GMT+0800 (GMT+08:00)[39m
[37m  [35mquery[37m:{}[39m
[37mCompleted in 105ms  200

[39m
[37mStarted POST   /api/datav/queryDavavMeishiChinaList for ::1at Tue May 28 2019 20:39:59 GMT+0800 (GMT+08:00)[39m
[37m  [35mquery[37m:{}[39m
[37mCompleted in 79ms  200

[39m
[37mStarted POST   /api/datav/queryDavavMeishiChinaList for ::1at Tue May 28 2019 20:39:59 GMT+0800 (GMT+08:00)[39m
[37m  [35mquery[37m:{}[39m
[37mCompleted in 88ms  200

[39m
[37mStarted POST   /api/datav/queryDavavMeishiChinaList for ::1at Tue May 28 2019 20:39:59 GMT+0800 (GMT+08:00)[39m
[37m  [35mquery[37m:{}[39m
[37mCompleted in 77ms  200

[39m
[37mStarted POST   /api/datav/queryDavavMeishiChinaList for ::1at Tue May 28 2019 20:39:59 GMT+0800 (GMT+08:00)[39m
[37m  [35mquery[37m:{}[39m
[37mCompleted in 85ms  200

[39m
[37mStarted POST   /api/datav/queryDavavMeishiChinaList for ::1at Tue May 28 2019 20:40:00 GMT+0800 (GMT+08:00)[39m
[37m  [35mquery[37m:{}[39m
[37mCompleted in 62ms  200

[39m
[37mStarted POST   /api/datav/queryDavavMeishiChinaList for ::1at Tue May 28 2019 20:40:00 GMT+0800 (GMT+08:00)[39m
[37m  [35mquery[37m:{}[39m
[37mCompleted in 91ms  200

[39m
[37mStarted POST   /api/datav/queryDavavMeishiChinaList for ::1at Tue May 28 2019 20:40:00 GMT+0800 (GMT+08:00)[39m
[37m  [35mquery[37m:{}[39m
[37mCompleted in 71ms  200

[39m
[37mStarted POST   /api/datav/queryDavavMeishiChinaList for ::1at Tue May 28 2019 20:40:00 GMT+0800 (GMT+08:00)[39m
[37m  [35mquery[37m:{}[39m
[37mCompleted in 58ms  200

[39m
[37mStarted POST   /api/datav/queryDavavMeishiChinaList for ::1at Tue May 28 2019 20:40:01 GMT+0800 (GMT+08:00)[39m
[37m  [35mquery[37m:{}[39m
[37mCompleted in 74ms  200

[39m
[37mStarted POST   /api/datav/queryDavavMeishiChinaList for ::1at Tue May 28 2019 20:40:01 GMT+0800 (GMT+08:00)[39m
[37m  [35mquery[37m:{}[39m
[37mCompleted in 75ms  200

[39m
[37mStarted POST   /api/datav/queryDavavMeishiChinaList for ::1at Tue May 28 2019 20:40:01 GMT+0800 (GMT+08:00)[39m
[37m  [35mquery[37m:{}[39m
[37mCompleted in 96ms  200

[39m
[37mStarted POST   /api/datav/queryDavavMeishiChinaList for ::1at Tue May 28 2019 20:40:02 GMT+0800 (GMT+08:00)[39m
[37m  [35mquery[37m:{}[39m
[37mCompleted in 73ms  200

[39m
[37mStarted POST   /api/datav/queryDavavMeishiChinaList for ::1at Tue May 28 2019 20:40:02 GMT+0800 (GMT+08:00)[39m
[37m  [35mquery[37m:{}[39m
[37mCompleted in 59ms  200

[39m
[37mStarted POST   /api/datav/queryDavavMeishiChinaList for ::1at Tue May 28 2019 20:40:02 GMT+0800 (GMT+08:00)[39m
[37m  [35mquery[37m:{}[39m
[37mCompleted in 74ms  200

[39m
[37mStarted POST   /api/datav/queryDavavMeishiChinaList for ::1at Tue May 28 2019 20:40:03 GMT+0800 (GMT+08:00)[39m
[37m  [35mquery[37m:{}[39m
[37mCompleted in 61ms  200

[39m
[37mStarted POST   /api/datav/queryDavavMeishiChinaList for ::1at Tue May 28 2019 20:40:03 GMT+0800 (GMT+08:00)[39m
[37m  [35mquery[37m:{}[39m
[37mCompleted in 73ms  200

[39m
[37mStarted POST   /api/datav/queryDavavMeishiChinaList for ::1at Tue May 28 2019 20:40:03 GMT+0800 (GMT+08:00)[39m
[37m  [35mquery[37m:{}[39m
[37mCompleted in 67ms  200

[39m
[37mStarted POST   /api/datav/queryDavavMeishiChinaList for ::1at Tue May 28 2019 20:40:04 GMT+0800 (GMT+08:00)[39m
[37m  [35mquery[37m:{}[39m
[37mCompleted in 60ms  200

[39m
[37mStarted POST   /api/datav/queryDavavMeishiChinaList for ::1at Tue May 28 2019 20:40:04 GMT+0800 (GMT+08:00)[39m
[37m  [35mquery[37m:{}[39m
[37mCompleted in 87ms  200

[39m
[37mStarted POST   /api/datav/queryDavavMeishiChinaList for ::1at Tue May 28 2019 20:40:05 GMT+0800 (GMT+08:00)[39m
[37m  [35mquery[37m:{}[39m
[37mCompleted in 64ms  200

[39m
[37mStarted POST   /api/datav/queryDavavMeishiChinaList for ::1at Tue May 28 2019 20:40:05 GMT+0800 (GMT+08:00)[39m
[37m  [35mquery[37m:{}[39m
[37mCompleted in 80ms  200

[39m
[37mStarted POST   /api/datav/queryDavavMeishiChinaList for ::1at Tue May 28 2019 20:40:05 GMT+0800 (GMT+08:00)[39m
[37m  [35mquery[37m:{}[39m
[37mCompleted in 69ms  200

[39m
[37mStarted POST   /api/datav/queryDavavMeishiChinaList for ::1at Tue May 28 2019 20:40:05 GMT+0800 (GMT+08:00)[39m
[37m  [35mquery[37m:{}[39m
[37mCompleted in 67ms  200

[39m
[37mStarted POST   /api/datav/queryDavavMeishiChinaList for ::1at Tue May 28 2019 20:40:05 GMT+0800 (GMT+08:00)[39m
[37m  [35mquery[37m:{}[39m
[37mCompleted in 75ms  200

[39m
[37mStarted POST   /api/datav/queryDavavMeishiChinaList for ::1at Tue May 28 2019 20:40:06 GMT+0800 (GMT+08:00)[39m
[37m  [35mquery[37m:{}[39m
[37mCompleted in 89ms  200

[39m
[37mStarted POST   /api/datav/queryDavavMeishiChinaList for ::1at Tue May 28 2019 20:40:06 GMT+0800 (GMT+08:00)[39m
[37m  [35mquery[37m:{}[39m
[37mCompleted in 62ms  200

[39m
[37mStarted POST   /api/datav/queryDavavMeishiChinaList for ::1at Tue May 28 2019 20:40:06 GMT+0800 (GMT+08:00)[39m
[37m  [35mquery[37m:{}[39m
[37mCompleted in 74ms  200

[39m
[37mStarted POST   /api/datav/queryDavavMeishiChinaList for ::1at Tue May 28 2019 20:40:06 GMT+0800 (GMT+08:00)[39m
[37m  [35mquery[37m:{}[39m
[37mCompleted in 79ms  200

[39m
[37mStarted POST   /api/datav/queryDavavMeishiChinaList for ::1at Tue May 28 2019 20:40:07 GMT+0800 (GMT+08:00)[39m
[37m  [35mquery[37m:{}[39m
[37mCompleted in 75ms  200

[39m
[37mStarted POST   /api/datav/queryDavavMeishiChinaList for ::1at Tue May 28 2019 20:40:07 GMT+0800 (GMT+08:00)[39m
[37m  [35mquery[37m:{}[39m
[37mCompleted in 73ms  200

[39m
[37mStarted POST   /api/datav/queryDavavMeishiChinaList for ::1at Tue May 28 2019 20:40:07 GMT+0800 (GMT+08:00)[39m
[37m  [35mquery[37m:{}[39m
[37mCompleted in 62ms  200

[39m
[37mStarted POST   /api/datav/queryDavavMeishiChinaList for ::1at Tue May 28 2019 20:40:07 GMT+0800 (GMT+08:00)[39m
[37m  [35mquery[37m:{}[39m
[37mCompleted in 68ms  200

[39m
[37mStarted POST   /api/datav/queryDavavMeishiChinaList for ::1at Tue May 28 2019 20:40:08 GMT+0800 (GMT+08:00)[39m
[37m  [35mquery[37m:{}[39m
[37mCompleted in 64ms  200

[39m
[37mStarted POST   /api/datav/queryDavavMeishiChinaList for ::1at Tue May 28 2019 20:40:08 GMT+0800 (GMT+08:00)[39m
[37m  [35mquery[37m:{}[39m
[37mCompleted in 84ms  200

[39m
[37mStarted POST   /api/datav/queryDavavMeishiChinaList for ::1at Tue May 28 2019 20:40:08 GMT+0800 (GMT+08:00)[39m
[37m  [35mquery[37m:{}[39m
[37mCompleted in 68ms  200

[39m
[37mStarted POST   /api/datav/queryDavavMeishiChinaList for ::1at Tue May 28 2019 20:40:08 GMT+0800 (GMT+08:00)[39m
[37m  [35mquery[37m:{}[39m
[37mCompleted in 69ms  200

[39m
[37mStarted POST   /api/datav/queryDavavMeishiChinaList for ::1at Tue May 28 2019 20:40:09 GMT+0800 (GMT+08:00)[39m
[37m  [35mquery[37m:{}[39m
[37mCompleted in 75ms  200

[39m
[37mStarted POST   /api/datav/queryDavavMeishiChinaList for ::1at Tue May 28 2019 20:40:09 GMT+0800 (GMT+08:00)[39m
[37m  [35mquery[37m:{}[39m
[37mCompleted in 64ms  200

[39m
[37mStarted POST   /api/datav/queryDavavMeishiChinaList for ::1at Tue May 28 2019 20:40:09 GMT+0800 (GMT+08:00)[39m
[37m  [35mquery[37m:{}[39m
[37mCompleted in 77ms  200

[39m
[37mStarted POST   /api/datav/queryDavavMeishiChinaList for ::1at Tue May 28 2019 20:40:09 GMT+0800 (GMT+08:00)[39m
[37m  [35mquery[37m:{}[39m
[37mCompleted in 100ms  200

[39m
[37mStarted POST   /api/datav/queryDavavMeishiChinaList for ::1at Tue May 28 2019 20:40:10 GMT+0800 (GMT+08:00)[39m
[37m  [35mquery[37m:{}[39m
[37mCompleted in 59ms  200

[39m
[37mStarted POST   /api/datav/queryDavavMeishiChinaList for ::1at Tue May 28 2019 20:40:10 GMT+0800 (GMT+08:00)[39m
[37m  [35mquery[37m:{}[39m
[37mCompleted in 71ms  200

[39m
[37mStarted POST   /api/datav/queryDavavMeishiChinaList for ::1at Tue May 28 2019 20:40:10 GMT+0800 (GMT+08:00)[39m
[37m  [35mquery[37m:{}[39m
[37mCompleted in 73ms  200

[39m
[37mStarted POST   /api/datav/queryDavavMeishiChinaList for ::1at Tue May 28 2019 20:40:10 GMT+0800 (GMT+08:00)[39m
[37m  [35mquery[37m:{}[39m
[37mCompleted in 72ms  200

[39m
[37mStarted POST   /api/datav/queryDavavMeishiChinaList for ::1at Tue May 28 2019 20:40:11 GMT+0800 (GMT+08:00)[39m
[37m  [35mquery[37m:{}[39m
[37mCompleted in 74ms  200

[39m
[37mStarted POST   /api/datav/queryDatavMeishichinaTypeList for ::1at Tue May 28 2019 20:40:15 GMT+0800 (GMT+08:00)[39m
[37m  [35mquery[37m:{}[39m
[37mCompleted in 108ms  200

[39m
[37mStarted POST   /api/datav/queryDavavMeishiChinaList for ::1at Tue May 28 2019 20:40:15 GMT+0800 (GMT+08:00)[39m
[37m  [35mquery[37m:{}[39m
[37mCompleted in 78ms  200

[39m
[37mStarted POST   /api/datav/queryDatavMeishichinaTypeList for ::1at Tue May 28 2019 21:16:33 GMT+0800 (GMT+08:00)[39m
[37m  [35mquery[37m:{}[39m
[37mCompleted in 52ms  200

[39m
[37mStarted POST   /api/datav/queryDavavMeishiChinaList for ::1at Tue May 28 2019 21:16:33 GMT+0800 (GMT+08:00)[39m
[37m  [35mquery[37m:{}[39m
[37mCompleted in 67ms  200

[39m
[37mStarted POST   /api/datav/queryDatavMeishichinaTypeList for ::1at Tue May 28 2019 21:26:14 GMT+0800 (GMT+08:00)[39m
[37m  [35mquery[37m:{}[39m
[37mCompleted in 73ms  200

[39m
[37mStarted POST   /api/datav/queryDatavMeishichinaTypeList for ::1at Tue May 28 2019 21:27:02 GMT+0800 (GMT+08:00)[39m
[37m  [35mquery[37m:{}[39m
[37mCompleted in 28ms  200

[39m
[37mStarted POST   /api/datav/queryDatavMeishichinaTypeList for ::1at Tue May 28 2019 21:27:57 GMT+0800 (GMT+08:00)[39m
[37m  [35mquery[37m:{}[39m
[37mCompleted in 80ms  200

[39m
[37mStarted POST   /api/datav/queryDatavMeishichinaTypeList for ::1at Tue May 28 2019 21:28:59 GMT+0800 (GMT+08:00)[39m
[37m  [35mquery[37m:{}[39m
[37mCompleted in 36ms  200

[39m
[37mStarted POST   /api/datav/queryDatavMeishichinaTypeList for ::1at Tue May 28 2019 21:29:09 GMT+0800 (GMT+08:00)[39m
[37m  [35mquery[37m:{}[39m
[37mCompleted in 30ms  200

[39m
